#########################   writing pl=Tony Snell,on len=17 to ./rolling/Tony_Snell.csv; 0.0 %done 
#########################   writing pl=Nikola Mirotic,on len=81 to ./rolling/Nikola_Mirotic.csv; 0.204498977505 %done 
#########################   writing pl=Pau Gasol,on len=76 to ./rolling/Pau_Gasol.csv; 0.40899795501 %done 
#########################   writing pl=Jimmy Butler,on len=102 to ./rolling/Jimmy_Butler.csv; 0.613496932515 %done 
#########################   writing pl=Derrick Rose,on len=83 to ./rolling/Derrick_Rose.csv; 0.81799591002 %done 
#########################   writing pl=Aaron Brooks,on len=12 to ./rolling/Aaron_Brooks.csv; 1.02249488753 %done 
#########################   writing pl=Doug McDermott,on len=35 to ./rolling/Doug_McDermott.csv; 1.22699386503 %done 
#########################   writing pl=Joakim Noah,on len=43 to ./rolling/Joakim_Noah.csv; 1.43149284254 %done 
#########################   writing pl=Taj Gibson,on len=95 to ./rolling/Taj_Gibson.csv; 1.63599182004 %done 
#########################   writing pl=LeBron James,on len=128 to ./rolling/LeBron_James.csv; 1.84049079755 %done 
#########################   writing pl=Kevin Love,on len=121 to ./rolling/Kevin_Love.csv; 2.04498977505 %done 
#########################   writing pl=Timofey Mozgov,on len=24 to ./rolling/Timofey_Mozgov.csv; 2.24948875256 %done 
#########################   writing pl=J.R. Smith,on len=86 to ./rolling/J.R._Smith.csv; 2.45398773006 %done 
#########################   writing pl=Mo Williams,on len=19 to ./rolling/Mo_Williams.csv; 2.65848670757 %done 
#########################   writing pl=Richard Jefferson,on len=16 to ./rolling/Richard_Jefferson.csv; 2.86298568507 %done 
#########################   writing pl=Tristan Thompson,on len=116 to ./rolling/Tristan_Thompson.csv; 3.06748466258 %done 
#########################   writing pl=Matthew Dellavedova,on len=51 to ./rolling/Matthew_Dellavedova.csv; 3.27198364008 %done 
#########################   writing pl=James Jones,on len=3 to ./rolling/James_Jones.csv; 3.47648261759 %done 
#########################   writing pl=Anderson Varejao,on len=3 to ./rolling/Anderson_Varejao.csv; 3.68098159509 %done 
#########################   writing pl=Kent Bazemore,on len=95 to ./rolling/Kent_Bazemore.csv; 3.8854805726 %done 
#########################   writing pl=Paul Millsap,on len=116 to ./rolling/Paul_Millsap.csv; 4.0899795501 %done 
#########################   writing pl=Al Horford,on len=89 to ./rolling/Al_Horford.csv; 4.29447852761 %done 
#########################   writing pl=Kyle Korver,on len=70 to ./rolling/Kyle_Korver.csv; 4.49897750511 %done 
#########################   writing pl=Jeff Teague,on len=114 to ./rolling/Jeff_Teague.csv; 4.70347648262 %done 
#########################   writing pl=Thabo Sefolosha,on len=50 to ./rolling/Thabo_Sefolosha.csv; 4.90797546012 %done 
#########################   writing pl=Tiago Splitter,on len=4 to ./rolling/Tiago_Splitter.csv; 5.11247443763 %done 
#########################   writing pl=Dennis Schroder,on len=86 to ./rolling/Dennis_Schroder.csv; 5.31697341513 %done 
#########################   writing pl=Mike Scott,on len=9 to ./rolling/Mike_Scott.csv; 5.52147239264 %done 
#########################   writing pl=Marcus Morris,on len=103 to ./rolling/Marcus_Morris.csv; 5.72597137014 %done 
#########################   writing pl=Ersan Ilyasova,on len=74 to ./rolling/Ersan_Ilyasova.csv; 5.93047034765 %done 
#########################   writing pl=Andre Drummond,on len=106 to ./rolling/Andre_Drummond.csv; 6.13496932515 %done 
#########################   writing pl=Kentavious Caldwell-Pope,on len=98 to ./rolling/Kentavious_Caldwell-Pope.csv; 6.33946830266 %done 
#########################   writing pl=Reggie Jackson,on len=88 to ./rolling/Reggie_Jackson.csv; 6.54396728016 %done 
#########################   writing pl=Stanley Johnson,on len=36 to ./rolling/Stanley_Johnson.csv; 6.74846625767 %done 
#########################   writing pl=Jodie Meeks,on len=6 to ./rolling/Jodie_Meeks.csv; 6.95296523517 %done 
#########################   writing pl=Harrison Barnes,on len=118 to ./rolling/Harrison_Barnes.csv; 7.15746421268 %done 
#########################   writing pl=Draymond Green,on len=136 to ./rolling/Draymond_Green.csv; 7.36196319018 %done 
#########################   writing pl=Andrew Bogut,on len=57 to ./rolling/Andrew_Bogut.csv; 7.56646216769 %done 
#########################   writing pl=Klay Thompson,on len=143 to ./rolling/Klay_Thompson.csv; 7.77096114519 %done 
#########################   writing pl=Stephen Curry,on len=133 to ./rolling/Stephen_Curry.csv; 7.9754601227 %done 
#########################   writing pl=Andre Iguodala,on len=81 to ./rolling/Andre_Iguodala.csv; 8.1799591002 %done 
#########################   writing pl=Leandro Barbosa,on len=11 to ./rolling/Leandro_Barbosa.csv; 8.38445807771 %done 
#########################   writing pl=Festus Ezeli,on len=38 to ./rolling/Festus_Ezeli.csv; 8.58895705521 %done 
#########################   writing pl=James Michael McAdoo,on len=5 to ./rolling/James_Michael_McAdoo.csv; 8.79345603272 %done 
#########################   writing pl=Marreese Speights,on len=54 to ./rolling/Marreese_Speights.csv; 8.99795501022 %done 
#########################   writing pl=Shaun Livingston,on len=23 to ./rolling/Shaun_Livingston.csv; 9.20245398773 %done 
#########################   writing pl=Dante Cunningham,on len=25 to ./rolling/Dante_Cunningham.csv; 9.40695296524 %done 
#########################   writing pl=Anthony Davis,on len=102 to ./rolling/Anthony_Davis.csv; 9.61145194274 %done 
#########################   writing pl=Kendrick Perkins,on len=3 to ./rolling/Kendrick_Perkins.csv; 9.81595092025 %done 
#########################   writing pl=Eric Gordon,on len=68 to ./rolling/Eric_Gordon.csv; 10.0204498978 %done 
#########################   writing pl=Nate Robinson,on len=1 to ./rolling/Nate_Robinson.csv; 10.2249488753 %done 
#########################   writing pl=Alonzo Gee,on len=11 to ./rolling/Alonzo_Gee.csv; 10.4294478528 %done 
#########################   writing pl=Ryan Anderson,on len=90 to ./rolling/Ryan_Anderson.csv; 10.6339468303 %done 
#########################   writing pl=Khris Middleton,on len=71 to ./rolling/Khris_Middleton.csv; 10.8384458078 %done 
#########################   writing pl=Chris Copeland,on len=2 to ./rolling/Chris_Copeland.csv; 11.0429447853 %done 
#########################   writing pl=Greg Monroe,on len=71 to ./rolling/Greg_Monroe.csv; 11.2474437628 %done 
#########################   writing pl=Jerryd Bayless,on len=31 to ./rolling/Jerryd_Bayless.csv; 11.4519427403 %done 
#########################   writing pl=Michael Carter-Williams,on len=59 to ./rolling/Michael_Carter-Williams.csv; 11.6564417178 %done 
#########################   writing pl=John Henson,on len=35 to ./rolling/John_Henson.csv; 11.8609406953 %done 
#########################   writing pl=Carmelo Anthony,on len=108 to ./rolling/Carmelo_Anthony.csv; 12.0654396728 %done 
#########################   writing pl=Kristaps Porzingis,on len=102 to ./rolling/Kristaps_Porzingis.csv; 12.2699386503 %done 
#########################   writing pl=Robin Lopez,on len=83 to ./rolling/Robin_Lopez.csv; 12.4744376278 %done 
#########################   writing pl=Jose Calderon,on len=22 to ./rolling/Jose_Calderon.csv; 12.6789366053 %done 
#########################   writing pl=Langston Galloway,on len=43 to ./rolling/Langston_Galloway.csv; 12.8834355828 %done 
#########################   writing pl=David Lee,on len=42 to ./rolling/David_Lee.csv; 13.0879345603 %done 
#########################   writing pl=Tyler Zeller,on len=5 to ./rolling/Tyler_Zeller.csv; 13.2924335378 %done 
#########################   writing pl=Avery Bradley,on len=83 to ./rolling/Avery_Bradley.csv; 13.4969325153 %done 
#########################   writing pl=Marcus Smart,on len=47 to ./rolling/Marcus_Smart.csv; 13.7014314928 %done 
#########################   writing pl=Jared Sullinger,on len=68 to ./rolling/Jared_Sullinger.csv; 13.9059304703 %done 
#########################   writing pl=Isaiah Thomas,on len=110 to ./rolling/Isaiah_Thomas.csv; 14.1104294479 %done 
#########################   writing pl=Evan Turner,on len=86 to ./rolling/Evan_Turner.csv; 14.3149284254 %done 
#########################   writing pl=Hollis Thompson,on len=31 to ./rolling/Hollis_Thompson.csv; 14.5194274029 %done 
#########################   writing pl=Nerlens Noel,on len=66 to ./rolling/Nerlens_Noel.csv; 14.7239263804 %done 
#########################   writing pl=Jahlil Okafor,on len=62 to ./rolling/Jahlil_Okafor.csv; 14.9284253579 %done 
#########################   writing pl=Isaiah Canaan,on len=24 to ./rolling/Isaiah_Canaan.csv; 15.1329243354 %done 
#########################   writing pl=Jerami Grant,on len=60 to ./rolling/Jerami_Grant.csv; 15.3374233129 %done 
#########################   writing pl=Jeff Green,on len=70 to ./rolling/Jeff_Green.csv; 15.5419222904 %done 
#########################   writing pl=Zach Randolph,on len=88 to ./rolling/Zach_Randolph.csv; 15.7464212679 %done 
#########################   writing pl=Marc Gasol,on len=75 to ./rolling/Marc_Gasol.csv; 15.9509202454 %done 
#########################   writing pl=Mike Conley,on len=75 to ./rolling/Mike_Conley.csv; 16.1554192229 %done 
#########################   writing pl=Matt Barnes,on len=74 to ./rolling/Matt_Barnes.csv; 16.3599182004 %done 
#########################   writing pl=Chris Bosh,on len=49 to ./rolling/Chris_Bosh.csv; 16.5644171779 %done 
#########################   writing pl=Hassan Whiteside,on len=97 to ./rolling/Hassan_Whiteside.csv; 16.7689161554 %done 
#########################   writing pl=Dwyane Wade,on len=119 to ./rolling/Dwyane_Wade.csv; 16.9734151329 %done 
#########################   writing pl=Goran Dragic,on len=115 to ./rolling/Goran_Dragic.csv; 17.1779141104 %done 
#########################   writing pl=Gerald Green,on len=42 to ./rolling/Gerald_Green.csv; 17.3824130879 %done 
#########################   writing pl=Marvin Williams,on len=95 to ./rolling/Marvin_Williams.csv; 17.5869120654 %done 
#########################   writing pl=Nicolas Batum,on len=105 to ./rolling/Nicolas_Batum.csv; 17.7914110429 %done 
#########################   writing pl=Kemba Walker,on len=120 to ./rolling/Kemba_Walker.csv; 17.9959100204 %done 
#########################   writing pl=Jeremy Lin,on len=57 to ./rolling/Jeremy_Lin.csv; 18.200408998 %done 
#########################   writing pl=Brian Roberts,on len=3 to ./rolling/Brian_Roberts.csv; 18.4049079755 %done 
#########################   writing pl=Rudy Gay,on len=90 to ./rolling/Rudy_Gay.csv; 18.609406953 %done 
#########################   writing pl=DeMarcus Cousins,on len=100 to ./rolling/DeMarcus_Cousins.csv; 18.8139059305 %done 
#########################   writing pl=Kosta Koufos,on len=33 to ./rolling/Kosta_Koufos.csv; 19.018404908 %done 
#########################   writing pl=Ben McLemore,on len=19 to ./rolling/Ben_McLemore.csv; 19.2229038855 %done 
#########################   writing pl=Rajon Rondo,on len=97 to ./rolling/Rajon_Rondo.csv; 19.427402863 %done 
#########################   writing pl=Omri Casspi,on len=61 to ./rolling/Omri_Casspi.csv; 19.6319018405 %done 
#########################   writing pl=Willie Cauley-Stein,on len=31 to ./rolling/Willie_Cauley-Stein.csv; 19.836400818 %done 
#########################   writing pl=Marco Belinelli,on len=43 to ./rolling/Marco_Belinelli.csv; 20.0408997955 %done 
#########################   writing pl=Darren Collison,on len=64 to ./rolling/Darren_Collison.csv; 20.245398773 %done 
#########################   writing pl=Caron Butler,on len=6 to ./rolling/Caron_Butler.csv; 20.4498977505 %done 
#########################   writing pl=Lance Stephenson,on len=34 to ./rolling/Lance_Stephenson.csv; 20.654396728 %done 
#########################   writing pl=Blake Griffin,on len=57 to ./rolling/Blake_Griffin.csv; 20.8588957055 %done 
#########################   writing pl=DeAndre Jordan,on len=86 to ./rolling/DeAndre_Jordan.csv; 21.063394683 %done 
#########################   writing pl=J.J. Redick,on len=84 to ./rolling/J.J._Redick.csv; 21.2678936605 %done 
#########################   writing pl=Chris Paul,on len=86 to ./rolling/Chris_Paul.csv; 21.472392638 %done 
#########################   writing pl=Jamal Crawford,on len=84 to ./rolling/Jamal_Crawford.csv; 21.6768916155 %done 
#########################   writing pl=Paul Pierce,on len=20 to ./rolling/Paul_Pierce.csv; 21.881390593 %done 
#########################   writing pl=Josh Smith,on len=27 to ./rolling/Josh_Smith.csv; 22.0858895706 %done 
#########################   writing pl=Austin Rivers,on len=36 to ./rolling/Austin_Rivers.csv; 22.2903885481 %done 
#########################   writing pl=Wesley Johnson,on len=21 to ./rolling/Wesley_Johnson.csv; 22.4948875256 %done 
#########################   writing pl=Kobe Bryant,on len=49 to ./rolling/Kobe_Bryant.csv; 22.6993865031 %done 
#########################   writing pl=Julius Randle,on len=107 to ./rolling/Julius_Randle.csv; 22.9038854806 %done 
#########################   writing pl=Roy Hibbert,on len=30 to ./rolling/Roy_Hibbert.csv; 23.1083844581 %done 
#########################   writing pl=Jordan Clarkson,on len=85 to ./rolling/Jordan_Clarkson.csv; 23.3128834356 %done 
#########################   writing pl=D'Angelo Russell,on len=71 to ./rolling/D'Angelo_Russell.csv; 23.5173824131 %done 
#########################   writing pl=Nick Young,on len=42 to ./rolling/Nick_Young.csv; 23.7218813906 %done 
#########################   writing pl=Tayshaun Prince,on len=1 to ./rolling/Tayshaun_Prince.csv; 23.9263803681 %done 
#########################   writing pl=Kevin Garnett,on len=8 to ./rolling/Kevin_Garnett.csv; 24.1308793456 %done 
#########################   writing pl=Karl-Anthony Towns,on len=103 to ./rolling/Karl-Anthony_Towns.csv; 24.3353783231 %done 
#########################   writing pl=Andrew Wiggins,on len=110 to ./rolling/Andrew_Wiggins.csv; 24.5398773006 %done 
#########################   writing pl=Ricky Rubio,on len=82 to ./rolling/Ricky_Rubio.csv; 24.7443762781 %done 
#########################   writing pl=Nemanja Bjelica,on len=20 to ./rolling/Nemanja_Bjelica.csv; 24.9488752556 %done 
#########################   writing pl=Kevin Martin,on len=18 to ./rolling/Kevin_Martin.csv; 25.1533742331 %done 
#########################   writing pl=Shabazz Muhammad,on len=37 to ./rolling/Shabazz_Muhammad.csv; 25.3578732106 %done 
#########################   writing pl=Zach LaVine,on len=102 to ./rolling/Zach_LaVine.csv; 25.5623721881 %done 
#########################   writing pl=Gorgui Dieng,on len=81 to ./rolling/Gorgui_Dieng.csv; 25.7668711656 %done 
#########################   writing pl=Adreian Payne,on len=3 to ./rolling/Adreian_Payne.csv; 25.9713701431 %done 
#########################   writing pl=Evan Fournier,on len=86 to ./rolling/Evan_Fournier.csv; 26.1758691207 %done 
#########################   writing pl=Tobias Harris,on len=108 to ./rolling/Tobias_Harris.csv; 26.3803680982 %done 
#########################   writing pl=Nikola Vucevic,on len=73 to ./rolling/Nikola_Vucevic.csv; 26.5848670757 %done 
#########################   writing pl=Victor Oladipo,on len=96 to ./rolling/Victor_Oladipo.csv; 26.7893660532 %done 
#########################   writing pl=Elfrid Payton,on len=79 to ./rolling/Elfrid_Payton.csv; 26.9938650307 %done 
#########################   writing pl=Aaron Gordon,on len=85 to ./rolling/Aaron_Gordon.csv; 27.1983640082 %done 
#########################   writing pl=C.J. Watson,on len=7 to ./rolling/C.J._Watson.csv; 27.4028629857 %done 
#########################   writing pl=Otto Porter,on len=97 to ./rolling/Otto_Porter.csv; 27.6073619632 %done 
#########################   writing pl=Kris Humphries,on len=16 to ./rolling/Kris_Humphries.csv; 27.8118609407 %done 
#########################   writing pl=Marcin Gortat,on len=90 to ./rolling/Marcin_Gortat.csv; 28.0163599182 %done 
#########################   writing pl=John Wall,on len=111 to ./rolling/John_Wall.csv; 28.2208588957 %done 
#########################   writing pl=Joe Johnson,on len=67 to ./rolling/Joe_Johnson.csv; 28.4253578732 %done 
#########################   writing pl=Thaddeus Young,on len=98 to ./rolling/Thaddeus_Young.csv; 28.6298568507 %done 
#########################   writing pl=Shane Larkin,on len=19 to ./rolling/Shane_Larkin.csv; 28.8343558282 %done 
#########################   writing pl=Gordon Hayward,on len=109 to ./rolling/Gordon_Hayward.csv; 29.0388548057 %done 
#########################   writing pl=Derrick Favors,on len=71 to ./rolling/Derrick_Favors.csv; 29.2433537832 %done 
#########################   writing pl=Rudy Gobert,on len=68 to ./rolling/Rudy_Gobert.csv; 29.4478527607 %done 
#########################   writing pl=Rodney Hood,on len=90 to ./rolling/Rodney_Hood.csv; 29.6523517382 %done 
#########################   writing pl=Alec Burks,on len=28 to ./rolling/Alec_Burks.csv; 29.8568507157 %done 
#########################   writing pl=DeMarre Carroll,on len=72 to ./rolling/DeMarre_Carroll.csv; 30.0613496933 %done 
#########################   writing pl=Luis Scola,on len=50 to ./rolling/Luis_Scola.csv; 30.2658486708 %done 
#########################   writing pl=DeMar DeRozan,on len=132 to ./rolling/DeMar_DeRozan.csv; 30.4703476483 %done 
#########################   writing pl=Kyle Lowry,on len=133 to ./rolling/Kyle_Lowry.csv; 30.6748466258 %done 
#########################   writing pl=Terrence Ross,on len=51 to ./rolling/Terrence_Ross.csv; 30.8793456033 %done 
#########################   writing pl=Paul George,on len=114 to ./rolling/Paul_George.csv; 31.0838445808 %done 
#########################   writing pl=George Hill,on len=72 to ./rolling/George_Hill.csv; 31.2883435583 %done 
#########################   writing pl=Lavoy Allen,on len=27 to ./rolling/Lavoy_Allen.csv; 31.4928425358 %done 
#########################   writing pl=Trevor Ariza,on len=110 to ./rolling/Trevor_Ariza.csv; 31.6973415133 %done 
#########################   writing pl=Terrence Jones,on len=55 to ./rolling/Terrence_Jones.csv; 31.9018404908 %done 
#########################   writing pl=Clint Capela,on len=67 to ./rolling/Clint_Capela.csv; 32.1063394683 %done 
#########################   writing pl=James Harden,on len=130 to ./rolling/James_Harden.csv; 32.3108384458 %done 
#########################   writing pl=K.J. McDaniels,on len=3 to ./rolling/K.J._McDaniels.csv; 32.5153374233 %done 
#########################   writing pl=Danilo Gallinari,on len=83 to ./rolling/Danilo_Gallinari.csv; 32.7198364008 %done 
#########################   writing pl=Kenneth Faried,on len=78 to ./rolling/Kenneth_Faried.csv; 32.9243353783 %done 
#########################   writing pl=Joffrey Lauvergne,on len=16 to ./rolling/Joffrey_Lauvergne.csv; 33.1288343558 %done 
#########################   writing pl=Emmanuel Mudiay,on len=67 to ./rolling/Emmanuel_Mudiay.csv; 33.3333333333 %done 
#########################   writing pl=Jameer Nelson,on len=30 to ./rolling/Jameer_Nelson.csv; 33.5378323108 %done 
#########################   writing pl=Will Barton,on len=89 to ./rolling/Will_Barton.csv; 33.7423312883 %done 
#########################   writing pl=P.J. Tucker,on len=73 to ./rolling/P.J._Tucker.csv; 33.9468302658 %done 
#########################   writing pl=Markieff Morris,on len=88 to ./rolling/Markieff_Morris.csv; 34.1513292434 %done 
#########################   writing pl=Tyson Chandler,on len=51 to ./rolling/Tyson_Chandler.csv; 34.3558282209 %done 
#########################   writing pl=Brandon Knight,on len=62 to ./rolling/Brandon_Knight.csv; 34.5603271984 %done 
#########################   writing pl=Eric Bledsoe,on len=60 to ./rolling/Eric_Bledsoe.csv; 34.7648261759 %done 
#########################   writing pl=T.J. Warren,on len=64 to ./rolling/T.J._Warren.csv; 34.9693251534 %done 
#########################   writing pl=Mirza Teletovic,on len=40 to ./rolling/Mirza_Teletovic.csv; 35.1738241309 %done 
#########################   writing pl=Wesley Matthews,on len=95 to ./rolling/Wesley_Matthews.csv; 35.3783231084 %done 
#########################   writing pl=Dirk Nowitzki,on len=77 to ./rolling/Dirk_Nowitzki.csv; 35.5828220859 %done 
#########################   writing pl=Zaza Pachulia,on len=65 to ./rolling/Zaza_Pachulia.csv; 35.7873210634 %done 
#########################   writing pl=Raymond Felton,on len=51 to ./rolling/Raymond_Felton.csv; 35.9918200409 %done 
#########################   writing pl=Deron Williams,on len=67 to ./rolling/Deron_Williams.csv; 36.1963190184 %done 
#########################   writing pl=Dwight Powell,on len=58 to ./rolling/Dwight_Powell.csv; 36.4008179959 %done 
#########################   writing pl=Jeremy Evans,on len=4 to ./rolling/Jeremy_Evans.csv; 36.6053169734 %done 
#########################   writing pl=Devin Harris,on len=25 to ./rolling/Devin_Harris.csv; 36.8098159509 %done 
#########################   writing pl=Charlie Villanueva,on len=7 to ./rolling/Charlie_Villanueva.csv; 37.0143149284 %done 
#########################   writing pl=John Jenkins,on len=2 to ./rolling/John_Jenkins.csv; 37.2188139059 %done 
#########################   writing pl=Justin Anderson,on len=9 to ./rolling/Justin_Anderson.csv; 37.4233128834 %done 
#########################   writing pl=Kevin Durant,on len=138 to ./rolling/Kevin_Durant.csv; 37.6278118609 %done 
#########################   writing pl=Russell Westbrook,on len=145 to ./rolling/Russell_Westbrook.csv; 37.8323108384 %done 
#########################   writing pl=Enes Kanter,on len=100 to ./rolling/Enes_Kanter.csv; 38.036809816 %done 
#########################   writing pl=LaMarcus Aldridge,on len=122 to ./rolling/LaMarcus_Aldridge.csv; 38.2413087935 %done 
#########################   writing pl=Kawhi Leonard,on len=127 to ./rolling/Kawhi_Leonard.csv; 38.445807771 %done 
#########################   writing pl=Tim Duncan,on len=42 to ./rolling/Tim_Duncan.csv; 38.6503067485 %done 
#########################   writing pl=Tony Parker,on len=80 to ./rolling/Tony_Parker.csv; 38.854805726 %done 
#########################   writing pl=Manu Ginobili,on len=51 to ./rolling/Manu_Ginobili.csv; 39.0593047035 %done 
#########################   writing pl=David West,on len=44 to ./rolling/David_West.csv; 39.263803681 %done 
#########################   writing pl=Al-Farouq Aminu,on len=92 to ./rolling/Al-Farouq_Aminu.csv; 39.4683026585 %done 
#########################   writing pl=Meyers Leonard,on len=19 to ./rolling/Meyers_Leonard.csv; 39.672801636 %done 
#########################   writing pl=Mason Plumlee,on len=100 to ./rolling/Mason_Plumlee.csv; 39.8773006135 %done 
#########################   writing pl=C.J. McCollum,on len=119 to ./rolling/C.J._McCollum.csv; 40.081799591 %done 
#########################   writing pl=Damian Lillard,on len=116 to ./rolling/Damian_Lillard.csv; 40.2862985685 %done 
#########################   writing pl=Ed Davis,on len=65 to ./rolling/Ed_Davis.csv; 40.490797546 %done 
#########################   writing pl=Maurice Harkless,on len=65 to ./rolling/Maurice_Harkless.csv; 40.6952965235 %done 
#########################   writing pl=Alexis Ajinca,on len=14 to ./rolling/Alexis_Ajinca.csv; 40.899795501 %done 
#########################   writing pl=Sasha Vujacic,on len=7 to ./rolling/Sasha_Vujacic.csv; 41.1042944785 %done 
#########################   writing pl=Kyle O'Quinn,on len=13 to ./rolling/Kyle_O'Quinn.csv; 41.308793456 %done 
#########################   writing pl=Derrick Williams,on len=32 to ./rolling/Derrick_Williams.csv; 41.5132924335 %done 
#########################   writing pl=Lance Thomas,on len=18 to ./rolling/Lance_Thomas.csv; 41.717791411 %done 
#########################   writing pl=Jordan Hill,on len=24 to ./rolling/Jordan_Hill.csv; 41.9222903885 %done 
#########################   writing pl=Ian Mahinmi,on len=44 to ./rolling/Ian_Mahinmi.csv; 42.1267893661 %done 
#########################   writing pl=Monta Ellis,on len=91 to ./rolling/Monta_Ellis.csv; 42.3312883436 %done 
#########################   writing pl=Rodney Stuckey,on len=21 to ./rolling/Rodney_Stuckey.csv; 42.5357873211 %done 
#########################   writing pl=C.J. Miles,on len=57 to ./rolling/C.J._Miles.csv; 42.7402862986 %done 
#########################   writing pl=Tony Allen,on len=62 to ./rolling/Tony_Allen.csv; 42.9447852761 %done 
#########################   writing pl=Courtney Lee,on len=68 to ./rolling/Courtney_Lee.csv; 43.1492842536 %done 
#########################   writing pl=Giannis Antetokounmpo,on len=115 to ./rolling/Giannis_Antetokounmpo.csv; 43.3537832311 %done 
#########################   writing pl=Justise Winslow,on len=65 to ./rolling/Justise_Winslow.csv; 43.5582822086 %done 
#########################   writing pl=Jae Crowder,on len=99 to ./rolling/Jae_Crowder.csv; 43.7627811861 %done 
#########################   writing pl=Kelly Olynyk,on len=38 to ./rolling/Kelly_Olynyk.csv; 43.9672801636 %done 
#########################   writing pl=Jonas Valanciunas,on len=80 to ./rolling/Jonas_Valanciunas.csv; 44.1717791411 %done 
#########################   writing pl=Frank Kaminsky,on len=61 to ./rolling/Frank_Kaminsky.csv; 44.3762781186 %done 
#########################   writing pl=Serge Ibaka,on len=130 to ./rolling/Serge_Ibaka.csv; 44.5807770961 %done 
#########################   writing pl=Gary Harris,on len=59 to ./rolling/Gary_Harris.csv; 44.7852760736 %done 
#########################   writing pl=Dwight Howard,on len=87 to ./rolling/Dwight_Howard.csv; 44.9897750511 %done 
#########################   writing pl=Ty Lawson,on len=42 to ./rolling/Ty_Lawson.csv; 45.1942740286 %done 
#########################   writing pl=Corey Brewer,on len=39 to ./rolling/Corey_Brewer.csv; 45.3987730061 %done 
#########################   writing pl=Raul Neto,on len=8 to ./rolling/Raul_Neto.csv; 45.6032719836 %done 
#########################   writing pl=Patrick Mills,on len=21 to ./rolling/Patrick_Mills.csv; 45.8077709611 %done 
#########################   writing pl=Jon Leuer,on len=63 to ./rolling/Jon_Leuer.csv; 46.0122699387 %done 
#########################   writing pl=Devin Booker,on len=77 to ./rolling/Devin_Booker.csv; 46.2167689162 %done 
#########################   writing pl=Archie Goodwin,on len=14 to ./rolling/Archie_Goodwin.csv; 46.4212678937 %done 
#########################   writing pl=Jarrett Jack,on len=24 to ./rolling/Jarrett_Jack.csv; 46.6257668712 %done 
#########################   writing pl=Trey Burke,on len=29 to ./rolling/Trey_Burke.csv; 46.8302658487 %done 
#########################   writing pl=Noah Vonleh,on len=7 to ./rolling/Noah_Vonleh.csv; 47.0347648262 %done 
#########################   writing pl=Drew Gooden,on len=7 to ./rolling/Drew_Gooden.csv; 47.2392638037 %done 
#########################   writing pl=Nene Hilario,on len=25 to ./rolling/Nene_Hilario.csv; 47.4437627812 %done 
#########################   writing pl=Jared Dudley,on len=54 to ./rolling/Jared_Dudley.csv; 47.6482617587 %done 
#########################   writing pl=Channing Frye,on len=45 to ./rolling/Channing_Frye.csv; 47.8527607362 %done 
#########################   writing pl=Luol Deng,on len=89 to ./rolling/Luol_Deng.csv; 48.0572597137 %done 
#########################   writing pl=Montrezl Harrell,on len=23 to ./rolling/Montrezl_Harrell.csv; 48.2617586912 %done 
#########################   writing pl=Ryan Kelly,on len=4 to ./rolling/Ryan_Kelly.csv; 48.4662576687 %done 
#########################   writing pl=Steven Adams,on len=83 to ./rolling/Steven_Adams.csv; 48.6707566462 %done 
#########################   writing pl=Darrell Arthur,on len=27 to ./rolling/Darrell_Arthur.csv; 48.8752556237 %done 
#########################   writing pl=Nikola Jokic,on len=70 to ./rolling/Nikola_Jokic.csv; 49.0797546012 %done 
#########################   writing pl=Jabari Parker,on len=94 to ./rolling/Jabari_Parker.csv; 49.2842535787 %done 
#########################   writing pl=Greivis Vasquez,on len=2 to ./rolling/Greivis_Vasquez.csv; 49.4887525562 %done 
#########################   writing pl=Nik Stauskas,on len=35 to ./rolling/Nik_Stauskas.csv; 49.6932515337 %done 
#########################   writing pl=T.J. McConnell,on len=40 to ./rolling/T.J._McConnell.csv; 49.8977505112 %done 
#########################   writing pl=Brook Lopez,on len=76 to ./rolling/Brook_Lopez.csv; 50.1022494888 %done 
#########################   writing pl=Bojan Bogdanovic,on len=66 to ./rolling/Bojan_Bogdanovic.csv; 50.3067484663 %done 
#########################   writing pl=Myles Turner,on len=70 to ./rolling/Myles_Turner.csv; 50.5112474438 %done 
#########################   writing pl=Marcus Thornton,on len=33 to ./rolling/Marcus_Thornton.csv; 50.7157464213 %done 
#########################   writing pl=D.J. Augustin,on len=22 to ./rolling/D.J._Augustin.csv; 50.9202453988 %done 
#########################   writing pl=Boris Diaw,on len=29 to ./rolling/Boris_Diaw.csv; 51.1247443763 %done 
#########################   writing pl=Dion Waiters,on len=84 to ./rolling/Dion_Waiters.csv; 51.3292433538 %done 
#########################   writing pl=Al Jefferson,on len=31 to ./rolling/Al_Jefferson.csv; 51.5337423313 %done 
#########################   writing pl=Jeremy Lamb,on len=38 to ./rolling/Jeremy_Lamb.csv; 51.7382413088 %done 
#########################   writing pl=J.J. Hickson,on len=21 to ./rolling/J.J._Hickson.csv; 51.9427402863 %done 
#########################   writing pl=Randy Foye,on len=18 to ./rolling/Randy_Foye.csv; 52.1472392638 %done 
#########################   writing pl=Trevor Booker,on len=65 to ./rolling/Trevor_Booker.csv; 52.3517382413 %done 
#########################   writing pl=Tyler Johnson,on len=43 to ./rolling/Tyler_Johnson.csv; 52.5562372188 %done 
#########################   writing pl=JaMychal Green,on len=49 to ./rolling/JaMychal_Green.csv; 52.7607361963 %done 
#########################   writing pl=Brandan Wright,on len=4 to ./rolling/Brandan_Wright.csv; 52.9652351738 %done 
#########################   writing pl=Ramon Sessions,on len=29 to ./rolling/Ramon_Sessions.csv; 53.1697341513 %done 
#########################   writing pl=Jerian Grant,on len=15 to ./rolling/Jerian_Grant.csv; 53.3742331288 %done 
#########################   writing pl=Dewayne Dedmon,on len=14 to ./rolling/Dewayne_Dedmon.csv; 53.5787321063 %done 
#########################   writing pl=Rondae Hollis-Jefferson,on len=27 to ./rolling/Rondae_Hollis-Jefferson.csv; 53.7832310838 %done 
#########################   writing pl=Luc Richard Mbah a Moute,on len=3 to ./rolling/Luc_Richard_Mbah_a_Moute.csv; 53.9877300613 %done 
#########################   writing pl=Jason Terry,on len=7 to ./rolling/Jason_Terry.csv; 54.1922290389 %done 
#########################   writing pl=Gary Neal,on len=13 to ./rolling/Gary_Neal.csv; 54.3967280164 %done 
#########################   writing pl=Quincy Acy,on len=5 to ./rolling/Quincy_Acy.csv; 54.6012269939 %done 
#########################   writing pl=Jason Thompson,on len=8 to ./rolling/Jason_Thompson.csv; 54.8057259714 %done 
#########################   writing pl=Chandler Parsons,on len=48 to ./rolling/Chandler_Parsons.csv; 55.0102249489 %done 
#########################   writing pl=Luke Babbitt,on len=14 to ./rolling/Luke_Babbitt.csv; 55.2147239264 %done 
#########################   writing pl=Mario Chalmers,on len=30 to ./rolling/Mario_Chalmers.csv; 55.4192229039 %done 
#########################   writing pl=Udonis Haslem,on len=2 to ./rolling/Udonis_Haslem.csv; 55.6237218814 %done 
#########################   writing pl=James Johnson,on len=41 to ./rolling/James_Johnson.csv; 55.8282208589 %done 
#########################   writing pl=Patrick Patterson,on len=57 to ./rolling/Patrick_Patterson.csv; 56.0327198364 %done 
#########################   writing pl=Cory Joseph,on len=60 to ./rolling/Cory_Joseph.csv; 56.2372188139 %done 
#########################   writing pl=Andre Roberson,on len=54 to ./rolling/Andre_Roberson.csv; 56.4417177914 %done 
#########################   writing pl=Allen Crabbe,on len=54 to ./rolling/Allen_Crabbe.csv; 56.6462167689 %done 
#########################   writing pl=Justin Holiday,on len=12 to ./rolling/Justin_Holiday.csv; 56.8507157464 %done 
#########################   writing pl=Mario Hezonja,on len=10 to ./rolling/Mario_Hezonja.csv; 57.0552147239 %done 
#########################   writing pl=Richaun Holmes,on len=16 to ./rolling/Richaun_Holmes.csv; 57.2597137014 %done 
#########################   writing pl=Anthony Tolliver,on len=11 to ./rolling/Anthony_Tolliver.csv; 57.4642126789 %done 
#########################   writing pl=Johnny O'Bryant,on len=2 to ./rolling/Johnny_O'Bryant.csv; 57.6687116564 %done 
#########################   writing pl=Joe Ingles,on len=11 to ./rolling/Joe_Ingles.csv; 57.8732106339 %done 
#########################   writing pl=Trey Lyles,on len=26 to ./rolling/Trey_Lyles.csv; 58.0777096115 %done 
#########################   writing pl=Josh McRoberts,on len=9 to ./rolling/Josh_McRoberts.csv; 58.282208589 %done 
#########################   writing pl=Metta World Peace,on len=6 to ./rolling/Metta_World_Peace.csv; 58.4867075665 %done 
#########################   writing pl=Brandon Bass,on len=18 to ./rolling/Brandon_Bass.csv; 58.691206544 %done 
#########################   writing pl=Cleanthony Early,on len=2 to ./rolling/Cleanthony_Early.csv; 58.8957055215 %done 
#########################   writing pl=Toney Douglas,on len=18 to ./rolling/Toney_Douglas.csv; 59.100204499 %done 
#########################   writing pl=Amir Johnson,on len=60 to ./rolling/Amir_Johnson.csv; 59.3047034765 %done 
#########################   writing pl=Arron Afflalo,on len=55 to ./rolling/Arron_Afflalo.csv; 59.509202454 %done 
#########################   writing pl=Patrick Beverley,on len=72 to ./rolling/Patrick_Beverley.csv; 59.7137014315 %done 
#########################   writing pl=Kyle Singler,on len=5 to ./rolling/Kyle_Singler.csv; 59.918200409 %done 
#########################   writing pl=Kyle Anderson,on len=18 to ./rolling/Kyle_Anderson.csv; 60.1226993865 %done 
#########################   writing pl=Rasual Butler,on len=1 to ./rolling/Rasual_Butler.csv; 60.327198364 %done 
#########################   writing pl=Christian Wood,on len=2 to ./rolling/Christian_Wood.csv; 60.5316973415 %done 
#########################   writing pl=Phil (Flip) Pressey,on len=2 to ./rolling/Phil_(Flip)_Pressey.csv; 60.736196319 %done 
#########################   writing pl=Andrea Bargnani,on len=2 to ./rolling/Andrea_Bargnani.csv; 60.9406952965 %done 
#########################   writing pl=Garrett Temple,on len=41 to ./rolling/Garrett_Temple.csv; 61.145194274 %done 
#########################   writing pl=Kelly Oubre,on len=9 to ./rolling/Kelly_Oubre.csv; 61.3496932515 %done 
#########################   writing pl=Shabazz Napier,on len=2 to ./rolling/Shabazz_Napier.csv; 61.554192229 %done 
#########################   writing pl=Anthony Morrow,on len=9 to ./rolling/Anthony_Morrow.csv; 61.7586912065 %done 
#########################   writing pl=Chase Budinger,on len=2 to ./rolling/Chase_Budinger.csv; 61.963190184 %done 
#########################   writing pl=Glenn Robinson III,on len=13 to ./rolling/Glenn_Robinson_III.csv; 62.1676891616 %done 
#########################   writing pl=Solomon Hill,on len=16 to ./rolling/Solomon_Hill.csv; 62.3721881391 %done 
#########################   writing pl=Cameron Payne,on len=6 to ./rolling/Cameron_Payne.csv; 62.5766871166 %done 
#########################   writing pl=Robert Covington,on len=86 to ./rolling/Robert_Covington.csv; 62.7811860941 %done 
#########################   writing pl=Larry Nance Jr.,on len=26 to ./rolling/Larry_Nance_Jr..csv; 62.9856850716 %done 
#########################   writing pl=Cody Zeller,on len=55 to ./rolling/Cody_Zeller.csv; 63.1901840491 %done 
#########################   writing pl=Jrue Holiday,on len=65 to ./rolling/Jrue_Holiday.csv; 63.3946830266 %done 
#########################   writing pl=Kirk Hinrich,on len=4 to ./rolling/Kirk_Hinrich.csv; 63.5991820041 %done 
#########################   writing pl=O.J. Mayo,on len=27 to ./rolling/O.J._Mayo.csv; 63.8036809816 %done 
#########################   writing pl=Jonas Jerebko,on len=11 to ./rolling/Jonas_Jerebko.csv; 64.0081799591 %done 
#########################   writing pl=Ronnie Price,on len=6 to ./rolling/Ronnie_Price.csv; 64.2126789366 %done 
#########################   writing pl=Alex Len,on len=56 to ./rolling/Alex_Len.csv; 64.4171779141 %done 
#########################   writing pl=Jared Cunningham,on len=2 to ./rolling/Jared_Cunningham.csv; 64.6216768916 %done 
#########################   writing pl=Tim Hardaway Jr.,on len=21 to ./rolling/Tim_Hardaway_Jr..csv; 64.8261758691 %done 
#########################   writing pl=Bismack Biyombo,on len=61 to ./rolling/Bismack_Biyombo.csv; 65.0306748466 %done 
#########################   writing pl=Lamar Patterson,on len=3 to ./rolling/Lamar_Patterson.csv; 65.2351738241 %done 
#########################   writing pl=Andrew Nicholson,on len=12 to ./rolling/Andrew_Nicholson.csv; 65.4396728016 %done 
#########################   writing pl=Brandon Rush,on len=12 to ./rolling/Brandon_Rush.csv; 65.6441717791 %done 
#########################   writing pl=Thomas Robinson,on len=17 to ./rolling/Thomas_Robinson.csv; 65.8486707566 %done 
#########################   writing pl=Tyreke Evans,on len=35 to ./rolling/Tyreke_Evans.csv; 66.0531697342 %done 
#########################   writing pl=Gerald Henderson,on len=24 to ./rolling/Gerald_Henderson.csv; 66.2576687117 %done 
#########################   writing pl=Spencer Hawes,on len=17 to ./rolling/Spencer_Hawes.csv; 66.4621676892 %done 
#########################   writing pl=Ryan Hollins,on len=2 to ./rolling/Ryan_Hollins.csv; 66.6666666667 %done 
#########################   writing pl=Mike Muscala,on len=9 to ./rolling/Mike_Muscala.csv; 66.8711656442 %done 
#########################   writing pl=Ian Clark,on len=6 to ./rolling/Ian_Clark.csv; 67.0756646217 %done 
#########################   writing pl=Norris Cole,on len=22 to ./rolling/Norris_Cole.csv; 67.2801635992 %done 
#########################   writing pl=Elijah Millsap,on len=1 to ./rolling/Elijah_Millsap.csv; 67.4846625767 %done 
#########################   writing pl=Terry Rozier,on len=8 to ./rolling/Terry_Rozier.csv; 67.6891615542 %done 
#########################   writing pl=Donatas Motiejunas,on len=12 to ./rolling/Donatas_Motiejunas.csv; 67.8936605317 %done 
#########################   writing pl=Miles Plumlee,on len=6 to ./rolling/Miles_Plumlee.csv; 68.0981595092 %done 
#########################   writing pl=Kendall Marshall,on len=2 to ./rolling/Kendall_Marshall.csv; 68.3026584867 %done 
#########################   writing pl=Jonathon Simmons,on len=6 to ./rolling/Jonathon_Simmons.csv; 68.5071574642 %done 
#########################   writing pl=Nick Collison,on len=5 to ./rolling/Nick_Collison.csv; 68.7116564417 %done 
#########################   writing pl=P.J. Hairston,on len=7 to ./rolling/P.J._Hairston.csv; 68.9161554192 %done 
#########################   writing pl=Bobby Portis,on len=27 to ./rolling/Bobby_Portis.csv; 69.1206543967 %done 
#########################   writing pl=Tim Frazier,on len=44 to ./rolling/Tim_Frazier.csv; 69.3251533742 %done 
#########################   writing pl=Kostas Papanikolaou,on len=2 to ./rolling/Kostas_Papanikolaou.csv; 69.5296523517 %done 
#########################   writing pl=Vince Carter,on len=15 to ./rolling/Vince_Carter.csv; 69.7341513292 %done 
#########################   writing pl=Kyrie Irving,on len=101 to ./rolling/Kyrie_Irving.csv; 69.9386503067 %done 
#########################   writing pl=Beno Udrih,on len=6 to ./rolling/Beno_Udrih.csv; 70.1431492843 %done 
#########################   writing pl=Omer Asik,on len=13 to ./rolling/Omer_Asik.csv; 70.3476482618 %done 
#########################   writing pl=Iman Shumpert,on len=36 to ./rolling/Iman_Shumpert.csv; 70.5521472393 %done 
#########################   writing pl=Boban Marjanovic,on len=17 to ./rolling/Boban_Marjanovic.csv; 70.7566462168 %done 
#########################   writing pl=Jeff Withey,on len=9 to ./rolling/Jeff_Withey.csv; 70.9611451943 %done 
#########################   writing pl=Carl Landry,on len=10 to ./rolling/Carl_Landry.csv; 71.1656441718 %done 
#########################   writing pl=Jarell Eddie,on len=1 to ./rolling/Jarell_Eddie.csv; 71.3701431493 %done 
#########################   writing pl=Lou Williams,on len=39 to ./rolling/Lou_Williams.csv; 71.5746421268 %done 
#########################   writing pl=Anthony Brown,on len=2 to ./rolling/Anthony_Brown.csv; 71.7791411043 %done 
#########################   writing pl=Brandon Jennings,on len=26 to ./rolling/Brandon_Jennings.csv; 71.9836400818 %done 
#########################   writing pl=JaVale McGee,on len=8 to ./rolling/JaVale_McGee.csv; 72.1881390593 %done 
#########################   writing pl=Jusuf Nurkic,on len=25 to ./rolling/Jusuf_Nurkic.csv; 72.3926380368 %done 
#########################   writing pl=Aron Baynes,on len=5 to ./rolling/Aron_Baynes.csv; 72.5971370143 %done 
#########################   writing pl=Wayne Ellington,on len=24 to ./rolling/Wayne_Ellington.csv; 72.8016359918 %done 
#########################   writing pl=Donald Sloan,on len=17 to ./rolling/Donald_Sloan.csv; 73.0061349693 %done 
#########################   writing pl=Elliot Williams,on len=1 to ./rolling/Elliot_Williams.csv; 73.2106339468 %done 
#########################   writing pl=Cole Aldrich,on len=9 to ./rolling/Cole_Aldrich.csv; 73.4151329243 %done 
#########################   writing pl=Tarik Black,on len=6 to ./rolling/Tarik_Black.csv; 73.6196319018 %done 
#########################   writing pl=Amar'e Stoudemire,on len=15 to ./rolling/Amar'e_Stoudemire.csv; 73.8241308793 %done 
#########################   writing pl=Ray McCallum,on len=4 to ./rolling/Ray_McCallum.csv; 74.0286298569 %done 
#########################   writing pl=Josh Richardson,on len=32 to ./rolling/Josh_Richardson.csv; 74.2331288344 %done 
#########################   writing pl=Rashad Vaughn,on len=3 to ./rolling/Rashad_Vaughn.csv; 74.4376278119 %done 
#########################   writing pl=Salah Mejri,on len=7 to ./rolling/Salah_Mejri.csv; 74.6421267894 %done 
#########################   writing pl=Bryce Jones,on len=7 to ./rolling/Bryce_Jones.csv; 74.8466257669 %done 
#########################   writing pl=Michael Kidd-Gilchrist,on len=37 to ./rolling/Michael_Kidd-Gilchrist.csv; 75.0511247444 %done 
#########################   writing pl=Jordan McRae,on len=4 to ./rolling/Jordan_McRae.csv; 75.2556237219 %done 
#########################   writing pl=E'Twaun Moore,on len=26 to ./rolling/E'Twaun_Moore.csv; 75.4601226994 %done 
#########################   writing pl=Shelvin Mack,on len=32 to ./rolling/Shelvin_Mack.csv; 75.6646216769 %done 
#########################   writing pl=Markel Brown,on len=5 to ./rolling/Markel_Brown.csv; 75.8691206544 %done 
#########################   writing pl=Mike Dunleavy,on len=4 to ./rolling/Mike_Dunleavy.csv; 76.0736196319 %done 
#########################   writing pl=Marcelo Huertas,on len=2 to ./rolling/Marcelo_Huertas.csv; 76.2781186094 %done 
#########################   writing pl=Willie Reed,on len=8 to ./rolling/Willie_Reed.csv; 76.4826175869 %done 
#########################   writing pl=Chris Andersen,on len=3 to ./rolling/Chris_Andersen.csv; 76.6871165644 %done 
#########################   writing pl=Jason Smith,on len=4 to ./rolling/Jason_Smith.csv; 76.8916155419 %done 
#########################   writing pl=Norman Powell,on len=21 to ./rolling/Norman_Powell.csv; 77.0961145194 %done 
#########################   writing pl=Jarell Martin,on len=7 to ./rolling/Jarell_Martin.csv; 77.3006134969 %done 
#########################   writing pl=Michael Beasley,on len=19 to ./rolling/Michael_Beasley.csv; 77.5051124744 %done 
#########################   writing pl=Alex Stepheson,on len=2 to ./rolling/Alex_Stepheson.csv; 77.7096114519 %done 
#########################   writing pl=Briante Weber,on len=1 to ./rolling/Briante_Weber.csv; 77.9141104294 %done 
#########################   writing pl=James Anderson,on len=2 to ./rolling/James_Anderson.csv; 78.118609407 %done 
#########################   writing pl=Cristiano Felicio,on len=4 to ./rolling/Cristiano_Felicio.csv; 78.3231083845 %done 
#########################   writing pl=Sean Kilpatrick,on len=34 to ./rolling/Sean_Kilpatrick.csv; 78.527607362 %done 
#########################   writing pl=Jordan Hamilton,on len=6 to ./rolling/Jordan_Hamilton.csv; 78.7321063395 %done 
#########################   writing pl=Chris McCullough,on len=4 to ./rolling/Chris_McCullough.csv; 78.936605317 %done 
#########################   writing pl=Seth Curry,on len=31 to ./rolling/Seth_Curry.csv; 79.1411042945 %done 
#########################   writing pl=Jordan Farmar,on len=4 to ./rolling/Jordan_Farmar.csv; 79.345603272 %done 
#########################   writing pl=Tyler Ennis,on len=3 to ./rolling/Tyler_Ennis.csv; 79.5501022495 %done 
#########################   writing pl=James Ennis,on len=9 to ./rolling/James_Ennis.csv; 79.754601227 %done 
#########################   writing pl=Henry Sims,on len=1 to ./rolling/Henry_Sims.csv; 79.9591002045 %done 
#########################   writing pl=Xavier Munford,on len=1 to ./rolling/Xavier_Munford.csv; 80.163599182 %done 
#########################   writing pl=James Young,on len=3 to ./rolling/James_Young.csv; 80.3680981595 %done 
#########################   writing pl=Quincy Pondexter,on len=1 to ./rolling/Quincy_Pondexter.csv; 80.572597137 %done 
#########################   writing pl=Chris Babb,on len=1 to ./rolling/Chris_Babb.csv; 80.7770961145 %done 
#########################   writing pl=Danny Green,on len=68 to ./rolling/Danny_Green.csv; 80.981595092 %done 
#########################   writing pl=Louis Williams,on len=47 to ./rolling/Louis_Williams.csv; 81.1860940695 %done 
#########################   writing pl=Brad Beal,on len=45 to ./rolling/Brad_Beal.csv; 81.390593047 %done 
#########################   writing pl=Andre Miller,on len=1 to ./rolling/Andre_Miller.csv; 81.5950920245 %done 
#########################   writing pl=Ishmael Smith,on len=58 to ./rolling/Ishmael_Smith.csv; 81.799591002 %done 
#########################   writing pl=Pat Connaughton,on len=2 to ./rolling/Pat_Connaughton.csv; 82.0040899796 %done 
#########################   writing pl=Robert Sacre,on len=1 to ./rolling/Robert_Sacre.csv; 82.2085889571 %done 
#########################   writing pl=Russ Smith,on len=1 to ./rolling/Russ_Smith.csv; 82.4130879346 %done 
#########################   writing pl=DeJuan Blair,on len=1 to ./rolling/DeJuan_Blair.csv; 82.6175869121 %done 
#########################   writing pl=Chris Kaman,on len=1 to ./rolling/Chris_Kaman.csv; 82.8220858896 %done 
#########################   writing pl=Jose Juan Barea,on len=31 to ./rolling/Jose_Juan_Barea.csv; 83.0265848671 %done 
#########################   writing pl=Eric Moreland,on len=1 to ./rolling/Eric_Moreland.csv; 83.2310838446 %done 
#########################   writing pl=RJ Hunter,on len=1 to ./rolling/RJ_Hunter.csv; 83.4355828221 %done 
#########################   writing pl=Wilson Chandler,on len=33 to ./rolling/Wilson_Chandler.csv; 83.6400817996 %done 
#########################   writing pl=Jakarr Sampson,on len=3 to ./rolling/Jakarr_Sampson.csv; 83.8445807771 %done 
#########################   writing pl=Nikola Pekovic,on len=2 to ./rolling/Nikola_Pekovic.csv; 84.0490797546 %done 
#########################   writing pl=Damien Inglis,on len=1 to ./rolling/Damien_Inglis.csv; 84.2535787321 %done 
#########################   writing pl=Joseph Young,on len=4 to ./rolling/Joseph_Young.csv; 84.4580777096 %done 
#########################   writing pl=Steve Blake,on len=2 to ./rolling/Steve_Blake.csv; 84.6625766871 %done 
#########################   writing pl=Shayne Whittington,on len=1 to ./rolling/Shayne_Whittington.csv; 84.8670756646 %done 
#########################   writing pl=Rakeem Christmas,on len=1 to ./rolling/Rakeem_Christmas.csv; 85.0715746421 %done 
#########################   writing pl=Lucas Nogueira,on len=11 to ./rolling/Lucas_Nogueira.csv; 85.2760736196 %done 
#########################   writing pl=Jaylen Brown,on len=6 to ./rolling/Jaylen_Brown.csv; 85.4805725971 %done 
#########################   writing pl=Troy Williams,on len=4 to ./rolling/Troy_Williams.csv; 85.6850715746 %done 
#########################   writing pl=Chris Johnson,on len=3 to ./rolling/Chris_Johnson.csv; 85.8895705521 %done 
#########################   writing pl=Jarnell Stokes,on len=1 to ./rolling/Jarnell_Stokes.csv; 86.0940695297 %done 
#########################   writing pl=Chuck Hayes,on len=1 to ./rolling/Chuck_Hayes.csv; 86.2985685072 %done 
#########################   writing pl=Damjan Rudez,on len=1 to ./rolling/Damjan_Rudez.csv; 86.5030674847 %done 
#########################   writing pl=Duje Dukan,on len=1 to ./rolling/Duje_Dukan.csv; 86.7075664622 %done 
#########################   writing pl=Darrun Hilliard,on len=2 to ./rolling/Darrun_Hilliard.csv; 86.9120654397 %done 
#########################   writing pl=Erick Green,on len=1 to ./rolling/Erick_Green.csv; 87.1165644172 %done 
#########################   writing pl=Sasha Kaun,on len=1 to ./rolling/Sasha_Kaun.csv; 87.3210633947 %done 
#########################   writing pl=Aaron Harrison,on len=1 to ./rolling/Aaron_Harrison.csv; 87.5255623722 %done 
#########################   writing pl=Ish Smith,on len=15 to ./rolling/Ish_Smith.csv; 87.7300613497 %done 
#########################   writing pl=Bradley Beal,on len=37 to ./rolling/Bradley_Beal.csv; 87.9345603272 %done 
#########################   writing pl=J.J. Barea,on len=10 to ./rolling/J.J._Barea.csv; 88.1390593047 %done 
#########################   writing pl=Andrew Harrison,on len=10 to ./rolling/Andrew_Harrison.csv; 88.3435582822 %done 
#########################   writing pl=Patty Mills,on len=18 to ./rolling/Patty_Mills.csv; 88.5480572597 %done 
#########################   writing pl=Dario Saric,on len=21 to ./rolling/Dario_Saric.csv; 88.7525562372 %done 
#########################   writing pl=Joel Embiid,on len=23 to ./rolling/Joel_Embiid.csv; 88.9570552147 %done 
#########################   writing pl=Kris Dunn,on len=7 to ./rolling/Kris_Dunn.csv; 89.1615541922 %done 
#########################   writing pl=Wade Baldwin IV,on len=1 to ./rolling/Wade_Baldwin_IV.csv; 89.3660531697 %done 
#########################   writing pl=Brandon Ingram,on len=24 to ./rolling/Brandon_Ingram.csv; 89.5705521472 %done 
#########################   writing pl=Jamal Murray,on len=13 to ./rolling/Jamal_Murray.csv; 89.7750511247 %done 
#########################   writing pl=Isaiah Whitehead,on len=8 to ./rolling/Isaiah_Whitehead.csv; 89.9795501022 %done 
#########################   writing pl=Tomas Satoransky,on len=2 to ./rolling/Tomas_Satoransky.csv; 90.1840490798 %done 
#########################   writing pl=Buddy Hield,on len=9 to ./rolling/Buddy_Hield.csv; 90.3885480573 %done 
#########################   writing pl=Marquese Chriss,on len=9 to ./rolling/Marquese_Chriss.csv; 90.5930470348 %done 
#########################   writing pl=Tyus Jones,on len=2 to ./rolling/Tyus_Jones.csv; 90.7975460123 %done 
#########################   writing pl=Domantas Sabonis,on len=10 to ./rolling/Domantas_Sabonis.csv; 91.0020449898 %done 
#########################   writing pl=Yogi Ferrell,on len=3 to ./rolling/Yogi_Ferrell.csv; 91.2065439673 %done 
#########################   writing pl=Sheldon McClellan,on len=1 to ./rolling/Sheldon_McClellan.csv; 91.4110429448 %done 
#########################   writing pl=Jonathan Gibson,on len=2 to ./rolling/Jonathan_Gibson.csv; 91.6155419223 %done 
#########################   writing pl=Alan Williams,on len=2 to ./rolling/Alan_Williams.csv; 91.8200408998 %done 
#########################   writing pl=Rodney McGruder,on len=4 to ./rolling/Rodney_McGruder.csv; 92.0245398773 %done 
#########################   writing pl=Sam Dekker,on len=12 to ./rolling/Sam_Dekker.csv; 92.2290388548 %done 
#########################   writing pl=Troy Daniels,on len=7 to ./rolling/Troy_Daniels.csv; 92.4335378323 %done 
#########################   writing pl=Joe Harris,on len=4 to ./rolling/Joe_Harris.csv; 92.6380368098 %done 
#########################   writing pl=Malcolm Brogdon,on len=15 to ./rolling/Malcolm_Brogdon.csv; 92.8425357873 %done 
#########################   writing pl=DeAndre Liggins,on len=1 to ./rolling/DeAndre_Liggins.csv; 93.0470347648 %done 
#########################   writing pl=Kay Felder,on len=1 to ./rolling/Kay_Felder.csv; 93.2515337423 %done 
#########################   writing pl=Pascal Siakam,on len=2 to ./rolling/Pascal_Siakam.csv; 93.4560327198 %done 
#########################   writing pl=Spencer Dinwiddie,on len=5 to ./rolling/Spencer_Dinwiddie.csv; 93.6605316973 %done 
#########################   writing pl=Justin Hamilton,on len=2 to ./rolling/Justin_Hamilton.csv; 93.8650306748 %done 
#########################   writing pl=Patrick McCaw,on len=1 to ./rolling/Patrick_McCaw.csv; 94.0695296524 %done 
#########################   writing pl=Jordan Mickey,on len=1 to ./rolling/Jordan_Mickey.csv; 94.2740286299 %done 
#########################   writing pl=Ron Baker,on len=3 to ./rolling/Ron_Baker.csv; 94.4785276074 %done 
#########################   writing pl=Caris LeVert,on len=6 to ./rolling/Caris_LeVert.csv; 94.6830265849 %done 
#########################   writing pl=Mindaugas Kuzminskas,on len=4 to ./rolling/Mindaugas_Kuzminskas.csv; 94.8875255624 %done 
#########################   writing pl=Reggie Bullock,on len=1 to ./rolling/Reggie_Bullock.csv; 95.0920245399 %done 
#########################   writing pl=Dejounte Murray,on len=4 to ./rolling/Dejounte_Murray.csv; 95.2965235174 %done 
#########################   writing pl=Deyonta Davis,on len=1 to ./rolling/Deyonta_Davis.csv; 95.5010224949 %done 
#########################   writing pl=Ivica Zubac,on len=3 to ./rolling/Ivica_Zubac.csv; 95.7055214724 %done 
#########################   writing pl=Pierre Jackson,on len=1 to ./rolling/Pierre_Jackson.csv; 95.9100204499 %done 
#########################   writing pl=Paul Zipser,on len=1 to ./rolling/Paul_Zipser.csv; 96.1145194274 %done 
#########################   writing pl=Kevon Looney,on len=1 to ./rolling/Kevon_Looney.csv; 96.3190184049 %done 
#########################   writing pl=Davis Bertans,on len=1 to ./rolling/Davis_Bertans.csv; 96.5235173824 %done 
#########################   writing pl=Kelly Oubre Jr.,on len=7 to ./rolling/Kelly_Oubre_Jr..csv; 96.7280163599 %done 
#########################   writing pl=Sergio Rodrguez,on len=4 to ./rolling/Sergio_Rodrguez.csv; 96.9325153374 %done 
#########################   writing pl=Malik Beasley,on len=1 to ./rolling/Malik_Beasley.csv; 97.1370143149 %done 
#########################   writing pl=Dorian Finney-Smith,on len=4 to ./rolling/Dorian_Finney-Smith.csv; 97.3415132924 %done 
#########################   writing pl=Cheick Diallo,on len=1 to ./rolling/Cheick_Diallo.csv; 97.5460122699 %done 
#########################   writing pl=Tim Quarterman,on len=2 to ./rolling/Tim_Quarterman.csv; 97.7505112474 %done 
#########################   writing pl=Semaj Christon,on len=1 to ./rolling/Semaj_Christon.csv; 97.9550102249 %done 
#########################   writing pl=James Ennis III,on len=3 to ./rolling/James_Ennis_III.csv; 98.1595092025 %done 
#########################   writing pl=Denzel Valentine,on len=2 to ./rolling/Denzel_Valentine.csv; 98.36400818 %done 
#########################   writing pl=Marshall Plumlee,on len=1 to ./rolling/Marshall_Plumlee.csv; 98.5685071575 %done 
#########################   writing pl=Stephen Zimmerman Jr.,on len=1 to ./rolling/Stephen_Zimmerman_Jr..csv; 98.773006135 %done 
#########################   writing pl=Delon Wright,on len=1 to ./rolling/Delon_Wright.csv; 98.9775051125 %done 
#########################   writing pl=Bruno Caboclo,on len=1 to ./rolling/Bruno_Caboclo.csv; 99.18200409 %done 
#########################   writing pl=Steve Novak,on len=1 to ./rolling/Steve_Novak.csv; 99.3865030675 %done 
#########################   writing pl=Taurean Prince,on len=1 to ./rolling/Taurean_Prince.csv; 99.591002045 %done 
#########################   writing pl=Mike Miller,on len=1 to ./rolling/Mike_Miller.csv; 99.7955010225 %done 
