#########################   writing pl=Tony Snell,on len=81 to ./rolling/Tony_Snell.csv; 0.0 %done 
#########################   writing pl=Nikola Mirotic,on len=116 to ./rolling/Nikola_Mirotic.csv; 0.174825174825 %done 
#########################   writing pl=Pau Gasol,on len=116 to ./rolling/Pau_Gasol.csv; 0.34965034965 %done 
#########################   writing pl=Jimmy Butler,on len=124 to ./rolling/Jimmy_Butler.csv; 0.524475524476 %done 
#########################   writing pl=Derrick Rose,on len=125 to ./rolling/Derrick_Rose.csv; 0.699300699301 %done 
#########################   writing pl=Aaron Brooks,on len=54 to ./rolling/Aaron_Brooks.csv; 0.874125874126 %done 
#########################   writing pl=Doug McDermott,on len=107 to ./rolling/Doug_McDermott.csv; 1.04895104895 %done 
#########################   writing pl=Joakim Noah,on len=75 to ./rolling/Joakim_Noah.csv; 1.22377622378 %done 
#########################   writing pl=Taj Gibson,on len=126 to ./rolling/Taj_Gibson.csv; 1.3986013986 %done 
#########################   writing pl=LeBron James,on len=148 to ./rolling/LeBron_James.csv; 1.57342657343 %done 
#########################   writing pl=Kevin Love,on len=148 to ./rolling/Kevin_Love.csv; 1.74825174825 %done 
#########################   writing pl=Timofey Mozgov,on len=96 to ./rolling/Timofey_Mozgov.csv; 1.92307692308 %done 
#########################   writing pl=J.R. Smith,on len=118 to ./rolling/J.R._Smith.csv; 2.0979020979 %done 
#########################   writing pl=Mo Williams,on len=34 to ./rolling/Mo_Williams.csv; 2.27272727273 %done 
#########################   writing pl=Richard Jefferson,on len=58 to ./rolling/Richard_Jefferson.csv; 2.44755244755 %done 
#########################   writing pl=Tristan Thompson,on len=144 to ./rolling/Tristan_Thompson.csv; 2.62237762238 %done 
#########################   writing pl=Matthew Dellavedova,on len=111 to ./rolling/Matthew_Dellavedova.csv; 2.7972027972 %done 
#########################   writing pl=James Jones,on len=12 to ./rolling/James_Jones.csv; 2.97202797203 %done 
#########################   writing pl=Anderson Varejao,on len=21 to ./rolling/Anderson_Varejao.csv; 3.14685314685 %done 
#########################   writing pl=Kent Bazemore,on len=135 to ./rolling/Kent_Bazemore.csv; 3.32167832168 %done 
#########################   writing pl=Paul Millsap,on len=142 to ./rolling/Paul_Millsap.csv; 3.4965034965 %done 
#########################   writing pl=Al Horford,on len=136 to ./rolling/Al_Horford.csv; 3.67132867133 %done 
#########################   writing pl=Kyle Korver,on len=133 to ./rolling/Kyle_Korver.csv; 3.84615384615 %done 
#########################   writing pl=Jeff Teague,on len=143 to ./rolling/Jeff_Teague.csv; 4.02097902098 %done 
#########################   writing pl=Thabo Sefolosha,on len=115 to ./rolling/Thabo_Sefolosha.csv; 4.1958041958 %done 
#########################   writing pl=Tiago Splitter,on len=17 to ./rolling/Tiago_Splitter.csv; 4.37062937063 %done 
#########################   writing pl=Dennis Schroder,on len=134 to ./rolling/Dennis_Schroder.csv; 4.54545454545 %done 
#########################   writing pl=Mike Muscala,on len=53 to ./rolling/Mike_Muscala.csv; 4.72027972028 %done 
#########################   writing pl=Mike Scott,on len=38 to ./rolling/Mike_Scott.csv; 4.8951048951 %done 
#########################   writing pl=Marcus Morris,on len=133 to ./rolling/Marcus_Morris.csv; 5.06993006993 %done 
#########################   writing pl=Ersan Ilyasova,on len=115 to ./rolling/Ersan_Ilyasova.csv; 5.24475524476 %done 
#########################   writing pl=Andre Drummond,on len=137 to ./rolling/Andre_Drummond.csv; 5.41958041958 %done 
#########################   writing pl=Kentavious Caldwell-Pope,on len=131 to ./rolling/Kentavious_Caldwell-Pope.csv; 5.59440559441 %done 
#########################   writing pl=Reggie Jackson,on len=111 to ./rolling/Reggie_Jackson.csv; 5.76923076923 %done 
#########################   writing pl=Stanley Johnson,on len=75 to ./rolling/Stanley_Johnson.csv; 5.94405594406 %done 
#########################   writing pl=Jodie Meeks,on len=20 to ./rolling/Jodie_Meeks.csv; 6.11888111888 %done 
#########################   writing pl=Harrison Barnes,on len=150 to ./rolling/Harrison_Barnes.csv; 6.29370629371 %done 
#########################   writing pl=Draymond Green,on len=164 to ./rolling/Draymond_Green.csv; 6.46853146853 %done 
#########################   writing pl=Andrew Bogut,on len=127 to ./rolling/Andrew_Bogut.csv; 6.64335664336 %done 
#########################   writing pl=Klay Thompson,on len=164 to ./rolling/Klay_Thompson.csv; 6.81818181818 %done 
#########################   writing pl=Stephen Curry,on len=159 to ./rolling/Stephen_Curry.csv; 6.99300699301 %done 
#########################   writing pl=Andre Iguodala,on len=143 to ./rolling/Andre_Iguodala.csv; 7.16783216783 %done 
#########################   writing pl=Festus Ezeli,on len=61 to ./rolling/Festus_Ezeli.csv; 7.34265734266 %done 
#########################   writing pl=James Michael McAdoo,on len=17 to ./rolling/James_Michael_McAdoo.csv; 7.51748251748 %done 
#########################   writing pl=Marreese Speights,on len=133 to ./rolling/Marreese_Speights.csv; 7.69230769231 %done 
#########################   writing pl=Shaun Livingston,on len=116 to ./rolling/Shaun_Livingston.csv; 7.86713286713 %done 
#########################   writing pl=Dante Cunningham,on len=82 to ./rolling/Dante_Cunningham.csv; 8.04195804196 %done 
#########################   writing pl=Anthony Davis,on len=120 to ./rolling/Anthony_Davis.csv; 8.21678321678 %done 
#########################   writing pl=Kendrick Perkins,on len=6 to ./rolling/Kendrick_Perkins.csv; 8.39160839161 %done 
#########################   writing pl=Eric Gordon,on len=104 to ./rolling/Eric_Gordon.csv; 8.56643356643 %done 
#########################   writing pl=Nate Robinson,on len=2 to ./rolling/Nate_Robinson.csv; 8.74125874126 %done 
#########################   writing pl=Alexis Ajinca,on len=48 to ./rolling/Alexis_Ajinca.csv; 8.91608391608 %done 
#########################   writing pl=Alonzo Gee,on len=52 to ./rolling/Alonzo_Gee.csv; 9.09090909091 %done 
#########################   writing pl=Ryan Anderson,on len=126 to ./rolling/Ryan_Anderson.csv; 9.26573426573 %done 
#########################   writing pl=Khris Middleton,on len=78 to ./rolling/Khris_Middleton.csv; 9.44055944056 %done 
#########################   writing pl=Chris Copeland,on len=6 to ./rolling/Chris_Copeland.csv; 9.61538461538 %done 
#########################   writing pl=Greg Monroe,on len=125 to ./rolling/Greg_Monroe.csv; 9.79020979021 %done 
#########################   writing pl=Jerryd Bayless,on len=52 to ./rolling/Jerryd_Bayless.csv; 9.96503496503 %done 
#########################   writing pl=Michael Carter-Williams,on len=82 to ./rolling/Michael_Carter-Williams.csv; 10.1398601399 %done 
#########################   writing pl=Greivis Vasquez,on len=18 to ./rolling/Greivis_Vasquez.csv; 10.3146853147 %done 
#########################   writing pl=John Henson,on len=96 to ./rolling/John_Henson.csv; 10.4895104895 %done 
#########################   writing pl=Rashad Vaughn,on len=24 to ./rolling/Rashad_Vaughn.csv; 10.6643356643 %done 
#########################   writing pl=Miles Plumlee,on len=36 to ./rolling/Miles_Plumlee.csv; 10.8391608392 %done 
#########################   writing pl=Carmelo Anthony,on len=132 to ./rolling/Carmelo_Anthony.csv; 11.013986014 %done 
#########################   writing pl=Kristaps Porzingis,on len=130 to ./rolling/Kristaps_Porzingis.csv; 11.1888111888 %done 
#########################   writing pl=Robin Lopez,on len=127 to ./rolling/Robin_Lopez.csv; 11.3636363636 %done 
#########################   writing pl=Sasha Vujacic,on len=32 to ./rolling/Sasha_Vujacic.csv; 11.5384615385 %done 
#########################   writing pl=Jose Calderon,on len=69 to ./rolling/Jose_Calderon.csv; 11.7132867133 %done 
#########################   writing pl=Derrick Williams,on len=90 to ./rolling/Derrick_Williams.csv; 11.8881118881 %done 
#########################   writing pl=Kyle O'Quinn,on len=59 to ./rolling/Kyle_O'Quinn.csv; 12.0629370629 %done 
#########################   writing pl=Langston Galloway,on len=107 to ./rolling/Langston_Galloway.csv; 12.2377622378 %done 
#########################   writing pl=Jerian Grant,on len=58 to ./rolling/Jerian_Grant.csv; 12.4125874126 %done 
#########################   writing pl=Jae Crowder,on len=125 to ./rolling/Jae_Crowder.csv; 12.5874125874 %done 
#########################   writing pl=David Lee,on len=102 to ./rolling/David_Lee.csv; 12.7622377622 %done 
#########################   writing pl=Avery Bradley,on len=118 to ./rolling/Avery_Bradley.csv; 12.9370629371 %done 
#########################   writing pl=Marcus Smart,on len=111 to ./rolling/Marcus_Smart.csv; 13.1118881119 %done 
#########################   writing pl=Jared Sullinger,on len=93 to ./rolling/Jared_Sullinger.csv; 13.2867132867 %done 
#########################   writing pl=Isaiah Thomas,on len=137 to ./rolling/Isaiah_Thomas.csv; 13.4615384615 %done 
#########################   writing pl=Evan Turner,on len=134 to ./rolling/Evan_Turner.csv; 13.6363636364 %done 
#########################   writing pl=Amir Johnson,on len=123 to ./rolling/Amir_Johnson.csv; 13.8111888112 %done 
#########################   writing pl=Jonas Jerebko,on len=40 to ./rolling/Jonas_Jerebko.csv; 13.986013986 %done 
#########################   writing pl=Hollis Thompson,on len=74 to ./rolling/Hollis_Thompson.csv; 14.1608391608 %done 
#########################   writing pl=Nerlens Noel,on len=94 to ./rolling/Nerlens_Noel.csv; 14.3356643357 %done 
#########################   writing pl=Jahlil Okafor,on len=94 to ./rolling/Jahlil_Okafor.csv; 14.5104895105 %done 
#########################   writing pl=Isaiah Canaan,on len=68 to ./rolling/Isaiah_Canaan.csv; 14.6853146853 %done 
#########################   writing pl=Jerami Grant,on len=112 to ./rolling/Jerami_Grant.csv; 14.8601398601 %done 
#########################   writing pl=Jeff Green,on len=130 to ./rolling/Jeff_Green.csv; 15.034965035 %done 
#########################   writing pl=Zach Randolph,on len=124 to ./rolling/Zach_Randolph.csv; 15.2097902098 %done 
#########################   writing pl=Marc Gasol,on len=102 to ./rolling/Marc_Gasol.csv; 15.3846153846 %done 
#########################   writing pl=Courtney Lee,on len=119 to ./rolling/Courtney_Lee.csv; 15.5594405594 %done 
#########################   writing pl=Mike Conley,on len=105 to ./rolling/Mike_Conley.csv; 15.7342657343 %done 
#########################   writing pl=Tony Allen,on len=110 to ./rolling/Tony_Allen.csv; 15.9090909091 %done 
#########################   writing pl=Brandan Wright,on len=10 to ./rolling/Brandan_Wright.csv; 16.0839160839 %done 
#########################   writing pl=Matt Barnes,on len=130 to ./rolling/Matt_Barnes.csv; 16.2587412587 %done 
#########################   writing pl=Luol Deng,on len=150 to ./rolling/Luol_Deng.csv; 16.4335664336 %done 
#########################   writing pl=Chris Bosh,on len=55 to ./rolling/Chris_Bosh.csv; 16.6083916084 %done 
#########################   writing pl=Hassan Whiteside,on len=141 to ./rolling/Hassan_Whiteside.csv; 16.7832167832 %done 
#########################   writing pl=Dwyane Wade,on len=153 to ./rolling/Dwyane_Wade.csv; 16.958041958 %done 
#########################   writing pl=Goran Dragic,on len=148 to ./rolling/Goran_Dragic.csv; 17.1328671329 %done 
#########################   writing pl=Justise Winslow,on len=114 to ./rolling/Justise_Winslow.csv; 17.3076923077 %done 
#########################   writing pl=Gerald Green,on len=70 to ./rolling/Gerald_Green.csv; 17.4825174825 %done 
#########################   writing pl=P.J. Hairston,on len=36 to ./rolling/P.J._Hairston.csv; 17.6573426573 %done 
#########################   writing pl=Marvin Williams,on len=127 to ./rolling/Marvin_Williams.csv; 17.8321678322 %done 
#########################   writing pl=Al Jefferson,on len=75 to ./rolling/Al_Jefferson.csv; 18.006993007 %done 
#########################   writing pl=Nicolas Batum,on len=133 to ./rolling/Nicolas_Batum.csv; 18.1818181818 %done 
#########################   writing pl=Kemba Walker,on len=140 to ./rolling/Kemba_Walker.csv; 18.3566433566 %done 
#########################   writing pl=Cody Zeller,on len=106 to ./rolling/Cody_Zeller.csv; 18.5314685315 %done 
#########################   writing pl=Jeremy Lin,on len=92 to ./rolling/Jeremy_Lin.csv; 18.7062937063 %done 
#########################   writing pl=Frank Kaminsky,on len=107 to ./rolling/Frank_Kaminsky.csv; 18.8811188811 %done 
#########################   writing pl=Rudy Gay,on len=115 to ./rolling/Rudy_Gay.csv; 19.0559440559 %done 
#########################   writing pl=DeMarcus Cousins,on len=129 to ./rolling/DeMarcus_Cousins.csv; 19.2307692308 %done 
#########################   writing pl=Ben McLemore,on len=86 to ./rolling/Ben_McLemore.csv; 19.4055944056 %done 
#########################   writing pl=Rajon Rondo,on len=132 to ./rolling/Rajon_Rondo.csv; 19.5804195804 %done 
#########################   writing pl=Omri Casspi,on len=98 to ./rolling/Omri_Casspi.csv; 19.7552447552 %done 
#########################   writing pl=Marco Belinelli,on len=98 to ./rolling/Marco_Belinelli.csv; 19.9300699301 %done 
#########################   writing pl=Darren Collison,on len=119 to ./rolling/Darren_Collison.csv; 20.1048951049 %done 
#########################   writing pl=Caron Butler,on len=20 to ./rolling/Caron_Butler.csv; 20.2797202797 %done 
#########################   writing pl=Lance Stephenson,on len=74 to ./rolling/Lance_Stephenson.csv; 20.4545454545 %done 
#########################   writing pl=Blake Griffin,on len=83 to ./rolling/Blake_Griffin.csv; 20.6293706294 %done 
#########################   writing pl=DeAndre Jordan,on len=141 to ./rolling/DeAndre_Jordan.csv; 20.8041958042 %done 
#########################   writing pl=J.J. Redick,on len=139 to ./rolling/J.J._Redick.csv; 20.979020979 %done 
#########################   writing pl=Chris Paul,on len=132 to ./rolling/Chris_Paul.csv; 21.1538461538 %done 
#########################   writing pl=Jamal Crawford,on len=143 to ./rolling/Jamal_Crawford.csv; 21.3286713287 %done 
#########################   writing pl=Paul Pierce,on len=62 to ./rolling/Paul_Pierce.csv; 21.5034965035 %done 
#########################   writing pl=Josh Smith,on len=59 to ./rolling/Josh_Smith.csv; 21.6783216783 %done 
#########################   writing pl=Austin Rivers,on len=102 to ./rolling/Austin_Rivers.csv; 21.8531468531 %done 
#########################   writing pl=Wesley Johnson,on len=96 to ./rolling/Wesley_Johnson.csv; 22.027972028 %done 
#########################   writing pl=Kobe Bryant,on len=78 to ./rolling/Kobe_Bryant.csv; 22.2027972028 %done 
#########################   writing pl=Julius Randle,on len=136 to ./rolling/Julius_Randle.csv; 22.3776223776 %done 
#########################   writing pl=Roy Hibbert,on len=79 to ./rolling/Roy_Hibbert.csv; 22.5524475524 %done 
#########################   writing pl=Jordan Clarkson,on len=132 to ./rolling/Jordan_Clarkson.csv; 22.7272727273 %done 
#########################   writing pl=D'Angelo Russell,on len=123 to ./rolling/D'Angelo_Russell.csv; 22.9020979021 %done 
#########################   writing pl=Lou Williams,on len=126 to ./rolling/Lou_Williams.csv; 23.0769230769 %done 
#########################   writing pl=Nick Young,on len=91 to ./rolling/Nick_Young.csv; 23.2517482517 %done 
#########################   writing pl=Ryan Kelly,on len=33 to ./rolling/Ryan_Kelly.csv; 23.4265734266 %done 
#########################   writing pl=Brandon Bass,on len=76 to ./rolling/Brandon_Bass.csv; 23.6013986014 %done 
#########################   writing pl=Tayshaun Prince,on len=17 to ./rolling/Tayshaun_Prince.csv; 23.7762237762 %done 
#########################   writing pl=Kevin Garnett,on len=25 to ./rolling/Kevin_Garnett.csv; 23.951048951 %done 
#########################   writing pl=Karl-Anthony Towns,on len=133 to ./rolling/Karl-Anthony_Towns.csv; 24.1258741259 %done 
#########################   writing pl=Andrew Wiggins,on len=134 to ./rolling/Andrew_Wiggins.csv; 24.3006993007 %done 
#########################   writing pl=Ricky Rubio,on len=127 to ./rolling/Ricky_Rubio.csv; 24.4755244755 %done 
#########################   writing pl=Kevin Martin,on len=45 to ./rolling/Kevin_Martin.csv; 24.6503496503 %done 
#########################   writing pl=Shabazz Muhammad,on len=82 to ./rolling/Shabazz_Muhammad.csv; 24.8251748252 %done 
#########################   writing pl=Zach LaVine,on len=132 to ./rolling/Zach_LaVine.csv; 25.0 %done 
#########################   writing pl=Gorgui Dieng,on len=129 to ./rolling/Gorgui_Dieng.csv; 25.1748251748 %done 
#########################   writing pl=Tobias Harris,on len=134 to ./rolling/Tobias_Harris.csv; 25.3496503497 %done 
#########################   writing pl=Nikola Vucevic,on len=112 to ./rolling/Nikola_Vucevic.csv; 25.5244755245 %done 
#########################   writing pl=Victor Oladipo,on len=122 to ./rolling/Victor_Oladipo.csv; 25.6993006993 %done 
#########################   writing pl=Aaron Gordon,on len=123 to ./rolling/Aaron_Gordon.csv; 25.8741258741 %done 
#########################   writing pl=C.J. Watson,on len=19 to ./rolling/C.J._Watson.csv; 26.048951049 %done 
#########################   writing pl=Mario Hezonja,on len=39 to ./rolling/Mario_Hezonja.csv; 26.2237762238 %done 
#########################   writing pl=Otto Porter,on len=129 to ./rolling/Otto_Porter.csv; 26.3986013986 %done 
#########################   writing pl=Kris Humphries,on len=63 to ./rolling/Kris_Humphries.csv; 26.5734265734 %done 
#########################   writing pl=Marcin Gortat,on len=130 to ./rolling/Marcin_Gortat.csv; 26.7482517483 %done 
#########################   writing pl=Bradley Beal,on len=114 to ./rolling/Bradley_Beal.csv; 26.9230769231 %done 
#########################   writing pl=John Wall,on len=132 to ./rolling/John_Wall.csv; 27.0979020979 %done 
#########################   writing pl=Joe Johnson,on len=142 to ./rolling/Joe_Johnson.csv; 27.2727272727 %done 
#########################   writing pl=Thaddeus Young,on len=127 to ./rolling/Thaddeus_Young.csv; 27.4475524476 %done 
#########################   writing pl=Shane Larkin,on len=45 to ./rolling/Shane_Larkin.csv; 27.6223776224 %done 
#########################   writing pl=Thomas Robinson,on len=45 to ./rolling/Thomas_Robinson.csv; 27.7972027972 %done 
#########################   writing pl=Kirk Hinrich,on len=16 to ./rolling/Kirk_Hinrich.csv; 27.972027972 %done 
#########################   writing pl=Gordon Hayward,on len=125 to ./rolling/Gordon_Hayward.csv; 28.1468531469 %done 
#########################   writing pl=Derrick Favors,on len=110 to ./rolling/Derrick_Favors.csv; 28.3216783217 %done 
#########################   writing pl=Rudy Gobert,on len=116 to ./rolling/Rudy_Gobert.csv; 28.4965034965 %done 
#########################   writing pl=Rodney Hood,on len=128 to ./rolling/Rodney_Hood.csv; 28.6713286713 %done 
#########################   writing pl=Trey Burke,on len=70 to ./rolling/Trey_Burke.csv; 28.8461538462 %done 
#########################   writing pl=Alec Burks,on len=39 to ./rolling/Alec_Burks.csv; 29.020979021 %done 
#########################   writing pl=DeMarre Carroll,on len=112 to ./rolling/DeMarre_Carroll.csv; 29.1958041958 %done 
#########################   writing pl=Luis Scola,on len=94 to ./rolling/Luis_Scola.csv; 29.3706293706 %done 
#########################   writing pl=Jonas Valanciunas,on len=129 to ./rolling/Jonas_Valanciunas.csv; 29.5454545455 %done 
#########################   writing pl=DeMar DeRozan,on len=164 to ./rolling/DeMar_DeRozan.csv; 29.7202797203 %done 
#########################   writing pl=Kyle Lowry,on len=164 to ./rolling/Kyle_Lowry.csv; 29.8951048951 %done 
#########################   writing pl=Terrence Ross,on len=116 to ./rolling/Terrence_Ross.csv; 30.0699300699 %done 
#########################   writing pl=C.J. Miles,on len=92 to ./rolling/C.J._Miles.csv; 30.2447552448 %done 
#########################   writing pl=Paul George,on len=139 to ./rolling/Paul_George.csv; 30.4195804196 %done 
#########################   writing pl=Ian Mahinmi,on len=72 to ./rolling/Ian_Mahinmi.csv; 30.5944055944 %done 
#########################   writing pl=Jordan Hill,on len=64 to ./rolling/Jordan_Hill.csv; 30.7692307692 %done 
#########################   writing pl=Trevor Ariza,on len=140 to ./rolling/Trevor_Ariza.csv; 30.9440559441 %done 
#########################   writing pl=Terrence Jones,on len=108 to ./rolling/Terrence_Jones.csv; 31.1188811189 %done 
#########################   writing pl=Clint Capela,on len=116 to ./rolling/Clint_Capela.csv; 31.2937062937 %done 
#########################   writing pl=James Harden,on len=145 to ./rolling/James_Harden.csv; 31.4685314685 %done 
#########################   writing pl=Ty Lawson,on len=95 to ./rolling/Ty_Lawson.csv; 31.6433566434 %done 
#########################   writing pl=Corey Brewer,on len=95 to ./rolling/Corey_Brewer.csv; 31.8181818182 %done 
#########################   writing pl=Patrick Beverley,on len=119 to ./rolling/Patrick_Beverley.csv; 31.993006993 %done 
#########################   writing pl=Jason Terry,on len=38 to ./rolling/Jason_Terry.csv; 32.1678321678 %done 
#########################   writing pl=K.J. McDaniels,on len=23 to ./rolling/K.J._McDaniels.csv; 32.3426573427 %done 
#########################   writing pl=Danilo Gallinari,on len=110 to ./rolling/Danilo_Gallinari.csv; 32.5174825175 %done 
#########################   writing pl=Kenneth Faried,on len=128 to ./rolling/Kenneth_Faried.csv; 32.6923076923 %done 
#########################   writing pl=Joffrey Lauvergne,on len=66 to ./rolling/Joffrey_Lauvergne.csv; 32.8671328671 %done 
#########################   writing pl=Gary Harris,on len=102 to ./rolling/Gary_Harris.csv; 33.041958042 %done 
#########################   writing pl=Emmanuel Mudiay,on len=118 to ./rolling/Emmanuel_Mudiay.csv; 33.2167832168 %done 
#########################   writing pl=Jameer Nelson,on len=89 to ./rolling/Jameer_Nelson.csv; 33.3916083916 %done 
#########################   writing pl=Will Barton,on len=125 to ./rolling/Will_Barton.csv; 33.5664335664 %done 
#########################   writing pl=Randy Foye,on len=70 to ./rolling/Randy_Foye.csv; 33.7412587413 %done 
#########################   writing pl=Darrell Arthur,on len=72 to ./rolling/Darrell_Arthur.csv; 33.9160839161 %done 
#########################   writing pl=Nikola Jokic,on len=124 to ./rolling/Nikola_Jokic.csv; 34.0909090909 %done 
#########################   writing pl=P.J. Tucker,on len=121 to ./rolling/P.J._Tucker.csv; 34.2657342657 %done 
#########################   writing pl=Markieff Morris,on len=130 to ./rolling/Markieff_Morris.csv; 34.4405594406 %done 
#########################   writing pl=Tyson Chandler,on len=107 to ./rolling/Tyson_Chandler.csv; 34.6153846154 %done 
#########################   writing pl=Brandon Knight,on len=112 to ./rolling/Brandon_Knight.csv; 34.7902097902 %done 
#########################   writing pl=Eric Bledsoe,on len=88 to ./rolling/Eric_Bledsoe.csv; 34.965034965 %done 
#########################   writing pl=T.J. Warren,on len=89 to ./rolling/T.J._Warren.csv; 35.1398601399 %done 
#########################   writing pl=Mirza Teletovic,on len=103 to ./rolling/Mirza_Teletovic.csv; 35.3146853147 %done 
#########################   writing pl=Wesley Matthews,on len=132 to ./rolling/Wesley_Matthews.csv; 35.4895104895 %done 
#########################   writing pl=Dirk Nowitzki,on len=117 to ./rolling/Dirk_Nowitzki.csv; 35.6643356643 %done 
#########################   writing pl=Zaza Pachulia,on len=121 to ./rolling/Zaza_Pachulia.csv; 35.8391608392 %done 
#########################   writing pl=Raymond Felton,on len=105 to ./rolling/Raymond_Felton.csv; 36.013986014 %done 
#########################   writing pl=Deron Williams,on len=111 to ./rolling/Deron_Williams.csv; 36.1888111888 %done 
#########################   writing pl=Devin Harris,on len=65 to ./rolling/Devin_Harris.csv; 36.3636363636 %done 
#########################   writing pl=J.J. Barea,on len=83 to ./rolling/J.J._Barea.csv; 36.5384615385 %done 
#########################   writing pl=Justin Anderson,on len=63 to ./rolling/Justin_Anderson.csv; 36.7132867133 %done 
#########################   writing pl=Kevin Durant,on len=159 to ./rolling/Kevin_Durant.csv; 36.8881118881 %done 
#########################   writing pl=Serge Ibaka,on len=159 to ./rolling/Serge_Ibaka.csv; 37.0629370629 %done 
#########################   writing pl=Steven Adams,on len=149 to ./rolling/Steven_Adams.csv; 37.2377622378 %done 
#########################   writing pl=Andre Roberson,on len=127 to ./rolling/Andre_Roberson.csv; 37.4125874126 %done 
#########################   writing pl=Russell Westbrook,on len=159 to ./rolling/Russell_Westbrook.csv; 37.5874125874 %done 
#########################   writing pl=Anthony Morrow,on len=50 to ./rolling/Anthony_Morrow.csv; 37.7622377622 %done 
#########################   writing pl=Enes Kanter,on len=148 to ./rolling/Enes_Kanter.csv; 37.9370629371 %done 
#########################   writing pl=Dion Waiters,on len=132 to ./rolling/Dion_Waiters.csv; 38.1118881119 %done 
#########################   writing pl=D.J. Augustin,on len=75 to ./rolling/D.J._Augustin.csv; 38.2867132867 %done 
#########################   writing pl=Nick Collison,on len=25 to ./rolling/Nick_Collison.csv; 38.4615384615 %done 
#########################   writing pl=LaMarcus Aldridge,on len=144 to ./rolling/LaMarcus_Aldridge.csv; 38.6363636364 %done 
#########################   writing pl=Kawhi Leonard,on len=142 to ./rolling/Kawhi_Leonard.csv; 38.8111888112 %done 
#########################   writing pl=Tim Duncan,on len=77 to ./rolling/Tim_Duncan.csv; 38.986013986 %done 
#########################   writing pl=Tony Parker,on len=131 to ./rolling/Tony_Parker.csv; 39.1608391608 %done 
#########################   writing pl=Patrick Mills,on len=73 to ./rolling/Patrick_Mills.csv; 39.3356643357 %done 
#########################   writing pl=Boris Diaw,on len=101 to ./rolling/Boris_Diaw.csv; 39.5104895105 %done 
#########################   writing pl=Manu Ginobili,on len=114 to ./rolling/Manu_Ginobili.csv; 39.6853146853 %done 
#########################   writing pl=David West,on len=108 to ./rolling/David_West.csv; 39.8601398601 %done 
#########################   writing pl=Al-Farouq Aminu,on len=137 to ./rolling/Al-Farouq_Aminu.csv; 40.034965035 %done 
#########################   writing pl=Meyers Leonard,on len=84 to ./rolling/Meyers_Leonard.csv; 40.2097902098 %done 
#########################   writing pl=Mason Plumlee,on len=151 to ./rolling/Mason_Plumlee.csv; 40.3846153846 %done 
#########################   writing pl=C.J. McCollum,on len=154 to ./rolling/C.J._McCollum.csv; 40.5594405594 %done 
#########################   writing pl=Damian Lillard,on len=151 to ./rolling/Damian_Lillard.csv; 40.7342657343 %done 
#########################   writing pl=Allen Crabbe,on len=137 to ./rolling/Allen_Crabbe.csv; 40.9090909091 %done 
#########################   writing pl=Ed Davis,on len=132 to ./rolling/Ed_Davis.csv; 41.0839160839 %done 
#########################   writing pl=Jrue Holiday,on len=105 to ./rolling/Jrue_Holiday.csv; 41.2587412587 %done 
#########################   writing pl=Luc Richard Mbah a Moute,on len=62 to ./rolling/Luc_Richard_Mbah_a_Moute.csv; 41.4335664336 %done 
#########################   writing pl=Jeremy Evans,on len=9 to ./rolling/Jeremy_Evans.csv; 41.6083916084 %done 
#########################   writing pl=Lance Thomas,on len=42 to ./rolling/Lance_Thomas.csv; 41.7832167832 %done 
#########################   writing pl=Justin Holiday,on len=56 to ./rolling/Justin_Holiday.csv; 41.958041958 %done 
#########################   writing pl=Monta Ellis,on len=128 to ./rolling/Monta_Ellis.csv; 42.1328671329 %done 
#########################   writing pl=George Hill,on len=114 to ./rolling/George_Hill.csv; 42.3076923077 %done 
#########################   writing pl=Rodney Stuckey,on len=56 to ./rolling/Rodney_Stuckey.csv; 42.4825174825 %done 
#########################   writing pl=JaMychal Green,on len=123 to ./rolling/JaMychal_Green.csv; 42.6573426573 %done 
#########################   writing pl=Giannis Antetokounmpo,on len=133 to ./rolling/Giannis_Antetokounmpo.csv; 42.8321678322 %done 
#########################   writing pl=Drew Gooden,on len=12 to ./rolling/Drew_Gooden.csv; 43.006993007 %done 
#########################   writing pl=Nene Hilario,on len=84 to ./rolling/Nene_Hilario.csv; 43.1818181818 %done 
#########################   writing pl=Jared Dudley,on len=102 to ./rolling/Jared_Dudley.csv; 43.3566433566 %done 
#########################   writing pl=Mario Chalmers,on len=55 to ./rolling/Mario_Chalmers.csv; 43.5314685315 %done 
#########################   writing pl=Amar'e Stoudemire,on len=40 to ./rolling/Amar'e_Stoudemire.csv; 43.7062937063 %done 
#########################   writing pl=Kelly Olynyk,on len=94 to ./rolling/Kelly_Olynyk.csv; 43.8811188811 %done 
#########################   writing pl=Anthony Bennett,on len=16 to ./rolling/Anthony_Bennett.csv; 44.0559440559 %done 
#########################   writing pl=Lamar Patterson,on len=6 to ./rolling/Lamar_Patterson.csv; 44.2307692308 %done 
#########################   writing pl=Spencer Hawes,on len=52 to ./rolling/Spencer_Hawes.csv; 44.4055944056 %done 
#########################   writing pl=Willie Cauley-Stein,on len=85 to ./rolling/Willie_Cauley-Stein.csv; 44.5804195804 %done 
#########################   writing pl=Kosta Koufos,on len=85 to ./rolling/Kosta_Koufos.csv; 44.7552447552 %done 
#########################   writing pl=Elfrid Payton,on len=118 to ./rolling/Elfrid_Payton.csv; 44.9300699301 %done 
#########################   writing pl=Nemanja Bjelica,on len=69 to ./rolling/Nemanja_Bjelica.csv; 45.1048951049 %done 
#########################   writing pl=Dwight Howard,on len=137 to ./rolling/Dwight_Howard.csv; 45.2797202797 %done 
#########################   writing pl=Jason Thompson,on len=22 to ./rolling/Jason_Thompson.csv; 45.4545454545 %done 
#########################   writing pl=Kyle Anderson,on len=70 to ./rolling/Kyle_Anderson.csv; 45.6293706294 %done 
#########################   writing pl=Ray McCallum,on len=15 to ./rolling/Ray_McCallum.csv; 45.8041958042 %done 
#########################   writing pl=Brook Lopez,on len=124 to ./rolling/Brook_Lopez.csv; 45.979020979 %done 
#########################   writing pl=Wayne Ellington,on len=68 to ./rolling/Wayne_Ellington.csv; 46.1538461538 %done 
#########################   writing pl=Jarrett Jack,on len=32 to ./rolling/Jarrett_Jack.csv; 46.3286713287 %done 
#########################   writing pl=Bojan Bogdanovic,on len=121 to ./rolling/Bojan_Bogdanovic.csv; 46.5034965035 %done 
#########################   writing pl=Rondae Hollis-Jefferson,on len=63 to ./rolling/Rondae_Hollis-Jefferson.csv; 46.6783216783 %done 
#########################   writing pl=Andrea Bargnani,on len=10 to ./rolling/Andrea_Bargnani.csv; 46.8531468531 %done 
#########################   writing pl=Sergey Karasev,on len=5 to ./rolling/Sergey_Karasev.csv; 47.027972028 %done 
#########################   writing pl=Jon Leuer,on len=110 to ./rolling/Jon_Leuer.csv; 47.2027972028 %done 
#########################   writing pl=Devin Booker,on len=115 to ./rolling/Devin_Booker.csv; 47.3776223776 %done 
#########################   writing pl=Archie Goodwin,on len=41 to ./rolling/Archie_Goodwin.csv; 47.5524475524 %done 
#########################   writing pl=Maurice Harkless,on len=137 to ./rolling/Maurice_Harkless.csv; 47.7272727273 %done 
#########################   writing pl=Myles Turner,on len=111 to ./rolling/Myles_Turner.csv; 47.9020979021 %done 
#########################   writing pl=Raul Neto,on len=45 to ./rolling/Raul_Neto.csv; 48.0769230769 %done 
#########################   writing pl=Noah Vonleh,on len=67 to ./rolling/Noah_Vonleh.csv; 48.2517482517 %done 
#########################   writing pl=Alex Len,on len=123 to ./rolling/Alex_Len.csv; 48.4265734266 %done 
#########################   writing pl=Ramon Sessions,on len=66 to ./rolling/Ramon_Sessions.csv; 48.6013986014 %done 
#########################   writing pl=E'Twaun Moore,on len=81 to ./rolling/E'Twaun_Moore.csv; 48.7762237762 %done 
#########################   writing pl=Evan Fournier,on len=121 to ./rolling/Evan_Fournier.csv; 48.951048951 %done 
#########################   writing pl=Marcus Thornton,on len=75 to ./rolling/Marcus_Thornton.csv; 49.1258741259 %done 
#########################   writing pl=Montrezl Harrell,on len=57 to ./rolling/Montrezl_Harrell.csv; 49.3006993007 %done 
#########################   writing pl=Jeremy Lamb,on len=83 to ./rolling/Jeremy_Lamb.csv; 49.4755244755 %done 
#########################   writing pl=Dwight Powell,on len=107 to ./rolling/Dwight_Powell.csv; 49.6503496503 %done 
#########################   writing pl=Charlie Villanueva,on len=22 to ./rolling/Charlie_Villanueva.csv; 49.8251748252 %done 
#########################   writing pl=Bismack Biyombo,on len=122 to ./rolling/Bismack_Biyombo.csv; 50.0 %done 
#########################   writing pl=Patrick Patterson,on len=131 to ./rolling/Patrick_Patterson.csv; 50.1748251748 %done 
#########################   writing pl=Mitch McGary,on len=9 to ./rolling/Mitch_McGary.csv; 50.3496503497 %done 
#########################   writing pl=J.J. Hickson,on len=45 to ./rolling/J.J._Hickson.csv; 50.5244755245 %done 
#########################   writing pl=Ronnie Price,on len=25 to ./rolling/Ronnie_Price.csv; 50.6993006993 %done 
#########################   writing pl=Leandro Barbosa,on len=67 to ./rolling/Leandro_Barbosa.csv; 50.8741258741 %done 
#########################   writing pl=Brandon Rush,on len=50 to ./rolling/Brandon_Rush.csv; 51.048951049 %done 
#########################   writing pl=Beno Udrih,on len=33 to ./rolling/Beno_Udrih.csv; 51.2237762238 %done 
#########################   writing pl=Vince Carter,on len=65 to ./rolling/Vince_Carter.csv; 51.3986013986 %done 
#########################   writing pl=Jabari Parker,on len=128 to ./rolling/Jabari_Parker.csv; 51.5734265734 %done 
#########################   writing pl=Johnny O'Bryant,on len=14 to ./rolling/Johnny_O'Bryant.csv; 51.7482517483 %done 
#########################   writing pl=Nik Stauskas,on len=79 to ./rolling/Nik_Stauskas.csv; 51.9230769231 %done 
#########################   writing pl=T.J. McConnell,on len=80 to ./rolling/T.J._McConnell.csv; 52.0979020979 %done 
#########################   writing pl=Richaun Holmes,on len=52 to ./rolling/Richaun_Holmes.csv; 52.2727272727 %done 
#########################   writing pl=Jared Cunningham,on len=8 to ./rolling/Jared_Cunningham.csv; 52.4475524476 %done 
#########################   writing pl=Trevor Booker,on len=110 to ./rolling/Trevor_Booker.csv; 52.6223776224 %done 
#########################   writing pl=Joe Ingles,on len=60 to ./rolling/Joe_Ingles.csv; 52.7972027972 %done 
#########################   writing pl=Lavoy Allen,on len=53 to ./rolling/Lavoy_Allen.csv; 52.972027972 %done 
#########################   writing pl=Chase Budinger,on len=17 to ./rolling/Chase_Budinger.csv; 53.1468531469 %done 
#########################   writing pl=Dewayne Dedmon,on len=52 to ./rolling/Dewayne_Dedmon.csv; 53.3216783217 %done 
#########################   writing pl=Jason Smith,on len=28 to ./rolling/Jason_Smith.csv; 53.4965034965 %done 
#########################   writing pl=James Anderson,on len=17 to ./rolling/James_Anderson.csv; 53.6713286713 %done 
#########################   writing pl=Quincy Acy,on len=52 to ./rolling/Quincy_Acy.csv; 53.8461538462 %done 
#########################   writing pl=Cory Joseph,on len=131 to ./rolling/Cory_Joseph.csv; 54.020979021 %done 
#########################   writing pl=Gary Neal,on len=30 to ./rolling/Gary_Neal.csv; 54.1958041958 %done 
#########################   writing pl=Tyler Johnson,on len=80 to ./rolling/Tyler_Johnson.csv; 54.3706293706 %done 
#########################   writing pl=Chris Kaman,on len=11 to ./rolling/Chris_Kaman.csv; 54.5454545455 %done 
#########################   writing pl=Tyler Ennis,on len=21 to ./rolling/Tyler_Ennis.csv; 54.7202797203 %done 
#########################   writing pl=Glenn Robinson III,on len=37 to ./rolling/Glenn_Robinson_III.csv; 54.8951048951 %done 
#########################   writing pl=Luke Babbitt,on len=58 to ./rolling/Luke_Babbitt.csv; 55.0699300699 %done 
#########################   writing pl=Toney Douglas,on len=47 to ./rolling/Toney_Douglas.csv; 55.2447552448 %done 
#########################   writing pl=Sonny Weems,on len=5 to ./rolling/Sonny_Weems.csv; 55.4195804196 %done 
#########################   writing pl=Chandler Parsons,on len=85 to ./rolling/Chandler_Parsons.csv; 55.5944055944 %done 
#########################   writing pl=Josh McRoberts,on len=39 to ./rolling/Josh_McRoberts.csv; 55.7692307692 %done 
#########################   writing pl=Udonis Haslem,on len=11 to ./rolling/Udonis_Haslem.csv; 55.9440559441 %done 
#########################   writing pl=James Johnson,on len=84 to ./rolling/James_Johnson.csv; 56.1188811189 %done 
#########################   writing pl=Kyle Singler,on len=27 to ./rolling/Kyle_Singler.csv; 56.2937062937 %done 
#########################   writing pl=Cameron Payne,on len=32 to ./rolling/Cameron_Payne.csv; 56.4685314685 %done 
#########################   writing pl=Steve Blake,on len=5 to ./rolling/Steve_Blake.csv; 56.6433566434 %done 
#########################   writing pl=Anthony Tolliver,on len=48 to ./rolling/Anthony_Tolliver.csv; 56.8181818182 %done 
#########################   writing pl=Aron Baynes,on len=26 to ./rolling/Aron_Baynes.csv; 56.993006993 %done 
#########################   writing pl=James Young,on len=4 to ./rolling/James_Young.csv; 57.1678321678 %done 
#########################   writing pl=Metta World Peace,on len=28 to ./rolling/Metta_World_Peace.csv; 57.3426573427 %done 
#########################   writing pl=Omer Asik,on len=56 to ./rolling/Omer_Asik.csv; 57.5174825175 %done 
#########################   writing pl=Gerald Henderson,on len=92 to ./rolling/Gerald_Henderson.csv; 57.6923076923 %done 
#########################   writing pl=Josh Richardson,on len=64 to ./rolling/Josh_Richardson.csv; 57.8671328671 %done 
#########################   writing pl=Trey Lyles,on len=98 to ./rolling/Trey_Lyles.csv; 58.041958042 %done 
#########################   writing pl=Tyus Jones,on len=15 to ./rolling/Tyus_Jones.csv; 58.2167832168 %done 
#########################   writing pl=Adreian Payne,on len=12 to ./rolling/Adreian_Payne.csv; 58.3916083916 %done 
#########################   writing pl=Seth Curry,on len=66 to ./rolling/Seth_Curry.csv; 58.5664335664 %done 
#########################   writing pl=Arron Afflalo,on len=104 to ./rolling/Arron_Afflalo.csv; 58.7412587413 %done 
#########################   writing pl=Channing Frye,on len=95 to ./rolling/Channing_Frye.csv; 58.9160839161 %done 
#########################   writing pl=Andre Miller,on len=15 to ./rolling/Andre_Miller.csv; 59.0909090909 %done 
#########################   writing pl=John Jenkins,on len=15 to ./rolling/John_Jenkins.csv; 59.2657342657 %done 
#########################   writing pl=Rasual Butler,on len=6 to ./rolling/Rasual_Butler.csv; 59.4405594406 %done 
#########################   writing pl=Christian Wood,on len=6 to ./rolling/Christian_Wood.csv; 59.6153846154 %done 
#########################   writing pl=Ian Clark,on len=52 to ./rolling/Ian_Clark.csv; 59.7902097902 %done 
#########################   writing pl=Garrett Temple,on len=95 to ./rolling/Garrett_Temple.csv; 59.965034965 %done 
#########################   writing pl=Kelly Oubre,on len=51 to ./rolling/Kelly_Oubre.csv; 60.1398601399 %done 
#########################   writing pl=Shabazz Napier,on len=15 to ./rolling/Shabazz_Napier.csv; 60.3146853147 %done 
#########################   writing pl=Larry Nance Jr.,on len=82 to ./rolling/Larry_Nance_Jr..csv; 60.4895104895 %done 
#########################   writing pl=Spencer Dinwiddie,on len=27 to ./rolling/Spencer_Dinwiddie.csv; 60.6643356643 %done 
#########################   writing pl=Tarik Black,on len=31 to ./rolling/Tarik_Black.csv; 60.8391608392 %done 
#########################   writing pl=Shelvin Mack,on len=77 to ./rolling/Shelvin_Mack.csv; 61.013986014 %done 
#########################   writing pl=Kostas Papanikolaou,on len=12 to ./rolling/Kostas_Papanikolaou.csv; 61.1888111888 %done 
#########################   writing pl=Robert Covington,on len=110 to ./rolling/Robert_Covington.csv; 61.3636363636 %done 
#########################   writing pl=O.J. Mayo,on len=41 to ./rolling/O.J._Mayo.csv; 61.5384615385 %done 
#########################   writing pl=Kevin Seraphin,on len=26 to ./rolling/Kevin_Seraphin.csv; 61.7132867133 %done 
#########################   writing pl=Tyler Zeller,on len=28 to ./rolling/Tyler_Zeller.csv; 61.8881118881 %done 
#########################   writing pl=Elijah Millsap,on len=9 to ./rolling/Elijah_Millsap.csv; 62.0629370629 %done 
#########################   writing pl=Andrew Nicholson,on len=35 to ./rolling/Andrew_Nicholson.csv; 62.2377622378 %done 
#########################   writing pl=Boban Marjanovic,on len=39 to ./rolling/Boban_Marjanovic.csv; 62.4125874126 %done 
#########################   writing pl=Phil (Flip) Pressey,on len=4 to ./rolling/Phil_(Flip)_Pressey.csv; 62.5874125874 %done 
#########################   writing pl=JaVale McGee,on len=36 to ./rolling/JaVale_McGee.csv; 62.7622377622 %done 
#########################   writing pl=Jonathon Simmons,on len=62 to ./rolling/Jonathon_Simmons.csv; 62.9370629371 %done 
#########################   writing pl=Tyreke Evans,on len=56 to ./rolling/Tyreke_Evans.csv; 63.1118881119 %done 
#########################   writing pl=Norris Cole,on len=38 to ./rolling/Norris_Cole.csv; 63.2867132867 %done 
#########################   writing pl=Solomon Hill,on len=64 to ./rolling/Solomon_Hill.csv; 63.4615384615 %done 
#########################   writing pl=Pablo Prigioni,on len=11 to ./rolling/Pablo_Prigioni.csv; 63.6363636364 %done 
#########################   writing pl=Jeff Withey,on len=27 to ./rolling/Jeff_Withey.csv; 63.8111888112 %done 
#########################   writing pl=Lucas Nogueira,on len=28 to ./rolling/Lucas_Nogueira.csv; 63.986013986 %done 
#########################   writing pl=Mike Miller,on len=10 to ./rolling/Mike_Miller.csv; 64.1608391608 %done 
#########################   writing pl=Ryan Hollins,on len=8 to ./rolling/Ryan_Hollins.csv; 64.3356643357 %done 
#########################   writing pl=Markel Brown,on len=20 to ./rolling/Markel_Brown.csv; 64.5104895105 %done 
#########################   writing pl=Donatas Motiejunas,on len=43 to ./rolling/Donatas_Motiejunas.csv; 64.6853146853 %done 
#########################   writing pl=Tony Wroten,on len=12 to ./rolling/Tony_Wroten.csv; 64.8601398601 %done 
#########################   writing pl=Troy Daniels,on len=35 to ./rolling/Troy_Daniels.csv; 65.034965035 %done 
#########################   writing pl=Robert Sacre,on len=5 to ./rolling/Robert_Sacre.csv; 65.2097902098 %done 
#########################   writing pl=Anthony Brown,on len=33 to ./rolling/Anthony_Brown.csv; 65.3846153846 %done 
#########################   writing pl=Kendall Marshall,on len=7 to ./rolling/Kendall_Marshall.csv; 65.5594405594 %done 
#########################   writing pl=Tyler Hansbrough,on len=4 to ./rolling/Tyler_Hansbrough.csv; 65.7342657343 %done 
#########################   writing pl=Bobby Portis,on len=70 to ./rolling/Bobby_Portis.csv; 65.9090909091 %done 
#########################   writing pl=Kyrie Irving,on len=127 to ./rolling/Kyrie_Irving.csv; 66.0839160839 %done 
#########################   writing pl=Tim Frazier,on len=71 to ./rolling/Tim_Frazier.csv; 66.2587412587 %done 
#########################   writing pl=Damien Inglis,on len=4 to ./rolling/Damien_Inglis.csv; 66.4335664336 %done 
#########################   writing pl=Cole Aldrich,on len=36 to ./rolling/Cole_Aldrich.csv; 66.6083916084 %done 
#########################   writing pl=Iman Shumpert,on len=94 to ./rolling/Iman_Shumpert.csv; 66.7832167832 %done 
#########################   writing pl=Matt Bonner,on len=8 to ./rolling/Matt_Bonner.csv; 66.958041958 %done 
#########################   writing pl=Pat Connaughton,on len=5 to ./rolling/Pat_Connaughton.csv; 67.1328671329 %done 
#########################   writing pl=Carl Landry,on len=24 to ./rolling/Carl_Landry.csv; 67.3076923077 %done 
#########################   writing pl=Brandon Jennings,on len=78 to ./rolling/Brandon_Jennings.csv; 67.4825174825 %done 
#########################   writing pl=Jusuf Nurkic,on len=76 to ./rolling/Jusuf_Nurkic.csv; 67.6573426573 %done 
#########################   writing pl=Marcelo Huertas,on len=21 to ./rolling/Marcelo_Huertas.csv; 67.8321678322 %done 
#########################   writing pl=Chris Andersen,on len=17 to ./rolling/Chris_Andersen.csv; 68.006993007 %done 
#########################   writing pl=Donald Sloan,on len=32 to ./rolling/Donald_Sloan.csv; 68.1818181818 %done 
#########################   writing pl=Jarell Eddie,on len=1 to ./rolling/Jarell_Eddie.csv; 68.3566433566 %done 
#########################   writing pl=Elliot Williams,on len=3 to ./rolling/Elliot_Williams.csv; 68.5314685315 %done 
#########################   writing pl=Willie Reed,on len=25 to ./rolling/Willie_Reed.csv; 68.7062937063 %done 
#########################   writing pl=Tibor Pleiss,on len=6 to ./rolling/Tibor_Pleiss.csv; 68.8811188811 %done 
#########################   writing pl=Sasha Kaun,on len=2 to ./rolling/Sasha_Kaun.csv; 69.0559440559 %done 
#########################   writing pl=Tim Hardaway Jr.,on len=71 to ./rolling/Tim_Hardaway_Jr..csv; 69.2307692308 %done 
#########################   writing pl=Sean Kilpatrick,on len=68 to ./rolling/Sean_Kilpatrick.csv; 69.4055944056 %done 
#########################   writing pl=Cory Jefferson,on len=7 to ./rolling/Cory_Jefferson.csv; 69.5804195804 %done 
#########################   writing pl=Nikola Pekovic,on len=5 to ./rolling/Nikola_Pekovic.csv; 69.7552447552 %done 
#########################   writing pl=Salah Mejri,on len=36 to ./rolling/Salah_Mejri.csv; 69.9300699301 %done 
#########################   writing pl=Brian Roberts,on len=2 to ./rolling/Brian_Roberts.csv; 70.1048951049 %done 
#########################   writing pl=Aaron Harrison,on len=3 to ./rolling/Aaron_Harrison.csv; 70.2797202797 %done 
#########################   writing pl=Bryce Jones,on len=10 to ./rolling/Bryce_Jones.csv; 70.4545454545 %done 
#########################   writing pl=Michael Kidd-Gilchrist,on len=56 to ./rolling/Michael_Kidd-Gilchrist.csv; 70.6293706294 %done 
#########################   writing pl=Jordan McRae,on len=17 to ./rolling/Jordan_McRae.csv; 70.8041958042 %done 
#########################   writing pl=Norman Powell,on len=63 to ./rolling/Norman_Powell.csv; 70.979020979 %done 
#########################   writing pl=Cameron Bairstow,on len=4 to ./rolling/Cameron_Bairstow.csv; 71.1538461538 %done 
#########################   writing pl=Darrun Hilliard,on len=9 to ./rolling/Darrun_Hilliard.csv; 71.3286713287 %done 
#########################   writing pl=Orlando Johnson,on len=5 to ./rolling/Orlando_Johnson.csv; 71.5034965035 %done 
#########################   writing pl=Mike Dunleavy,on len=35 to ./rolling/Mike_Dunleavy.csv; 71.6783216783 %done 
#########################   writing pl=Chris McCullough,on len=6 to ./rolling/Chris_McCullough.csv; 71.8531468531 %done 
#########################   writing pl=Steve Novak,on len=5 to ./rolling/Steve_Novak.csv; 72.027972028 %done 
#########################   writing pl=Cristiano Felicio,on len=27 to ./rolling/Cristiano_Felicio.csv; 72.2027972028 %done 
#########################   writing pl=Alan Anderson,on len=6 to ./rolling/Alan_Anderson.csv; 72.3776223776 %done 
#########################   writing pl=Michael Beasley,on len=58 to ./rolling/Michael_Beasley.csv; 72.5524475524 %done 
#########################   writing pl=Jarell Martin,on len=25 to ./rolling/Jarell_Martin.csv; 72.7272727273 %done 
#########################   writing pl=Reggie Bullock,on len=11 to ./rolling/Reggie_Bullock.csv; 72.9020979021 %done 
#########################   writing pl=Briante Weber,on len=7 to ./rolling/Briante_Weber.csv; 73.0769230769 %done 
#########################   writing pl=Alex Stepheson,on len=5 to ./rolling/Alex_Stepheson.csv; 73.2517482517 %done 
#########################   writing pl=Elton Brand,on len=1 to ./rolling/Elton_Brand.csv; 73.4265734266 %done 
#########################   writing pl=Xavier Munford,on len=8 to ./rolling/Xavier_Munford.csv; 73.6013986014 %done 
#########################   writing pl=Terry Rozier,on len=26 to ./rolling/Terry_Rozier.csv; 73.7762237762 %done 
#########################   writing pl=Jordan Hamilton,on len=8 to ./rolling/Jordan_Hamilton.csv; 73.951048951 %done 
#########################   writing pl=Jordan Farmar,on len=27 to ./rolling/Jordan_Farmar.csv; 74.1258741259 %done 
#########################   writing pl=Henry Sims,on len=5 to ./rolling/Henry_Sims.csv; 74.3006993007 %done 
#########################   writing pl=James Ennis,on len=41 to ./rolling/James_Ennis.csv; 74.4755244755 %done 
#########################   writing pl=C.J. Wilcox,on len=6 to ./rolling/C.J._Wilcox.csv; 74.6503496503 %done 
#########################   writing pl=Cleanthony Early,on len=3 to ./rolling/Cleanthony_Early.csv; 74.8251748252 %done 
#########################   writing pl=Alan Williams,on len=9 to ./rolling/Alan_Williams.csv; 75.0 %done 
#########################   writing pl=Branden Dawson,on len=1 to ./rolling/Branden_Dawson.csv; 75.1748251748 %done 
#########################   writing pl=Jordan Mickey,on len=7 to ./rolling/Jordan_Mickey.csv; 75.3496503497 %done 
#########################   writing pl=Dahntay Jones,on len=4 to ./rolling/Dahntay_Jones.csv; 75.5244755245 %done 
#########################   writing pl=Danny Green,on len=131 to ./rolling/Danny_Green.csv; 75.6993006993 %done 
#########################   writing pl=Joel Anthony,on len=5 to ./rolling/Joel_Anthony.csv; 75.8741258741 %done 
#########################   writing pl=Bo McCalebb,on len=1 to ./rolling/Bo_McCalebb.csv; 76.048951049 %done 
#########################   writing pl=Jarnell Stokes,on len=3 to ./rolling/Jarnell_Stokes.csv; 76.2237762238 %done 
#########################   writing pl=Ishmael Smith,on len=75 to ./rolling/Ishmael_Smith.csv; 76.3986013986 %done 
#########################   writing pl=Shayne Whittington,on len=2 to ./rolling/Shayne_Whittington.csv; 76.5734265734 %done 
#########################   writing pl=Jakarr Sampson,on len=26 to ./rolling/Jakarr_Sampson.csv; 76.7482517483 %done 
#########################   writing pl=Chris Johnson,on len=10 to ./rolling/Chris_Johnson.csv; 76.9230769231 %done 
#########################   writing pl=Wilson Chandler,on len=58 to ./rolling/Wilson_Chandler.csv; 77.0979020979 %done 
#########################   writing pl=Russ Smith,on len=2 to ./rolling/Russ_Smith.csv; 77.2727272727 %done 
#########################   writing pl=Louis Amundson,on len=5 to ./rolling/Louis_Amundson.csv; 77.4475524476 %done 
#########################   writing pl=Duje Dukan,on len=2 to ./rolling/Duje_Dukan.csv; 77.6223776224 %done 
#########################   writing pl=Quincy Pondexter,on len=4 to ./rolling/Quincy_Pondexter.csv; 77.7972027972 %done 
#########################   writing pl=Jordan Adams,on len=5 to ./rolling/Jordan_Adams.csv; 77.972027972 %done 
#########################   writing pl=Erick Green,on len=2 to ./rolling/Erick_Green.csv; 78.1468531469 %done 
#########################   writing pl=Jimmer Fredette,on len=1 to ./rolling/Jimmer_Fredette.csv; 78.3216783217 %done 
#########################   writing pl=Rakeem Christmas,on len=4 to ./rolling/Rakeem_Christmas.csv; 78.4965034965 %done 
#########################   writing pl=Buddy Hield,on len=47 to ./rolling/Buddy_Hield.csv; 78.6713286713 %done 
#########################   writing pl=A.J. Hammons,on len=3 to ./rolling/A.J._Hammons.csv; 78.8461538462 %done 
#########################   writing pl=Jakob Poeltl,on len=5 to ./rolling/Jakob_Poeltl.csv; 79.020979021 %done 
#########################   writing pl=Elgin Cook,on len=1 to ./rolling/Elgin_Cook.csv; 79.1958041958 %done 
#########################   writing pl=Patrick McCaw,on len=18 to ./rolling/Patrick_McCaw.csv; 79.3706293706 %done 
#########################   writing pl=Pascal Siakam,on len=27 to ./rolling/Pascal_Siakam.csv; 79.5454545455 %done 
#########################   writing pl=Jarrod Uthoff,on len=1 to ./rolling/Jarrod_Uthoff.csv; 79.7202797203 %done 
#########################   writing pl=Jameel Warney,on len=2 to ./rolling/Jameel_Warney.csv; 79.8951048951 %done 
#########################   writing pl=E.J. Singler,on len=2 to ./rolling/E.J._Singler.csv; 80.0699300699 %done 
#########################   writing pl=Dejounte Murray,on len=9 to ./rolling/Dejounte_Murray.csv; 80.2447552448 %done 
#########################   writing pl=Denzel Valentine,on len=13 to ./rolling/Denzel_Valentine.csv; 80.4195804196 %done 
#########################   writing pl=Jamal Murray,on len=42 to ./rolling/Jamal_Murray.csv; 80.5944055944 %done 
#########################   writing pl=Tyler Ulis,on len=6 to ./rolling/Tyler_Ulis.csv; 80.7692307692 %done 
#########################   writing pl=Dragan Bender,on len=15 to ./rolling/Dragan_Bender.csv; 80.9440559441 %done 
#########################   writing pl=Wade Baldwin IV,on len=12 to ./rolling/Wade_Baldwin_IV.csv; 81.1188811189 %done 
#########################   writing pl=Patty Mills,on len=53 to ./rolling/Patty_Mills.csv; 81.2937062937 %done 
#########################   writing pl=Malik Beasley,on len=6 to ./rolling/Malik_Beasley.csv; 81.4685314685 %done 
#########################   writing pl=Arinze Onuaku,on len=1 to ./rolling/Arinze_Onuaku.csv; 81.6433566434 %done 
#########################   writing pl=Andrew Andrews,on len=2 to ./rolling/Andrew_Andrews.csv; 81.8181818182 %done 
#########################   writing pl=Fred VanVleet,on len=1 to ./rolling/Fred_VanVleet.csv; 81.993006993 %done 
#########################   writing pl=Stephen Zimmerman Jr.,on len=2 to ./rolling/Stephen_Zimmerman_Jr..csv; 82.1678321678 %done 
#########################   writing pl=Tim Quarterman,on len=4 to ./rolling/Tim_Quarterman.csv; 82.3426573427 %done 
#########################   writing pl=Dant Exum,on len=12 to ./rolling/Dant_Exum.csv; 82.5174825175 %done 
#########################   writing pl=Marquese Chriss,on len=48 to ./rolling/Marquese_Chriss.csv; 82.6923076923 %done 
#########################   writing pl=Marcus Paige,on len=1 to ./rolling/Marcus_Paige.csv; 82.8671328671 %done 
#########################   writing pl=Derek Cooke Jr.,on len=1 to ./rolling/Derek_Cooke_Jr..csv; 83.041958042 %done 
#########################   writing pl=Joel Bolomboy,on len=4 to ./rolling/Joel_Bolomboy.csv; 83.2167832168 %done 
#########################   writing pl=Quincy Ford,on len=1 to ./rolling/Quincy_Ford.csv; 83.3916083916 %done 
#########################   writing pl=Ryan Arcidiacono,on len=2 to ./rolling/Ryan_Arcidiacono.csv; 83.5664335664 %done 
#########################   writing pl=Greg Stiemsma,on len=2 to ./rolling/Greg_Stiemsma.csv; 83.7412587413 %done 
#########################   writing pl=Bryn Forbes,on len=3 to ./rolling/Bryn_Forbes.csv; 83.9160839161 %done 
#########################   writing pl=Dario Saric,on len=47 to ./rolling/Dario_Saric.csv; 84.0909090909 %done 
#########################   writing pl=Guillermo Hernangomez,on len=18 to ./rolling/Guillermo_Hernangomez.csv; 84.2657342657 %done 
#########################   writing pl=Gary Payton II,on len=3 to ./rolling/Gary_Payton_II.csv; 84.4405594406 %done 
#########################   writing pl=Marshall Plumlee,on len=3 to ./rolling/Marshall_Plumlee.csv; 84.6153846154 %done 
#########################   writing pl=Georges Niang,on len=4 to ./rolling/Georges_Niang.csv; 84.7902097902 %done 
#########################   writing pl=Sam Dekker,on len=47 to ./rolling/Sam_Dekker.csv; 84.965034965 %done 
#########################   writing pl=Mindaugas Kuzminskas,on len=22 to ./rolling/Mindaugas_Kuzminskas.csv; 85.1398601399 %done 
#########################   writing pl=Kyle Wiltjer,on len=1 to ./rolling/Kyle_Wiltjer.csv; 85.3146853147 %done 
#########################   writing pl=Brandon Ingram,on len=54 to ./rolling/Brandon_Ingram.csv; 85.4895104895 %done 
#########################   writing pl=DeAndre Liggins,on len=16 to ./rolling/DeAndre_Liggins.csv; 85.6643356643 %done 
#########################   writing pl=Kay Felder,on len=14 to ./rolling/Kay_Felder.csv; 85.8391608392 %done 
#########################   writing pl=Drew Crawford,on len=1 to ./rolling/Drew_Crawford.csv; 86.013986014 %done 
#########################   writing pl=Bruno Caboclo,on len=5 to ./rolling/Bruno_Caboclo.csv; 86.1888111888 %done 
#########################   writing pl=Ish Smith,on len=51 to ./rolling/Ish_Smith.csv; 86.3636363636 %done 
#########################   writing pl=Tomas Satoransky,on len=10 to ./rolling/Tomas_Satoransky.csv; 86.5384615385 %done 
#########################   writing pl=Jaylen Brown,on len=25 to ./rolling/Jaylen_Brown.csv; 86.7132867133 %done 
#########################   writing pl=Isaiah Whitehead,on len=35 to ./rolling/Isaiah_Whitehead.csv; 86.8881118881 %done 
#########################   writing pl=Will Bynum,on len=3 to ./rolling/Will_Bynum.csv; 87.0629370629 %done 
#########################   writing pl=Shaquille Harrison,on len=1 to ./rolling/Shaquille_Harrison.csv; 87.2377622378 %done 
#########################   writing pl=Walter Tavares,on len=3 to ./rolling/Walter_Tavares.csv; 87.4125874126 %done 
#########################   writing pl=Joel Embiid,on len=38 to ./rolling/Joel_Embiid.csv; 87.5874125874 %done 
#########################   writing pl=Thon Maker,on len=7 to ./rolling/Thon_Maker.csv; 87.7622377622 %done 
#########################   writing pl=Malcolm Brogdon,on len=41 to ./rolling/Malcolm_Brogdon.csv; 87.9370629371 %done 
#########################   writing pl=Jabari Brown,on len=1 to ./rolling/Jabari_Brown.csv; 88.1118881119 %done 
#########################   writing pl=Nicolas Brussino,on len=2 to ./rolling/Nicolas_Brussino.csv; 88.2867132867 %done 
#########################   writing pl=DeAndre' Bembry,on len=3 to ./rolling/DeAndre'_Bembry.csv; 88.4615384615 %done 
#########################   writing pl=Malcolm Delaney,on len=17 to ./rolling/Malcolm_Delaney.csv; 88.6363636364 %done 
#########################   writing pl=Jonathan Gibson,on len=13 to ./rolling/Jonathan_Gibson.csv; 88.8111888112 %done 
#########################   writing pl=C.J. Williams,on len=1 to ./rolling/C.J._Williams.csv; 88.986013986 %done 
#########################   writing pl=Patricio Garino,on len=1 to ./rolling/Patricio_Garino.csv; 89.1608391608 %done 
#########################   writing pl=Davis Bertans,on len=10 to ./rolling/Davis_Bertans.csv; 89.3356643357 %done 
#########################   writing pl=Joe Harris,on len=26 to ./rolling/Joe_Harris.csv; 89.5104895105 %done 
#########################   writing pl=Kris Dunn,on len=34 to ./rolling/Kris_Dunn.csv; 89.6853146853 %done 
#########################   writing pl=Domantas Sabonis,on len=44 to ./rolling/Domantas_Sabonis.csv; 89.8601398601 %done 
#########################   writing pl=Justin Hamilton,on len=22 to ./rolling/Justin_Hamilton.csv; 90.034965035 %done 
#########################   writing pl=Troy Williams,on len=22 to ./rolling/Troy_Williams.csv; 90.2097902098 %done 
#########################   writing pl=Rodney McGruder,on len=31 to ./rolling/Rodney_McGruder.csv; 90.3846153846 %done 
#########################   writing pl=R.J. Hunter,on len=3 to ./rolling/R.J._Hunter.csv; 90.5594405594 %done 
#########################   writing pl=Josh Huestis,on len=3 to ./rolling/Josh_Huestis.csv; 90.7342657343 %done 
#########################   writing pl=Semaj Christon,on len=5 to ./rolling/Semaj_Christon.csv; 90.9090909091 %done 
#########################   writing pl=Skal Labissiere,on len=2 to ./rolling/Skal_Labissiere.csv; 91.0839160839 %done 
#########################   writing pl=Juancho Hernangomez,on len=6 to ./rolling/Juancho_Hernangomez.csv; 91.2587412587 %done 
#########################   writing pl=John Holland,on len=1 to ./rolling/John_Holland.csv; 91.4335664336 %done 
#########################   writing pl=Paul Zipser,on len=7 to ./rolling/Paul_Zipser.csv; 91.6083916084 %done 
#########################   writing pl=Sergio Rodriguez,on len=31 to ./rolling/Sergio_Rodriguez.csv; 91.7832167832 %done 
#########################   writing pl=Kevon Looney,on len=14 to ./rolling/Kevon_Looney.csv; 91.958041958 %done 
#########################   writing pl=Thomas Walkup,on len=1 to ./rolling/Thomas_Walkup.csv; 92.1328671329 %done 
#########################   writing pl=Taurean Prince,on len=5 to ./rolling/Taurean_Prince.csv; 92.3076923077 %done 
#########################   writing pl=Yi Jianlian,on len=1 to ./rolling/Yi_Jianlian.csv; 92.4825174825 %done 
#########################   writing pl=Delon Wright,on len=3 to ./rolling/Delon_Wright.csv; 92.6573426573 %done 
#########################   writing pl=Cliff Alexander,on len=1 to ./rolling/Cliff_Alexander.csv; 92.8321678322 %done 
#########################   writing pl=Eric Moreland,on len=5 to ./rolling/Eric_Moreland.csv; 93.006993007 %done 
#########################   writing pl=Martell Webster,on len=1 to ./rolling/Martell_Webster.csv; 93.1818181818 %done 
#########################   writing pl=DeJuan Blair,on len=1 to ./rolling/DeJuan_Blair.csv; 93.3566433566 %done 
#########################   writing pl=Joseph Young,on len=5 to ./rolling/Joseph_Young.csv; 93.5314685315 %done 
#########################   writing pl=J.J. O'Brien,on len=1 to ./rolling/J.J._O'Brien.csv; 93.7062937063 %done 
#########################   writing pl=Lorenzo Brown,on len=1 to ./rolling/Lorenzo_Brown.csv; 93.8811188811 %done 
#########################   writing pl=Jeff Ayres,on len=4 to ./rolling/Jeff_Ayres.csv; 94.0559440559 %done 
#########################   writing pl=Bryce Cotton,on len=1 to ./rolling/Bryce_Cotton.csv; 94.2307692308 %done 
#########################   writing pl=Andrew Harrison,on len=33 to ./rolling/Andrew_Harrison.csv; 94.4055944056 %done 
#########################   writing pl=Ivica Zubac,on len=9 to ./rolling/Ivica_Zubac.csv; 94.5804195804 %done 
#########################   writing pl=Maurice Ndour,on len=3 to ./rolling/Maurice_Ndour.csv; 94.7552447552 %done 
#########################   writing pl=Joe Young,on len=7 to ./rolling/Joe_Young.csv; 94.9300699301 %done 
#########################   writing pl=Jake Layman,on len=4 to ./rolling/Jake_Layman.csv; 95.1048951049 %done 
#########################   writing pl=Sheldon McClellan,on len=6 to ./rolling/Sheldon_McClellan.csv; 95.2797202797 %done 
#########################   writing pl=Yogi Ferrell,on len=5 to ./rolling/Yogi_Ferrell.csv; 95.4545454545 %done 
#########################   writing pl=Damjan Rudez,on len=1 to ./rolling/Damjan_Rudez.csv; 95.6293706294 %done 
#########################   writing pl=Ron Baker,on len=8 to ./rolling/Ron_Baker.csv; 95.8041958042 %done 
#########################   writing pl=Nicols Laprovittola,on len=1 to ./rolling/Nicols_Laprovittola.csv; 95.979020979 %done 
#########################   writing pl=Deyonta Davis,on len=3 to ./rolling/Deyonta_Davis.csv; 96.1538461538 %done 
#########################   writing pl=Cheick Diallo,on len=6 to ./rolling/Cheick_Diallo.csv; 96.3286713287 %done 
#########################   writing pl=Reggie Williams,on len=3 to ./rolling/Reggie_Williams.csv; 96.5034965035 %done 
#########################   writing pl=Alex Abrines,on len=4 to ./rolling/Alex_Abrines.csv; 96.6783216783 %done 
#########################   writing pl=Caris LeVert,on len=14 to ./rolling/Caris_LeVert.csv; 96.8531468531 %done 
#########################   writing pl=Henry Ellenson,on len=1 to ./rolling/Henry_Ellenson.csv; 97.027972028 %done 
#########################   writing pl=Pierre Jackson,on len=4 to ./rolling/Pierre_Jackson.csv; 97.2027972028 %done 
#########################   writing pl=Malachi Richardson,on len=4 to ./rolling/Malachi_Richardson.csv; 97.3776223776 %done 
#########################   writing pl=Daniel Ochefu,on len=1 to ./rolling/Daniel_Ochefu.csv; 97.5524475524 %done 
#########################   writing pl=Chasson Randle,on len=2 to ./rolling/Chasson_Randle.csv; 97.7272727273 %done 
#########################   writing pl=Livio Jean-Charles,on len=1 to ./rolling/Livio_Jean-Charles.csv; 97.9020979021 %done 
#########################   writing pl=John Lucas III,on len=1 to ./rolling/John_Lucas_III.csv; 98.0769230769 %done 
#########################   writing pl=Bobby Brown,on len=2 to ./rolling/Bobby_Brown.csv; 98.2517482517 %done 
#########################   writing pl=Dorian Finney-Smith,on len=21 to ./rolling/Dorian_Finney-Smith.csv; 98.4265734266 %done 
#########################   writing pl=Brice Johnson,on len=1 to ./rolling/Brice_Johnson.csv; 98.6013986014 %done 
#########################   writing pl=Danuel House,on len=2 to ./rolling/Danuel_House.csv; 98.7762237762 %done 
#########################   writing pl=Edy Tavares,on len=1 to ./rolling/Edy_Tavares.csv; 98.951048951 %done 
#########################   writing pl=Chinanu Onuaku,on len=1 to ./rolling/Chinanu_Onuaku.csv; 99.1258741259 %done 
#########################   writing pl=Demetrius Jackson,on len=1 to ./rolling/Demetrius_Jackson.csv; 99.3006993007 %done 
#########################   writing pl=Ben Simmons,on len=3 to ./rolling/Ben_Simmons.csv; 99.4755244755 %done 
#########################   writing pl=Juancho Hernangmez,on len=1 to ./rolling/Juancho_Hernangmez.csv; 99.6503496503 %done 
#########################   writing pl=Timothe Luwawu-Cabarrot,on len=3 to ./rolling/Timothe_Luwawu-Cabarrot.csv; 99.8251748252 %done 
