/Library/Python/2.7/site-packages/sklearn/cross_validation.py:44: DeprecationWarning: This module was deprecated in version 0.18 in favor of the model_selection module into which all the refactored classes and functions are moved. Also note that the interface of the new CV iterators are different from that of this module. This module will be removed in 0.20.
  "This module will be removed in 0.20.", DeprecationWarning)
/Library/Python/2.7/site-packages/sklearn/grid_search.py:43: DeprecationWarning: This module was deprecated in version 0.18 in favor of the model_selection module into which all the refactored classes and functions are moved. This module will be removed in 0.20.
  DeprecationWarning)
here
localizing on Jrue Holiday,len=171
<class 'pandas.core.frame.DataFrame'>
Int64Index: 151 entries, 242 to 50000
Columns: 122 entries, contest_ID to fict.proj_mu.08.050.006
dtypes: float64(111), int64(5), object(6)
memory usage: 145.1+ KB
None
0.0    146
1.0      5
Name: status, dtype: int64
**** doing estimator =  RandomForestRegressor
[Parallel(n_jobs=2)]: Done  46 tasks      | elapsed:    0.1s
[Parallel(n_jobs=2)]: Done  46 tasks      | elapsed:    0.1s
[Parallel(n_jobs=2)]: Done 196 tasks      | elapsed:    0.3s
[Parallel(n_jobs=2)]: Done 196 tasks      | elapsed:    0.3s
[Parallel(n_jobs=2)]: Done 446 tasks      | elapsed:    0.7s
[Parallel(n_jobs=2)]: Done 446 tasks      | elapsed:    0.7s
[Parallel(n_jobs=2)]: Done 796 tasks      | elapsed:    1.2s
[Parallel(n_jobs=2)]: Done 796 tasks      | elapsed:    1.2s
[Parallel(n_jobs=2)]: Done 1000 out of 1000 | elapsed:    1.5s finished
[Parallel(n_jobs=2)]: Done 1000 out of 1000 | elapsed:    1.5s finished
[Parallel(n_jobs=2)]: Done  46 tasks      | elapsed:    0.1s
[Parallel(n_jobs=2)]: Done  46 tasks      | elapsed:    0.1s
[Parallel(n_jobs=2)]: Done 196 tasks      | elapsed:    0.3s
[Parallel(n_jobs=2)]: Done 196 tasks      | elapsed:    0.3s
[Parallel(n_jobs=2)]: Done 446 tasks      | elapsed:    0.6s
[Parallel(n_jobs=2)]: Done 446 tasks      | elapsed:    0.6s
[Parallel(n_jobs=2)]: Done 796 tasks      | elapsed:    1.0s
[Parallel(n_jobs=2)]: Done 796 tasks      | elapsed:    1.0s
[Parallel(n_jobs=2)]: Done 1000 out of 1000 | elapsed:    1.3s finished
[Parallel(n_jobs=2)]: Done 1000 out of 1000 | elapsed:    1.3s finished
[Parallel(n_jobs=2)]: Done  46 tasks      | elapsed:    0.1s
[Parallel(n_jobs=2)]: Done  46 tasks      | elapsed:    0.1s
[Parallel(n_jobs=2)]: Done 196 tasks      | elapsed:    0.3s
[Parallel(n_jobs=2)]: Done 196 tasks      | elapsed:    0.3s
[Parallel(n_jobs=2)]: Done 446 tasks      | elapsed:    0.7s
[Parallel(n_jobs=2)]: Done 446 tasks      | elapsed:    0.7s
[Parallel(n_jobs=2)]: Done 796 tasks      | elapsed:    1.2s
[Parallel(n_jobs=2)]: Done 796 tasks      | elapsed:    1.2s
[Parallel(n_jobs=2)]: Done 1000 out of 1000 | elapsed:    1.5s finished
[Parallel(n_jobs=2)]: Done 1000 out of 1000 | elapsed:    1.5s finished
[Parallel(n_jobs=2)]: Done  46 tasks      | elapsed:    0.1s
[Parallel(n_jobs=2)]: Done  46 tasks      | elapsed:    0.1s
[Parallel(n_jobs=2)]: Done 196 tasks      | elapsed:    0.2s
[Parallel(n_jobs=2)]: Done 196 tasks      | elapsed:    0.2s
[Parallel(n_jobs=2)]: Done 446 tasks      | elapsed:    0.6s
[Parallel(n_jobs=2)]: Done 446 tasks      | elapsed:    0.6s
[Parallel(n_jobs=2)]: Done 796 tasks      | elapsed:    1.1s
[Parallel(n_jobs=2)]: Done 796 tasks      | elapsed:    1.1s
[Parallel(n_jobs=2)]: Done 1000 out of 1000 | elapsed:    1.3s finished
[Parallel(n_jobs=2)]: Done 1000 out of 1000 | elapsed:    1.3s finished
[Parallel(n_jobs=2)]: Done  46 tasks      | elapsed:    0.1s
[Parallel(n_jobs=2)]: Done  46 tasks      | elapsed:    0.1s
[Parallel(n_jobs=2)]: Done 196 tasks      | elapsed:    0.3s
[Parallel(n_jobs=2)]: Done 196 tasks      | elapsed:    0.3s
[Parallel(n_jobs=2)]: Done 446 tasks      | elapsed:    0.7s
[Parallel(n_jobs=2)]: Done 446 tasks      | elapsed:    0.7s
[Parallel(n_jobs=2)]: Done 796 tasks      | elapsed:    1.3s
[Parallel(n_jobs=2)]: Done 796 tasks      | elapsed:    1.3s
[Parallel(n_jobs=2)]: Done 1000 out of 1000 | elapsed:    1.6s finished
[Parallel(n_jobs=2)]: Done 1000 out of 1000 | elapsed:    1.6s finished
[Parallel(n_jobs=2)]: Done  46 tasks      | elapsed:    0.1s
[Parallel(n_jobs=2)]: Done  46 tasks      | elapsed:    0.1s
[Parallel(n_jobs=2)]: Done 196 tasks      | elapsed:    0.2s
[Parallel(n_jobs=2)]: Done 196 tasks      | elapsed:    0.2s
[Parallel(n_jobs=2)]: Done 446 tasks      | elapsed:    0.6s
[Parallel(n_jobs=2)]: Done 446 tasks      | elapsed:    0.6s
[Parallel(n_jobs=2)]: Done 796 tasks      | elapsed:    1.0s
[Parallel(n_jobs=2)]: Done 796 tasks      | elapsed:    1.0s
[Parallel(n_jobs=2)]: Done 1000 out of 1000 | elapsed:    1.3s finished
[Parallel(n_jobs=2)]: Done 1000 out of 1000 | elapsed:    1.3s finished
[Parallel(n_jobs=2)]: Done  46 tasks      | elapsed:    0.1s
[Parallel(n_jobs=2)]: Done 196 tasks      | elapsed:    0.3s
[Parallel(n_jobs=2)]: Done  46 tasks      | elapsed:    0.1s
[Parallel(n_jobs=2)]: Done 196 tasks      | elapsed:    0.3s
[Parallel(n_jobs=2)]: Done 446 tasks      | elapsed:    0.7s
[Parallel(n_jobs=2)]: Done 446 tasks      | elapsed:    0.7s
[Parallel(n_jobs=2)]: Done 796 tasks      | elapsed:    1.3s
[Parallel(n_jobs=2)]: Done 796 tasks      | elapsed:    1.3s
[Parallel(n_jobs=2)]: Done 1000 out of 1000 | elapsed:    1.6s finished
[Parallel(n_jobs=2)]: Done 1000 out of 1000 | elapsed:    1.6s finished
[Parallel(n_jobs=2)]: Done  46 tasks      | elapsed:    0.1s
[Parallel(n_jobs=2)]: Done 196 tasks      | elapsed:    0.2s
[Parallel(n_jobs=2)]: Done  46 tasks      | elapsed:    0.1s
[Parallel(n_jobs=2)]: Done 196 tasks      | elapsed:    0.3s
[Parallel(n_jobs=2)]: Done 446 tasks      | elapsed:    0.6s
[Parallel(n_jobs=2)]: Done 446 tasks      | elapsed:    0.6s
[Parallel(n_jobs=2)]: Done 796 tasks      | elapsed:    1.0s
[Parallel(n_jobs=2)]: Done 1000 out of 1000 | elapsed:    1.3s finished
[Parallel(n_jobs=2)]: Done 796 tasks      | elapsed:    1.1s
[Parallel(n_jobs=2)]: Done 1000 out of 1000 | elapsed:    1.3s finished
[Parallel(n_jobs=2)]: Done  46 tasks      | elapsed:    0.1s
[Parallel(n_jobs=2)]: Done  46 tasks      | elapsed:    0.1s
[Parallel(n_jobs=2)]: Done 196 tasks      | elapsed:    0.3s
[Parallel(n_jobs=2)]: Done 196 tasks      | elapsed:    0.3s
[Parallel(n_jobs=2)]: Done 446 tasks      | elapsed:    0.7s
[Parallel(n_jobs=2)]: Done 446 tasks      | elapsed:    0.7s
[Parallel(n_jobs=2)]: Done 796 tasks      | elapsed:    1.2s
[Parallel(n_jobs=2)]: Done 796 tasks      | elapsed:    1.2s
[Parallel(n_jobs=2)]: Done 1000 out of 1000 | elapsed:    1.6s finished
[Parallel(n_jobs=2)]: Done 1000 out of 1000 | elapsed:    1.6s finished
[Parallel(n_jobs=2)]: Done  46 tasks      | elapsed:    0.1s
[Parallel(n_jobs=2)]: Done  46 tasks      | elapsed:    0.1s
[Parallel(n_jobs=2)]: Done 196 tasks      | elapsed:    0.2s
[Parallel(n_jobs=2)]: Done 196 tasks      | elapsed:    0.2s
[Parallel(n_jobs=2)]: Done 446 tasks      | elapsed:    0.6s
[Parallel(n_jobs=2)]: Done 446 tasks      | elapsed:    0.6s
[Parallel(n_jobs=2)]: Done 796 tasks      | elapsed:    1.0s
[Parallel(n_jobs=2)]: Done 796 tasks      | elapsed:    1.0s
[Parallel(n_jobs=2)]: Done 1000 out of 1000 | elapsed:    1.3s finished
[Parallel(n_jobs=2)]: Done 1000 out of 1000 | elapsed:    1.3s finished
[Parallel(n_jobs=2)]: Done  46 tasks      | elapsed:    0.1s
[Parallel(n_jobs=2)]: Done  46 tasks      | elapsed:    0.1s
[Parallel(n_jobs=2)]: Done 196 tasks      | elapsed:    0.3s
[Parallel(n_jobs=2)]: Done 196 tasks      | elapsed:    0.3s
[Parallel(n_jobs=2)]: Done 446 tasks      | elapsed:    0.7s
[Parallel(n_jobs=2)]: Done 446 tasks      | elapsed:    0.7s
[Parallel(n_jobs=2)]: Done 796 tasks      | elapsed:    1.2s
[Parallel(n_jobs=2)]: Done 796 tasks      | elapsed:    1.2s
[Parallel(n_jobs=2)]: Done 1000 out of 1000 | elapsed:    1.5s finished
[Parallel(n_jobs=2)]: Done 1000 out of 1000 | elapsed:    1.5s finished
[Parallel(n_jobs=2)]: Done  46 tasks      | elapsed:    0.1s
[Parallel(n_jobs=2)]: Done  46 tasks      | elapsed:    0.1s
[Parallel(n_jobs=2)]: Done 196 tasks      | elapsed:    0.2s
[Parallel(n_jobs=2)]: Done 196 tasks      | elapsed:    0.2s
[Parallel(n_jobs=2)]: Done 446 tasks      | elapsed:    0.6s
[Parallel(n_jobs=2)]: Done 446 tasks      | elapsed:    0.5s
[Parallel(n_jobs=2)]: Done 796 tasks      | elapsed:    1.0s
[Parallel(n_jobs=2)]: Done 796 tasks      | elapsed:    1.0s
[Parallel(n_jobs=2)]: Done 1000 out of 1000 | elapsed:    1.3s finished
[Parallel(n_jobs=2)]: Done 1000 out of 1000 | elapsed:    1.3s finished
[Parallel(n_jobs=2)]: Done  46 tasks      | elapsed:    0.1s
[Parallel(n_jobs=2)]: Done  46 tasks      | elapsed:    0.1s
[Parallel(n_jobs=2)]: Done 196 tasks      | elapsed:    0.3s
[Parallel(n_jobs=2)]: Done 196 tasks      | elapsed:    0.3s
[Parallel(n_jobs=2)]: Done 446 tasks      | elapsed:    0.7s
[Parallel(n_jobs=2)]: Done 446 tasks      | elapsed:    0.7s
[Parallel(n_jobs=2)]: Done 796 tasks      | elapsed:    1.2s
[Parallel(n_jobs=2)]: Done 796 tasks      | elapsed:    1.3s
[Parallel(n_jobs=2)]: Done 1000 out of 1000 | elapsed:    1.6s finished
[Parallel(n_jobs=2)]: Done 1000 out of 1000 | elapsed:    1.6s finished
[Parallel(n_jobs=2)]: Done  46 tasks      | elapsed:    0.1s
[Parallel(n_jobs=2)]: Done  46 tasks      | elapsed:    0.1s
[Parallel(n_jobs=2)]: Done 196 tasks      | elapsed:    0.3s
[Parallel(n_jobs=2)]: Done 196 tasks      | elapsed:    0.2s
[Parallel(n_jobs=2)]: Done 446 tasks      | elapsed:    0.6s
[Parallel(n_jobs=2)]: Done 446 tasks      | elapsed:    0.6s
[Parallel(n_jobs=2)]: Done 796 tasks      | elapsed:    1.0s
[Parallel(n_jobs=2)]: Done 796 tasks      | elapsed:    1.0s
[Parallel(n_jobs=2)]: Done 1000 out of 1000 | elapsed:    1.3s finished
[Parallel(n_jobs=2)]: Done 1000 out of 1000 | elapsed:    1.3s finished
[Parallel(n_jobs=2)]: Done  46 tasks      | elapsed:    0.1s
[Parallel(n_jobs=2)]: Done  46 tasks      | elapsed:    0.1s
[Parallel(n_jobs=2)]: Done 196 tasks      | elapsed:    0.3s
[Parallel(n_jobs=2)]: Done 196 tasks      | elapsed:    0.3s
[Parallel(n_jobs=2)]: Done 446 tasks      | elapsed:    0.7s
[Parallel(n_jobs=2)]: Done 446 tasks      | elapsed:    0.7s
[Parallel(n_jobs=2)]: Done 796 tasks      | elapsed:    1.3s
[Parallel(n_jobs=2)]: Done 796 tasks      | elapsed:    1.3s
[Parallel(n_jobs=2)]: Done 1000 out of 1000 | elapsed:    1.6s finished
[Parallel(n_jobs=2)]: Done 1000 out of 1000 | elapsed:    1.6s finished
[Parallel(n_jobs=2)]: Done  46 tasks      | elapsed:    0.1s
[Parallel(n_jobs=2)]: Done  46 tasks      | elapsed:    0.1s
[Parallel(n_jobs=2)]: Done 196 tasks      | elapsed:    0.2s
[Parallel(n_jobs=2)]: Done 196 tasks      | elapsed:    0.2s
[Parallel(n_jobs=2)]: Done 446 tasks      | elapsed:    0.6s
[Parallel(n_jobs=2)]: Done 446 tasks      | elapsed:    0.6s
[Parallel(n_jobs=2)]: Done 796 tasks      | elapsed:    1.0s
[Parallel(n_jobs=2)]: Done 796 tasks      | elapsed:    1.0s
[Parallel(n_jobs=2)]: Done 1000 out of 1000 | elapsed:    1.3s finished
[Parallel(n_jobs=2)]: Done 1000 out of 1000 | elapsed:    1.3s finished
[Parallel(n_jobs=2)]: Done  46 tasks      | elapsed:    0.1s
[Parallel(n_jobs=2)]: Done 196 tasks      | elapsed:    0.3s
[Parallel(n_jobs=2)]: Done  46 tasks      | elapsed:    0.1s
[Parallel(n_jobs=2)]: Done 196 tasks      | elapsed:    0.3s
[Parallel(n_jobs=2)]: Done 446 tasks      | elapsed:    0.6s
[Parallel(n_jobs=2)]: Done 446 tasks      | elapsed:    0.7s
[Parallel(n_jobs=2)]: Done 796 tasks      | elapsed:    1.2s
[Parallel(n_jobs=2)]: Done 1000 out of 1000 | elapsed:    1.5s finished
[Parallel(n_jobs=2)]: Done 796 tasks      | elapsed:    1.2s
[Parallel(n_jobs=2)]: Done  46 tasks      | elapsed:    0.1s
[Parallel(n_jobs=2)]: Done 1000 out of 1000 | elapsed:    1.6s finished
[Parallel(n_jobs=2)]: Done 196 tasks      | elapsed:    0.3s
[Parallel(n_jobs=2)]: Done  46 tasks      | elapsed:    0.1s
[Parallel(n_jobs=2)]: Done 446 tasks      | elapsed:    0.6s
[Parallel(n_jobs=2)]: Done 196 tasks      | elapsed:    0.2s
[Parallel(n_jobs=2)]: Done 446 tasks      | elapsed:    0.6s
[Parallel(n_jobs=2)]: Done 796 tasks      | elapsed:    1.0s
[Parallel(n_jobs=2)]: Done 1000 out of 1000 | elapsed:    1.3s finished
[Parallel(n_jobs=2)]: Done 796 tasks      | elapsed:    1.0s
[Parallel(n_jobs=2)]: Done 1000 out of 1000 | elapsed:    1.3s finished
[Parallel(n_jobs=2)]: Done  46 tasks      | elapsed:    0.1s
[Parallel(n_jobs=2)]: Done 196 tasks      | elapsed:    0.3s
[Parallel(n_jobs=2)]: Done  46 tasks      | elapsed:    0.1s
[Parallel(n_jobs=2)]: Done 446 tasks      | elapsed:    0.6s
[Parallel(n_jobs=2)]: Done 196 tasks      | elapsed:    0.3s
[Parallel(n_jobs=2)]: Done 796 tasks      | elapsed:    1.2s
[Parallel(n_jobs=2)]: Done 446 tasks      | elapsed:    0.7s
[Parallel(n_jobs=2)]: Done 1000 out of 1000 | elapsed:    1.5s finished
[Parallel(n_jobs=2)]: Done 796 tasks      | elapsed:    1.2s
[Parallel(n_jobs=2)]: Done  46 tasks      | elapsed:    0.1s
[Parallel(n_jobs=2)]: Done 196 tasks      | elapsed:    0.3s
[Parallel(n_jobs=2)]: Done 1000 out of 1000 | elapsed:    1.5s finished
[Parallel(n_jobs=2)]: Done 446 tasks      | elapsed:    0.6s
[Parallel(n_jobs=2)]: Done  46 tasks      | elapsed:    0.1s
[Parallel(n_jobs=2)]: Done 196 tasks      | elapsed:    0.3s
[Parallel(n_jobs=2)]: Done 796 tasks      | elapsed:    1.0s
[Parallel(n_jobs=2)]: Done 446 tasks      | elapsed:    0.6s
[Parallel(n_jobs=2)]: Done 1000 out of 1000 | elapsed:    1.3s finished
[Parallel(n_jobs=2)]: Done 796 tasks      | elapsed:    1.1s
[Parallel(n_jobs=2)]: Done 1000 out of 1000 | elapsed:    1.3s finished
[Parallel(n_jobs=2)]: Done  46 tasks      | elapsed:    0.1s
[Parallel(n_jobs=2)]: Done 196 tasks      | elapsed:    0.3s
[Parallel(n_jobs=2)]: Done  46 tasks      | elapsed:    0.1s
[Parallel(n_jobs=2)]: Done 446 tasks      | elapsed:    0.6s
[Parallel(n_jobs=2)]: Done 196 tasks      | elapsed:    0.3s
[Parallel(n_jobs=2)]: Done 796 tasks      | elapsed:    1.1s
[Parallel(n_jobs=2)]: Done 446 tasks      | elapsed:    0.7s
[Parallel(n_jobs=2)]: Done 1000 out of 1000 | elapsed:    1.4s finished
[Parallel(n_jobs=2)]: Done 796 tasks      | elapsed:    1.2s
[Parallel(n_jobs=2)]: Done  46 tasks      | elapsed:    0.1s
[Parallel(n_jobs=2)]: Done 196 tasks      | elapsed:    0.2s
[Parallel(n_jobs=2)]: Done 1000 out of 1000 | elapsed:    1.5s finished
[Parallel(n_jobs=2)]: Done 446 tasks      | elapsed:    0.6s
[Parallel(n_jobs=2)]: Done  46 tasks      | elapsed:    0.1s
[Parallel(n_jobs=2)]: Done 196 tasks      | elapsed:    0.2s
[Parallel(n_jobs=2)]: Done 796 tasks      | elapsed:    1.0s
[Parallel(n_jobs=2)]: Done 446 tasks      | elapsed:    0.6s
[Parallel(n_jobs=2)]: Done 1000 out of 1000 | elapsed:    1.3s finished
[Parallel(n_jobs=2)]: Done 796 tasks      | elapsed:    1.0s
[Parallel(n_jobs=2)]: Done 1000 out of 1000 | elapsed:    1.3s finished
[Parallel(n_jobs=2)]: Done  46 tasks      | elapsed:    0.1s
[Parallel(n_jobs=2)]: Done 196 tasks      | elapsed:    0.3s
[Parallel(n_jobs=2)]: Done 446 tasks      | elapsed:    0.6s
[Parallel(n_jobs=2)]: Done  46 tasks      | elapsed:    0.1s
[Parallel(n_jobs=2)]: Done 796 tasks      | elapsed:    1.1s
[Parallel(n_jobs=2)]: Done 196 tasks      | elapsed:    0.3s
[Parallel(n_jobs=2)]: Done 1000 out of 1000 | elapsed:    1.4s finished
[Parallel(n_jobs=2)]: Done 446 tasks      | elapsed:    0.6s
[Parallel(n_jobs=2)]: Done  46 tasks      | elapsed:    0.1s
[Parallel(n_jobs=2)]: Done 196 tasks      | elapsed:    0.2s
[Parallel(n_jobs=2)]: Done 796 tasks      | elapsed:    1.1s
[Parallel(n_jobs=2)]: Done 446 tasks      | elapsed:    0.6s
[Parallel(n_jobs=2)]: Done 1000 out of 1000 | elapsed:    1.4s finished
[Parallel(n_jobs=2)]: Done  46 tasks      | elapsed:    0.1s
[Parallel(n_jobs=2)]: Done 796 tasks      | elapsed:    1.0s
[Parallel(n_jobs=2)]: Done 196 tasks      | elapsed:    0.2s
[Parallel(n_jobs=2)]: Done 1000 out of 1000 | elapsed:    1.2s finished
[Parallel(n_jobs=2)]: Done 446 tasks      | elapsed:    0.6s
[Parallel(n_jobs=2)]: Done 796 tasks      | elapsed:    1.0s
[Parallel(n_jobs=2)]: Done 1000 out of 1000 | elapsed:    1.3s finished
[Parallel(n_jobs=2)]: Done  46 tasks      | elapsed:    0.1s
[Parallel(n_jobs=2)]: Done 196 tasks      | elapsed:    0.3s
[Parallel(n_jobs=2)]: Done 446 tasks      | elapsed:    0.6s
[Parallel(n_jobs=2)]: Done  46 tasks      | elapsed:    0.1s
[Parallel(n_jobs=2)]: Done 796 tasks      | elapsed:    1.1s
[Parallel(n_jobs=2)]: Done 196 tasks      | elapsed:    0.3s
[Parallel(n_jobs=2)]: Done 1000 out of 1000 | elapsed:    1.4s finished
[Parallel(n_jobs=2)]: Done 446 tasks      | elapsed:    0.7s
[Parallel(n_jobs=2)]: Done  46 tasks      | elapsed:    0.1s
[Parallel(n_jobs=2)]: Done 196 tasks      | elapsed:    0.2s
[Parallel(n_jobs=2)]: Done 796 tasks      | elapsed:    1.2s
[Parallel(n_jobs=2)]: Done 446 tasks      | elapsed:    0.5s
[Parallel(n_jobs=2)]: Done 1000 out of 1000 | elapsed:    1.5s finished
[Parallel(n_jobs=2)]: Done 796 tasks      | elapsed:    1.0s
[Parallel(n_jobs=2)]: Done  46 tasks      | elapsed:    0.1s
[Parallel(n_jobs=2)]: Done 1000 out of 1000 | elapsed:    1.2s finished
[Parallel(n_jobs=2)]: Done 196 tasks      | elapsed:    0.2s
[Parallel(n_jobs=2)]: Done 446 tasks      | elapsed:    0.5s
[Parallel(n_jobs=2)]: Done 796 tasks      | elapsed:    1.0s
[Parallel(n_jobs=2)]: Done 1000 out of 1000 | elapsed:    1.2s finished
[Parallel(n_jobs=2)]: Done  46 tasks      | elapsed:    0.1s
[Parallel(n_jobs=2)]: Done 196 tasks      | elapsed:    0.3s
[Parallel(n_jobs=2)]: Done 446 tasks      | elapsed:    0.7s
[Parallel(n_jobs=2)]: Done 796 tasks      | elapsed:    1.2s
[Parallel(n_jobs=2)]: Done 1000 out of 1000 | elapsed:    1.5s finished
[Parallel(n_jobs=2)]: Done  46 tasks      | elapsed:    0.1s
[Parallel(n_jobs=2)]: Done  46 tasks      | elapsed:    0.1s
[Parallel(n_jobs=2)]: Done 196 tasks      | elapsed:    0.3s
[Parallel(n_jobs=2)]: Done 196 tasks      | elapsed:    0.3s
[Parallel(n_jobs=2)]: Done 446 tasks      | elapsed:    0.7s
[Parallel(n_jobs=2)]: Done 446 tasks      | elapsed:    0.6s
[Parallel(n_jobs=2)]: Done 796 tasks      | elapsed:    1.0s
[Parallel(n_jobs=2)]: Done 796 tasks      | elapsed:    1.2s
[Parallel(n_jobs=2)]: Done 1000 out of 1000 | elapsed:    1.3s finished
[Parallel(n_jobs=2)]: Done 1000 out of 1000 | elapsed:    1.6s finished
[Parallel(n_jobs=2)]: Done  46 tasks      | elapsed:    0.1s
[Parallel(n_jobs=2)]: Done 196 tasks      | elapsed:    0.2s
[Parallel(n_jobs=2)]: Done 446 tasks      | elapsed:    0.6s
[Parallel(n_jobs=2)]: Done 796 tasks      | elapsed:    1.0s
[Parallel(n_jobs=2)]: Done 1000 out of 1000 | elapsed:    1.3s finished
[Parallel(n_jobs=2)]: Done  46 tasks      | elapsed:    0.1s
[Parallel(n_jobs=2)]: Done 196 tasks      | elapsed:    0.3s
[Parallel(n_jobs=2)]: Done 446 tasks      | elapsed:    0.7s
[Parallel(n_jobs=2)]: Done 796 tasks      | elapsed:    1.2s
[Parallel(n_jobs=2)]: Done 1000 out of 1000 | elapsed:    1.6s finished
[Parallel(n_jobs=2)]: Done  46 tasks      | elapsed:    0.1s
[Parallel(n_jobs=2)]: Done  46 tasks      | elapsed:    0.1s
[Parallel(n_jobs=2)]: Done 196 tasks      | elapsed:    0.3s
[Parallel(n_jobs=2)]: Done 196 tasks      | elapsed:    0.2s
[Parallel(n_jobs=2)]: Done 446 tasks      | elapsed:    0.7s
[Parallel(n_jobs=2)]: Done 446 tasks      | elapsed:    0.5s
[Parallel(n_jobs=2)]: Done 796 tasks      | elapsed:    1.0s
[Parallel(n_jobs=2)]: Done 796 tasks      | elapsed:    1.2s
[Parallel(n_jobs=2)]: Done 1000 out of 1000 | elapsed:    1.2s finished
[Parallel(n_jobs=2)]: Done 1000 out of 1000 | elapsed:    1.5s finished
[Parallel(n_jobs=2)]: Done  46 tasks      | elapsed:    0.1s
[Parallel(n_jobs=2)]: Done 196 tasks      | elapsed:    0.2s
[Parallel(n_jobs=2)]: Done 446 tasks      | elapsed:    0.5s
[Parallel(n_jobs=2)]: Done 796 tasks      | elapsed:    1.0s
[Parallel(n_jobs=2)]: Done 1000 out of 1000 | elapsed:    1.2s finished
[Parallel(n_jobs=2)]: Done  46 tasks      | elapsed:    0.1s
[Parallel(n_jobs=2)]: Done 196 tasks      | elapsed:    0.3s
[Parallel(n_jobs=2)]: Done 446 tasks      | elapsed:    0.7s
[Parallel(n_jobs=2)]: Done 796 tasks      | elapsed:    1.2s
[Parallel(n_jobs=2)]: Done 1000 out of 1000 | elapsed:    1.5s finished
[Parallel(n_jobs=2)]: Done  46 tasks      | elapsed:    0.1s
[Parallel(n_jobs=2)]: Done  46 tasks      | elapsed:    0.1s
[Parallel(n_jobs=2)]: Done 196 tasks      | elapsed:    0.3s
[Parallel(n_jobs=2)]: Done 196 tasks      | elapsed:    0.2s
[Parallel(n_jobs=2)]: Done 446 tasks      | elapsed:    0.6s
[Parallel(n_jobs=2)]: Done 446 tasks      | elapsed:    0.6s
[Parallel(n_jobs=2)]: Done 796 tasks      | elapsed:    1.0s
[Parallel(n_jobs=2)]: Done 796 tasks      | elapsed:    1.1s
[Parallel(n_jobs=2)]: Done 1000 out of 1000 | elapsed:    1.2s finished
[Parallel(n_jobs=2)]: Done 1000 out of 1000 | elapsed:    1.4s finished
[Parallel(n_jobs=2)]: Done  46 tasks      | elapsed:    0.1s
[Parallel(n_jobs=2)]: Done 196 tasks      | elapsed:    0.2s
[Parallel(n_jobs=2)]: Done 446 tasks      | elapsed:    0.5s
[Parallel(n_jobs=2)]: Done 796 tasks      | elapsed:    1.0s
[Parallel(n_jobs=2)]: Done 1000 out of 1000 | elapsed:    1.2s finished
[Parallel(n_jobs=2)]: Done  46 tasks      | elapsed:    0.1s
[Parallel(n_jobs=2)]: Done 196 tasks      | elapsed:    0.3s
[Parallel(n_jobs=2)]: Done 446 tasks      | elapsed:    0.6s
[Parallel(n_jobs=2)]: Done 796 tasks      | elapsed:    1.1s
[Parallel(n_jobs=2)]: Done 1000 out of 1000 | elapsed:    1.4s finished
[Parallel(n_jobs=2)]: Done  46 tasks      | elapsed:    0.1s
[Parallel(n_jobs=2)]: Done  46 tasks      | elapsed:    0.1s
[Parallel(n_jobs=2)]: Done 196 tasks      | elapsed:    0.2s
[Parallel(n_jobs=2)]: Done 196 tasks      | elapsed:    0.3s
[Parallel(n_jobs=2)]: Done 446 tasks      | elapsed:    0.6s
[Parallel(n_jobs=2)]: Done 446 tasks      | elapsed:    0.6s
[Parallel(n_jobs=2)]: Done 796 tasks      | elapsed:    1.0s
[Parallel(n_jobs=2)]: Done 1000 out of 1000 | elapsed:    1.2s finished
[Parallel(n_jobs=2)]: Done 796 tasks      | elapsed:    1.1s
[Parallel(n_jobs=2)]: Done 1000 out of 1000 | elapsed:    1.4s finished
[Parallel(n_jobs=2)]: Done  46 tasks      | elapsed:    0.1s
[Parallel(n_jobs=2)]: Done 196 tasks      | elapsed:    0.2s
[Parallel(n_jobs=2)]: Done 446 tasks      | elapsed:    0.5s
[Parallel(n_jobs=2)]: Done 796 tasks      | elapsed:    1.0s
[Parallel(n_jobs=2)]: Done 1000 out of 1000 | elapsed:    1.2s finished
[Parallel(n_jobs=2)]: Done  46 tasks      | elapsed:    0.1s
[Parallel(n_jobs=2)]: Done 196 tasks      | elapsed:    0.3s
[Parallel(n_jobs=2)]: Done 446 tasks      | elapsed:    0.7s
[Parallel(n_jobs=2)]: Done 796 tasks      | elapsed:    1.1s
[Parallel(n_jobs=2)]: Done 1000 out of 1000 | elapsed:    1.4s finished
[Parallel(n_jobs=2)]: Done  46 tasks      | elapsed:    0.1s
[Parallel(n_jobs=2)]: Done 196 tasks      | elapsed:    0.3s
[Parallel(n_jobs=2)]: Done  46 tasks      | elapsed:    0.1s
[Parallel(n_jobs=2)]: Done 446 tasks      | elapsed:    0.6s
[Parallel(n_jobs=2)]: Done 196 tasks      | elapsed:    0.3s
[Parallel(n_jobs=2)]: Done 796 tasks      | elapsed:    1.0s
[Parallel(n_jobs=2)]: Done 446 tasks      | elapsed:    0.6s
[Parallel(n_jobs=2)]: Done 1000 out of 1000 | elapsed:    1.2s finished
[Parallel(n_jobs=2)]: Done 796 tasks      | elapsed:    1.1s
[Parallel(n_jobs=2)]: Done 1000 out of 1000 | elapsed:    1.4s finished
[Parallel(n_jobs=2)]: Done  46 tasks      | elapsed:    0.0s
[Parallel(n_jobs=2)]: Done 196 tasks      | elapsed:    0.2s
[Parallel(n_jobs=2)]: Done 446 tasks      | elapsed:    0.5s
[Parallel(n_jobs=2)]: Done 796 tasks      | elapsed:    1.0s
[Parallel(n_jobs=2)]: Done 1000 out of 1000 | elapsed:    1.2s finished
[Parallel(n_jobs=2)]: Done  46 tasks      | elapsed:    0.1s
[Parallel(n_jobs=2)]: Done 196 tasks      | elapsed:    0.3s
[Parallel(n_jobs=2)]: Done 446 tasks      | elapsed:    0.7s
[Parallel(n_jobs=2)]: Done 796 tasks      | elapsed:    1.2s
[Parallel(n_jobs=2)]: Done 1000 out of 1000 | elapsed:    1.5s finished
[Parallel(n_jobs=2)]: Done  46 tasks      | elapsed:    0.1s
[Parallel(n_jobs=2)]: Done 196 tasks      | elapsed:    0.2s
[Parallel(n_jobs=2)]: Done 446 tasks      | elapsed:    0.6s
[Parallel(n_jobs=2)]: Done  46 tasks      | elapsed:    0.1s
[Parallel(n_jobs=2)]: Done 796 tasks      | elapsed:    1.0s
[Parallel(n_jobs=2)]: Done 196 tasks      | elapsed:    0.3s
[Parallel(n_jobs=2)]: Done 1000 out of 1000 | elapsed:    1.2s finished
[Parallel(n_jobs=2)]: Done 446 tasks      | elapsed:    0.6s
[Parallel(n_jobs=2)]: Done 796 tasks      | elapsed:    1.1s
[Parallel(n_jobs=2)]: Done 1000 out of 1000 | elapsed:    1.4s finished
[Parallel(n_jobs=2)]: Done  46 tasks      | elapsed:    0.1s
[Parallel(n_jobs=2)]: Done 196 tasks      | elapsed:    0.2s
[Parallel(n_jobs=2)]: Done 446 tasks      | elapsed:    0.5s
[Parallel(n_jobs=2)]: Done 796 tasks      | elapsed:    1.0s
[Parallel(n_jobs=2)]: Done 1000 out of 1000 | elapsed:    1.2s finished
[Parallel(n_jobs=2)]: Done  46 tasks      | elapsed:    0.1s
[Parallel(n_jobs=2)]: Done 196 tasks      | elapsed:    0.3s
[Parallel(n_jobs=2)]: Done 446 tasks      | elapsed:    0.6s
[Parallel(n_jobs=2)]: Done 796 tasks      | elapsed:    1.1s
[Parallel(n_jobs=2)]: Done 1000 out of 1000 | elapsed:    1.4s finished
[Parallel(n_jobs=2)]: Done  46 tasks      | elapsed:    0.1s
[Parallel(n_jobs=2)]: Done 196 tasks      | elapsed:    0.2s
[Parallel(n_jobs=2)]: Done 446 tasks      | elapsed:    0.5s
[Parallel(n_jobs=2)]: Done 796 tasks      | elapsed:    1.0s
[Parallel(n_jobs=2)]: Done  46 tasks      | elapsed:    0.1s
[Parallel(n_jobs=2)]: Done 196 tasks      | elapsed:    0.3s
[Parallel(n_jobs=2)]: Done 1000 out of 1000 | elapsed:    1.2s finished
[Parallel(n_jobs=2)]: Done 446 tasks      | elapsed:    0.7s
[Parallel(n_jobs=2)]: Done 796 tasks      | elapsed:    1.2s
[Parallel(n_jobs=2)]: Done 1000 out of 1000 | elapsed:    1.5s finished
[Parallel(n_jobs=2)]: Done  46 tasks      | elapsed:    0.1s
[Parallel(n_jobs=2)]: Done 196 tasks      | elapsed:    0.2s
[Parallel(n_jobs=2)]: Done 446 tasks      | elapsed:    0.6s
[Parallel(n_jobs=2)]: Done 796 tasks      | elapsed:    1.0s
[Parallel(n_jobs=2)]: Done 1000 out of 1000 | elapsed:    1.2s finished
[Parallel(n_jobs=2)]: Done  46 tasks      | elapsed:    0.1s
[Parallel(n_jobs=2)]: Done 196 tasks      | elapsed:    0.3s
[Parallel(n_jobs=2)]: Done 446 tasks      | elapsed:    0.7s
[Parallel(n_jobs=2)]: Done 796 tasks      | elapsed:    1.2s
[Parallel(n_jobs=2)]: Done 1000 out of 1000 | elapsed:    1.6s finished
[Parallel(n_jobs=2)]: Done  46 tasks      | elapsed:    0.1s
[Parallel(n_jobs=2)]: Done 196 tasks      | elapsed:    0.2s
[Parallel(n_jobs=2)]: Done 446 tasks      | elapsed:    0.5s
[Parallel(n_jobs=2)]: Done  46 tasks      | elapsed:    0.1s
[Parallel(n_jobs=2)]: Done 796 tasks      | elapsed:    1.0s
[Parallel(n_jobs=2)]: Done 196 tasks      | elapsed:    0.3s
[Parallel(n_jobs=2)]: Done 1000 out of 1000 | elapsed:    1.2s finished
[Parallel(n_jobs=2)]: Done 446 tasks      | elapsed:    0.7s
[Parallel(n_jobs=2)]: Done 796 tasks      | elapsed:    1.2s
[Parallel(n_jobs=2)]: Done 1000 out of 1000 | elapsed:    1.6s finished
[Parallel(n_jobs=2)]: Done  46 tasks      | elapsed:    0.1s
[Parallel(n_jobs=2)]: Done 196 tasks      | elapsed:    0.2s
[Parallel(n_jobs=2)]: Done 446 tasks      | elapsed:    0.5s
[Parallel(n_jobs=2)]: Done 796 tasks      | elapsed:    1.0s
[Parallel(n_jobs=2)]: Done 1000 out of 1000 | elapsed:    1.2s finished
[Parallel(n_jobs=2)]: Done  46 tasks      | elapsed:    0.1s
[Parallel(n_jobs=2)]: Done 196 tasks      | elapsed:    0.3s
[Parallel(n_jobs=2)]: Done 446 tasks      | elapsed:    0.7s
[Parallel(n_jobs=2)]: Done 796 tasks      | elapsed:    1.2s
[Parallel(n_jobs=2)]: Done 1000 out of 1000 | elapsed:    1.5s finished
[Parallel(n_jobs=2)]: Done  46 tasks      | elapsed:    0.1s
[Parallel(n_jobs=2)]: Done 196 tasks      | elapsed:    0.3s
[Parallel(n_jobs=2)]: Done 446 tasks      | elapsed:    0.6s
[Parallel(n_jobs=2)]: Done  46 tasks      | elapsed:    0.1s
[Parallel(n_jobs=2)]: Done 196 tasks      | elapsed:    0.3s
[Parallel(n_jobs=2)]: Done 796 tasks      | elapsed:    1.0s
[Parallel(n_jobs=2)]: Done 1000 out of 1000 | elapsed:    1.3s finished
[Parallel(n_jobs=2)]: Done 446 tasks      | elapsed:    0.7s
[Parallel(n_jobs=2)]: Done 796 tasks      | elapsed:    1.3s
[Parallel(n_jobs=2)]: Done 1000 out of 1000 | elapsed:    1.6s finished
[Parallel(n_jobs=2)]: Done  46 tasks      | elapsed:    0.1s
[Parallel(n_jobs=2)]: Done 196 tasks      | elapsed:    0.2s
[Parallel(n_jobs=2)]: Done 446 tasks      | elapsed:    0.5s
[Parallel(n_jobs=2)]: Done 796 tasks      | elapsed:    1.0s
[Parallel(n_jobs=2)]: Done 1000 out of 1000 | elapsed:    1.2s finished
[Parallel(n_jobs=2)]: Done  46 tasks      | elapsed:    0.1s
[Parallel(n_jobs=2)]: Done 196 tasks      | elapsed:    0.3s
[Parallel(n_jobs=2)]: Done 446 tasks      | elapsed:    0.7s
[Parallel(n_jobs=2)]: Done 796 tasks      | elapsed:    1.2s
[Parallel(n_jobs=2)]: Done 1000 out of 1000 | elapsed:    1.5s finished
[Parallel(n_jobs=2)]: Done  46 tasks      | elapsed:    0.1s
[Parallel(n_jobs=2)]: Done 196 tasks      | elapsed:    0.2s
[Parallel(n_jobs=2)]: Done 446 tasks      | elapsed:    0.5s
[Parallel(n_jobs=2)]: Done 796 tasks      | elapsed:    1.0s
[Parallel(n_jobs=2)]: Done 1000 out of 1000 | elapsed:    1.2s finished
[Parallel(n_jobs=2)]: Done  46 tasks      | elapsed:    0.1s
[Parallel(n_jobs=2)]: Done 196 tasks      | elapsed:    0.3s
[Parallel(n_jobs=2)]: Done 446 tasks      | elapsed:    0.7s
[Parallel(n_jobs=2)]: Done 796 tasks      | elapsed:    1.3s
[Parallel(n_jobs=2)]: Done 1000 out of 1000 | elapsed:    1.6s finished
[Parallel(n_jobs=2)]: Done  46 tasks      | elapsed:    0.1s
[Parallel(n_jobs=2)]: Done 196 tasks      | elapsed:    0.3s
[Parallel(n_jobs=2)]: Done 446 tasks      | elapsed:    0.7s
[Parallel(n_jobs=2)]: Done 796 tasks      | elapsed:    1.3s
[Parallel(n_jobs=2)]: Done 1000 out of 1000 | elapsed:    1.6s finished
[Parallel(n_jobs=2)]: Done  46 tasks      | elapsed:    0.1s
[Parallel(n_jobs=2)]: Done 196 tasks      | elapsed:    0.2s
[Parallel(n_jobs=2)]: Done 446 tasks      | elapsed:    0.6s
[Parallel(n_jobs=2)]: Done 796 tasks      | elapsed:    1.0s
[Parallel(n_jobs=2)]: Done 1000 out of 1000 | elapsed:    1.2s finished
model.py:56: FutureWarning: sort(columns=....) is deprecated, use sort_values(by=.....)
  lmfdf.sort('coeffs',ascending=False,inplace=True)
************best params- {'max_features': 0.5, 'max_depth': 10}
%%%%%%%%%%%%%%% error dist %%%%%%%%%%%%%%%%%%%
               n=151
              MU=14.9304635762
              SD=13.4916211102
         CV_RMSE=7.2250347787
      train_RMSE=2.49886423736
best grid params={'max_features': 0.5, 'max_depth': 10}
%%%%%%%%%%%%%%%%%%%%%%%%%%%%%%%%%%%%%%%%%%%%%%
                   features    coeffs
70  fict.proj_mu.06.025.006  0.114508
51  fict.proj_fc.06.050.006  0.084982
69  fict.proj_mu.05.025.006  0.068941
35              counts.sbin  0.051410
71  fict.proj_mu.06.050.006  0.050988
9             max_user_frac  0.038236
26                   z.v_mo  0.038146
75  fict.proj_mu.08.050.006  0.036790
49  fict.proj_fc.05.025.006  0.033460
23                z.proj_fc  0.023504
53  fict.proj_fc.07.050.006  0.023003
7                slate_size  0.022431
10              rm.01.score  0.022388
56  fict.proj_fc.08.050.006  0.022184
50  fict.proj_fc.06.025.006  0.022023
32              z.sbin.v_mo  0.021092
68  fict.proj_mu.04.025.006  0.018796
24                z.proj_mo  0.018746
11              rm.05.score  0.018350
48  fict.proj_fc.04.025.006  0.016311
72  fict.proj_mu.07.025.006  0.015703
67  fict.proj_mu.03.025.006  0.014822
52  fict.proj_fc.07.025.006  0.014616
1                   proj_mo  0.012626
74  fict.proj_mu.08.025.006  0.009111
30           z.sbin.proj_mo  0.009050
0                   proj_fc  0.008087
59  fict.proj_mo.05.025.006  0.007888
22                 z.salary  0.007763
14              rm.01.value  0.007566
..                      ...       ...
66  fict.proj_mo.08.050.006  0.003505
65  fict.proj_mo.08.025.006  0.003480
33              z.sbin.line  0.003400
8             total_entries  0.003313
44     rm.01.team_def_score  0.003307
25                   z.v_fc  0.003232
63  fict.proj_mo.07.050.006  0.003215
38      rm.01.opp_def_score  0.003208
12             rm.01.salary  0.003081
31              z.sbin.v_fc  0.003023
45     rm.05.team_def_score  0.002980
37    rm.05.opp_total_score  0.002739
41      rm.05.opp_off_score  0.002623
36    rm.01.opp_total_score  0.002591
39      rm.05.opp_def_score  0.002530
43   rm.05.team_total_score  0.002522
2                      v_fc  0.002348
13             rm.05.salary  0.002291
6                     total  0.002131
5                      line  0.002116
21     rm.05.val_exceeds.06  0.001941
17     rm.05.val_exceeds.04  0.001808
19     rm.05.val_exceeds.05  0.001296
18     rm.01.val_exceeds.05  0.000465
54  fict.proj_fc.08.001.006  0.000431
64  fict.proj_mo.08.001.006  0.000374
16     rm.01.val_exceeds.04  0.000362
20     rm.01.val_exceeds.06  0.000295
4                    status  0.000194
73  fict.proj_mu.08.001.006  0.000170

[76 rows x 2 columns]
