Data columns (total 94 columns):
contest_ID                  159 non-null int64
date                        159 non-null object
name                        159 non-null object
position                    159 non-null object
slate_size                  159 non-null int64
percent_own                 159 non-null float64
salary                      159 non-null float64
max_entries_per_user        159 non-null int64
total_entries               159 non-null int64
proj_fc                     159 non-null float64
proj_mo                     159 non-null float64
status                      159 non-null float64
team                        159 non-null object
opponent                    159 non-null object
score                       159 non-null float64
line                        159 non-null float64
total                       159 non-null float64
v_fc                        159 non-null float64
v_mo                        159 non-null float64
max_user_frac               159 non-null float64
value                       159 non-null float64
season                      159 non-null float64
val_exceeds.04              159 non-null float64
val_exceeds.05              159 non-null float64
val_exceeds.06              159 non-null float64
rm.01.score                 159 non-null float64
rm.05.score                 159 non-null float64
rm.10.score                 159 non-null float64
rm.01.salary                159 non-null float64
rm.05.salary                159 non-null float64
rm.10.salary                159 non-null float64
rm.01.value                 159 non-null float64
rm.05.value                 159 non-null float64
rm.10.value                 159 non-null float64
rm.01.val_exceeds.04        159 non-null float64
rm.05.val_exceeds.04        159 non-null float64
rm.10.val_exceeds.04        159 non-null float64
rm.01.val_exceeds.05        159 non-null float64
rm.05.val_exceeds.05        159 non-null float64
rm.10.val_exceeds.05        159 non-null float64
rm.01.val_exceeds.06        159 non-null float64
rm.05.val_exceeds.06        159 non-null float64
rm.10.val_exceeds.06        159 non-null float64
rm.01.opp_total_score       159 non-null float64
rm.02.opp_total_score       159 non-null float64
rm.05.opp_total_score       159 non-null float64
rm.01.opp_def_score         159 non-null float64
rm.02.opp_def_score         159 non-null float64
rm.05.opp_def_score         159 non-null float64
rm.01.opp_off_score         159 non-null float64
rm.02.opp_off_score         159 non-null float64
rm.05.opp_off_score         159 non-null float64
rm.01.team_total_score      159 non-null float64
rm.02.team_total_score      159 non-null float64
rm.05.team_total_score      159 non-null float64
rm.01.team_def_score        159 non-null float64
rm.02.team_def_score        159 non-null float64
rm.05.team_def_score        159 non-null float64
rm.01.team_off_score        159 non-null float64
rm.02.team_off_score        159 non-null float64
rm.05.team_off_score        159 non-null float64
z.salary                    159 non-null float64
z.proj_fc                   159 non-null float64
z.proj_mo                   159 non-null float64
z.v_fc                      159 non-null float64
z.v_mo                      159 non-null float64
z.line                      159 non-null float64
z.total                     159 non-null float64
sbin                        159 non-null object
z.sbin.proj_fc              159 non-null float64
z.sbin.proj_mo              159 non-null float64
z.sbin.v_fc                 159 non-null float64
z.sbin.v_mo                 159 non-null float64
z.sbin.line                 159 non-null float64
z.sbin.total                159 non-null float64
counts.sbin                 159 non-null int64
z.rm.01.opp_total_score     159 non-null float64
z.rm.02.opp_total_score     159 non-null float64
z.rm.05.opp_total_score     159 non-null float64
z.rm.01.opp_def_score       159 non-null float64
z.rm.02.opp_def_score       159 non-null float64
z.rm.05.opp_def_score       159 non-null float64
z.rm.01.opp_off_score       159 non-null float64
z.rm.02.opp_off_score       159 non-null float64
z.rm.05.opp_off_score       159 non-null float64
z.rm.01.team_total_score    159 non-null float64
z.rm.02.team_total_score    159 non-null float64
z.rm.05.team_total_score    159 non-null float64
z.rm.01.team_def_score      159 non-null float64
z.rm.02.team_def_score      159 non-null float64
z.rm.05.team_def_score      159 non-null float64
z.rm.01.team_off_score      159 non-null float64
z.rm.02.team_off_score      159 non-null float64
z.rm.05.team_off_score      159 non-null float64
dtypes: float64(83), int64(5), object(6)
memory usage: 118.0+ KB
None
0.0    152
1.0      7
Name: status, dtype: int64
**** doing estimator =  RandomForestRegressor
************best params- {'max_features': 0.5, 'max_depth': 5}
^[[Cmodel.py:56: FutureWarning: sort(columns=....) is deprecated, use sort_values(by=.....)
  lmfdf.sort('coeffs',ascending=False,inplace=True)
%%%%%%%%%%%%%%% error dist %%%%%%%%%%%%%%%%%%%
               n=159
              MU=40.7823899371
              SD=22.9368000559
         CV_RMSE=12.2305312548
      train_RMSE=5.99987800613
best grid params={'max_features': 0.5, 'max_depth': 5}
%%%%%%%%%%%%%%%%%%%%%%%%%%%%%%%%%%%%%%%%%%%%%%
                  features    coeffs
7               slate_size  0.450807
9            max_user_frac  0.152473
35             counts.sbin  0.095153
8            total_entries  0.035095
34            z.sbin.total  0.019158
28                 z.total  0.015556
2                     v_fc  0.015542
6                    total  0.012300
43  rm.05.team_total_score  0.012022
30          z.sbin.proj_mo  0.011105
25                  z.v_fc  0.010533
22                z.salary  0.010297
13            rm.05.salary  0.010075
24               z.proj_mo  0.009677
26                  z.v_mo  0.009565
0                  proj_fc  0.008870
44    rm.01.team_def_score  0.008381
47    rm.05.team_off_score  0.008321
3                     v_mo  0.007535
32             z.sbin.v_mo  0.006984
23               z.proj_fc  0.006588
1                  proj_mo  0.006012
42  rm.01.team_total_score  0.005340
29          z.sbin.proj_fc  0.005189
38     rm.01.opp_def_score  0.004593
46    rm.01.team_off_score  0.004540
31             z.sbin.v_fc  0.004427
37   rm.05.opp_total_score  0.004425
41     rm.05.opp_off_score  0.004352
27                  z.line  0.004293
45    rm.05.team_def_score  0.004023
33             z.sbin.line  0.003569
36   rm.01.opp_total_score  0.003556
12            rm.01.salary  0.003441
39     rm.05.opp_def_score  0.003438
5                     line  0.003410
10             rm.01.score  0.003262
40     rm.01.opp_off_score  0.003255
19    rm.05.val_exceeds.05  0.003030
14             rm.01.value  0.002953
15             rm.05.value  0.002194
11             rm.05.score  0.001583
21    rm.05.val_exceeds.06  0.001129
17    rm.05.val_exceeds.04  0.000713
4                   status  0.000420
16    rm.01.val_exceeds.04  0.000329
20    rm.01.val_exceeds.06  0.000306
18    rm.01.val_exceeds.05  0.000180

