/Library/Python/2.7/site-packages/sklearn/cross_validation.py:44: DeprecationWarning: This module was deprecated in version 0.18 in favor of the model_selection module into which all the refactored classes and functions are moved. Also note that the interface of the new CV iterators are different from that of this module. This module will be removed in 0.20.
  "This module will be removed in 0.20.", DeprecationWarning)
/Library/Python/2.7/site-packages/sklearn/grid_search.py:43: DeprecationWarning: This module was deprecated in version 0.18 in favor of the model_selection module into which all the refactored classes and functions are moved. This module will be removed in 0.20.
  DeprecationWarning)
here
localizing on LeBron James,len=205
<class 'pandas.core.frame.DataFrame'>
Int64Index: 159 entries, 2 to 50361
Columns: 122 entries, contest_ID to fict.proj_mu.08.050.006
dtypes: float64(111), int64(5), object(6)
memory usage: 152.8+ KB
None
0.0    152
1.0      7
Name: status, dtype: int64
**** doing estimator =  RandomForestRegressor
[Parallel(n_jobs=2)]: Done  46 tasks      | elapsed:    0.1s
[Parallel(n_jobs=2)]: Done  46 tasks      | elapsed:    0.1s
[Parallel(n_jobs=2)]: Done 196 tasks      | elapsed:    0.3s
[Parallel(n_jobs=2)]: Done 196 tasks      | elapsed:    0.3s
[Parallel(n_jobs=2)]: Done 446 tasks      | elapsed:    0.6s
[Parallel(n_jobs=2)]: Done 446 tasks      | elapsed:    0.6s
[Parallel(n_jobs=2)]: Done 796 tasks      | elapsed:    1.1s
[Parallel(n_jobs=2)]: Done 796 tasks      | elapsed:    1.1s
[Parallel(n_jobs=2)]: Done 1000 out of 1000 | elapsed:    1.4s finished
[Parallel(n_jobs=2)]: Done 1000 out of 1000 | elapsed:    1.4s finished
[Parallel(n_jobs=2)]: Done  46 tasks      | elapsed:    0.1s
[Parallel(n_jobs=2)]: Done 196 tasks      | elapsed:    0.2s
[Parallel(n_jobs=2)]: Done  46 tasks      | elapsed:    0.1s
[Parallel(n_jobs=2)]: Done 196 tasks      | elapsed:    0.2s
[Parallel(n_jobs=2)]: Done 446 tasks      | elapsed:    0.5s
[Parallel(n_jobs=2)]: Done 446 tasks      | elapsed:    0.5s
[Parallel(n_jobs=2)]: Done 796 tasks      | elapsed:    0.9s
[Parallel(n_jobs=2)]: Done 796 tasks      | elapsed:    0.9s
[Parallel(n_jobs=2)]: Done 1000 out of 1000 | elapsed:    1.2s finished
[Parallel(n_jobs=2)]: Done 1000 out of 1000 | elapsed:    1.2s finished
[Parallel(n_jobs=2)]: Done  46 tasks      | elapsed:    0.1s
[Parallel(n_jobs=2)]: Done  46 tasks      | elapsed:    0.1s
[Parallel(n_jobs=2)]: Done 196 tasks      | elapsed:    0.3s
[Parallel(n_jobs=2)]: Done 196 tasks      | elapsed:    0.3s
[Parallel(n_jobs=2)]: Done 446 tasks      | elapsed:    0.6s
[Parallel(n_jobs=2)]: Done 446 tasks      | elapsed:    0.6s
[Parallel(n_jobs=2)]: Done 796 tasks      | elapsed:    1.1s
[Parallel(n_jobs=2)]: Done 796 tasks      | elapsed:    1.1s
[Parallel(n_jobs=2)]: Done 1000 out of 1000 | elapsed:    1.4s finished
[Parallel(n_jobs=2)]: Done 1000 out of 1000 | elapsed:    1.4s finished
[Parallel(n_jobs=2)]: Done  46 tasks      | elapsed:    0.1s
[Parallel(n_jobs=2)]: Done  46 tasks      | elapsed:    0.1s
[Parallel(n_jobs=2)]: Done 196 tasks      | elapsed:    0.2s
[Parallel(n_jobs=2)]: Done 196 tasks      | elapsed:    0.2s
[Parallel(n_jobs=2)]: Done 446 tasks      | elapsed:    0.6s
[Parallel(n_jobs=2)]: Done 446 tasks      | elapsed:    0.6s
[Parallel(n_jobs=2)]: Done 796 tasks      | elapsed:    1.0s
[Parallel(n_jobs=2)]: Done 796 tasks      | elapsed:    1.0s
[Parallel(n_jobs=2)]: Done 1000 out of 1000 | elapsed:    1.3s finished
[Parallel(n_jobs=2)]: Done 1000 out of 1000 | elapsed:    1.3s finished
[Parallel(n_jobs=2)]: Done  46 tasks      | elapsed:    0.1s
[Parallel(n_jobs=2)]: Done 196 tasks      | elapsed:    0.3s
[Parallel(n_jobs=2)]: Done  46 tasks      | elapsed:    0.1s
[Parallel(n_jobs=2)]: Done 196 tasks      | elapsed:    0.3s
[Parallel(n_jobs=2)]: Done 446 tasks      | elapsed:    0.6s
[Parallel(n_jobs=2)]: Done 446 tasks      | elapsed:    0.6s
[Parallel(n_jobs=2)]: Done 796 tasks      | elapsed:    1.1s
[Parallel(n_jobs=2)]: Done 1000 out of 1000 | elapsed:    1.4s finished
[Parallel(n_jobs=2)]: Done 796 tasks      | elapsed:    1.1s
[Parallel(n_jobs=2)]: Done 1000 out of 1000 | elapsed:    1.4s finished
[Parallel(n_jobs=2)]: Done  46 tasks      | elapsed:    0.1s
[Parallel(n_jobs=2)]: Done 196 tasks      | elapsed:    0.2s
[Parallel(n_jobs=2)]: Done  46 tasks      | elapsed:    0.1s
[Parallel(n_jobs=2)]: Done 446 tasks      | elapsed:    0.5s
[Parallel(n_jobs=2)]: Done 196 tasks      | elapsed:    0.2s
[Parallel(n_jobs=2)]: Done 446 tasks      | elapsed:    0.5s
[Parallel(n_jobs=2)]: Done 796 tasks      | elapsed:    0.9s
[Parallel(n_jobs=2)]: Done 1000 out of 1000 | elapsed:    1.2s finished
[Parallel(n_jobs=2)]: Done 796 tasks      | elapsed:    1.0s
[Parallel(n_jobs=2)]: Done 1000 out of 1000 | elapsed:    1.2s finished
[Parallel(n_jobs=2)]: Done  46 tasks      | elapsed:    0.1s
[Parallel(n_jobs=2)]: Done 196 tasks      | elapsed:    0.3s
[Parallel(n_jobs=2)]: Done  46 tasks      | elapsed:    0.1s
[Parallel(n_jobs=2)]: Done 446 tasks      | elapsed:    0.6s
[Parallel(n_jobs=2)]: Done 196 tasks      | elapsed:    0.3s
[Parallel(n_jobs=2)]: Done 796 tasks      | elapsed:    1.1s
[Parallel(n_jobs=2)]: Done 446 tasks      | elapsed:    0.6s
[Parallel(n_jobs=2)]: Done 1000 out of 1000 | elapsed:    1.4s finished
[Parallel(n_jobs=2)]: Done 796 tasks      | elapsed:    1.1s
[Parallel(n_jobs=2)]: Done  46 tasks      | elapsed:    0.1s
[Parallel(n_jobs=2)]: Done 1000 out of 1000 | elapsed:    1.4s finished
[Parallel(n_jobs=2)]: Done 196 tasks      | elapsed:    0.2s
[Parallel(n_jobs=2)]: Done  46 tasks      | elapsed:    0.1s
[Parallel(n_jobs=2)]: Done 446 tasks      | elapsed:    0.5s
[Parallel(n_jobs=2)]: Done 196 tasks      | elapsed:    0.2s
[Parallel(n_jobs=2)]: Done 796 tasks      | elapsed:    1.0s
[Parallel(n_jobs=2)]: Done 446 tasks      | elapsed:    0.5s
[Parallel(n_jobs=2)]: Done 1000 out of 1000 | elapsed:    1.2s finished
[Parallel(n_jobs=2)]: Done 796 tasks      | elapsed:    1.0s
[Parallel(n_jobs=2)]: Done 1000 out of 1000 | elapsed:    1.2s finished
[Parallel(n_jobs=2)]: Done  46 tasks      | elapsed:    0.1s
[Parallel(n_jobs=2)]: Done 196 tasks      | elapsed:    0.3s
[Parallel(n_jobs=2)]: Done  46 tasks      | elapsed:    0.1s
[Parallel(n_jobs=2)]: Done 196 tasks      | elapsed:    0.3s
[Parallel(n_jobs=2)]: Done 446 tasks      | elapsed:    0.6s
[Parallel(n_jobs=2)]: Done 446 tasks      | elapsed:    0.6s
[Parallel(n_jobs=2)]: Done 796 tasks      | elapsed:    1.1s
[Parallel(n_jobs=2)]: Done 1000 out of 1000 | elapsed:    1.4s finished
[Parallel(n_jobs=2)]: Done 796 tasks      | elapsed:    1.1s
[Parallel(n_jobs=2)]: Done  46 tasks      | elapsed:    0.1s
[Parallel(n_jobs=2)]: Done 1000 out of 1000 | elapsed:    1.4s finished
[Parallel(n_jobs=2)]: Done 196 tasks      | elapsed:    0.2s
[Parallel(n_jobs=2)]: Done  46 tasks      | elapsed:    0.1s
[Parallel(n_jobs=2)]: Done 446 tasks      | elapsed:    0.5s
[Parallel(n_jobs=2)]: Done 196 tasks      | elapsed:    0.2s
[Parallel(n_jobs=2)]: Done 446 tasks      | elapsed:    0.5s
[Parallel(n_jobs=2)]: Done 796 tasks      | elapsed:    1.0s
[Parallel(n_jobs=2)]: Done 1000 out of 1000 | elapsed:    1.2s finished
[Parallel(n_jobs=2)]: Done 796 tasks      | elapsed:    1.0s
[Parallel(n_jobs=2)]: Done 1000 out of 1000 | elapsed:    1.2s finished
[Parallel(n_jobs=2)]: Done  46 tasks      | elapsed:    0.1s
[Parallel(n_jobs=2)]: Done 196 tasks      | elapsed:    0.3s
[Parallel(n_jobs=2)]: Done 446 tasks      | elapsed:    0.6s
[Parallel(n_jobs=2)]: Done  46 tasks      | elapsed:    0.1s
[Parallel(n_jobs=2)]: Done 196 tasks      | elapsed:    0.3s
[Parallel(n_jobs=2)]: Done 796 tasks      | elapsed:    1.1s
[Parallel(n_jobs=2)]: Done 446 tasks      | elapsed:    0.6s
[Parallel(n_jobs=2)]: Done 1000 out of 1000 | elapsed:    1.4s finished
[Parallel(n_jobs=2)]: Done  46 tasks      | elapsed:    0.1s
[Parallel(n_jobs=2)]: Done 796 tasks      | elapsed:    1.1s
[Parallel(n_jobs=2)]: Done 196 tasks      | elapsed:    0.2s
[Parallel(n_jobs=2)]: Done 1000 out of 1000 | elapsed:    1.4s finished
[Parallel(n_jobs=2)]: Done 446 tasks      | elapsed:    0.5s
[Parallel(n_jobs=2)]: Done  46 tasks      | elapsed:    0.1s
[Parallel(n_jobs=2)]: Done 196 tasks      | elapsed:    0.2s
[Parallel(n_jobs=2)]: Done 796 tasks      | elapsed:    1.0s
[Parallel(n_jobs=2)]: Done 446 tasks      | elapsed:    0.5s
[Parallel(n_jobs=2)]: Done 1000 out of 1000 | elapsed:    1.2s finished
[Parallel(n_jobs=2)]: Done 796 tasks      | elapsed:    1.0s
[Parallel(n_jobs=2)]: Done 1000 out of 1000 | elapsed:    1.2s finished
[Parallel(n_jobs=2)]: Done  46 tasks      | elapsed:    0.1s
[Parallel(n_jobs=2)]: Done 196 tasks      | elapsed:    0.3s
[Parallel(n_jobs=2)]: Done 446 tasks      | elapsed:    0.6s
[Parallel(n_jobs=2)]: Done  46 tasks      | elapsed:    0.1s
[Parallel(n_jobs=2)]: Done 196 tasks      | elapsed:    0.3s
[Parallel(n_jobs=2)]: Done 796 tasks      | elapsed:    1.2s
[Parallel(n_jobs=2)]: Done 446 tasks      | elapsed:    0.6s
[Parallel(n_jobs=2)]: Done 1000 out of 1000 | elapsed:    1.5s finished
[Parallel(n_jobs=2)]: Done  46 tasks      | elapsed:    0.1s
[Parallel(n_jobs=2)]: Done 796 tasks      | elapsed:    1.1s
[Parallel(n_jobs=2)]: Done 196 tasks      | elapsed:    0.2s
[Parallel(n_jobs=2)]: Done 1000 out of 1000 | elapsed:    1.4s finished
[Parallel(n_jobs=2)]: Done 446 tasks      | elapsed:    0.5s
[Parallel(n_jobs=2)]: Done  46 tasks      | elapsed:    0.1s
[Parallel(n_jobs=2)]: Done 196 tasks      | elapsed:    0.2s
[Parallel(n_jobs=2)]: Done 796 tasks      | elapsed:    0.9s
[Parallel(n_jobs=2)]: Done 446 tasks      | elapsed:    0.5s
[Parallel(n_jobs=2)]: Done 1000 out of 1000 | elapsed:    1.2s finished
[Parallel(n_jobs=2)]: Done 796 tasks      | elapsed:    1.0s
[Parallel(n_jobs=2)]: Done 1000 out of 1000 | elapsed:    1.2s finished
[Parallel(n_jobs=2)]: Done  46 tasks      | elapsed:    0.1s
[Parallel(n_jobs=2)]: Done 196 tasks      | elapsed:    0.3s
[Parallel(n_jobs=2)]: Done 446 tasks      | elapsed:    0.7s
[Parallel(n_jobs=2)]: Done  46 tasks      | elapsed:    0.1s
[Parallel(n_jobs=2)]: Done 196 tasks      | elapsed:    0.3s
[Parallel(n_jobs=2)]: Done 796 tasks      | elapsed:    1.2s
[Parallel(n_jobs=2)]: Done 1000 out of 1000 | elapsed:    1.5s finished
[Parallel(n_jobs=2)]: Done 446 tasks      | elapsed:    0.6s
[Parallel(n_jobs=2)]: Done  46 tasks      | elapsed:    0.1s
[Parallel(n_jobs=2)]: Done 796 tasks      | elapsed:    1.1s
[Parallel(n_jobs=2)]: Done 196 tasks      | elapsed:    0.2s
[Parallel(n_jobs=2)]: Done 1000 out of 1000 | elapsed:    1.4s finished
[Parallel(n_jobs=2)]: Done 446 tasks      | elapsed:    0.5s
[Parallel(n_jobs=2)]: Done  46 tasks      | elapsed:    0.1s
[Parallel(n_jobs=2)]: Done 796 tasks      | elapsed:    1.0s
[Parallel(n_jobs=2)]: Done 196 tasks      | elapsed:    0.2s
[Parallel(n_jobs=2)]: Done 1000 out of 1000 | elapsed:    1.2s finished
[Parallel(n_jobs=2)]: Done 446 tasks      | elapsed:    0.6s
[Parallel(n_jobs=2)]: Done 796 tasks      | elapsed:    1.0s
[Parallel(n_jobs=2)]: Done 1000 out of 1000 | elapsed:    1.2s finished
[Parallel(n_jobs=2)]: Done  46 tasks      | elapsed:    0.1s
[Parallel(n_jobs=2)]: Done 196 tasks      | elapsed:    0.3s
[Parallel(n_jobs=2)]: Done 446 tasks      | elapsed:    0.6s
[Parallel(n_jobs=2)]: Done  46 tasks      | elapsed:    0.1s
[Parallel(n_jobs=2)]: Done 796 tasks      | elapsed:    1.1s
[Parallel(n_jobs=2)]: Done 196 tasks      | elapsed:    0.3s
[Parallel(n_jobs=2)]: Done 1000 out of 1000 | elapsed:    1.4s finished
[Parallel(n_jobs=2)]: Done 446 tasks      | elapsed:    0.6s
[Parallel(n_jobs=2)]: Done  46 tasks      | elapsed:    0.1s
[Parallel(n_jobs=2)]: Done 196 tasks      | elapsed:    0.2s
[Parallel(n_jobs=2)]: Done 796 tasks      | elapsed:    1.1s
[Parallel(n_jobs=2)]: Done 446 tasks      | elapsed:    0.5s
[Parallel(n_jobs=2)]: Done 1000 out of 1000 | elapsed:    1.4s finished
[Parallel(n_jobs=2)]: Done  46 tasks      | elapsed:    0.1s
[Parallel(n_jobs=2)]: Done 796 tasks      | elapsed:    1.0s
[Parallel(n_jobs=2)]: Done 196 tasks      | elapsed:    0.2s
[Parallel(n_jobs=2)]: Done 1000 out of 1000 | elapsed:    1.2s finished
[Parallel(n_jobs=2)]: Done 446 tasks      | elapsed:    0.5s
[Parallel(n_jobs=2)]: Done 796 tasks      | elapsed:    1.0s
[Parallel(n_jobs=2)]: Done 1000 out of 1000 | elapsed:    1.2s finished
[Parallel(n_jobs=2)]: Done  46 tasks      | elapsed:    0.1s
[Parallel(n_jobs=2)]: Done 196 tasks      | elapsed:    0.3s
[Parallel(n_jobs=2)]: Done 446 tasks      | elapsed:    0.6s
[Parallel(n_jobs=2)]: Done  46 tasks      | elapsed:    0.1s
[Parallel(n_jobs=2)]: Done 196 tasks      | elapsed:    0.3s
[Parallel(n_jobs=2)]: Done 796 tasks      | elapsed:    1.1s
[Parallel(n_jobs=2)]: Done 446 tasks      | elapsed:    0.6s
[Parallel(n_jobs=2)]: Done 1000 out of 1000 | elapsed:    1.4s finished
[Parallel(n_jobs=2)]: Done  46 tasks      | elapsed:    0.1s
[Parallel(n_jobs=2)]: Done 796 tasks      | elapsed:    1.1s
[Parallel(n_jobs=2)]: Done 196 tasks      | elapsed:    0.2s
[Parallel(n_jobs=2)]: Done 1000 out of 1000 | elapsed:    1.4s finished
[Parallel(n_jobs=2)]: Done 446 tasks      | elapsed:    0.6s
[Parallel(n_jobs=2)]: Done  46 tasks      | elapsed:    0.1s
[Parallel(n_jobs=2)]: Done 196 tasks      | elapsed:    0.2s
[Parallel(n_jobs=2)]: Done 796 tasks      | elapsed:    1.0s
[Parallel(n_jobs=2)]: Done 446 tasks      | elapsed:    0.5s
[Parallel(n_jobs=2)]: Done 1000 out of 1000 | elapsed:    1.2s finished
[Parallel(n_jobs=2)]: Done 796 tasks      | elapsed:    1.0s
[Parallel(n_jobs=2)]: Done 1000 out of 1000 | elapsed:    1.2s finished
[Parallel(n_jobs=2)]: Done  46 tasks      | elapsed:    0.1s
[Parallel(n_jobs=2)]: Done 196 tasks      | elapsed:    0.3s
[Parallel(n_jobs=2)]: Done 446 tasks      | elapsed:    0.6s
[Parallel(n_jobs=2)]: Done  46 tasks      | elapsed:    0.1s
[Parallel(n_jobs=2)]: Done 196 tasks      | elapsed:    0.3s
[Parallel(n_jobs=2)]: Done 796 tasks      | elapsed:    1.1s
[Parallel(n_jobs=2)]: Done 446 tasks      | elapsed:    0.6s
[Parallel(n_jobs=2)]: Done 1000 out of 1000 | elapsed:    1.4s finished
[Parallel(n_jobs=2)]: Done 796 tasks      | elapsed:    1.1s
[Parallel(n_jobs=2)]: Done  46 tasks      | elapsed:    0.1s
[Parallel(n_jobs=2)]: Done 196 tasks      | elapsed:    0.2s
[Parallel(n_jobs=2)]: Done 1000 out of 1000 | elapsed:    1.4s finished
[Parallel(n_jobs=2)]: Done 446 tasks      | elapsed:    0.5s
[Parallel(n_jobs=2)]: Done  46 tasks      | elapsed:    0.1s
[Parallel(n_jobs=2)]: Done 196 tasks      | elapsed:    0.2s
[Parallel(n_jobs=2)]: Done 796 tasks      | elapsed:    1.0s
[Parallel(n_jobs=2)]: Done 446 tasks      | elapsed:    0.6s
[Parallel(n_jobs=2)]: Done 1000 out of 1000 | elapsed:    1.2s finished
[Parallel(n_jobs=2)]: Done 796 tasks      | elapsed:    1.0s
[Parallel(n_jobs=2)]: Done 1000 out of 1000 | elapsed:    1.2s finished
[Parallel(n_jobs=2)]: Done  46 tasks      | elapsed:    0.1s
[Parallel(n_jobs=2)]: Done 196 tasks      | elapsed:    0.3s
[Parallel(n_jobs=2)]: Done  46 tasks      | elapsed:    0.1s
[Parallel(n_jobs=2)]: Done 446 tasks      | elapsed:    0.6s
[Parallel(n_jobs=2)]: Done 196 tasks      | elapsed:    0.3s
[Parallel(n_jobs=2)]: Done 796 tasks      | elapsed:    1.1s
[Parallel(n_jobs=2)]: Done 446 tasks      | elapsed:    0.6s
[Parallel(n_jobs=2)]: Done 1000 out of 1000 | elapsed:    1.4s finished
[Parallel(n_jobs=2)]: Done 796 tasks      | elapsed:    1.1s
[Parallel(n_jobs=2)]: Done  46 tasks      | elapsed:    0.1s
[Parallel(n_jobs=2)]: Done 196 tasks      | elapsed:    0.2s
[Parallel(n_jobs=2)]: Done 1000 out of 1000 | elapsed:    1.4s finished
[Parallel(n_jobs=2)]: Done 446 tasks      | elapsed:    0.6s
[Parallel(n_jobs=2)]: Done  46 tasks      | elapsed:    0.1s
[Parallel(n_jobs=2)]: Done 196 tasks      | elapsed:    0.2s
[Parallel(n_jobs=2)]: Done 796 tasks      | elapsed:    1.0s
[Parallel(n_jobs=2)]: Done 446 tasks      | elapsed:    0.5s
[Parallel(n_jobs=2)]: Done 1000 out of 1000 | elapsed:    1.2s finished
[Parallel(n_jobs=2)]: Done 796 tasks      | elapsed:    1.0s
[Parallel(n_jobs=2)]: Done 1000 out of 1000 | elapsed:    1.2s finished
[Parallel(n_jobs=2)]: Done  46 tasks      | elapsed:    0.1s
[Parallel(n_jobs=2)]: Done 196 tasks      | elapsed:    0.3s
[Parallel(n_jobs=2)]: Done 446 tasks      | elapsed:    0.6s
[Parallel(n_jobs=2)]: Done  46 tasks      | elapsed:    0.1s
[Parallel(n_jobs=2)]: Done 196 tasks      | elapsed:    0.3s
[Parallel(n_jobs=2)]: Done 796 tasks      | elapsed:    1.1s
[Parallel(n_jobs=2)]: Done 446 tasks      | elapsed:    0.7s
[Parallel(n_jobs=2)]: Done 1000 out of 1000 | elapsed:    1.4s finished
[Parallel(n_jobs=2)]: Done  46 tasks      | elapsed:    0.1s
[Parallel(n_jobs=2)]: Done 196 tasks      | elapsed:    0.2s
[Parallel(n_jobs=2)]: Done 796 tasks      | elapsed:    1.3s
[Parallel(n_jobs=2)]: Done 446 tasks      | elapsed:    0.5s
[Parallel(n_jobs=2)]: Done 1000 out of 1000 | elapsed:    1.6s finished
[Parallel(n_jobs=2)]: Done  46 tasks      | elapsed:    0.1s
[Parallel(n_jobs=2)]: Done 796 tasks      | elapsed:    1.0s
[Parallel(n_jobs=2)]: Done 196 tasks      | elapsed:    0.2s
[Parallel(n_jobs=2)]: Done 1000 out of 1000 | elapsed:    1.2s finished
[Parallel(n_jobs=2)]: Done 446 tasks      | elapsed:    0.5s
[Parallel(n_jobs=2)]: Done 796 tasks      | elapsed:    1.0s
[Parallel(n_jobs=2)]: Done 1000 out of 1000 | elapsed:    1.2s finished
[Parallel(n_jobs=2)]: Done  46 tasks      | elapsed:    0.1s
[Parallel(n_jobs=2)]: Done 196 tasks      | elapsed:    0.3s
[Parallel(n_jobs=2)]: Done 446 tasks      | elapsed:    0.7s
[Parallel(n_jobs=2)]: Done  46 tasks      | elapsed:    0.1s
[Parallel(n_jobs=2)]: Done 796 tasks      | elapsed:    1.3s
[Parallel(n_jobs=2)]: Done 196 tasks      | elapsed:    0.3s
[Parallel(n_jobs=2)]: Done 1000 out of 1000 | elapsed:    1.6s finished
[Parallel(n_jobs=2)]: Done 446 tasks      | elapsed:    0.7s
[Parallel(n_jobs=2)]: Done  46 tasks      | elapsed:    0.1s
[Parallel(n_jobs=2)]: Done 196 tasks      | elapsed:    0.3s
[Parallel(n_jobs=2)]: Done 796 tasks      | elapsed:    1.2s
[Parallel(n_jobs=2)]: Done 446 tasks      | elapsed:    0.6s
[Parallel(n_jobs=2)]: Done 1000 out of 1000 | elapsed:    1.6s finished
[Parallel(n_jobs=2)]: Done  46 tasks      | elapsed:    0.1s
[Parallel(n_jobs=2)]: Done 796 tasks      | elapsed:    1.0s
[Parallel(n_jobs=2)]: Done 196 tasks      | elapsed:    0.2s
[Parallel(n_jobs=2)]: Done 1000 out of 1000 | elapsed:    1.2s finished
[Parallel(n_jobs=2)]: Done 446 tasks      | elapsed:    0.5s
[Parallel(n_jobs=2)]: Done 796 tasks      | elapsed:    0.9s
[Parallel(n_jobs=2)]: Done 1000 out of 1000 | elapsed:    1.2s finished
[Parallel(n_jobs=2)]: Done  46 tasks      | elapsed:    0.1s
[Parallel(n_jobs=2)]: Done 196 tasks      | elapsed:    0.3s
[Parallel(n_jobs=2)]: Done 446 tasks      | elapsed:    0.7s
[Parallel(n_jobs=2)]: Done  46 tasks      | elapsed:    0.1s
[Parallel(n_jobs=2)]: Done 196 tasks      | elapsed:    0.3s
[Parallel(n_jobs=2)]: Done 796 tasks      | elapsed:    1.2s
[Parallel(n_jobs=2)]: Done 446 tasks      | elapsed:    0.7s
[Parallel(n_jobs=2)]: Done 1000 out of 1000 | elapsed:    1.6s finished
[Parallel(n_jobs=2)]: Done  46 tasks      | elapsed:    0.1s
[Parallel(n_jobs=2)]: Done 196 tasks      | elapsed:    0.2s
[Parallel(n_jobs=2)]: Done 796 tasks      | elapsed:    1.3s
[Parallel(n_jobs=2)]: Done 446 tasks      | elapsed:    0.6s
[Parallel(n_jobs=2)]: Done 1000 out of 1000 | elapsed:    1.6s finished
[Parallel(n_jobs=2)]: Done  46 tasks      | elapsed:    0.1s
[Parallel(n_jobs=2)]: Done 796 tasks      | elapsed:    1.0s
[Parallel(n_jobs=2)]: Done 196 tasks      | elapsed:    0.2s
[Parallel(n_jobs=2)]: Done 1000 out of 1000 | elapsed:    1.2s finished
[Parallel(n_jobs=2)]: Done 446 tasks      | elapsed:    0.5s
[Parallel(n_jobs=2)]: Done 796 tasks      | elapsed:    0.9s
[Parallel(n_jobs=2)]: Done 1000 out of 1000 | elapsed:    1.2s finished
[Parallel(n_jobs=2)]: Done  46 tasks      | elapsed:    0.1s
[Parallel(n_jobs=2)]: Done 196 tasks      | elapsed:    0.3s
[Parallel(n_jobs=2)]: Done 446 tasks      | elapsed:    0.6s
[Parallel(n_jobs=2)]: Done  46 tasks      | elapsed:    0.1s
[Parallel(n_jobs=2)]: Done 196 tasks      | elapsed:    0.3s
[Parallel(n_jobs=2)]: Done 796 tasks      | elapsed:    1.1s
[Parallel(n_jobs=2)]: Done 446 tasks      | elapsed:    0.6s
[Parallel(n_jobs=2)]: Done 1000 out of 1000 | elapsed:    1.4s finished
[Parallel(n_jobs=2)]: Done  46 tasks      | elapsed:    0.1s
[Parallel(n_jobs=2)]: Done 796 tasks      | elapsed:    1.1s
[Parallel(n_jobs=2)]: Done 196 tasks      | elapsed:    0.3s
[Parallel(n_jobs=2)]: Done 1000 out of 1000 | elapsed:    1.4s finished
[Parallel(n_jobs=2)]: Done 446 tasks      | elapsed:    0.6s
[Parallel(n_jobs=2)]: Done  46 tasks      | elapsed:    0.1s
[Parallel(n_jobs=2)]: Done 196 tasks      | elapsed:    0.2s
[Parallel(n_jobs=2)]: Done 796 tasks      | elapsed:    1.0s
[Parallel(n_jobs=2)]: Done 446 tasks      | elapsed:    0.5s
[Parallel(n_jobs=2)]: Done 1000 out of 1000 | elapsed:    1.3s finished
[Parallel(n_jobs=2)]: Done 796 tasks      | elapsed:    1.0s
[Parallel(n_jobs=2)]: Done 1000 out of 1000 | elapsed:    1.2s finished
[Parallel(n_jobs=2)]: Done  46 tasks      | elapsed:    0.1s
[Parallel(n_jobs=2)]: Done 196 tasks      | elapsed:    0.3s
[Parallel(n_jobs=2)]: Done 446 tasks      | elapsed:    0.6s
[Parallel(n_jobs=2)]: Done  46 tasks      | elapsed:    0.1s
[Parallel(n_jobs=2)]: Done 796 tasks      | elapsed:    1.1s
[Parallel(n_jobs=2)]: Done 196 tasks      | elapsed:    0.3s
[Parallel(n_jobs=2)]: Done 1000 out of 1000 | elapsed:    1.4s finished
[Parallel(n_jobs=2)]: Done 446 tasks      | elapsed:    0.6s
[Parallel(n_jobs=2)]: Done  46 tasks      | elapsed:    0.1s
[Parallel(n_jobs=2)]: Done 796 tasks      | elapsed:    1.1s
[Parallel(n_jobs=2)]: Done 196 tasks      | elapsed:    0.2s
[Parallel(n_jobs=2)]: Done 1000 out of 1000 | elapsed:    1.4s finished
[Parallel(n_jobs=2)]: Done 446 tasks      | elapsed:    0.5s
[Parallel(n_jobs=2)]: Done  46 tasks      | elapsed:    0.1s
[Parallel(n_jobs=2)]: Done 796 tasks      | elapsed:    1.0s
[Parallel(n_jobs=2)]: Done 196 tasks      | elapsed:    0.2s
[Parallel(n_jobs=2)]: Done 1000 out of 1000 | elapsed:    1.2s finished
[Parallel(n_jobs=2)]: Done 446 tasks      | elapsed:    0.5s
[Parallel(n_jobs=2)]: Done 796 tasks      | elapsed:    0.9s
[Parallel(n_jobs=2)]: Done 1000 out of 1000 | elapsed:    1.2s finished
[Parallel(n_jobs=2)]: Done  46 tasks      | elapsed:    0.1s
[Parallel(n_jobs=2)]: Done 196 tasks      | elapsed:    0.3s
[Parallel(n_jobs=2)]: Done 446 tasks      | elapsed:    0.6s
[Parallel(n_jobs=2)]: Done  46 tasks      | elapsed:    0.1s
[Parallel(n_jobs=2)]: Done 196 tasks      | elapsed:    0.3s
[Parallel(n_jobs=2)]: Done 796 tasks      | elapsed:    1.1s
[Parallel(n_jobs=2)]: Done 446 tasks      | elapsed:    0.6s
[Parallel(n_jobs=2)]: Done 1000 out of 1000 | elapsed:    1.4s finished
[Parallel(n_jobs=2)]: Done 796 tasks      | elapsed:    1.1s
[Parallel(n_jobs=2)]: Done  46 tasks      | elapsed:    0.1s
[Parallel(n_jobs=2)]: Done 196 tasks      | elapsed:    0.3s
[Parallel(n_jobs=2)]: Done 1000 out of 1000 | elapsed:    1.5s finished
[Parallel(n_jobs=2)]: Done 446 tasks      | elapsed:    0.6s
[Parallel(n_jobs=2)]: Done  46 tasks      | elapsed:    0.1s
[Parallel(n_jobs=2)]: Done 196 tasks      | elapsed:    0.2s
[Parallel(n_jobs=2)]: Done 796 tasks      | elapsed:    1.0s
[Parallel(n_jobs=2)]: Done 446 tasks      | elapsed:    0.5s
[Parallel(n_jobs=2)]: Done 1000 out of 1000 | elapsed:    1.3s finished
[Parallel(n_jobs=2)]: Done 796 tasks      | elapsed:    1.0s
[Parallel(n_jobs=2)]: Done 1000 out of 1000 | elapsed:    1.2s finished
[Parallel(n_jobs=2)]: Done  46 tasks      | elapsed:    0.1s
[Parallel(n_jobs=2)]: Done 196 tasks      | elapsed:    0.3s
[Parallel(n_jobs=2)]: Done 446 tasks      | elapsed:    0.6s
[Parallel(n_jobs=2)]: Done  46 tasks      | elapsed:    0.1s
[Parallel(n_jobs=2)]: Done 196 tasks      | elapsed:    0.3s
[Parallel(n_jobs=2)]: Done 796 tasks      | elapsed:    1.1s
[Parallel(n_jobs=2)]: Done 446 tasks      | elapsed:    0.6s
[Parallel(n_jobs=2)]: Done 1000 out of 1000 | elapsed:    1.4s finished
[Parallel(n_jobs=2)]: Done  46 tasks      | elapsed:    0.1s
[Parallel(n_jobs=2)]: Done 796 tasks      | elapsed:    1.1s
[Parallel(n_jobs=2)]: Done 196 tasks      | elapsed:    0.2s
[Parallel(n_jobs=2)]: Done 1000 out of 1000 | elapsed:    1.4s finished
[Parallel(n_jobs=2)]: Done 446 tasks      | elapsed:    0.5s
[Parallel(n_jobs=2)]: Done  46 tasks      | elapsed:    0.1s
[Parallel(n_jobs=2)]: Done 196 tasks      | elapsed:    0.2s
[Parallel(n_jobs=2)]: Done 796 tasks      | elapsed:    1.0s
[Parallel(n_jobs=2)]: Done 446 tasks      | elapsed:    0.5s
[Parallel(n_jobs=2)]: Done 1000 out of 1000 | elapsed:    1.2s finished
[Parallel(n_jobs=2)]: Done 796 tasks      | elapsed:    0.9s
[Parallel(n_jobs=2)]: Done 1000 out of 1000 | elapsed:    1.2s finished
[Parallel(n_jobs=2)]: Done  46 tasks      | elapsed:    0.1s
[Parallel(n_jobs=2)]: Done 196 tasks      | elapsed:    0.3s
[Parallel(n_jobs=2)]: Done 446 tasks      | elapsed:    0.6s
[Parallel(n_jobs=2)]: Done  46 tasks      | elapsed:    0.1s
[Parallel(n_jobs=2)]: Done 196 tasks      | elapsed:    0.3s
[Parallel(n_jobs=2)]: Done 796 tasks      | elapsed:    1.1s
[Parallel(n_jobs=2)]: Done 446 tasks      | elapsed:    0.6s
[Parallel(n_jobs=2)]: Done 1000 out of 1000 | elapsed:    1.4s finished
[Parallel(n_jobs=2)]: Done  46 tasks      | elapsed:    0.1s
[Parallel(n_jobs=2)]: Done 796 tasks      | elapsed:    1.1s
[Parallel(n_jobs=2)]: Done 196 tasks      | elapsed:    0.2s
[Parallel(n_jobs=2)]: Done 1000 out of 1000 | elapsed:    1.5s finished
[Parallel(n_jobs=2)]: Done 446 tasks      | elapsed:    0.5s
[Parallel(n_jobs=2)]: Done  46 tasks      | elapsed:    0.1s
[Parallel(n_jobs=2)]: Done 796 tasks      | elapsed:    1.0s
[Parallel(n_jobs=2)]: Done 196 tasks      | elapsed:    0.2s
[Parallel(n_jobs=2)]: Done 1000 out of 1000 | elapsed:    1.2s finished
[Parallel(n_jobs=2)]: Done 446 tasks      | elapsed:    0.5s
[Parallel(n_jobs=2)]: Done 796 tasks      | elapsed:    1.0s
[Parallel(n_jobs=2)]: Done 1000 out of 1000 | elapsed:    1.2s finished
[Parallel(n_jobs=2)]: Done  46 tasks      | elapsed:    0.1s
[Parallel(n_jobs=2)]: Done 196 tasks      | elapsed:    0.3s
[Parallel(n_jobs=2)]: Done 446 tasks      | elapsed:    0.8s
[Parallel(n_jobs=2)]: Done  46 tasks      | elapsed:    0.1s
[Parallel(n_jobs=2)]: Done 196 tasks      | elapsed:    0.3s
[Parallel(n_jobs=2)]: Done 796 tasks      | elapsed:    1.3s
[Parallel(n_jobs=2)]: Done 446 tasks      | elapsed:    0.7s
[Parallel(n_jobs=2)]: Done 1000 out of 1000 | elapsed:    1.6s finished
[Parallel(n_jobs=2)]: Done  46 tasks      | elapsed:    0.1s
[Parallel(n_jobs=2)]: Done 796 tasks      | elapsed:    1.3s
[Parallel(n_jobs=2)]: Done 196 tasks      | elapsed:    0.2s
[Parallel(n_jobs=2)]: Done 446 tasks      | elapsed:    0.5s
[Parallel(n_jobs=2)]: Done 1000 out of 1000 | elapsed:    1.7s finished
[Parallel(n_jobs=2)]: Done  46 tasks      | elapsed:    0.1s
[Parallel(n_jobs=2)]: Done 796 tasks      | elapsed:    0.9s
[Parallel(n_jobs=2)]: Done 196 tasks      | elapsed:    0.2s
[Parallel(n_jobs=2)]: Done 1000 out of 1000 | elapsed:    1.2s finished
[Parallel(n_jobs=2)]: Done 446 tasks      | elapsed:    0.5s
[Parallel(n_jobs=2)]: Done 796 tasks      | elapsed:    0.9s
[Parallel(n_jobs=2)]: Done 1000 out of 1000 | elapsed:    1.2s finished
[Parallel(n_jobs=2)]: Done  46 tasks      | elapsed:    0.1s
[Parallel(n_jobs=2)]: Done 196 tasks      | elapsed:    0.3s
[Parallel(n_jobs=2)]: Done  46 tasks      | elapsed:    0.1s
[Parallel(n_jobs=2)]: Done 196 tasks      | elapsed:    0.3s
[Parallel(n_jobs=2)]: Done 446 tasks      | elapsed:    0.7s
[Parallel(n_jobs=2)]: Done 446 tasks      | elapsed:    0.7s
[Parallel(n_jobs=2)]: Done 796 tasks      | elapsed:    1.3s
[Parallel(n_jobs=2)]: Done 1000 out of 1000 | elapsed:    1.6s finished
[Parallel(n_jobs=2)]: Done 796 tasks      | elapsed:    1.3s
[Parallel(n_jobs=2)]: Done  46 tasks      | elapsed:    0.1s
[Parallel(n_jobs=2)]: Done 1000 out of 1000 | elapsed:    1.6s finished
[Parallel(n_jobs=2)]: Done 196 tasks      | elapsed:    0.3s
[Parallel(n_jobs=2)]: Done  46 tasks      | elapsed:    0.1s
[Parallel(n_jobs=2)]: Done 446 tasks      | elapsed:    0.6s
[Parallel(n_jobs=2)]: Done 196 tasks      | elapsed:    0.2s
[Parallel(n_jobs=2)]: Done 796 tasks      | elapsed:    1.0s
[Parallel(n_jobs=2)]: Done 446 tasks      | elapsed:    0.5s
[Parallel(n_jobs=2)]: Done 1000 out of 1000 | elapsed:    1.3s finished
[Parallel(n_jobs=2)]: Done 796 tasks      | elapsed:    1.0s
[Parallel(n_jobs=2)]: Done 1000 out of 1000 | elapsed:    1.2s finished
[Parallel(n_jobs=2)]: Done  46 tasks      | elapsed:    0.1s
[Parallel(n_jobs=2)]: Done 196 tasks      | elapsed:    0.3s
[Parallel(n_jobs=2)]: Done 446 tasks      | elapsed:    0.7s
[Parallel(n_jobs=2)]: Done 796 tasks      | elapsed:    1.3s
[Parallel(n_jobs=2)]: Done 1000 out of 1000 | elapsed:    1.7s finished
[Parallel(n_jobs=2)]: Done  46 tasks      | elapsed:    0.1s
[Parallel(n_jobs=2)]: Done 196 tasks      | elapsed:    0.2s
[Parallel(n_jobs=2)]: Done 446 tasks      | elapsed:    0.5s
[Parallel(n_jobs=2)]: Done 796 tasks      | elapsed:    0.9s
[Parallel(n_jobs=2)]: Done 1000 out of 1000 | elapsed:    1.2s finished
[Parallel(n_jobs=2)]: Done  46 tasks      | elapsed:    0.1s
[Parallel(n_jobs=2)]: Done 196 tasks      | elapsed:    0.3s
[Parallel(n_jobs=2)]: Done 446 tasks      | elapsed:    0.6s
[Parallel(n_jobs=2)]: Done 796 tasks      | elapsed:    1.1s
[Parallel(n_jobs=2)]: Done 1000 out of 1000 | elapsed:    1.4s finished
[Parallel(n_jobs=2)]: Done  46 tasks      | elapsed:    0.1s
[Parallel(n_jobs=2)]: Done 196 tasks      | elapsed:    0.3s
[Parallel(n_jobs=2)]: Done 446 tasks      | elapsed:    0.6s
[Parallel(n_jobs=2)]: Done 796 tasks      | elapsed:    1.1s
[Parallel(n_jobs=2)]: Done 1000 out of 1000 | elapsed:    1.4s finished
[Parallel(n_jobs=2)]: Done  46 tasks      | elapsed:    0.1s
[Parallel(n_jobs=2)]: Done 196 tasks      | elapsed:    0.2s
[Parallel(n_jobs=2)]: Done 446 tasks      | elapsed:    0.5s
[Parallel(n_jobs=2)]: Done 796 tasks      | elapsed:    1.0s
[Parallel(n_jobs=2)]: Done 1000 out of 1000 | elapsed:    1.2s finished
model.py:56: FutureWarning: sort(columns=....) is deprecated, use sort_values(by=.....)
  lmfdf.sort('coeffs',ascending=False,inplace=True)
************best params- {'max_features': 0.25, 'max_depth': 10}
%%%%%%%%%%%%%%% error dist %%%%%%%%%%%%%%%%%%%
               n=159
              MU=40.7823899371
              SD=22.9368000559
         CV_RMSE=10.6635210866
      train_RMSE=3.93985004368
best grid params={'max_features': 0.25, 'max_depth': 10}
%%%%%%%%%%%%%%%%%%%%%%%%%%%%%%%%%%%%%%%%%%%%%%
                   features    coeffs
7                slate_size  0.222399
9             max_user_frac  0.109336
67  fict.proj_mu.03.025.006  0.087411
35              counts.sbin  0.085846
57  fict.proj_mo.03.025.006  0.071681
68  fict.proj_mu.04.025.006  0.025516
8             total_entries  0.021405
48  fict.proj_fc.04.025.006  0.020137
58  fict.proj_mo.04.025.006  0.016819
71  fict.proj_mu.06.050.006  0.013444
66  fict.proj_mo.08.050.006  0.012994
62  fict.proj_mo.07.025.006  0.012353
3                      v_mo  0.012274
59  fict.proj_mo.05.025.006  0.011970
63  fict.proj_mo.07.050.006  0.011109
69  fict.proj_mu.05.025.006  0.010382
60  fict.proj_mo.06.025.006  0.010074
65  fict.proj_mo.08.025.006  0.009322
51  fict.proj_fc.06.050.006  0.008780
52  fict.proj_fc.07.025.006  0.008692
53  fict.proj_fc.07.050.006  0.008634
2                      v_fc  0.008229
1                   proj_mo  0.008195
61  fict.proj_mo.06.050.006  0.007758
56  fict.proj_fc.08.050.006  0.007326
49  fict.proj_fc.05.025.006  0.007201
23                z.proj_fc  0.007171
25                   z.v_fc  0.007162
22                 z.salary  0.007050
34             z.sbin.total  0.006829
..                      ...       ...
47     rm.05.team_off_score  0.003557
45     rm.05.team_def_score  0.003461
26                   z.v_mo  0.003409
33              z.sbin.line  0.003284
36    rm.01.opp_total_score  0.003034
27                   z.line  0.002795
55  fict.proj_fc.08.025.006  0.002725
14              rm.01.value  0.002683
75  fict.proj_mu.08.050.006  0.002612
12             rm.01.salary  0.002569
40      rm.01.opp_off_score  0.002558
46     rm.01.team_off_score  0.002515
5                      line  0.002465
15              rm.05.value  0.002434
10              rm.01.score  0.002355
74  fict.proj_mu.08.025.006  0.002322
38      rm.01.opp_def_score  0.002320
11              rm.05.score  0.002197
42   rm.01.team_total_score  0.002191
64  fict.proj_mo.08.001.006  0.002018
72  fict.proj_mu.07.025.006  0.001900
19     rm.05.val_exceeds.05  0.001685
17     rm.05.val_exceeds.04  0.001317
4                    status  0.000895
21     rm.05.val_exceeds.06  0.000714
18     rm.01.val_exceeds.05  0.000302
73  fict.proj_mu.08.001.006  0.000252
54  fict.proj_fc.08.001.006  0.000208
20     rm.01.val_exceeds.06  0.000206
16     rm.01.val_exceeds.04  0.000188

[76 rows x 2 columns]
