/Library/Python/2.7/site-packages/sklearn/cross_validation.py:44: DeprecationWarning: This module was deprecated in version 0.18 in favor of the model_selection module into which all the refactored classes and functions are moved. Also note that the interface of the new CV iterators are different from that of this module. This module will be removed in 0.20.
  "This module will be removed in 0.20.", DeprecationWarning)
/Library/Python/2.7/site-packages/sklearn/grid_search.py:43: DeprecationWarning: This module was deprecated in version 0.18 in favor of the model_selection module into which all the refactored classes and functions are moved. This module will be removed in 0.20.
  DeprecationWarning)
here
localizing on Nikola Jokic,len=219
<class 'pandas.core.frame.DataFrame'>
Int64Index: 182 entries, 302 to 50242
Columns: 122 entries, contest_ID to fict.proj_mu.08.050.006
dtypes: float64(111), int64(5), object(6)
memory usage: 174.9+ KB
None
0.0    180
1.0      2
Name: status, dtype: int64
**** doing estimator =  RandomForestRegressor
[Parallel(n_jobs=2)]: Done  46 tasks      | elapsed:    0.1s
[Parallel(n_jobs=2)]: Done 196 tasks      | elapsed:    0.3s
[Parallel(n_jobs=2)]: Done  46 tasks      | elapsed:    0.1s
[Parallel(n_jobs=2)]: Done 446 tasks      | elapsed:    0.6s
[Parallel(n_jobs=2)]: Done 196 tasks      | elapsed:    0.3s
[Parallel(n_jobs=2)]: Done 796 tasks      | elapsed:    1.1s
[Parallel(n_jobs=2)]: Done 446 tasks      | elapsed:    0.6s
[Parallel(n_jobs=2)]: Done 1000 out of 1000 | elapsed:    1.4s finished
[Parallel(n_jobs=2)]: Done 796 tasks      | elapsed:    1.1s
[Parallel(n_jobs=2)]: Done  46 tasks      | elapsed:    0.1s
[Parallel(n_jobs=2)]: Done 196 tasks      | elapsed:    0.2s
[Parallel(n_jobs=2)]: Done 1000 out of 1000 | elapsed:    1.4s finished
[Parallel(n_jobs=2)]: Done 446 tasks      | elapsed:    0.5s
[Parallel(n_jobs=2)]: Done  46 tasks      | elapsed:    0.1s
[Parallel(n_jobs=2)]: Done 196 tasks      | elapsed:    0.2s
[Parallel(n_jobs=2)]: Done 796 tasks      | elapsed:    1.0s
[Parallel(n_jobs=2)]: Done 446 tasks      | elapsed:    0.5s
[Parallel(n_jobs=2)]: Done 1000 out of 1000 | elapsed:    1.2s finished
[Parallel(n_jobs=2)]: Done 796 tasks      | elapsed:    1.0s
[Parallel(n_jobs=2)]: Done 1000 out of 1000 | elapsed:    1.2s finished
[Parallel(n_jobs=2)]: Done  46 tasks      | elapsed:    0.1s
[Parallel(n_jobs=2)]: Done 196 tasks      | elapsed:    0.3s
[Parallel(n_jobs=2)]: Done  46 tasks      | elapsed:    0.1s
[Parallel(n_jobs=2)]: Done 196 tasks      | elapsed:    0.3s
[Parallel(n_jobs=2)]: Done 446 tasks      | elapsed:    0.6s
[Parallel(n_jobs=2)]: Done 446 tasks      | elapsed:    0.6s
[Parallel(n_jobs=2)]: Done 796 tasks      | elapsed:    1.1s
[Parallel(n_jobs=2)]: Done 1000 out of 1000 | elapsed:    1.4s finished
[Parallel(n_jobs=2)]: Done 796 tasks      | elapsed:    1.1s
[Parallel(n_jobs=2)]: Done 1000 out of 1000 | elapsed:    1.4s finished
[Parallel(n_jobs=2)]: Done  46 tasks      | elapsed:    0.1s
[Parallel(n_jobs=2)]: Done 196 tasks      | elapsed:    0.2s
[Parallel(n_jobs=2)]: Done  46 tasks      | elapsed:    0.1s
[Parallel(n_jobs=2)]: Done 446 tasks      | elapsed:    0.5s
[Parallel(n_jobs=2)]: Done 196 tasks      | elapsed:    0.2s
[Parallel(n_jobs=2)]: Done 446 tasks      | elapsed:    0.6s
[Parallel(n_jobs=2)]: Done 796 tasks      | elapsed:    1.0s
[Parallel(n_jobs=2)]: Done 1000 out of 1000 | elapsed:    1.3s finished
[Parallel(n_jobs=2)]: Done 796 tasks      | elapsed:    1.0s
[Parallel(n_jobs=2)]: Done 1000 out of 1000 | elapsed:    1.2s finished
[Parallel(n_jobs=2)]: Done  46 tasks      | elapsed:    0.1s
[Parallel(n_jobs=2)]: Done 196 tasks      | elapsed:    0.3s
[Parallel(n_jobs=2)]: Done  46 tasks      | elapsed:    0.1s
[Parallel(n_jobs=2)]: Done 446 tasks      | elapsed:    0.6s
[Parallel(n_jobs=2)]: Done 196 tasks      | elapsed:    0.3s
[Parallel(n_jobs=2)]: Done 446 tasks      | elapsed:    0.6s
[Parallel(n_jobs=2)]: Done 796 tasks      | elapsed:    1.1s
[Parallel(n_jobs=2)]: Done 1000 out of 1000 | elapsed:    1.4s finished
[Parallel(n_jobs=2)]: Done 796 tasks      | elapsed:    1.1s
[Parallel(n_jobs=2)]: Done  46 tasks      | elapsed:    0.1s
[Parallel(n_jobs=2)]: Done 1000 out of 1000 | elapsed:    1.4s finished
[Parallel(n_jobs=2)]: Done 196 tasks      | elapsed:    0.2s
[Parallel(n_jobs=2)]: Done  46 tasks      | elapsed:    0.1s
[Parallel(n_jobs=2)]: Done 446 tasks      | elapsed:    0.6s
[Parallel(n_jobs=2)]: Done 196 tasks      | elapsed:    0.2s
[Parallel(n_jobs=2)]: Done 446 tasks      | elapsed:    0.6s
[Parallel(n_jobs=2)]: Done 796 tasks      | elapsed:    1.0s
[Parallel(n_jobs=2)]: Done 1000 out of 1000 | elapsed:    1.2s finished
[Parallel(n_jobs=2)]: Done 796 tasks      | elapsed:    1.0s
[Parallel(n_jobs=2)]: Done 1000 out of 1000 | elapsed:    1.2s finished
[Parallel(n_jobs=2)]: Done  46 tasks      | elapsed:    0.1s
[Parallel(n_jobs=2)]: Done 196 tasks      | elapsed:    0.3s
[Parallel(n_jobs=2)]: Done  46 tasks      | elapsed:    0.1s
[Parallel(n_jobs=2)]: Done 446 tasks      | elapsed:    0.6s
[Parallel(n_jobs=2)]: Done 196 tasks      | elapsed:    0.3s
[Parallel(n_jobs=2)]: Done 796 tasks      | elapsed:    1.2s
[Parallel(n_jobs=2)]: Done 446 tasks      | elapsed:    0.7s
[Parallel(n_jobs=2)]: Done 1000 out of 1000 | elapsed:    1.5s finished
[Parallel(n_jobs=2)]: Done 796 tasks      | elapsed:    1.2s
[Parallel(n_jobs=2)]: Done  46 tasks      | elapsed:    0.1s
[Parallel(n_jobs=2)]: Done 1000 out of 1000 | elapsed:    1.5s finished
[Parallel(n_jobs=2)]: Done 196 tasks      | elapsed:    0.2s
[Parallel(n_jobs=2)]: Done 446 tasks      | elapsed:    0.6s
[Parallel(n_jobs=2)]: Done  46 tasks      | elapsed:    0.1s
[Parallel(n_jobs=2)]: Done 196 tasks      | elapsed:    0.3s
[Parallel(n_jobs=2)]: Done 796 tasks      | elapsed:    1.0s
[Parallel(n_jobs=2)]: Done 446 tasks      | elapsed:    0.6s
[Parallel(n_jobs=2)]: Done 1000 out of 1000 | elapsed:    1.3s finished
[Parallel(n_jobs=2)]: Done 796 tasks      | elapsed:    1.0s
[Parallel(n_jobs=2)]: Done 1000 out of 1000 | elapsed:    1.3s finished
[Parallel(n_jobs=2)]: Done  46 tasks      | elapsed:    0.1s
[Parallel(n_jobs=2)]: Done 196 tasks      | elapsed:    0.3s
[Parallel(n_jobs=2)]: Done  46 tasks      | elapsed:    0.1s
[Parallel(n_jobs=2)]: Done 446 tasks      | elapsed:    0.6s
[Parallel(n_jobs=2)]: Done 196 tasks      | elapsed:    0.3s
[Parallel(n_jobs=2)]: Done 446 tasks      | elapsed:    0.7s
[Parallel(n_jobs=2)]: Done 796 tasks      | elapsed:    1.2s
[Parallel(n_jobs=2)]: Done 1000 out of 1000 | elapsed:    1.5s finished
[Parallel(n_jobs=2)]: Done 796 tasks      | elapsed:    1.2s
[Parallel(n_jobs=2)]: Done  46 tasks      | elapsed:    0.1s
[Parallel(n_jobs=2)]: Done 1000 out of 1000 | elapsed:    1.5s finished
[Parallel(n_jobs=2)]: Done 196 tasks      | elapsed:    0.2s
[Parallel(n_jobs=2)]: Done 446 tasks      | elapsed:    0.6s
[Parallel(n_jobs=2)]: Done  46 tasks      | elapsed:    0.1s
[Parallel(n_jobs=2)]: Done 196 tasks      | elapsed:    0.3s
[Parallel(n_jobs=2)]: Done 796 tasks      | elapsed:    1.0s
[Parallel(n_jobs=2)]: Done 446 tasks      | elapsed:    0.6s
[Parallel(n_jobs=2)]: Done 1000 out of 1000 | elapsed:    1.3s finished
[Parallel(n_jobs=2)]: Done 796 tasks      | elapsed:    1.0s
[Parallel(n_jobs=2)]: Done 1000 out of 1000 | elapsed:    1.3s finished
[Parallel(n_jobs=2)]: Done  46 tasks      | elapsed:    0.1s
[Parallel(n_jobs=2)]: Done 196 tasks      | elapsed:    0.3s
[Parallel(n_jobs=2)]: Done  46 tasks      | elapsed:    0.1s
[Parallel(n_jobs=2)]: Done 446 tasks      | elapsed:    0.8s
[Parallel(n_jobs=2)]: Done 196 tasks      | elapsed:    0.3s
[Parallel(n_jobs=2)]: Done 446 tasks      | elapsed:    0.8s
[Parallel(n_jobs=2)]: Done 796 tasks      | elapsed:    1.4s
[Parallel(n_jobs=2)]: Done 1000 out of 1000 | elapsed:    1.8s finished
[Parallel(n_jobs=2)]: Done 796 tasks      | elapsed:    1.4s
[Parallel(n_jobs=2)]: Done  46 tasks      | elapsed:    0.1s
[Parallel(n_jobs=2)]: Done 1000 out of 1000 | elapsed:    1.8s finished
[Parallel(n_jobs=2)]: Done 196 tasks      | elapsed:    0.2s
[Parallel(n_jobs=2)]: Done  46 tasks      | elapsed:    0.1s
[Parallel(n_jobs=2)]: Done 446 tasks      | elapsed:    0.6s
[Parallel(n_jobs=2)]: Done 196 tasks      | elapsed:    0.2s
[Parallel(n_jobs=2)]: Done 796 tasks      | elapsed:    1.0s
[Parallel(n_jobs=2)]: Done 446 tasks      | elapsed:    0.6s
[Parallel(n_jobs=2)]: Done 1000 out of 1000 | elapsed:    1.3s finished
[Parallel(n_jobs=2)]: Done 796 tasks      | elapsed:    1.0s
[Parallel(n_jobs=2)]: Done 1000 out of 1000 | elapsed:    1.3s finished
[Parallel(n_jobs=2)]: Done  46 tasks      | elapsed:    0.1s
[Parallel(n_jobs=2)]: Done 196 tasks      | elapsed:    0.3s
[Parallel(n_jobs=2)]: Done  46 tasks      | elapsed:    0.1s
[Parallel(n_jobs=2)]: Done 446 tasks      | elapsed:    0.8s
[Parallel(n_jobs=2)]: Done 196 tasks      | elapsed:    0.4s
[Parallel(n_jobs=2)]: Done 446 tasks      | elapsed:    0.8s
[Parallel(n_jobs=2)]: Done 796 tasks      | elapsed:    1.4s
[Parallel(n_jobs=2)]: Done 1000 out of 1000 | elapsed:    1.8s finished
[Parallel(n_jobs=2)]: Done 796 tasks      | elapsed:    1.4s
[Parallel(n_jobs=2)]: Done  46 tasks      | elapsed:    0.1s
[Parallel(n_jobs=2)]: Done 1000 out of 1000 | elapsed:    1.8s finished
[Parallel(n_jobs=2)]: Done 196 tasks      | elapsed:    0.2s
[Parallel(n_jobs=2)]: Done  46 tasks      | elapsed:    0.1s
[Parallel(n_jobs=2)]: Done 446 tasks      | elapsed:    0.6s
[Parallel(n_jobs=2)]: Done 196 tasks      | elapsed:    0.3s
[Parallel(n_jobs=2)]: Done 446 tasks      | elapsed:    0.6s
[Parallel(n_jobs=2)]: Done 796 tasks      | elapsed:    1.0s
[Parallel(n_jobs=2)]: Done 1000 out of 1000 | elapsed:    1.3s finished
[Parallel(n_jobs=2)]: Done 796 tasks      | elapsed:    1.0s
[Parallel(n_jobs=2)]: Done 1000 out of 1000 | elapsed:    1.3s finished
[Parallel(n_jobs=2)]: Done  46 tasks      | elapsed:    0.1s
[Parallel(n_jobs=2)]: Done  46 tasks      | elapsed:    0.1s
[Parallel(n_jobs=2)]: Done 196 tasks      | elapsed:    0.3s
[Parallel(n_jobs=2)]: Done 196 tasks      | elapsed:    0.3s
[Parallel(n_jobs=2)]: Done 446 tasks      | elapsed:    0.8s
[Parallel(n_jobs=2)]: Done 446 tasks      | elapsed:    0.7s
[Parallel(n_jobs=2)]: Done 796 tasks      | elapsed:    1.4s
[Parallel(n_jobs=2)]: Done 796 tasks      | elapsed:    1.3s
[Parallel(n_jobs=2)]: Done 1000 out of 1000 | elapsed:    1.8s finished
[Parallel(n_jobs=2)]: Done 1000 out of 1000 | elapsed:    1.6s finished
[Parallel(n_jobs=2)]: Done  46 tasks      | elapsed:    0.1s
[Parallel(n_jobs=2)]: Done  46 tasks      | elapsed:    0.1s
[Parallel(n_jobs=2)]: Done 196 tasks      | elapsed:    0.3s
[Parallel(n_jobs=2)]: Done 196 tasks      | elapsed:    0.3s
[Parallel(n_jobs=2)]: Done 446 tasks      | elapsed:    0.6s
[Parallel(n_jobs=2)]: Done 446 tasks      | elapsed:    0.6s
[Parallel(n_jobs=2)]: Done 796 tasks      | elapsed:    1.0s
[Parallel(n_jobs=2)]: Done 796 tasks      | elapsed:    1.0s
[Parallel(n_jobs=2)]: Done 1000 out of 1000 | elapsed:    1.3s finished
[Parallel(n_jobs=2)]: Done 1000 out of 1000 | elapsed:    1.3s finished
[Parallel(n_jobs=2)]: Done  46 tasks      | elapsed:    0.1s
[Parallel(n_jobs=2)]: Done  46 tasks      | elapsed:    0.1s
[Parallel(n_jobs=2)]: Done 196 tasks      | elapsed:    0.3s
[Parallel(n_jobs=2)]: Done 196 tasks      | elapsed:    0.3s
[Parallel(n_jobs=2)]: Done 446 tasks      | elapsed:    0.7s
[Parallel(n_jobs=2)]: Done 446 tasks      | elapsed:    0.7s
[Parallel(n_jobs=2)]: Done 796 tasks      | elapsed:    1.2s
[Parallel(n_jobs=2)]: Done 796 tasks      | elapsed:    1.2s
[Parallel(n_jobs=2)]: Done 1000 out of 1000 | elapsed:    1.5s finished
[Parallel(n_jobs=2)]: Done 1000 out of 1000 | elapsed:    1.5s finished
[Parallel(n_jobs=2)]: Done  46 tasks      | elapsed:    0.1s
[Parallel(n_jobs=2)]: Done  46 tasks      | elapsed:    0.1s
[Parallel(n_jobs=2)]: Done 196 tasks      | elapsed:    0.2s
[Parallel(n_jobs=2)]: Done 196 tasks      | elapsed:    0.2s
[Parallel(n_jobs=2)]: Done 446 tasks      | elapsed:    0.6s
[Parallel(n_jobs=2)]: Done 446 tasks      | elapsed:    0.6s
[Parallel(n_jobs=2)]: Done 796 tasks      | elapsed:    1.0s
[Parallel(n_jobs=2)]: Done 796 tasks      | elapsed:    1.0s
[Parallel(n_jobs=2)]: Done 1000 out of 1000 | elapsed:    1.3s finished
[Parallel(n_jobs=2)]: Done 1000 out of 1000 | elapsed:    1.2s finished
[Parallel(n_jobs=2)]: Done  46 tasks      | elapsed:    0.1s
[Parallel(n_jobs=2)]: Done  46 tasks      | elapsed:    0.1s
[Parallel(n_jobs=2)]: Done 196 tasks      | elapsed:    0.3s
[Parallel(n_jobs=2)]: Done 196 tasks      | elapsed:    0.3s
[Parallel(n_jobs=2)]: Done 446 tasks      | elapsed:    0.7s
[Parallel(n_jobs=2)]: Done 446 tasks      | elapsed:    0.7s
[Parallel(n_jobs=2)]: Done 796 tasks      | elapsed:    1.3s
[Parallel(n_jobs=2)]: Done 796 tasks      | elapsed:    1.3s
[Parallel(n_jobs=2)]: Done 1000 out of 1000 | elapsed:    1.6s finished
[Parallel(n_jobs=2)]: Done 1000 out of 1000 | elapsed:    1.6s finished
[Parallel(n_jobs=2)]: Done  46 tasks      | elapsed:    0.1s
[Parallel(n_jobs=2)]: Done  46 tasks      | elapsed:    0.1s
[Parallel(n_jobs=2)]: Done 196 tasks      | elapsed:    0.3s
[Parallel(n_jobs=2)]: Done 196 tasks      | elapsed:    0.3s
[Parallel(n_jobs=2)]: Done 446 tasks      | elapsed:    0.6s
[Parallel(n_jobs=2)]: Done 446 tasks      | elapsed:    0.6s
[Parallel(n_jobs=2)]: Done 796 tasks      | elapsed:    1.0s
[Parallel(n_jobs=2)]: Done 796 tasks      | elapsed:    1.0s
[Parallel(n_jobs=2)]: Done 1000 out of 1000 | elapsed:    1.3s finished
[Parallel(n_jobs=2)]: Done 1000 out of 1000 | elapsed:    1.3s finished
[Parallel(n_jobs=2)]: Done  46 tasks      | elapsed:    0.1s
[Parallel(n_jobs=2)]: Done  46 tasks      | elapsed:    0.1s
[Parallel(n_jobs=2)]: Done 196 tasks      | elapsed:    0.3s
[Parallel(n_jobs=2)]: Done 196 tasks      | elapsed:    0.3s
[Parallel(n_jobs=2)]: Done 446 tasks      | elapsed:    0.8s
[Parallel(n_jobs=2)]: Done 446 tasks      | elapsed:    0.8s
[Parallel(n_jobs=2)]: Done 796 tasks      | elapsed:    1.4s
[Parallel(n_jobs=2)]: Done 796 tasks      | elapsed:    1.4s
[Parallel(n_jobs=2)]: Done 1000 out of 1000 | elapsed:    1.7s finished
[Parallel(n_jobs=2)]: Done 1000 out of 1000 | elapsed:    1.7s finished
[Parallel(n_jobs=2)]: Done  46 tasks      | elapsed:    0.1s
[Parallel(n_jobs=2)]: Done  46 tasks      | elapsed:    0.1s
[Parallel(n_jobs=2)]: Done 196 tasks      | elapsed:    0.3s
[Parallel(n_jobs=2)]: Done 196 tasks      | elapsed:    0.3s
[Parallel(n_jobs=2)]: Done 446 tasks      | elapsed:    0.6s
[Parallel(n_jobs=2)]: Done 446 tasks      | elapsed:    0.6s
[Parallel(n_jobs=2)]: Done 796 tasks      | elapsed:    1.0s
[Parallel(n_jobs=2)]: Done 796 tasks      | elapsed:    1.0s
[Parallel(n_jobs=2)]: Done 1000 out of 1000 | elapsed:    1.2s finished
[Parallel(n_jobs=2)]: Done 1000 out of 1000 | elapsed:    1.3s finished
[Parallel(n_jobs=2)]: Done  46 tasks      | elapsed:    0.1s
[Parallel(n_jobs=2)]: Done  46 tasks      | elapsed:    0.1s
[Parallel(n_jobs=2)]: Done 196 tasks      | elapsed:    0.3s
[Parallel(n_jobs=2)]: Done 196 tasks      | elapsed:    0.3s
[Parallel(n_jobs=2)]: Done 446 tasks      | elapsed:    0.7s
[Parallel(n_jobs=2)]: Done 446 tasks      | elapsed:    0.8s
[Parallel(n_jobs=2)]: Done 796 tasks      | elapsed:    1.3s
[Parallel(n_jobs=2)]: Done 796 tasks      | elapsed:    1.3s
[Parallel(n_jobs=2)]: Done 1000 out of 1000 | elapsed:    1.7s finished
[Parallel(n_jobs=2)]: Done 1000 out of 1000 | elapsed:    1.7s finished
[Parallel(n_jobs=2)]: Done  46 tasks      | elapsed:    0.1s
[Parallel(n_jobs=2)]: Done  46 tasks      | elapsed:    0.1s
[Parallel(n_jobs=2)]: Done 196 tasks      | elapsed:    0.2s
[Parallel(n_jobs=2)]: Done 196 tasks      | elapsed:    0.3s
[Parallel(n_jobs=2)]: Done 446 tasks      | elapsed:    0.6s
[Parallel(n_jobs=2)]: Done 446 tasks      | elapsed:    0.6s
[Parallel(n_jobs=2)]: Done 796 tasks      | elapsed:    1.0s
[Parallel(n_jobs=2)]: Done 796 tasks      | elapsed:    1.0s
[Parallel(n_jobs=2)]: Done 1000 out of 1000 | elapsed:    1.2s finished
[Parallel(n_jobs=2)]: Done 1000 out of 1000 | elapsed:    1.3s finished
[Parallel(n_jobs=2)]: Done  46 tasks      | elapsed:    0.1s
[Parallel(n_jobs=2)]: Done 196 tasks      | elapsed:    0.3s
[Parallel(n_jobs=2)]: Done  46 tasks      | elapsed:    0.1s
[Parallel(n_jobs=2)]: Done 196 tasks      | elapsed:    0.5s
[Parallel(n_jobs=2)]: Done 446 tasks      | elapsed:    0.7s
[Parallel(n_jobs=2)]: Done 796 tasks      | elapsed:    1.3s
[Parallel(n_jobs=2)]: Done 446 tasks      | elapsed:    1.2s
[Parallel(n_jobs=2)]: Done 1000 out of 1000 | elapsed:    1.7s finished
[Parallel(n_jobs=2)]: Done  46 tasks      | elapsed:    0.1s
[Parallel(n_jobs=2)]: Done 196 tasks      | elapsed:    0.3s
[Parallel(n_jobs=2)]: Done 796 tasks      | elapsed:    2.2s
[Parallel(n_jobs=2)]: Done 446 tasks      | elapsed:    0.6s
[Parallel(n_jobs=2)]: Done 796 tasks      | elapsed:    1.0s
[Parallel(n_jobs=2)]: Done 1000 out of 1000 | elapsed:    2.7s finished
[Parallel(n_jobs=2)]: Done 1000 out of 1000 | elapsed:    1.3s finished
[Parallel(n_jobs=2)]: Done  46 tasks      | elapsed:    0.1s
[Parallel(n_jobs=2)]: Done 196 tasks      | elapsed:    0.2s
[Parallel(n_jobs=2)]: Done 446 tasks      | elapsed:    0.5s
[Parallel(n_jobs=2)]: Done 796 tasks      | elapsed:    0.9s
[Parallel(n_jobs=2)]: Done 1000 out of 1000 | elapsed:    1.2s finished
[Parallel(n_jobs=2)]: Done  46 tasks      | elapsed:    0.1s
[Parallel(n_jobs=2)]: Done 196 tasks      | elapsed:    0.6s
[Parallel(n_jobs=2)]: Done 446 tasks      | elapsed:    1.3s
[Parallel(n_jobs=2)]: Done  46 tasks      | elapsed:    0.1s
[Parallel(n_jobs=2)]: Done 196 tasks      | elapsed:    0.5s
[Parallel(n_jobs=2)]: Done 796 tasks      | elapsed:    2.2s
[Parallel(n_jobs=2)]: Done 446 tasks      | elapsed:    1.2s
[Parallel(n_jobs=2)]: Done 1000 out of 1000 | elapsed:    2.8s finished
[Parallel(n_jobs=2)]: Done  46 tasks      | elapsed:    0.1s
[Parallel(n_jobs=2)]: Done 196 tasks      | elapsed:    0.2s
[Parallel(n_jobs=2)]: Done 796 tasks      | elapsed:    2.2s
[Parallel(n_jobs=2)]: Done 446 tasks      | elapsed:    0.5s
[Parallel(n_jobs=2)]: Done 796 tasks      | elapsed:    0.9s
[Parallel(n_jobs=2)]: Done 1000 out of 1000 | elapsed:    2.7s finished
[Parallel(n_jobs=2)]: Done 1000 out of 1000 | elapsed:    1.2s finished
[Parallel(n_jobs=2)]: Done  46 tasks      | elapsed:    0.1s
[Parallel(n_jobs=2)]: Done 196 tasks      | elapsed:    0.2s
[Parallel(n_jobs=2)]: Done 446 tasks      | elapsed:    0.5s
[Parallel(n_jobs=2)]: Done 796 tasks      | elapsed:    0.9s
[Parallel(n_jobs=2)]: Done 1000 out of 1000 | elapsed:    1.2s finished
[Parallel(n_jobs=2)]: Done  46 tasks      | elapsed:    0.1s
[Parallel(n_jobs=2)]: Done 196 tasks      | elapsed:    0.5s
[Parallel(n_jobs=2)]: Done 446 tasks      | elapsed:    1.2s
[Parallel(n_jobs=2)]: Done  46 tasks      | elapsed:    0.1s
[Parallel(n_jobs=2)]: Done 196 tasks      | elapsed:    0.5s
[Parallel(n_jobs=2)]: Done 796 tasks      | elapsed:    2.2s
[Parallel(n_jobs=2)]: Done 446 tasks      | elapsed:    1.2s
[Parallel(n_jobs=2)]: Done 1000 out of 1000 | elapsed:    2.8s finished
[Parallel(n_jobs=2)]: Done  46 tasks      | elapsed:    0.1s
[Parallel(n_jobs=2)]: Done 196 tasks      | elapsed:    0.2s
[Parallel(n_jobs=2)]: Done 446 tasks      | elapsed:    0.5s
[Parallel(n_jobs=2)]: Done 796 tasks      | elapsed:    2.1s
[Parallel(n_jobs=2)]: Done 796 tasks      | elapsed:    0.9s
[Parallel(n_jobs=2)]: Done 1000 out of 1000 | elapsed:    1.2s finished
[Parallel(n_jobs=2)]: Done 1000 out of 1000 | elapsed:    2.7s finished
[Parallel(n_jobs=2)]: Done  46 tasks      | elapsed:    0.1s
[Parallel(n_jobs=2)]: Done 196 tasks      | elapsed:    0.2s
[Parallel(n_jobs=2)]: Done 446 tasks      | elapsed:    0.5s
[Parallel(n_jobs=2)]: Done 796 tasks      | elapsed:    1.0s
[Parallel(n_jobs=2)]: Done 1000 out of 1000 | elapsed:    1.2s finished
[Parallel(n_jobs=2)]: Done  46 tasks      | elapsed:    0.1s
[Parallel(n_jobs=2)]: Done 196 tasks      | elapsed:    0.3s
[Parallel(n_jobs=2)]: Done 446 tasks      | elapsed:    0.7s
[Parallel(n_jobs=2)]: Done 796 tasks      | elapsed:    1.2s
[Parallel(n_jobs=2)]: Done 1000 out of 1000 | elapsed:    1.4s finished
[Parallel(n_jobs=2)]: Done  46 tasks      | elapsed:    0.1s
[Parallel(n_jobs=2)]: Done  46 tasks      | elapsed:    0.1s
[Parallel(n_jobs=2)]: Done 196 tasks      | elapsed:    0.3s
[Parallel(n_jobs=2)]: Done 196 tasks      | elapsed:    0.3s
[Parallel(n_jobs=2)]: Done 446 tasks      | elapsed:    0.6s
[Parallel(n_jobs=2)]: Done 446 tasks      | elapsed:    0.6s
[Parallel(n_jobs=2)]: Done 796 tasks      | elapsed:    1.0s
[Parallel(n_jobs=2)]: Done 796 tasks      | elapsed:    1.1s
[Parallel(n_jobs=2)]: Done 1000 out of 1000 | elapsed:    1.2s finished
[Parallel(n_jobs=2)]: Done 1000 out of 1000 | elapsed:    1.4s finished
[Parallel(n_jobs=2)]: Done  46 tasks      | elapsed:    0.1s
[Parallel(n_jobs=2)]: Done 196 tasks      | elapsed:    0.2s
[Parallel(n_jobs=2)]: Done 446 tasks      | elapsed:    0.5s
[Parallel(n_jobs=2)]: Done 796 tasks      | elapsed:    1.0s
[Parallel(n_jobs=2)]: Done 1000 out of 1000 | elapsed:    1.3s finished
[Parallel(n_jobs=2)]: Done  46 tasks      | elapsed:    0.1s
[Parallel(n_jobs=2)]: Done 196 tasks      | elapsed:    0.3s
[Parallel(n_jobs=2)]: Done 446 tasks      | elapsed:    0.6s
[Parallel(n_jobs=2)]: Done 796 tasks      | elapsed:    1.1s
[Parallel(n_jobs=2)]: Done 1000 out of 1000 | elapsed:    1.4s finished
[Parallel(n_jobs=2)]: Done  46 tasks      | elapsed:    0.1s
[Parallel(n_jobs=2)]: Done 196 tasks      | elapsed:    0.3s
[Parallel(n_jobs=2)]: Done  46 tasks      | elapsed:    0.1s
[Parallel(n_jobs=2)]: Done 196 tasks      | elapsed:    0.2s
[Parallel(n_jobs=2)]: Done 446 tasks      | elapsed:    0.6s
[Parallel(n_jobs=2)]: Done 446 tasks      | elapsed:    0.6s
[Parallel(n_jobs=2)]: Done 796 tasks      | elapsed:    1.1s
[Parallel(n_jobs=2)]: Done 796 tasks      | elapsed:    1.0s
[Parallel(n_jobs=2)]: Done 1000 out of 1000 | elapsed:    1.5s finished
[Parallel(n_jobs=2)]: Done 1000 out of 1000 | elapsed:    1.2s finished
[Parallel(n_jobs=2)]: Done  46 tasks      | elapsed:    0.1s
[Parallel(n_jobs=2)]: Done 196 tasks      | elapsed:    0.2s
[Parallel(n_jobs=2)]: Done 446 tasks      | elapsed:    0.5s
[Parallel(n_jobs=2)]: Done 796 tasks      | elapsed:    1.0s
[Parallel(n_jobs=2)]: Done 1000 out of 1000 | elapsed:    1.2s finished
[Parallel(n_jobs=2)]: Done  46 tasks      | elapsed:    0.1s
[Parallel(n_jobs=2)]: Done 196 tasks      | elapsed:    0.3s
[Parallel(n_jobs=2)]: Done 446 tasks      | elapsed:    0.6s
[Parallel(n_jobs=2)]: Done 796 tasks      | elapsed:    1.1s
[Parallel(n_jobs=2)]: Done 1000 out of 1000 | elapsed:    1.4s finished
[Parallel(n_jobs=2)]: Done  46 tasks      | elapsed:    0.1s
[Parallel(n_jobs=2)]: Done  46 tasks      | elapsed:    0.1s
[Parallel(n_jobs=2)]: Done 196 tasks      | elapsed:    0.3s
[Parallel(n_jobs=2)]: Done 196 tasks      | elapsed:    0.3s
[Parallel(n_jobs=2)]: Done 446 tasks      | elapsed:    0.6s
[Parallel(n_jobs=2)]: Done 446 tasks      | elapsed:    0.7s
[Parallel(n_jobs=2)]: Done 796 tasks      | elapsed:    1.0s
[Parallel(n_jobs=2)]: Done 796 tasks      | elapsed:    1.3s
[Parallel(n_jobs=2)]: Done 1000 out of 1000 | elapsed:    1.2s finished
[Parallel(n_jobs=2)]: Done 1000 out of 1000 | elapsed:    1.6s finished
[Parallel(n_jobs=2)]: Done  46 tasks      | elapsed:    0.1s
[Parallel(n_jobs=2)]: Done 196 tasks      | elapsed:    0.2s
[Parallel(n_jobs=2)]: Done 446 tasks      | elapsed:    0.6s
[Parallel(n_jobs=2)]: Done 796 tasks      | elapsed:    1.0s
[Parallel(n_jobs=2)]: Done 1000 out of 1000 | elapsed:    1.2s finished
[Parallel(n_jobs=2)]: Done  46 tasks      | elapsed:    0.1s
[Parallel(n_jobs=2)]: Done 196 tasks      | elapsed:    0.3s
[Parallel(n_jobs=2)]: Done 446 tasks      | elapsed:    0.7s
[Parallel(n_jobs=2)]: Done 796 tasks      | elapsed:    1.3s
[Parallel(n_jobs=2)]: Done 1000 out of 1000 | elapsed:    1.6s finished
[Parallel(n_jobs=2)]: Done  46 tasks      | elapsed:    0.1s
[Parallel(n_jobs=2)]: Done  46 tasks      | elapsed:    0.1s
[Parallel(n_jobs=2)]: Done 196 tasks      | elapsed:    0.2s
[Parallel(n_jobs=2)]: Done 196 tasks      | elapsed:    0.3s
[Parallel(n_jobs=2)]: Done 446 tasks      | elapsed:    0.6s
[Parallel(n_jobs=2)]: Done 446 tasks      | elapsed:    0.7s
[Parallel(n_jobs=2)]: Done 796 tasks      | elapsed:    1.0s
[Parallel(n_jobs=2)]: Done 1000 out of 1000 | elapsed:    1.2s finished
[Parallel(n_jobs=2)]: Done 796 tasks      | elapsed:    1.3s
[Parallel(n_jobs=2)]: Done 1000 out of 1000 | elapsed:    1.6s finished
[Parallel(n_jobs=2)]: Done  46 tasks      | elapsed:    0.1s
[Parallel(n_jobs=2)]: Done 196 tasks      | elapsed:    0.2s
[Parallel(n_jobs=2)]: Done 446 tasks      | elapsed:    0.6s
[Parallel(n_jobs=2)]: Done 796 tasks      | elapsed:    1.0s
[Parallel(n_jobs=2)]: Done 1000 out of 1000 | elapsed:    1.3s finished
[Parallel(n_jobs=2)]: Done  46 tasks      | elapsed:    0.1s
[Parallel(n_jobs=2)]: Done 196 tasks      | elapsed:    0.3s
[Parallel(n_jobs=2)]: Done 446 tasks      | elapsed:    0.7s
[Parallel(n_jobs=2)]: Done 796 tasks      | elapsed:    1.3s
[Parallel(n_jobs=2)]: Done 1000 out of 1000 | elapsed:    1.6s finished
[Parallel(n_jobs=2)]: Done  46 tasks      | elapsed:    0.1s
[Parallel(n_jobs=2)]: Done  46 tasks      | elapsed:    0.1s
[Parallel(n_jobs=2)]: Done 196 tasks      | elapsed:    0.3s
[Parallel(n_jobs=2)]: Done 196 tasks      | elapsed:    0.2s
[Parallel(n_jobs=2)]: Done 446 tasks      | elapsed:    0.5s
[Parallel(n_jobs=2)]: Done 446 tasks      | elapsed:    0.7s
[Parallel(n_jobs=2)]: Done 796 tasks      | elapsed:    1.0s
[Parallel(n_jobs=2)]: Done 796 tasks      | elapsed:    1.3s
[Parallel(n_jobs=2)]: Done 1000 out of 1000 | elapsed:    1.2s finished
[Parallel(n_jobs=2)]: Done 1000 out of 1000 | elapsed:    1.6s finished
[Parallel(n_jobs=2)]: Done  46 tasks      | elapsed:    0.1s
[Parallel(n_jobs=2)]: Done 196 tasks      | elapsed:    0.2s
[Parallel(n_jobs=2)]: Done 446 tasks      | elapsed:    0.5s
[Parallel(n_jobs=2)]: Done 796 tasks      | elapsed:    1.0s
[Parallel(n_jobs=2)]: Done 1000 out of 1000 | elapsed:    1.2s finished
[Parallel(n_jobs=2)]: Done  46 tasks      | elapsed:    0.1s
[Parallel(n_jobs=2)]: Done 196 tasks      | elapsed:    0.6s
[Parallel(n_jobs=2)]: Done 446 tasks      | elapsed:    1.2s
[Parallel(n_jobs=2)]: Done  46 tasks      | elapsed:    0.1s
[Parallel(n_jobs=2)]: Done 796 tasks      | elapsed:    2.2s
[Parallel(n_jobs=2)]: Done 196 tasks      | elapsed:    0.6s
[Parallel(n_jobs=2)]: Done 1000 out of 1000 | elapsed:    2.8s finished
[Parallel(n_jobs=2)]: Done 446 tasks      | elapsed:    1.2s
[Parallel(n_jobs=2)]: Done  46 tasks      | elapsed:    0.1s
[Parallel(n_jobs=2)]: Done 196 tasks      | elapsed:    0.2s
[Parallel(n_jobs=2)]: Done 446 tasks      | elapsed:    0.5s
[Parallel(n_jobs=2)]: Done 796 tasks      | elapsed:    2.2s
[Parallel(n_jobs=2)]: Done 796 tasks      | elapsed:    1.0s
[Parallel(n_jobs=2)]: Done 1000 out of 1000 | elapsed:    1.2s finished
[Parallel(n_jobs=2)]: Done 1000 out of 1000 | elapsed:    2.8s finished
[Parallel(n_jobs=2)]: Done  46 tasks      | elapsed:    0.1s
[Parallel(n_jobs=2)]: Done 196 tasks      | elapsed:    0.2s
[Parallel(n_jobs=2)]: Done 446 tasks      | elapsed:    0.5s
[Parallel(n_jobs=2)]: Done 796 tasks      | elapsed:    1.0s
[Parallel(n_jobs=2)]: Done 1000 out of 1000 | elapsed:    1.2s finished
[Parallel(n_jobs=2)]: Done  46 tasks      | elapsed:    0.1s
[Parallel(n_jobs=2)]: Done 196 tasks      | elapsed:    0.5s
[Parallel(n_jobs=2)]: Done 446 tasks      | elapsed:    1.2s
[Parallel(n_jobs=2)]: Done  46 tasks      | elapsed:    0.1s
[Parallel(n_jobs=2)]: Done 796 tasks      | elapsed:    2.2s
[Parallel(n_jobs=2)]: Done 196 tasks      | elapsed:    0.6s
[Parallel(n_jobs=2)]: Done 1000 out of 1000 | elapsed:    2.8s finished
[Parallel(n_jobs=2)]: Done 446 tasks      | elapsed:    1.3s
[Parallel(n_jobs=2)]: Done  46 tasks      | elapsed:    0.1s
[Parallel(n_jobs=2)]: Done 196 tasks      | elapsed:    0.3s
[Parallel(n_jobs=2)]: Done 446 tasks      | elapsed:    0.6s
[Parallel(n_jobs=2)]: Done 796 tasks      | elapsed:    2.2s
[Parallel(n_jobs=2)]: Done 796 tasks      | elapsed:    1.0s
[Parallel(n_jobs=2)]: Done 1000 out of 1000 | elapsed:    1.3s finished
[Parallel(n_jobs=2)]: Done 1000 out of 1000 | elapsed:    2.8s finished
[Parallel(n_jobs=2)]: Done  46 tasks      | elapsed:    0.1s
[Parallel(n_jobs=2)]: Done 196 tasks      | elapsed:    0.2s
[Parallel(n_jobs=2)]: Done 446 tasks      | elapsed:    0.6s
[Parallel(n_jobs=2)]: Done 796 tasks      | elapsed:    1.0s
[Parallel(n_jobs=2)]: Done 1000 out of 1000 | elapsed:    1.2s finished
[Parallel(n_jobs=2)]: Done  46 tasks      | elapsed:    0.1s
[Parallel(n_jobs=2)]: Done 196 tasks      | elapsed:    0.5s
[Parallel(n_jobs=2)]: Done 446 tasks      | elapsed:    1.2s
[Parallel(n_jobs=2)]: Done 796 tasks      | elapsed:    2.2s
[Parallel(n_jobs=2)]: Done 1000 out of 1000 | elapsed:    2.7s finished
[Parallel(n_jobs=2)]: Done  46 tasks      | elapsed:    0.1s
[Parallel(n_jobs=2)]: Done 196 tasks      | elapsed:    0.2s
[Parallel(n_jobs=2)]: Done 446 tasks      | elapsed:    0.5s
[Parallel(n_jobs=2)]: Done 796 tasks      | elapsed:    1.0s
[Parallel(n_jobs=2)]: Done 1000 out of 1000 | elapsed:    1.2s finished
[Parallel(n_jobs=2)]: Done  46 tasks      | elapsed:    0.1s
[Parallel(n_jobs=2)]: Done 196 tasks      | elapsed:    0.3s
[Parallel(n_jobs=2)]: Done 446 tasks      | elapsed:    0.6s
[Parallel(n_jobs=2)]: Done 796 tasks      | elapsed:    1.2s
[Parallel(n_jobs=2)]: Done 1000 out of 1000 | elapsed:    1.5s finished
[Parallel(n_jobs=2)]: Done  46 tasks      | elapsed:    0.1s
[Parallel(n_jobs=2)]: Done 196 tasks      | elapsed:    0.3s
[Parallel(n_jobs=2)]: Done 446 tasks      | elapsed:    0.7s
[Parallel(n_jobs=2)]: Done 796 tasks      | elapsed:    1.2s
[Parallel(n_jobs=2)]: Done 1000 out of 1000 | elapsed:    1.5s finished
[Parallel(n_jobs=2)]: Done  46 tasks      | elapsed:    0.1s
[Parallel(n_jobs=2)]: Done 196 tasks      | elapsed:    0.2s
[Parallel(n_jobs=2)]: Done 446 tasks      | elapsed:    0.5s
[Parallel(n_jobs=2)]: Done 796 tasks      | elapsed:    1.0s
[Parallel(n_jobs=2)]: Done 1000 out of 1000 | elapsed:    1.2s finished
model.py:56: FutureWarning: sort(columns=....) is deprecated, use sort_values(by=.....)
  lmfdf.sort('coeffs',ascending=False,inplace=True)
************best params- {'max_features': 0.25, 'max_depth': 10}
%%%%%%%%%%%%%%% error dist %%%%%%%%%%%%%%%%%%%
               n=182
              MU=15.1412087912
              SD=16.4521619098
         CV_RMSE=8.31142516572
      train_RMSE=3.05751734091
best grid params={'max_features': 0.25, 'max_depth': 10}
%%%%%%%%%%%%%%%%%%%%%%%%%%%%%%%%%%%%%%%%%%%%%%
                   features    coeffs
67  fict.proj_mu.03.025.006  0.113765
24                z.proj_mo  0.101528
71  fict.proj_mu.06.050.006  0.086605
23                z.proj_fc  0.051327
70  fict.proj_mu.06.025.006  0.047073
35              counts.sbin  0.046431
22                 z.salary  0.046257
69  fict.proj_mu.05.025.006  0.039712
68  fict.proj_mu.04.025.006  0.038673
57  fict.proj_mo.03.025.006  0.035845
75  fict.proj_mu.08.050.006  0.019114
72  fict.proj_mu.07.025.006  0.018618
39      rm.05.opp_def_score  0.017648
51  fict.proj_fc.06.050.006  0.015597
49  fict.proj_fc.05.025.006  0.014748
10              rm.01.score  0.012606
48  fict.proj_fc.04.025.006  0.011453
74  fict.proj_mu.08.025.006  0.011318
56  fict.proj_fc.08.050.006  0.010777
45     rm.05.team_def_score  0.010359
58  fict.proj_mo.04.025.006  0.009648
53  fict.proj_fc.07.050.006  0.009200
7                slate_size  0.008786
50  fict.proj_fc.06.025.006  0.008704
47     rm.05.team_off_score  0.008242
61  fict.proj_mo.06.050.006  0.008048
14              rm.01.value  0.008007
44     rm.01.team_def_score  0.007745
12             rm.01.salary  0.007078
37    rm.05.opp_total_score  0.007042
..                      ...       ...
46     rm.01.team_off_score  0.004079
36    rm.01.opp_total_score  0.003992
43   rm.05.team_total_score  0.003960
41      rm.05.opp_off_score  0.003928
29           z.sbin.proj_fc  0.003773
3                      v_mo  0.003767
25                   z.v_fc  0.003543
30           z.sbin.proj_mo  0.003470
15              rm.05.value  0.003468
40      rm.01.opp_off_score  0.003442
13             rm.05.salary  0.003440
8             total_entries  0.003386
33              z.sbin.line  0.003365
6                     total  0.003329
27                   z.line  0.003268
19     rm.05.val_exceeds.05  0.003232
26                   z.v_mo  0.002968
31              z.sbin.v_fc  0.002865
2                      v_fc  0.002830
17     rm.05.val_exceeds.04  0.002727
5                      line  0.002617
21     rm.05.val_exceeds.06  0.002385
55  fict.proj_fc.08.025.006  0.002352
16     rm.01.val_exceeds.04  0.001801
64  fict.proj_mo.08.001.006  0.001280
18     rm.01.val_exceeds.05  0.000965
20     rm.01.val_exceeds.06  0.000906
73  fict.proj_mu.08.001.006  0.000550
54  fict.proj_fc.08.001.006  0.000284
4                    status  0.000252

[76 rows x 2 columns]
