here
localizing on Andre Drummond,len=194
<class 'pandas.core.frame.DataFrame'>
Int64Index: 194 entries, 19 to 44542
Data columns (total 37 columns):
contest_ID              194 non-null int64
date                    194 non-null object
name                    194 non-null object
slate_size              194 non-null int64
percent_own             194 non-null float64
salary                  194 non-null float64
max_entries_per_user    194 non-null int64
total_entries           194 non-null int64
proj_fc                 194 non-null float64
proj_mo                 194 non-null float64
team                    194 non-null object
opponent                194 non-null object
score                   194 non-null float64
position                194 non-null object
value                   194 non-null float64
season                  194 non-null float64
rm.01.score             194 non-null float64
rm.05.score             194 non-null float64
rm.10.score             194 non-null float64
rm.01.salary            194 non-null float64
rm.05.salary            194 non-null float64
rm.10.salary            194 non-null float64
rm.01.value             194 non-null float64
rm.05.value             194 non-null float64
rm.10.value             194 non-null float64
z.salary                194 non-null float64
z.proj_fc               194 non-null float64
z.proj_mo               194 non-null float64
z.v_fc                  194 non-null float64
z.v_mo                  194 non-null float64
z.line                  194 non-null float64
z.total                 194 non-null float64
line                    194 non-null float64
total                   194 non-null float64
v_fc                    194 non-null float64
v_mo                    194 non-null float64
max_user_frac           194 non-null float64
dtypes: float64(28), int64(4), object(5)
memory usage: 57.6+ KB
None
**** doing estimator =  RandomForestRegressor
************best params- {'max_features': 0.5, 'max_depth': None}
%%%%%%%%%%%%%%% error dist %%%%%%%%%%%%%%%%%%%
               n=194
              MU=19.4319587629
              SD=15.2505267537
         CV_RMSE=7.51450915962
      train_RMSE=2.85912543752
best grid params={'max_features': 0.5, 'max_depth': None}
%%%%%%%%%%%%%%%%%%%%%%%%%%%%%%%%%%%%%%%%%%%%%%
                features    coeffs
9             slate_size  0.307790
12         max_user_frac  0.255230
11         total_entries  0.075609
15             z.proj_mo  0.043979
4                proj_mo  0.039653
14             z.proj_fc  0.034889
3                proj_fc  0.028512
18                z.v_fc  0.025224
1            rm.01.score  0.025002
2            rm.01.value  0.023696
16              z.salary  0.020575
0           rm.01.salary  0.019859
17               z.total  0.016631
7                   line  0.016624
13                z.line  0.014274
19                z.v_mo  0.013945
6                   v_mo  0.012820
8                  total  0.012008
5                   v_fc  0.010082
10  max_entries_per_user  0.003597
