here
localizing on LeBron James,len=167
<class 'pandas.core.frame.DataFrame'>
Int64Index: 167 entries, 2 to 44687
Data columns (total 37 columns):
contest_ID              167 non-null int64
date                    167 non-null object
name                    167 non-null object
slate_size              167 non-null int64
percent_own             167 non-null float64
salary                  167 non-null float64
max_entries_per_user    167 non-null int64
total_entries           167 non-null int64
proj_fc                 167 non-null float64
proj_mo                 167 non-null float64
team                    167 non-null object
opponent                167 non-null object
score                   167 non-null float64
position                167 non-null object
value                   167 non-null float64
season                  167 non-null float64
rm.01.score             167 non-null float64
rm.05.score             167 non-null float64
rm.10.score             167 non-null float64
rm.01.salary            167 non-null float64
rm.05.salary            167 non-null float64
rm.10.salary            167 non-null float64
rm.01.value             167 non-null float64
rm.05.value             167 non-null float64
rm.10.value             167 non-null float64
z.salary                167 non-null float64
z.proj_fc               167 non-null float64
z.proj_mo               167 non-null float64
z.v_fc                  167 non-null float64
z.v_mo                  167 non-null float64
z.line                  167 non-null float64
z.total                 167 non-null float64
line                    167 non-null float64
total                   167 non-null float64
v_fc                    167 non-null float64
v_mo                    167 non-null float64
max_user_frac           167 non-null float64
dtypes: float64(28), int64(4), object(5)
memory usage: 49.6+ KB
None
**** doing estimator =  Ridge
************best params- {'normalize': True, 'alpha': 1.2742749857031335}
%%%%%%%%%%%%%%% error dist %%%%%%%%%%%%%%%%%%%
               n=167
              MU=41.2958083832
              SD=23.0559443367
         CV_RMSE=18.1097800025
      train_RMSE=15.8867626158
best grid params={'normalize': True, 'alpha': 1.2742749857031335}
%%%%%%%%%%%%%%%%%%%%%%%%%%%%%%%%%%%%%%%%%%%%%%
                features    coeffs
0           rm.01.salary  1.427543
5                   v_fc  0.896064
8                  total  0.219122
2            rm.01.value  0.192583
6                   v_mo  0.162824
3                proj_fc  0.113338
7                   line  0.096729
4                proj_mo  0.052992
1            rm.01.score  0.021923
11         total_entries -0.000062
10  max_entries_per_user -0.001075
12         max_user_frac -0.632966
9             slate_size -2.135605
