cluster:0,len:52
                                              name  cluster
1               Aaron Gordon.RandomForestRegressor        0
2                 Al Horford.RandomForestRegressor        0
6                   Alex Len.RandomForestRegressor        0
11            Andre Iguodala.RandomForestRegressor        0
15             Anthony Davis.RandomForestRegressor        0
24                Boris Diaw.RandomForestRegressor        0
30               Brook Lopez.RandomForestRegressor        0
31             C.J. McCollum.RandomForestRegressor        0
36                Chris Bosh.RandomForestRegressor        0
46            Damian Lillard.RandomForestRegressor        0
56           DeMarre Carroll.RandomForestRegressor        0
62              Devin Booker.RandomForestRegressor        0
68            Draymond Green.RandomForestRegressor        0
74             Elfrid Payton.RandomForestRegressor        0
77              Eric Bledsoe.RandomForestRegressor        0
80             Evan Fournier.RandomForestRegressor        0
81               Evan Turner.RandomForestRegressor        0
88          Gerald Henderson.RandomForestRegressor        0
89     Giannis Antetokounmpo.RandomForestRegressor        0
90              Goran Dragic.RandomForestRegressor        0
92              Gorgui Dieng.RandomForestRegressor        0
93               Greg Monroe.RandomForestRegressor        0
97                 Ian Clark.RandomForestRegressor        0
124        Joffrey Lauvergne.RandomForestRegressor        0
126                John Wall.RandomForestRegressor        0
128        Jonas Valanciunas.RandomForestRegressor        0
136            Julius Randle.RandomForestRegressor        0
137          Justin Anderson.RandomForestRegressor        0
143             Kemba Walker.RandomForestRegressor        0
144           Kenneth Faried.RandomForestRegressor        0
156               Kyle Lowry.RandomForestRegressor        0
158             Kyrie Irving.RandomForestRegressor        0
163              Lavoy Allen.RandomForestRegressor        0
170                Luol Deng.RandomForestRegressor        0
174          Marco Belinelli.RandomForestRegressor        0
175            Marcus Morris.RandomForestRegressor        0
180          Marvin Williams.RandomForestRegressor        0
183      Matthew Dellavedova.RandomForestRegressor        0
187  Michael Carter-Williams.RandomForestRegressor        0
195             Nene Hilario.RandomForestRegressor        0
196             Nerlens Noel.RandomForestRegressor        0
213              Paul George.RandomForestRegressor        0
216              Rajon Rondo.RandomForestRegressor        0
221           Reggie Jackson.RandomForestRegressor        0
226           Rodney Stuckey.RandomForestRegressor        0
228              Roy Hibbert.RandomForestRegressor        0
245              T.J. Warren.RandomForestRegressor        0
246               Taj Gibson.RandomForestRegressor        0
247           Terrence Jones.RandomForestRegressor        0
248            Terrence Ross.RandomForestRegressor        0
250           Thaddeus Young.RandomForestRegressor        0
274      Willie Cauley-Stein.RandomForestRegressor        0
cluster:1,len:28
                                        name  cluster
5           Alec Burks.RandomForestRegressor        1
10      Andre Drummond.RandomForestRegressor        1
33     Carmelo Anthony.RandomForestRegressor        1
71         Dwyane Wade.RandomForestRegressor        1
95    Hassan Whiteside.RandomForestRegressor        1
102        J.J. Redick.RandomForestRegressor        1
114        Jeff Teague.RandomForestRegressor        1
120       Jimmy Butler.RandomForestRegressor        1
141      Kawhi Leonard.RandomForestRegressor        1
147       Kevin Durant.RandomForestRegressor        1
148         Kevin Love.RandomForestRegressor        1
149    Khris Middleton.RandomForestRegressor        1
150      Klay Thompson.RandomForestRegressor        1
159  LaMarcus Aldridge.RandomForestRegressor        1
165       LeBron James.RandomForestRegressor        1
172         Marc Gasol.RandomForestRegressor        1
173      Marcin Gortat.RandomForestRegressor        1
189        Mike Conley.RandomForestRegressor        1
202     Nikola Vucevic.RandomForestRegressor        1
208        Otto Porter.RandomForestRegressor        1
214       Paul Millsap.RandomForestRegressor        1
229           Rudy Gay.RandomForestRegressor        1
231  Russell Westbrook.RandomForestRegressor        1
234        Serge Ibaka.RandomForestRegressor        1
242      Stephen Curry.RandomForestRegressor        1
259       Trevor Ariza.RandomForestRegressor        1
263   Tristan Thompson.RandomForestRegressor        1
266       Tyreke Evans.RandomForestRegressor        1
cluster:2,len:29
                                         name  cluster
14       Andrew Wiggins.RandomForestRegressor        2
18        Avery Bradley.RandomForestRegressor        2
21        Blake Griffin.RandomForestRegressor        2
26         Brandon Bass.RandomForestRegressor        2
37           Chris Paul.RandomForestRegressor        2
44     D'Angelo Russell.RandomForestRegressor        2
54        DeMar DeRozan.RandomForestRegressor        2
55     DeMarcus Cousins.RandomForestRegressor        2
59       Derrick Favors.RandomForestRegressor        2
65        Dirk Nowitzki.RandomForestRegressor        2
69        Dwight Howard.RandomForestRegressor        2
79       Ersan Ilyasova.RandomForestRegressor        2
82         Festus Ezeli.RandomForestRegressor        2
91       Gordon Hayward.RandomForestRegressor        2
101       Isaiah Thomas.RandomForestRegressor        2
104       Jabari Parker.RandomForestRegressor        2
108        James Harden.RandomForestRegressor        2
140  Karl-Anthony Towns.RandomForestRegressor        2
152        Kosta Koufos.RandomForestRegressor        2
171       Manu Ginobili.RandomForestRegressor        2
198       Nicolas Batum.RandomForestRegressor        2
212           Pau Gasol.RandomForestRegressor        2
222         Ricky Rubio.RandomForestRegressor        2
230         Rudy Gobert.RandomForestRegressor        2
233     Sean Kilpatrick.RandomForestRegressor        2
254      Timofey Mozgov.RandomForestRegressor        2
268      Victor Oladipo.RandomForestRegressor        2
276         Zach LaVine.RandomForestRegressor        2
278       Zaza Pachulia.RandomForestRegressor        2
cluster:3,len:92
                                              name  cluster
0               Aaron Brooks.RandomForestRegressor        3
3               Al Jefferson.RandomForestRegressor        3
8                 Alonzo Gee.RandomForestRegressor        3
13              Andrew Bogut.RandomForestRegressor        3
17             Austin Rivers.RandomForestRegressor        3
19              Ben McLemore.RandomForestRegressor        3
20           Bismack Biyombo.RandomForestRegressor        3
22              Bobby Portis.RandomForestRegressor        3
23          Bojan Bogdanovic.RandomForestRegressor        3
29              Brandon Rush.RandomForestRegressor        3
38              Clint Capela.RandomForestRegressor        3
48          Dante Cunningham.RandomForestRegressor        3
52                David West.RandomForestRegressor        3
63              Devin Harris.RandomForestRegressor        3
66              Donald Sloan.RandomForestRegressor        3
67            Doug McDermott.RandomForestRegressor        3
72             E'Twaun Moore.RandomForestRegressor        3
76               Enes Kanter.RandomForestRegressor        3
84            Garrett Temple.RandomForestRegressor        3
85               Gary Harris.RandomForestRegressor        3
86               George Hill.RandomForestRegressor        3
87              Gerald Green.RandomForestRegressor        3
98               Ian Mahinmi.RandomForestRegressor        3
99             Iman Shumpert.RandomForestRegressor        3
100            Isaiah Canaan.RandomForestRegressor        3
106            Jahlil Okafor.RandomForestRegressor        3
107           Jamal Crawford.RandomForestRegressor        3
110           JaMychal Green.RandomForestRegressor        3
112          Jared Sullinger.RandomForestRegressor        3
113               Jeff Green.RandomForestRegressor        3
..                                             ...      ...
191          Mirza Teletovic.RandomForestRegressor        3
193             Myles Turner.RandomForestRegressor        3
194          Nemanja Bjelica.RandomForestRegressor        3
197               Nick Young.RandomForestRegressor        3
199             Nik Stauskas.RandomForestRegressor        3
201           Nikola Mirotic.RandomForestRegressor        3
204              Norris Cole.RandomForestRegressor        3
206                Omer Asik.RandomForestRegressor        3
207              Omri Casspi.RandomForestRegressor        3
210         Patrick Beverley.RandomForestRegressor        3
215              Paul Pierce.RandomForestRegressor        3
217           Ramon Sessions.RandomForestRegressor        3
219                Raul Neto.RandomForestRegressor        3
220           Raymond Felton.RandomForestRegressor        3
225              Rodney Hood.RandomForestRegressor        3
227  Rondae Hollis-Jefferson.RandomForestRegressor        3
235               Seth Curry.RandomForestRegressor        3
236         Shabazz Muhammad.RandomForestRegressor        3
237             Shane Larkin.RandomForestRegressor        3
243             Steven Adams.RandomForestRegressor        3
244           T.J. McConnell.RandomForestRegressor        3
251               Tim Duncan.RandomForestRegressor        3
252              Tim Frazier.RandomForestRegressor        3
253         Tim Hardaway Jr..RandomForestRegressor        3
256               Tony Allen.RandomForestRegressor        3
258               Tony Snell.RandomForestRegressor        3
261               Trey Burke.RandomForestRegressor        3
265            Tyler Johnson.RandomForestRegressor        3
267           Tyson Chandler.RandomForestRegressor        3
269             Vince Carter.RandomForestRegressor        3

[92 rows x 2 columns]
cluster:4,len:78
                                             name  cluster
4           Al-Farouq Aminu.RandomForestRegressor        4
7              Allen Crabbe.RandomForestRegressor        4
9              Amir Johnson.RandomForestRegressor        4
12           Andre Roberson.RandomForestRegressor        4
16           Anthony Morrow.RandomForestRegressor        4
25             Bradley Beal.RandomForestRegressor        4
27         Brandon Jennings.RandomForestRegressor        4
28           Brandon Knight.RandomForestRegressor        4
32               C.J. Miles.RandomForestRegressor        4
34         Chandler Parsons.RandomForestRegressor        4
35            Channing Frye.RandomForestRegressor        4
39              Cody Zeller.RandomForestRegressor        4
40             Cole Aldrich.RandomForestRegressor        4
41             Corey Brewer.RandomForestRegressor        4
42              Cory Joseph.RandomForestRegressor        4
43             Courtney Lee.RandomForestRegressor        4
45            D.J. Augustin.RandomForestRegressor        4
47         Danilo Gallinari.RandomForestRegressor        4
49           Darrell Arthur.RandomForestRegressor        4
50          Darren Collison.RandomForestRegressor        4
51                David Lee.RandomForestRegressor        4
53           DeAndre Jordan.RandomForestRegressor        4
57          Dennis Schroder.RandomForestRegressor        4
58           Deron Williams.RandomForestRegressor        4
60             Derrick Rose.RandomForestRegressor        4
61         Derrick Williams.RandomForestRegressor        4
64             Dion Waiters.RandomForestRegressor        4
70            Dwight Powell.RandomForestRegressor        4
73                 Ed Davis.RandomForestRegressor        4
75          Emmanuel Mudiay.RandomForestRegressor        4
..                                            ...      ...
168              Luis Scola.RandomForestRegressor        4
182             Matt Barnes.RandomForestRegressor        4
186         Michael Beasley.RandomForestRegressor        4
188  Michael Kidd-Gilchrist.RandomForestRegressor        4
192             Monta Ellis.RandomForestRegressor        4
200            Nikola Jokic.RandomForestRegressor        4
203             Noah Vonleh.RandomForestRegressor        4
205               O.J. Mayo.RandomForestRegressor        4
209             P.J. Tucker.RandomForestRegressor        4
211       Patrick Patterson.RandomForestRegressor        4
218              Randy Foye.RandomForestRegressor        4
223        Robert Covington.RandomForestRegressor        4
224             Robin Lopez.RandomForestRegressor        4
232           Ryan Anderson.RandomForestRegressor        4
238        Shaun Livingston.RandomForestRegressor        4
239            Shelvin Mack.RandomForestRegressor        4
240            Solomon Hill.RandomForestRegressor        4
241         Stanley Johnson.RandomForestRegressor        4
249         Thabo Sefolosha.RandomForestRegressor        4
255           Tobias Harris.RandomForestRegressor        4
257             Tony Parker.RandomForestRegressor        4
260           Trevor Booker.RandomForestRegressor        4
262              Trey Lyles.RandomForestRegressor        4
264               Ty Lawson.RandomForestRegressor        4
270         Wayne Ellington.RandomForestRegressor        4
271          Wesley Johnson.RandomForestRegressor        4
272         Wesley Matthews.RandomForestRegressor        4
273             Will Barton.RandomForestRegressor        4
275         Wilson Chandler.RandomForestRegressor        4
277           Zach Randolph.RandomForestRegressor        4

[78 rows x 2 columns]
