                                    0
features                             
z.sbin.proj_mo           1.276874e-01
rm.05.val_exceeds.06     1.178264e-01
rm.05.val_exceeds.05     1.101457e-01
max_user_frac            6.681068e-02
z.salary                 6.534932e-02
z.sbin.proj_fc           4.437346e-02
rm.01.val_exceeds.04     4.412662e-02
z.sbin.v_mo              4.286300e-02
v_fc                     3.215142e-02
log.slate_size           3.020774e-02
rm.01.salary             2.610087e-02
rm.01.val_exceeds.05     2.600188e-02
z.proj_fc                2.299941e-02
z.v_mo                   2.288864e-02
rm.05.val_exceeds.04     2.154090e-02
status                   1.925896e-02
rm.01.val_exceeds.06     1.707168e-02
z.v_fc                   1.630119e-02
rm.05.value              1.547340e-02
proj_mo                  1.345996e-02
z.proj_mo                1.316408e-02
rm.01.value              1.229482e-02
proj_fc                  1.107618e-02
slate_size               1.000626e-02
z.sbin.v_fc              5.269461e-03
rm.05.score              4.832936e-03
rm.01.score              3.644376e-03
rm.05.opp_total_score    3.637299e-03
fict.proj_fc.05.025.006  3.284547e-03
v_mo                     2.845995e-03
...                               ...
fict.proj_mo.03.025.006  2.269810e-03
rm.05.team_def_score     2.114335e-03
fict.proj_mu.07.025.006  2.031651e-03
rm.05.team_total_score   1.872783e-03
rm.05.opp_off_score      1.827875e-03
fict.proj_mo.05.025.006  1.780099e-03
fict.proj_mu.03.025.006  1.656075e-03
fict.proj_mu.04.025.006  1.535414e-03
rm.05.salary             1.379954e-03
fict.proj_mu.05.025.006  1.331247e-03
rm.01.team_off_score     1.251121e-03
fict.proj_fc.08.025.006  1.242788e-03
fict.proj_mo.06.025.006  1.091097e-03
fict.proj_mo.04.025.006  1.073343e-03
rm.05.opp_def_score      1.031729e-03
fict.proj_fc.06.025.006  1.030931e-03
fict.proj_mo.07.050.006  1.022441e-03
fict.proj_fc.03.025.006  9.491420e-04
fict.proj_fc.08.001.006  8.491582e-04
total                    8.289616e-04
rm.01.opp_total_score    8.036436e-04
rm.01.team_total_score   6.863116e-04
fict.proj_mu.06.025.006  6.459122e-04
rm.01.opp_off_score      3.851052e-04
fict.proj_mo.08.001.006  3.253830e-04
fict.proj_mu.08.001.006  2.837446e-04
line                     1.518385e-04
rm.01.opp_def_score      1.464938e-04
fict.proj_fc.04.025.006  5.108372e-05
total_entries            6.651074e-08

[66 rows x 1 columns]
                                    1
features                             
log.slate_size           2.947169e-01
z.salary                 1.308991e-01
rm.05.val_exceeds.05     1.053381e-01
max_user_frac            5.727385e-02
rm.05.val_exceeds.06     5.047391e-02
status                   4.463191e-02
rm.01.val_exceeds.05     3.926994e-02
v_mo                     2.989926e-02
rm.01.val_exceeds.06     2.593423e-02
rm.05.val_exceeds.04     1.946122e-02
z.sbin.v_fc              1.926789e-02
z.proj_mo                1.899801e-02
v_fc                     1.885790e-02
z.sbin.proj_mo           1.671703e-02
rm.01.value              1.246646e-02
z.sbin.v_mo              1.225239e-02
rm.05.value              8.713142e-03
fict.proj_mu.03.025.006  7.972474e-03
proj_fc                  7.355997e-03
z.v_fc                   7.265313e-03
rm.05.salary             6.863743e-03
slate_size               6.004902e-03
z.v_mo                   5.980268e-03
rm.05.score              5.076488e-03
proj_mo                  3.550514e-03
rm.01.score              3.490619e-03
rm.05.team_def_score     3.117957e-03
fict.proj_fc.03.025.006  3.104907e-03
z.proj_fc                3.039070e-03
fict.proj_mo.03.025.006  2.646537e-03
...                               ...
fict.proj_mo.07.025.006  1.654381e-03
fict.proj_mu.06.025.006  1.536061e-03
fict.proj_mo.06.025.006  1.508522e-03
rm.05.team_total_score   1.247834e-03
fict.proj_fc.04.025.006  1.122950e-03
rm.05.opp_off_score      1.093065e-03
fict.proj_mu.04.025.006  1.056018e-03
fict.proj_fc.06.025.006  8.299070e-04
rm.05.opp_total_score    7.623113e-04
rm.01.salary             7.037578e-04
fict.proj_mo.07.050.006  6.962726e-04
total                    6.338689e-04
rm.01.team_total_score   5.429010e-04
rm.05.team_off_score     5.292221e-04
fict.proj_mu.05.025.006  4.920426e-04
rm.01.team_off_score     4.181776e-04
rm.01.team_def_score     3.134659e-04
fict.proj_mu.08.001.006  2.496306e-04
fict.proj_mo.08.001.006  1.919509e-04
fict.proj_mu.07.025.006  1.840933e-04
fict.proj_mo.08.025.006  1.687895e-04
rm.01.opp_off_score      1.605085e-04
rm.01.opp_def_score      1.550012e-04
fict.proj_fc.08.001.006  1.039085e-04
rm.01.opp_total_score    6.256899e-05
fict.proj_mu.08.025.006  6.076863e-05
rm.01.val_exceeds.04     4.790197e-05
fict.proj_fc.07.025.006  4.509080e-05
fict.proj_fc.05.025.006  4.208862e-05
total_entries            1.305231e-07

[66 rows x 1 columns]
                                    2
features                             
rm.05.val_exceeds.05     1.394528e-01
max_user_frac            1.328780e-01
rm.05.val_exceeds.06     1.061077e-01
rm.05.salary             7.466660e-02
rm.01.val_exceeds.05     5.549161e-02
rm.05.value              5.546029e-02
status                   4.817507e-02
z.salary                 4.671127e-02
log.slate_size           4.593106e-02
z.sbin.v_mo              3.305013e-02
rm.05.score              3.058758e-02
slate_size               2.130049e-02
v_fc                     1.835505e-02
z.proj_fc                1.770899e-02
z.v_fc                   1.743974e-02
z.sbin.v_fc              1.552913e-02
rm.01.value              1.412943e-02
v_mo                     1.406280e-02
z.sbin.proj_mo           1.319148e-02
rm.01.val_exceeds.06     1.285745e-02
rm.05.val_exceeds.04     1.265675e-02
z.sbin.proj_fc           1.147036e-02
z.v_mo                   9.799647e-03
rm.01.val_exceeds.04     6.155669e-03
line                     3.757764e-03
rm.01.score              3.542985e-03
fict.proj_mo.05.025.006  2.924173e-03
z.proj_mo                2.557614e-03
fict.proj_mu.04.025.006  2.437576e-03
rm.01.salary             2.329163e-03
...                               ...
fict.proj_fc.08.025.006  1.451901e-03
rm.05.opp_def_score      1.346331e-03
fict.proj_fc.03.025.006  1.305049e-03
fict.proj_mu.06.025.006  1.243504e-03
fict.proj_mo.08.025.006  1.206842e-03
rm.01.team_def_score     1.157478e-03
rm.01.opp_off_score      1.106362e-03
fict.proj_mo.06.025.006  1.040308e-03
proj_mo                  9.452819e-04
fict.proj_mo.03.025.006  7.782880e-04
fict.proj_mu.03.025.006  7.409951e-04
fict.proj_mu.05.025.006  7.312228e-04
fict.proj_mo.07.025.006  7.013777e-04
fict.proj_mo.07.050.006  6.349063e-04
proj_fc                  5.992048e-04
rm.01.team_total_score   5.295090e-04
rm.01.team_off_score     4.807161e-04
fict.proj_fc.07.025.006  3.640141e-04
fict.proj_mo.04.025.006  3.565911e-04
fict.proj_fc.04.025.006  2.664294e-04
total                    1.820453e-04
fict.proj_fc.06.025.006  1.584295e-04
fict.proj_fc.08.001.006  1.542920e-04
rm.01.opp_total_score    1.433683e-04
rm.05.team_def_score     1.259880e-04
fict.proj_mo.08.001.006  1.073833e-04
fict.proj_mu.07.025.006  5.575745e-05
fict.proj_mu.08.001.006  1.514115e-05
rm.01.opp_def_score      1.284486e-05
total_entries            6.739777e-08

[66 rows x 1 columns]
                                    3
features                             
log.slate_size           2.460893e-01
rm.05.val_exceeds.06     1.103112e-01
status                   1.086834e-01
z.v_mo                   9.408606e-02
z.salary                 8.359987e-02
rm.01.val_exceeds.05     6.691219e-02
rm.05.val_exceeds.05     4.166625e-02
max_user_frac            3.051648e-02
z.proj_fc                2.157690e-02
rm.01.val_exceeds.06     1.905870e-02
rm.05.value              1.823829e-02
z.v_fc                   1.736267e-02
rm.05.val_exceeds.04     1.608202e-02
rm.01.salary             1.415228e-02
rm.05.salary             1.203224e-02
rm.01.val_exceeds.04     9.838640e-03
v_fc                     9.010496e-03
z.sbin.v_fc              8.542741e-03
z.proj_mo                7.991241e-03
rm.01.value              6.904794e-03
proj_fc                  6.691119e-03
z.sbin.proj_fc           6.219440e-03
v_mo                     5.737238e-03
rm.05.opp_def_score      3.770379e-03
line                     3.663155e-03
z.sbin.proj_mo           3.021867e-03
slate_size               2.701846e-03
fict.proj_mo.03.025.006  2.305427e-03
fict.proj_fc.03.025.006  2.006018e-03
fict.proj_fc.05.025.006  1.860994e-03
...                               ...
total                    1.036357e-03
rm.05.opp_total_score    8.442830e-04
fict.proj_mo.05.025.006  8.414570e-04
rm.05.opp_off_score      7.292287e-04
rm.01.team_off_score     6.243838e-04
fict.proj_mu.05.025.006  5.813060e-04
fict.proj_mu.06.025.006  5.725082e-04
rm.05.score              4.880449e-04
fict.proj_fc.06.025.006  4.812089e-04
fict.proj_mo.07.025.006  4.549797e-04
fict.proj_mo.06.025.006  4.145335e-04
fict.proj_mo.04.025.006  3.937166e-04
rm.01.opp_off_score      3.767105e-04
rm.01.score              3.229541e-04
fict.proj_mo.08.025.006  3.180065e-04
fict.proj_mo.08.001.006  2.874747e-04
rm.01.opp_total_score    2.733529e-04
fict.proj_fc.07.025.006  2.435494e-04
fict.proj_fc.08.001.006  2.403201e-04
fict.proj_mu.08.025.006  2.190777e-04
rm.05.team_off_score     2.088162e-04
fict.proj_mu.07.025.006  1.684627e-04
fict.proj_mu.03.025.006  1.569703e-04
fict.proj_mo.07.050.006  1.377694e-04
rm.05.team_def_score     1.117653e-04
fict.proj_fc.08.025.006  1.082870e-04
fict.proj_mu.08.001.006  6.104524e-05
fict.proj_mu.04.025.006  5.594358e-05
rm.01.team_total_score   9.063934e-06
total_entries            1.327094e-07

[66 rows x 1 columns]
                                    4
features                             
log.slate_size           2.674168e-01
status                   1.028598e-01
max_user_frac            9.746780e-02
rm.05.val_exceeds.05     9.536377e-02
z.salary                 8.326194e-02
rm.05.val_exceeds.04     3.634550e-02
rm.05.salary             2.997004e-02
rm.01.val_exceeds.06     2.932670e-02
rm.05.value              2.813530e-02
v_fc                     2.806808e-02
rm.01.value              2.747288e-02
v_mo                     2.287557e-02
rm.05.val_exceeds.06     2.285378e-02
z.v_fc                   1.896796e-02
z.sbin.proj_fc           1.104207e-02
slate_size               1.025976e-02
z.sbin.v_fc              8.168318e-03
rm.05.team_def_score     8.093615e-03
proj_fc                  7.425164e-03
proj_mo                  6.433425e-03
rm.01.salary             6.018588e-03
rm.01.val_exceeds.05     4.470699e-03
z.proj_mo                3.853446e-03
line                     3.532960e-03
z.proj_fc                3.185213e-03
z.v_mo                   2.829556e-03
fict.proj_fc.03.025.006  2.812679e-03
rm.05.opp_off_score      2.153989e-03
fict.proj_mu.03.025.006  2.113840e-03
rm.05.team_off_score     1.943985e-03
...                               ...
fict.proj_mu.07.025.006  1.126415e-03
z.sbin.proj_mo           1.091969e-03
fict.proj_mo.08.025.006  1.067668e-03
fict.proj_mo.06.025.006  1.006607e-03
fict.proj_fc.04.025.006  9.856853e-04
fict.proj_fc.08.025.006  9.215718e-04
rm.01.val_exceeds.04     9.027006e-04
fict.proj_fc.06.025.006  8.096601e-04
rm.01.score              7.780757e-04
rm.01.opp_def_score      6.793279e-04
rm.01.opp_off_score      6.784867e-04
fict.proj_fc.05.025.006  6.626231e-04
fict.proj_fc.08.001.006  6.329438e-04
rm.05.opp_def_score      5.891336e-04
rm.05.score              5.349902e-04
fict.proj_mu.05.025.006  4.251637e-04
z.sbin.v_mo              4.113652e-04
rm.01.team_off_score     3.412428e-04
rm.05.team_total_score   3.119953e-04
fict.proj_mu.04.025.006  2.306831e-04
fict.proj_mu.06.025.006  2.271236e-04
fict.proj_mo.07.025.006  2.262223e-04
rm.01.team_total_score   2.101415e-04
fict.proj_mu.08.025.006  1.968841e-04
fict.proj_mo.07.050.006  1.466590e-04
fict.proj_mo.08.001.006  1.362635e-04
fict.proj_mu.08.001.006  7.801930e-05
fict.proj_mo.05.025.006  5.214519e-05
rm.01.opp_total_score    4.731820e-05
total_entries            3.247287e-08

[66 rows x 1 columns]
                                    5
features                             
log.slate_size           1.485576e-01
z.salary                 9.468845e-02
max_user_frac            7.953806e-02
rm.05.val_exceeds.04     6.936826e-02
rm.05.salary             6.662851e-02
rm.05.val_exceeds.05     5.847801e-02
rm.01.val_exceeds.05     5.486691e-02
z.sbin.proj_fc           4.231813e-02
rm.05.val_exceeds.06     4.189854e-02
rm.01.val_exceeds.06     4.158703e-02
z.sbin.v_fc              2.997637e-02
v_mo                     2.200482e-02
fict.proj_mu.06.025.006  1.706477e-02
rm.05.value              1.603432e-02
z.v_mo                   1.247613e-02
status                   1.173399e-02
proj_mo                  1.057977e-02
fict.proj_mu.05.025.006  1.024612e-02
z.proj_fc                9.882213e-03
rm.01.salary             9.137955e-03
rm.01.value              8.996046e-03
fict.proj_fc.07.025.006  8.750946e-03
fict.proj_mo.08.025.006  8.367445e-03
proj_fc                  8.338678e-03
fict.proj_fc.05.025.006  7.896677e-03
v_fc                     6.541690e-03
fict.proj_mu.04.025.006  6.482932e-03
z.proj_mo                5.429244e-03
z.sbin.proj_mo           5.100333e-03
fict.proj_fc.08.025.006  4.793338e-03
...                               ...
fict.proj_mu.07.025.006  3.778673e-03
rm.01.team_def_score     3.702166e-03
fict.proj_fc.03.025.006  3.558982e-03
z.sbin.v_mo              3.417702e-03
rm.01.team_off_score     3.399305e-03
rm.05.opp_off_score      3.382971e-03
fict.proj_mo.04.025.006  3.276857e-03
fict.proj_mo.07.025.006  3.198431e-03
fict.proj_mo.06.025.006  3.129808e-03
rm.05.team_total_score   3.025299e-03
rm.05.team_off_score     2.872257e-03
rm.01.team_total_score   2.415017e-03
rm.01.opp_total_score    2.317860e-03
rm.05.opp_total_score    2.129780e-03
rm.01.opp_off_score      1.865783e-03
total                    1.738350e-03
fict.proj_mu.03.025.006  1.356576e-03
rm.05.team_def_score     1.264256e-03
fict.proj_mo.05.025.006  1.247946e-03
fict.proj_fc.04.025.006  1.084501e-03
fict.proj_mo.08.001.006  1.069744e-03
slate_size               1.037482e-03
fict.proj_fc.08.001.006  8.037592e-04
rm.01.score              4.679242e-04
line                     3.740154e-04
rm.01.val_exceeds.04     2.877758e-04
rm.05.opp_def_score      2.727327e-04
fict.proj_mu.08.001.006  1.771806e-04
rm.05.score              1.103517e-04
total_entries            1.111675e-07

[66 rows x 1 columns]
                                    6
features                             
log.slate_size           1.847601e-01
max_user_frac            1.723538e-01
z.salary                 1.080139e-01
rm.05.val_exceeds.06     1.017644e-01
status                   8.309482e-02
v_mo                     6.690901e-02
rm.05.value              3.681316e-02
rm.05.val_exceeds.04     3.632965e-02
rm.05.salary             2.464087e-02
rm.01.val_exceeds.05     2.413957e-02
z.v_fc                   2.107155e-02
z.proj_mo                1.979235e-02
rm.05.val_exceeds.05     1.739242e-02
z.proj_fc                7.288657e-03
fict.proj_mo.05.025.006  6.359806e-03
z.sbin.proj_mo           5.947288e-03
fict.proj_mo.07.025.006  5.228182e-03
rm.01.val_exceeds.04     4.957936e-03
rm.05.score              4.074889e-03
rm.01.salary             4.050976e-03
fict.proj_mu.05.025.006  3.958737e-03
proj_fc                  3.839832e-03
z.sbin.v_fc              3.298761e-03
rm.05.opp_off_score      3.089396e-03
z.sbin.proj_fc           2.879310e-03
v_fc                     2.827069e-03
proj_mo                  2.733074e-03
rm.05.team_def_score     2.690559e-03
fict.proj_mo.08.025.006  2.655773e-03
fict.proj_mu.06.025.006  2.613600e-03
...                               ...
fict.proj_fc.04.025.006  1.798364e-03
fict.proj_mo.04.025.006  1.759547e-03
fict.proj_fc.08.025.006  1.609723e-03
fict.proj_mu.08.025.006  1.609124e-03
rm.01.team_off_score     1.283634e-03
fict.proj_mu.04.025.006  1.275011e-03
fict.proj_fc.05.025.006  1.190123e-03
rm.01.team_def_score     1.142607e-03
rm.01.score              1.071479e-03
rm.01.team_total_score   1.045980e-03
z.v_mo                   8.020189e-04
total                    7.749344e-04
rm.01.val_exceeds.06     7.165522e-04
fict.proj_fc.03.025.006  7.074459e-04
fict.proj_mo.07.050.006  6.082287e-04
rm.01.opp_def_score      5.483159e-04
fict.proj_fc.06.025.006  4.779992e-04
rm.01.opp_off_score      4.196728e-04
rm.01.opp_total_score    4.181901e-04
fict.proj_mo.08.001.006  4.080158e-04
fict.proj_mu.03.025.006  3.728209e-04
z.sbin.v_mo              3.107492e-04
fict.proj_fc.08.001.006  3.015161e-04
fict.proj_mu.08.001.006  2.014840e-04
slate_size               1.768880e-04
fict.proj_mo.06.025.006  8.500672e-05
fict.proj_mu.07.025.006  6.642959e-05
rm.01.value              5.785455e-05
rm.05.opp_def_score      5.248102e-05
total_entries            1.788370e-07

[66 rows x 1 columns]
                                    7
features                             
log.slate_size           2.419068e-01
rm.05.val_exceeds.06     1.166558e-01
rm.01.val_exceeds.04     6.767705e-02
rm.05.val_exceeds.04     4.803522e-02
z.salary                 4.726426e-02
z.v_fc                   4.320202e-02
z.proj_fc                4.300428e-02
rm.01.val_exceeds.06     3.953991e-02
v_mo                     3.744869e-02
z.proj_mo                3.173351e-02
rm.05.value              3.155026e-02
max_user_frac            3.044420e-02
rm.01.salary             2.138501e-02
rm.05.val_exceeds.05     2.075839e-02
rm.05.salary             1.695172e-02
z.sbin.v_fc              1.489023e-02
fict.proj_fc.05.025.006  1.358667e-02
v_fc                     1.309081e-02
z.sbin.proj_fc           1.180731e-02
slate_size               9.979891e-03
rm.01.value              6.830287e-03
fict.proj_mu.05.025.006  5.583900e-03
fict.proj_mo.08.025.006  5.275561e-03
z.sbin.proj_mo           5.238136e-03
z.sbin.v_mo              4.795883e-03
fict.proj_fc.07.025.006  4.461033e-03
fict.proj_mo.06.025.006  3.960570e-03
rm.01.opp_def_score      3.532152e-03
rm.05.opp_def_score      3.209604e-03
line                     3.026482e-03
...                               ...
fict.proj_fc.08.025.006  2.554072e-03
total                    2.500530e-03
fict.proj_fc.03.025.006  2.401311e-03
rm.05.score              2.253786e-03
fict.proj_mu.08.001.006  2.125449e-03
rm.01.opp_off_score      2.064454e-03
z.v_mo                   2.034306e-03
fict.proj_fc.06.025.006  2.004535e-03
rm.05.team_total_score   1.773199e-03
rm.01.team_def_score     1.687046e-03
fict.proj_mu.08.025.006  1.608822e-03
fict.proj_mo.07.050.006  1.249154e-03
fict.proj_fc.08.001.006  1.202739e-03
fict.proj_mo.04.025.006  1.159574e-03
rm.05.team_def_score     1.096184e-03
fict.proj_mu.03.025.006  1.085154e-03
fict.proj_mo.03.025.006  1.036141e-03
fict.proj_mu.04.025.006  1.026546e-03
rm.01.val_exceeds.05     9.075164e-04
proj_fc                  9.033416e-04
fict.proj_fc.04.025.006  8.057677e-04
fict.proj_mu.06.025.006  5.883818e-04
rm.01.score              4.916902e-04
fict.proj_mo.05.025.006  4.819166e-04
rm.05.opp_off_score      4.383355e-04
proj_mo                  4.088144e-04
fict.proj_mo.07.025.006  3.879513e-04
fict.proj_mo.08.001.006  2.827747e-04
rm.05.team_off_score     8.522773e-05
total_entries            2.451707e-07

[66 rows x 1 columns]
                                    8
features                             
log.slate_size           1.926617e-01
z.salary                 1.594285e-01
rm.05.val_exceeds.06     1.474663e-01
status                   8.554201e-02
rm.01.val_exceeds.05     5.161982e-02
max_user_frac            4.228844e-02
rm.05.value              3.806022e-02
z.v_fc                   3.633322e-02
v_fc                     3.045563e-02
z.sbin.proj_fc           2.168936e-02
z.sbin.v_mo              2.159241e-02
z.sbin.v_fc              1.917380e-02
z.proj_mo                1.898180e-02
rm.05.val_exceeds.04     1.351216e-02
v_mo                     1.171465e-02
rm.01.value              1.107953e-02
rm.05.salary             9.741583e-03
rm.01.val_exceeds.06     9.175090e-03
fict.proj_fc.04.025.006  8.618855e-03
rm.01.salary             7.776990e-03
z.proj_fc                5.371056e-03
slate_size               5.084855e-03
rm.01.val_exceeds.04     4.511175e-03
fict.proj_mo.03.025.006  3.855263e-03
z.v_mo                   2.725759e-03
fict.proj_fc.08.001.006  2.537221e-03
rm.05.score              2.468997e-03
fict.proj_mu.08.025.006  2.398227e-03
fict.proj_mo.07.050.006  2.181637e-03
fict.proj_mo.08.025.006  2.153281e-03
...                               ...
fict.proj_mu.05.025.006  1.586111e-03
fict.proj_mu.03.025.006  1.472297e-03
fict.proj_fc.03.025.006  1.437716e-03
rm.01.opp_def_score      1.314340e-03
fict.proj_mo.04.025.006  1.165656e-03
fict.proj_fc.06.025.006  1.099919e-03
rm.05.team_def_score     1.025371e-03
rm.01.score              9.352386e-04
rm.05.opp_total_score    9.088017e-04
rm.05.team_off_score     8.914911e-04
fict.proj_mu.06.025.006  8.668714e-04
fict.proj_mu.07.025.006  7.709137e-04
proj_mo                  7.644690e-04
rm.01.team_total_score   7.252133e-04
rm.01.team_off_score     5.920128e-04
fict.proj_fc.07.025.006  5.582675e-04
fict.proj_mo.05.025.006  4.489872e-04
fict.proj_fc.08.025.006  4.286124e-04
proj_fc                  3.925860e-04
fict.proj_fc.05.025.006  3.794341e-04
line                     3.525266e-04
rm.05.opp_def_score      1.832471e-04
z.sbin.proj_mo           1.641409e-04
rm.01.opp_total_score    1.616011e-04
fict.proj_mo.08.001.006  1.134644e-04
fict.proj_mu.08.001.006  8.630904e-05
rm.01.opp_off_score      6.374394e-05
rm.05.opp_off_score      1.837124e-05
total                    1.629122e-05
total_entries            1.605742e-07

[66 rows x 1 columns]
                                    9
features                             
log.slate_size           3.003071e-01
z.salary                 1.675266e-01
max_user_frac            1.241711e-01
rm.05.val_exceeds.05     5.887541e-02
rm.05.val_exceeds.04     4.437289e-02
rm.05.value              3.805448e-02
rm.05.val_exceeds.06     2.485316e-02
rm.01.val_exceeds.05     2.277986e-02
rm.01.value              1.879124e-02
rm.05.salary             1.823210e-02
v_fc                     1.809496e-02
rm.01.val_exceeds.06     1.474837e-02
rm.01.salary             1.327889e-02
rm.01.val_exceeds.04     1.287168e-02
z.proj_fc                1.265853e-02
z.v_fc                   1.240871e-02
z.sbin.v_fc              1.205610e-02
z.sbin.proj_fc           1.202029e-02
z.v_mo                   7.579965e-03
slate_size               7.452783e-03
fict.proj_fc.03.025.006  7.406541e-03
z.proj_mo                6.849701e-03
status                   6.822574e-03
z.sbin.proj_mo           5.448623e-03
proj_fc                  3.566654e-03
v_mo                     2.382804e-03
proj_mo                  2.349983e-03
fict.proj_mo.03.025.006  1.879214e-03
fict.proj_mo.06.025.006  1.487814e-03
rm.05.score              1.369520e-03
...                               ...
rm.05.opp_total_score    1.034775e-03
fict.proj_mo.04.025.006  1.000844e-03
fict.proj_fc.08.025.006  9.454147e-04
fict.proj_fc.05.025.006  8.951212e-04
rm.01.team_def_score     8.091245e-04
rm.05.team_off_score     7.841198e-04
fict.proj_mu.08.001.006  7.611603e-04
total                    6.123808e-04
fict.proj_mo.08.001.006  6.014874e-04
rm.01.team_total_score   4.976221e-04
fict.proj_mo.07.050.006  4.821184e-04
fict.proj_fc.07.025.006  4.401764e-04
fict.proj_mu.08.025.006  4.221434e-04
fict.proj_fc.06.025.006  3.723733e-04
fict.proj_mo.08.025.006  2.946705e-04
fict.proj_mu.05.025.006  2.573380e-04
fict.proj_mo.05.025.006  2.529793e-04
fict.proj_mu.04.025.006  1.827882e-04
rm.01.opp_off_score      1.771321e-04
rm.05.team_total_score   1.744313e-04
fict.proj_mu.06.025.006  1.548659e-04
fict.proj_mu.07.025.006  1.436568e-04
rm.01.team_off_score     1.428504e-04
fict.proj_fc.08.001.006  1.300532e-04
fict.proj_mu.03.025.006  1.090101e-04
rm.01.opp_def_score      1.071516e-04
fict.proj_fc.04.025.006  6.029574e-05
rm.01.opp_total_score    2.691308e-05
rm.05.team_def_score     2.257164e-05
total_entries            5.492745e-08

[66 rows x 1 columns]
[0
 ['z.sbin.proj_mo', 'rm.05.val_exceeds.06', 'rm.05.val_exceeds.05', 'max_user_frac', 'z.salary', 'z.sbin.proj_fc', 'rm.01.val_exceeds.04', 'z.sbin.v_mo', 'v_fc', 'log.slate_size']
 ['total_entries', 'fict.proj_fc.04.025.006', 'rm.01.opp_def_score', 'line', 'fict.proj_mu.08.001.006', 'fict.proj_mo.08.001.006', 'rm.01.opp_off_score', 'fict.proj_mu.06.025.006', 'rm.01.team_total_score', 'rm.01.opp_total_score']]
[1
 ['log.slate_size', 'z.salary', 'rm.05.val_exceeds.05', 'max_user_frac', 'rm.05.val_exceeds.06', 'status', 'rm.01.val_exceeds.05', 'v_mo', 'rm.01.val_exceeds.06', 'rm.05.val_exceeds.04']
 ['total_entries', 'fict.proj_fc.05.025.006', 'fict.proj_fc.07.025.006', 'rm.01.val_exceeds.04', 'fict.proj_mu.08.025.006', 'rm.01.opp_total_score', 'fict.proj_fc.08.001.006', 'rm.01.opp_def_score', 'rm.01.opp_off_score', 'fict.proj_mo.08.025.006']]
[2
 ['rm.05.val_exceeds.05', 'max_user_frac', 'rm.05.val_exceeds.06', 'rm.05.salary', 'rm.01.val_exceeds.05', 'rm.05.value', 'status', 'z.salary', 'log.slate_size', 'z.sbin.v_mo']
 ['total_entries', 'rm.01.opp_def_score', 'fict.proj_mu.08.001.006', 'fict.proj_mu.07.025.006', 'fict.proj_mo.08.001.006', 'rm.05.team_def_score', 'rm.01.opp_total_score', 'fict.proj_fc.08.001.006', 'fict.proj_fc.06.025.006', 'total']]
[3
 ['log.slate_size', 'rm.05.val_exceeds.06', 'status', 'z.v_mo', 'z.salary', 'rm.01.val_exceeds.05', 'rm.05.val_exceeds.05', 'max_user_frac', 'z.proj_fc', 'rm.01.val_exceeds.06']
 ['total_entries', 'rm.01.team_total_score', 'fict.proj_mu.04.025.006', 'fict.proj_mu.08.001.006', 'fict.proj_fc.08.025.006', 'rm.05.team_def_score', 'fict.proj_mo.07.050.006', 'fict.proj_mu.03.025.006', 'fict.proj_mu.07.025.006', 'rm.05.team_off_score']]
[4
 ['log.slate_size', 'status', 'max_user_frac', 'rm.05.val_exceeds.05', 'z.salary', 'rm.05.val_exceeds.04', 'rm.05.salary', 'rm.01.val_exceeds.06', 'rm.05.value', 'v_fc']
 ['total_entries', 'rm.01.opp_total_score', 'fict.proj_mo.05.025.006', 'fict.proj_mu.08.001.006', 'fict.proj_mo.08.001.006', 'fict.proj_mo.07.050.006', 'fict.proj_mu.08.025.006', 'rm.01.team_total_score', 'fict.proj_mo.07.025.006', 'fict.proj_mu.06.025.006']]
[5
 ['log.slate_size', 'z.salary', 'max_user_frac', 'rm.05.val_exceeds.04', 'rm.05.salary', 'rm.05.val_exceeds.05', 'rm.01.val_exceeds.05', 'z.sbin.proj_fc', 'rm.05.val_exceeds.06', 'rm.01.val_exceeds.06']
 ['total_entries', 'rm.05.score', 'fict.proj_mu.08.001.006', 'rm.05.opp_def_score', 'rm.01.val_exceeds.04', 'line', 'rm.01.score', 'fict.proj_fc.08.001.006', 'slate_size', 'fict.proj_mo.08.001.006']]
[6
 ['log.slate_size', 'max_user_frac', 'z.salary', 'rm.05.val_exceeds.06', 'status', 'v_mo', 'rm.05.value', 'rm.05.val_exceeds.04', 'rm.05.salary', 'rm.01.val_exceeds.05']
 ['total_entries', 'rm.05.opp_def_score', 'rm.01.value', 'fict.proj_mu.07.025.006', 'fict.proj_mo.06.025.006', 'slate_size', 'fict.proj_mu.08.001.006', 'fict.proj_fc.08.001.006', 'z.sbin.v_mo', 'fict.proj_mu.03.025.006']]
[7
 ['log.slate_size', 'rm.05.val_exceeds.06', 'rm.01.val_exceeds.04', 'rm.05.val_exceeds.04', 'z.salary', 'z.v_fc', 'z.proj_fc', 'rm.01.val_exceeds.06', 'v_mo', 'z.proj_mo']
 ['total_entries', 'rm.05.team_off_score', 'fict.proj_mo.08.001.006', 'fict.proj_mo.07.025.006', 'proj_mo', 'rm.05.opp_off_score', 'fict.proj_mo.05.025.006', 'rm.01.score', 'fict.proj_mu.06.025.006', 'fict.proj_fc.04.025.006']]
[8
 ['log.slate_size', 'z.salary', 'rm.05.val_exceeds.06', 'status', 'rm.01.val_exceeds.05', 'max_user_frac', 'rm.05.value', 'z.v_fc', 'v_fc', 'z.sbin.proj_fc']
 ['total_entries', 'total', 'rm.05.opp_off_score', 'rm.01.opp_off_score', 'fict.proj_mu.08.001.006', 'fict.proj_mo.08.001.006', 'rm.01.opp_total_score', 'z.sbin.proj_mo', 'rm.05.opp_def_score', 'line']]
[9
 ['log.slate_size', 'z.salary', 'max_user_frac', 'rm.05.val_exceeds.05', 'rm.05.val_exceeds.04', 'rm.05.value', 'rm.05.val_exceeds.06', 'rm.01.val_exceeds.05', 'rm.01.value', 'rm.05.salary']
 ['total_entries', 'rm.05.team_def_score', 'rm.01.opp_total_score', 'fict.proj_fc.04.025.006', 'rm.01.opp_def_score', 'fict.proj_mu.03.025.006', 'fict.proj_fc.08.001.006', 'rm.01.team_off_score', 'fict.proj_mu.07.025.006', 'fict.proj_mu.06.025.006']]
