                                                  0
c.Dwight_Howard.RandomForestRegressor      0.006782
c.Kyle_Lowry.RandomForestRegressor         0.006617
c.Damian_Lillard.RandomForestRegressor     0.006115
c.Eric_Bledsoe.RandomForestRegressor       0.005890
c.Isaiah_Thomas.RandomForestRegressor      0.005857
c.Chris_Paul.RandomForestRegressor         0.005832
c.Blake_Griffin.RandomForestRegressor      0.005827
c.Kemba_Walker.RandomForestRegressor       0.005814
c.James_Harden.RandomForestRegressor       0.005745
c.Chris_Bosh.RandomForestRegressor         0.005718
c.Draymond_Green.RandomForestRegressor     0.005694
c.Carmelo_Anthony.RandomForestRegressor    0.005610
c.John_Wall.RandomForestRegressor          0.005601
c.Kevin_Durant.RandomForestRegressor       0.005518
c.DeMarcus_Cousins.RandomForestRegressor   0.005441
c.Jimmy_Butler.RandomForestRegressor       0.005387
c.Kenneth_Faried.RandomForestRegressor     0.005242
c.Rudy_Gobert.RandomForestRegressor        0.005232
c.Avery_Bradley.RandomForestRegressor      0.005125
c.Stephen_Curry.RandomForestRegressor      0.005053
c.Nene_Hilario.RandomForestRegressor       0.005041
c.LaMarcus_Aldridge.RandomForestRegressor  0.005025
c.Greg_Monroe.RandomForestRegressor        0.004980
c.Jabari_Parker.RandomForestRegressor      0.004970
c.Gordon_Hayward.RandomForestRegressor     0.004915
c.C.J._McCollum.RandomForestRegressor      0.004891
c.DeMar_DeRozan.RandomForestRegressor      0.004875
c.Kawhi_Leonard.RandomForestRegressor      0.004867
c.Dwyane_Wade.RandomForestRegressor        0.004843
c.Andre_Drummond.RandomForestRegressor     0.004838
...                                             ...
c.Lance_Stephenson.RandomForestRegressor   0.002488
c.Austin_Rivers.RandomForestRegressor      0.002482
c.Bismack_Biyombo.RandomForestRegressor    0.002450
c.Brandon_Rush.RandomForestRegressor       0.002400
c.Josh_Richardson.RandomForestRegressor    0.002399
c.Cody_Zeller.RandomForestRegressor        0.002399
c.Mike_Muscala.RandomForestRegressor       0.002395
c.Leandro_Barbosa.RandomForestRegressor    0.002395
c.Aaron_Brooks.RandomForestRegressor       0.002389
c.Kyle_Anderson.RandomForestRegressor      0.002371
c.Derrick_Williams.RandomForestRegressor   0.002363
c.Anthony_Morrow.RandomForestRegressor     0.002356
c.Larry_Nance_Jr..RandomForestRegressor    0.002285
c.Mirza_Teletovic.RandomForestRegressor    0.002280
c.Seth_Curry.RandomForestRegressor         0.002254
c.Shane_Larkin.RandomForestRegressor       0.002197
c.Brandon_Jennings.RandomForestRegressor   0.002194
c.Devin_Harris.RandomForestRegressor       0.002046
c.Noah_Vonleh.RandomForestRegressor        0.001966
c.Dante_Cunningham.RandomForestRegressor   0.001964
c.Maurice_Harkless.RandomForestRegressor   0.001937
c.Jonathon_Simmons.RandomForestRegressor   0.001931
c.Vince_Carter.RandomForestRegressor       0.001920
c.Ramon_Sessions.RandomForestRegressor     0.001914
c.Marcus_Thornton.RandomForestRegressor    0.001882
c.Jerian_Grant.RandomForestRegressor       0.001807
c.Cole_Aldrich.RandomForestRegressor       0.001775
c.Raymond_Felton.RandomForestRegressor     0.001744
c.Kelly_Olynyk.RandomForestRegressor       0.001624
c.Nemanja_Bjelica.RandomForestRegressor    0.001402

[282 rows x 1 columns]
                                                    1
c.Carmelo_Anthony.RandomForestRegressor      0.011296
c.Kyle_Lowry.RandomForestRegressor           0.010933
c.Dwight_Howard.RandomForestRegressor        0.010509
c.LeBron_James.RandomForestRegressor         0.009685
c.Paul_Millsap.RandomForestRegressor         0.009652
c.Jimmy_Butler.RandomForestRegressor         0.009588
c.Chris_Paul.RandomForestRegressor           0.009343
c.Kevin_Durant.RandomForestRegressor         0.009307
c.Kawhi_Leonard.RandomForestRegressor        0.009204
c.Russell_Westbrook.RandomForestRegressor    0.009201
c.Stephen_Curry.RandomForestRegressor        0.008974
c.DeMarcus_Cousins.RandomForestRegressor     0.008495
c.Eric_Bledsoe.RandomForestRegressor         0.008027
c.Kemba_Walker.RandomForestRegressor         0.007961
c.Blake_Griffin.RandomForestRegressor        0.007952
c.Draymond_Green.RandomForestRegressor       0.007864
c.Damian_Lillard.RandomForestRegressor       0.007668
c.Austin_Rivers.RandomForestRegressor        0.007528
c.Isaiah_Thomas.RandomForestRegressor        0.007483
c.LaMarcus_Aldridge.RandomForestRegressor    0.007426
c.Dwyane_Wade.RandomForestRegressor          0.007383
c.Kyle_O'Quinn.RandomForestRegressor         0.007203
c.John_Wall.RandomForestRegressor            0.006676
c.T.J._McConnell.RandomForestRegressor       0.006590
c.Stanley_Johnson.RandomForestRegressor      0.006588
c.Shaun_Livingston.RandomForestRegressor     0.006513
c.Marc_Gasol.RandomForestRegressor           0.006484
c.Reggie_Jackson.RandomForestRegressor       0.006484
c.James_Harden.RandomForestRegressor         0.006401
c.Joe_Ingles.RandomForestRegressor           0.006359
...                                               ...
c.Marvin_Williams.RandomForestRegressor      0.000657
c.Jeremy_Lamb.RandomForestRegressor          0.000642
c.Monta_Ellis.RandomForestRegressor          0.000616
c.Tristan_Thompson.RandomForestRegressor     0.000611
c.Manu_Ginobili.RandomForestRegressor        0.000607
c.Matthew_Dellavedova.RandomForestRegressor  0.000584
c.Boris_Diaw.RandomForestRegressor           0.000434
c.Kent_Bazemore.RandomForestRegressor        0.000371
c.Devin_Booker.RandomForestRegressor         0.000366
c.Jae_Crowder.RandomForestRegressor          0.000255
c.Terrence_Ross.RandomForestRegressor        0.000242
c.Al_Horford.RandomForestRegressor           0.000240
c.Jeff_Teague.RandomForestRegressor          0.000234
c.Tyler_Johnson.RandomForestRegressor        0.000197
c.Corey_Brewer.RandomForestRegressor         0.000188
c.Terrence_Jones.RandomForestRegressor       0.000160
c.Ian_Mahinmi.RandomForestRegressor          0.000133
c.Marcus_Morris.RandomForestRegressor        0.000128
c.Rajon_Rondo.RandomForestRegressor          0.000122
c.Zaza_Pachulia.RandomForestRegressor        0.000088
c.Julius_Randle.RandomForestRegressor        0.000056
c.Alec_Burks.RandomForestRegressor           0.000051
c.Alex_Len.RandomForestRegressor             0.000050
c.Zach_LaVine.RandomForestRegressor          0.000050
c.Rodney_Hood.RandomForestRegressor          0.000048
c.Bradley_Beal.RandomForestRegressor         0.000032
c.George_Hill.RandomForestRegressor          0.000031
c.Evan_Fournier.RandomForestRegressor        0.000023
c.Al_Jefferson.RandomForestRegressor         0.000017
c.Nikola_Mirotic.RandomForestRegressor       0.000001

[282 rows x 1 columns]
                                                         2
c.Brandon_Bass.RandomForestRegressor              0.016516
c.James_Harden.RandomForestRegressor              0.015053
c.Manu_Ginobili.RandomForestRegressor             0.014861
c.Ricky_Rubio.RandomForestRegressor               0.013821
c.Blake_Griffin.RandomForestRegressor             0.013472
c.Joffrey_Lauvergne.RandomForestRegressor         0.012365
c.Zach_LaVine.RandomForestRegressor               0.012353
c.LeBron_James.RandomForestRegressor              0.011819
c.Dwight_Howard.RandomForestRegressor             0.011787
c.Kawhi_Leonard.RandomForestRegressor             0.011311
c.Reggie_Jackson.RandomForestRegressor            0.010960
c.LaMarcus_Aldridge.RandomForestRegressor         0.009971
c.Derrick_Favors.RandomForestRegressor            0.009849
c.T.J._Warren.RandomForestRegressor               0.009826
c.Klay_Thompson.RandomForestRegressor             0.009733
c.Gordon_Hayward.RandomForestRegressor            0.009671
c.Chris_Paul.RandomForestRegressor                0.009557
c.Paul_Millsap.RandomForestRegressor              0.009151
c.Nicolas_Batum.RandomForestRegressor             0.008898
c.Carmelo_Anthony.RandomForestRegressor           0.008410
c.Tyreke_Evans.RandomForestRegressor              0.008367
c.Tim_Hardaway_Jr..RandomForestRegressor          0.008203
c.J.J._Redick.RandomForestRegressor               0.007943
c.Tony_Snell.RandomForestRegressor                0.007635
c.Giannis_Antetokounmpo.RandomForestRegressor     0.007586
c.Marcus_Morris.RandomForestRegressor             0.007475
c.DeMarcus_Cousins.RandomForestRegressor          0.007339
c.Nikola_Mirotic.RandomForestRegressor            0.007297
c.Thaddeus_Young.RandomForestRegressor            0.007228
c.Alec_Burks.RandomForestRegressor                0.007124
...                                                    ...
c.Raul_Neto.RandomForestRegressor                 0.000566
c.Gorgui_Dieng.RandomForestRegressor              0.000521
c.Patrick_Patterson.RandomForestRegressor         0.000513
c.Vince_Carter.RandomForestRegressor              0.000498
c.James_Johnson.RandomForestRegressor             0.000494
c.Dennis_Schroder.RandomForestRegressor           0.000476
c.Marreese_Speights.RandomForestRegressor         0.000435
c.Omri_Casspi.RandomForestRegressor               0.000420
c.Aaron_Gordon.RandomForestRegressor              0.000403
c.Jameer_Nelson.RandomForestRegressor             0.000399
c.Markieff_Morris.RandomForestRegressor           0.000327
c.Willie_Cauley-Stein.RandomForestRegressor       0.000327
c.Trevor_Ariza.RandomForestRegressor              0.000324
c.Brandon_Rush.RandomForestRegressor              0.000321
c.Michael_Carter-Williams.RandomForestRegressor   0.000271
c.Tim_Duncan.RandomForestRegressor                0.000255
c.Myles_Turner.RandomForestRegressor              0.000239
c.Kelly_Olynyk.RandomForestRegressor              0.000239
c.Evan_Fournier.RandomForestRegressor             0.000237
c.Luc_Richard_Mbah_a_Moute.RandomForestRegressor  0.000225
c.Robert_Covington.RandomForestRegressor          0.000210
c.Doug_McDermott.RandomForestRegressor            0.000206
c.Jordan_Clarkson.RandomForestRegressor           0.000204
c.Raymond_Felton.RandomForestRegressor            0.000200
c.Kyle_Anderson.RandomForestRegressor             0.000170
c.George_Hill.RandomForestRegressor               0.000118
c.Luke_Babbitt.RandomForestRegressor              0.000055
c.Steven_Adams.RandomForestRegressor              0.000052
c.Al_Jefferson.RandomForestRegressor              0.000036
c.Joe_Ingles.RandomForestRegressor                0.000008

[282 rows x 1 columns]
                                                         3
c.LeBron_James.RandomForestRegressor              0.018436
c.Joffrey_Lauvergne.RandomForestRegressor         0.017912
c.Russell_Westbrook.RandomForestRegressor         0.017117
c.Paul_Millsap.RandomForestRegressor              0.016361
c.Damian_Lillard.RandomForestRegressor            0.014138
c.Kawhi_Leonard.RandomForestRegressor             0.012479
c.Otto_Porter.RandomForestRegressor               0.012234
c.Marcin_Gortat.RandomForestRegressor             0.012214
c.Nene_Hilario.RandomForestRegressor              0.011228
c.Dwight_Howard.RandomForestRegressor             0.010942
c.Giannis_Antetokounmpo.RandomForestRegressor     0.010876
c.John_Wall.RandomForestRegressor                 0.010794
c.Kentavious_Caldwell-Pope.RandomForestRegressor  0.010727
c.J.J._Redick.RandomForestRegressor               0.010569
c.Justin_Anderson.RandomForestRegressor           0.010531
c.Serge_Ibaka.RandomForestRegressor               0.010314
c.Anthony_Davis.RandomForestRegressor             0.010080
c.Draymond_Green.RandomForestRegressor            0.009557
c.Marc_Gasol.RandomForestRegressor                0.009252
c.Klay_Thompson.RandomForestRegressor             0.009240
c.Trevor_Ariza.RandomForestRegressor              0.009222
c.Eric_Bledsoe.RandomForestRegressor              0.009156
c.Boris_Diaw.RandomForestRegressor                0.009010
c.Elfrid_Payton.RandomForestRegressor             0.008938
c.Ryan_Anderson.RandomForestRegressor             0.008838
c.Mike_Conley.RandomForestRegressor               0.008067
c.Alec_Burks.RandomForestRegressor                0.007873
c.Roy_Hibbert.RandomForestRegressor               0.007618
c.Chris_Bosh.RandomForestRegressor                0.007609
c.Khris_Middleton.RandomForestRegressor           0.007593
...                                                    ...
c.Gerald_Green.RandomForestRegressor              0.000589
c.Karl-Anthony_Towns.RandomForestRegressor        0.000587
c.Trey_Burke.RandomForestRegressor                0.000581
c.Patrick_Patterson.RandomForestRegressor         0.000561
c.Paul_George.RandomForestRegressor               0.000549
c.Josh_Smith.RandomForestRegressor                0.000503
c.Kelly_Olynyk.RandomForestRegressor              0.000488
c.Devin_Harris.RandomForestRegressor              0.000450
c.Darrell_Arthur.RandomForestRegressor            0.000442
c.Rodney_Stuckey.RandomForestRegressor            0.000433
c.Myles_Turner.RandomForestRegressor              0.000431
c.Brandon_Ingram.RandomForestRegressor            0.000415
c.Paul_Pierce.RandomForestRegressor               0.000394
c.Austin_Rivers.RandomForestRegressor             0.000382
c.Rondae_Hollis-Jefferson.RandomForestRegressor   0.000368
c.Jamal_Crawford.RandomForestRegressor            0.000347
c.James_Harden.RandomForestRegressor              0.000309
c.Thaddeus_Young.RandomForestRegressor            0.000307
c.Larry_Nance_Jr..RandomForestRegressor           0.000283
c.Manu_Ginobili.RandomForestRegressor             0.000281
c.Gorgui_Dieng.RandomForestRegressor              0.000184
c.Shabazz_Muhammad.RandomForestRegressor          0.000159
c.Marvin_Williams.RandomForestRegressor           0.000150
c.Michael_Kidd-Gilchrist.RandomForestRegressor    0.000133
c.Maurice_Harkless.RandomForestRegressor          0.000124
c.Jerryd_Bayless.RandomForestRegressor            0.000113
c.Ed_Davis.RandomForestRegressor                  0.000105
c.Joe_Ingles.RandomForestRegressor                0.000103
c.Norris_Cole.RandomForestRegressor               0.000021
c.Raymond_Felton.RandomForestRegressor            0.000001

[282 rows x 1 columns]
                                                      4
c.Joffrey_Lauvergne.RandomForestRegressor      0.013685
c.Kyle_O'Quinn.RandomForestRegressor           0.012254
c.Chris_Bosh.RandomForestRegressor             0.011324
c.Jahlil_Okafor.RandomForestRegressor          0.011149
c.Kyle_Anderson.RandomForestRegressor          0.010094
c.Brandon_Rush.RandomForestRegressor           0.009500
c.Austin_Rivers.RandomForestRegressor          0.009263
c.Marreese_Speights.RandomForestRegressor      0.008969
c.Brook_Lopez.RandomForestRegressor            0.008802
c.Tobias_Harris.RandomForestRegressor          0.008773
c.Joakim_Noah.RandomForestRegressor            0.008750
c.Ty_Lawson.RandomForestRegressor              0.008746
c.Reggie_Jackson.RandomForestRegressor         0.008647
c.Khris_Middleton.RandomForestRegressor        0.008597
c.Kent_Bazemore.RandomForestRegressor          0.008420
c.Mason_Plumlee.RandomForestRegressor          0.008388
c.Cory_Joseph.RandomForestRegressor            0.008293
c.Nik_Stauskas.RandomForestRegressor           0.008282
c.Nemanja_Bjelica.RandomForestRegressor        0.008142
c.Dwight_Howard.RandomForestRegressor          0.008057
c.Patrick_Patterson.RandomForestRegressor      0.007992
c.Kenneth_Faried.RandomForestRegressor         0.007900
c.Terrence_Jones.RandomForestRegressor         0.007849
c.Luke_Babbitt.RandomForestRegressor           0.007794
c.Matthew_Dellavedova.RandomForestRegressor    0.007661
c.Zach_Randolph.RandomForestRegressor          0.007646
c.Jeremy_Lamb.RandomForestRegressor            0.007618
c.Langston_Galloway.RandomForestRegressor      0.007584
c.Giannis_Antetokounmpo.RandomForestRegressor  0.007579
c.Nikola_Vucevic.RandomForestRegressor         0.007460
...                                                 ...
c.Tim_Duncan.RandomForestRegressor             0.000544
c.T.J._McConnell.RandomForestRegressor         0.000531
c.Kosta_Koufos.RandomForestRegressor           0.000519
c.Nene_Hilario.RandomForestRegressor           0.000495
c.Manu_Ginobili.RandomForestRegressor          0.000457
c.Larry_Nance_Jr..RandomForestRegressor        0.000442
c.Nikola_Jokic.RandomForestRegressor           0.000434
c.Thabo_Sefolosha.RandomForestRegressor        0.000429
c.Hassan_Whiteside.RandomForestRegressor       0.000426
c.DeMarre_Carroll.RandomForestRegressor        0.000377
c.Andrew_Wiggins.RandomForestRegressor         0.000352
c.Robin_Lopez.RandomForestRegressor            0.000340
c.Shane_Larkin.RandomForestRegressor           0.000313
c.Doug_McDermott.RandomForestRegressor         0.000300
c.Jordan_Hill.RandomForestRegressor            0.000273
c.Nick_Young.RandomForestRegressor             0.000212
c.Luis_Scola.RandomForestRegressor             0.000208
c.Raul_Neto.RandomForestRegressor              0.000187
c.Danilo_Gallinari.RandomForestRegressor       0.000174
c.Andrew_Bogut.RandomForestRegressor           0.000168
c.Taj_Gibson.RandomForestRegressor             0.000166
c.Eric_Bledsoe.RandomForestRegressor           0.000136
c.O.J._Mayo.RandomForestRegressor              0.000122
c.Leandro_Barbosa.RandomForestRegressor        0.000116
c.J.R._Smith.RandomForestRegressor             0.000114
c.Jameer_Nelson.RandomForestRegressor          0.000072
c.Seth_Curry.RandomForestRegressor             0.000065
c.Andre_Roberson.RandomForestRegressor         0.000062
c.Markieff_Morris.RandomForestRegressor        0.000050
c.Karl-Anthony_Towns.RandomForestRegressor     0.000033

[282 rows x 1 columns]
[0
 ['c.Dwight_Howard.RandomForestRegressor', 'c.Kyle_Lowry.RandomForestRegressor', 'c.Damian_Lillard.RandomForestRegressor', 'c.Eric_Bledsoe.RandomForestRegressor', 'c.Isaiah_Thomas.RandomForestRegressor', 'c.Chris_Paul.RandomForestRegressor', 'c.Blake_Griffin.RandomForestRegressor', 'c.Kemba_Walker.RandomForestRegressor', 'c.James_Harden.RandomForestRegressor', 'c.Chris_Bosh.RandomForestRegressor']
 ['c.Nemanja_Bjelica.RandomForestRegressor', 'c.Kelly_Olynyk.RandomForestRegressor', 'c.Raymond_Felton.RandomForestRegressor', 'c.Cole_Aldrich.RandomForestRegressor', 'c.Jerian_Grant.RandomForestRegressor', 'c.Marcus_Thornton.RandomForestRegressor', 'c.Ramon_Sessions.RandomForestRegressor', 'c.Vince_Carter.RandomForestRegressor', 'c.Jonathon_Simmons.RandomForestRegressor', 'c.Maurice_Harkless.RandomForestRegressor']]
[1
 ['c.Carmelo_Anthony.RandomForestRegressor', 'c.Kyle_Lowry.RandomForestRegressor', 'c.Dwight_Howard.RandomForestRegressor', 'c.LeBron_James.RandomForestRegressor', 'c.Paul_Millsap.RandomForestRegressor', 'c.Jimmy_Butler.RandomForestRegressor', 'c.Chris_Paul.RandomForestRegressor', 'c.Kevin_Durant.RandomForestRegressor', 'c.Kawhi_Leonard.RandomForestRegressor', 'c.Russell_Westbrook.RandomForestRegressor']
 ['c.Nikola_Mirotic.RandomForestRegressor', 'c.Al_Jefferson.RandomForestRegressor', 'c.Evan_Fournier.RandomForestRegressor', 'c.George_Hill.RandomForestRegressor', 'c.Bradley_Beal.RandomForestRegressor', 'c.Rodney_Hood.RandomForestRegressor', 'c.Zach_LaVine.RandomForestRegressor', 'c.Alex_Len.RandomForestRegressor', 'c.Alec_Burks.RandomForestRegressor', 'c.Julius_Randle.RandomForestRegressor']]
[2
 ['c.Brandon_Bass.RandomForestRegressor', 'c.James_Harden.RandomForestRegressor', 'c.Manu_Ginobili.RandomForestRegressor', 'c.Ricky_Rubio.RandomForestRegressor', 'c.Blake_Griffin.RandomForestRegressor', 'c.Joffrey_Lauvergne.RandomForestRegressor', 'c.Zach_LaVine.RandomForestRegressor', 'c.LeBron_James.RandomForestRegressor', 'c.Dwight_Howard.RandomForestRegressor', 'c.Kawhi_Leonard.RandomForestRegressor']
 ['c.Joe_Ingles.RandomForestRegressor', 'c.Al_Jefferson.RandomForestRegressor', 'c.Steven_Adams.RandomForestRegressor', 'c.Luke_Babbitt.RandomForestRegressor', 'c.George_Hill.RandomForestRegressor', 'c.Kyle_Anderson.RandomForestRegressor', 'c.Raymond_Felton.RandomForestRegressor', 'c.Jordan_Clarkson.RandomForestRegressor', 'c.Doug_McDermott.RandomForestRegressor', 'c.Robert_Covington.RandomForestRegressor']]
[3
 ['c.LeBron_James.RandomForestRegressor', 'c.Joffrey_Lauvergne.RandomForestRegressor', 'c.Russell_Westbrook.RandomForestRegressor', 'c.Paul_Millsap.RandomForestRegressor', 'c.Damian_Lillard.RandomForestRegressor', 'c.Kawhi_Leonard.RandomForestRegressor', 'c.Otto_Porter.RandomForestRegressor', 'c.Marcin_Gortat.RandomForestRegressor', 'c.Nene_Hilario.RandomForestRegressor', 'c.Dwight_Howard.RandomForestRegressor']
 ['c.Raymond_Felton.RandomForestRegressor', 'c.Norris_Cole.RandomForestRegressor', 'c.Joe_Ingles.RandomForestRegressor', 'c.Ed_Davis.RandomForestRegressor', 'c.Jerryd_Bayless.RandomForestRegressor', 'c.Maurice_Harkless.RandomForestRegressor', 'c.Michael_Kidd-Gilchrist.RandomForestRegressor', 'c.Marvin_Williams.RandomForestRegressor', 'c.Shabazz_Muhammad.RandomForestRegressor', 'c.Gorgui_Dieng.RandomForestRegressor']]
[4
 ['c.Joffrey_Lauvergne.RandomForestRegressor', "c.Kyle_O'Quinn.RandomForestRegressor", 'c.Chris_Bosh.RandomForestRegressor', 'c.Jahlil_Okafor.RandomForestRegressor', 'c.Kyle_Anderson.RandomForestRegressor', 'c.Brandon_Rush.RandomForestRegressor', 'c.Austin_Rivers.RandomForestRegressor', 'c.Marreese_Speights.RandomForestRegressor', 'c.Brook_Lopez.RandomForestRegressor', 'c.Tobias_Harris.RandomForestRegressor']
 ['c.Karl-Anthony_Towns.RandomForestRegressor', 'c.Markieff_Morris.RandomForestRegressor', 'c.Andre_Roberson.RandomForestRegressor', 'c.Seth_Curry.RandomForestRegressor', 'c.Jameer_Nelson.RandomForestRegressor', 'c.J.R._Smith.RandomForestRegressor', 'c.Leandro_Barbosa.RandomForestRegressor', 'c.O.J._Mayo.RandomForestRegressor', 'c.Eric_Bledsoe.RandomForestRegressor', 'c.Taj_Gibson.RandomForestRegressor']]
