['Lasso', 'fP']
name=Aaron_Brooks,path=../../MYMODELS/COEFFS/Aaron Brooks.Lasso.csv
name=Aaron_Gordon,path=../../MYMODELS/COEFFS/Aaron Gordon.Lasso.csv
TOO FEW PTS for Adreian_Payne!!!
name=Al_Horford,path=../../MYMODELS/COEFFS/Al Horford.Lasso.csv
name=Al_Jefferson,path=../../MYMODELS/COEFFS/Al Jefferson.Lasso.csv
name=Al-Farouq_Aminu,path=../../MYMODELS/COEFFS/Al-Farouq Aminu.Lasso.csv
name=Alec_Burks,path=../../MYMODELS/COEFFS/Alec Burks.Lasso.csv
name=Alex_Len,path=../../MYMODELS/COEFFS/Alex Len.Lasso.csv
TOO FEW PTS for Alexis_Ajinca!!!
name=Allen_Crabbe,path=../../MYMODELS/COEFFS/Allen Crabbe.Lasso.csv
name=Alonzo_Gee,path=../../MYMODELS/COEFFS/Alonzo Gee.Lasso.csv
TOO FEW PTS for Amar'e_Stoudemire!!!
name=Amir_Johnson,path=../../MYMODELS/COEFFS/Amir Johnson.Lasso.csv
TOO FEW PTS for Anderson_Varejao!!!
name=Andre_Drummond,path=../../MYMODELS/COEFFS/Andre Drummond.Lasso.csv
name=Andre_Iguodala,path=../../MYMODELS/COEFFS/Andre Iguodala.Lasso.csv
TOO FEW PTS for Andre_Miller!!!
name=Andre_Roberson,path=../../MYMODELS/COEFFS/Andre Roberson.Lasso.csv
name=Andrew_Bogut,path=../../MYMODELS/COEFFS/Andrew Bogut.Lasso.csv
TOO FEW PTS for Andrew_Harrison!!!
TOO FEW PTS for Andrew_Nicholson!!!
name=Andrew_Wiggins,path=../../MYMODELS/COEFFS/Andrew Wiggins.Lasso.csv
TOO FEW PTS for Anthony_Brown!!!
name=Anthony_Davis,path=../../MYMODELS/COEFFS/Anthony Davis.Lasso.csv
name=Anthony_Morrow,path=../../MYMODELS/COEFFS/Anthony Morrow.Lasso.csv
TOO FEW PTS for Anthony_Tolliver!!!
TOO FEW PTS for Archie_Goodwin!!!
TOO FEW PTS for Aron_Baynes!!!
name=Arron_Afflalo,path=../../MYMODELS/COEFFS/Arron Afflalo.Lasso.csv
name=Austin_Rivers,path=../../MYMODELS/COEFFS/Austin Rivers.Lasso.csv
name=Avery_Bradley,path=../../MYMODELS/COEFFS/Avery Bradley.Lasso.csv
name=Ben_McLemore,path=../../MYMODELS/COEFFS/Ben McLemore.Lasso.csv
TOO FEW PTS for Beno_Udrih!!!
name=Bismack_Biyombo,path=../../MYMODELS/COEFFS/Bismack Biyombo.Lasso.csv
name=Blake_Griffin,path=../../MYMODELS/COEFFS/Blake Griffin.Lasso.csv
TOO FEW PTS for Boban_Marjanovic!!!
name=Bobby_Portis,path=../../MYMODELS/COEFFS/Bobby Portis.Lasso.csv
name=Bojan_Bogdanovic,path=../../MYMODELS/COEFFS/Bojan Bogdanovic.Lasso.csv
name=Boris_Diaw,path=../../MYMODELS/COEFFS/Boris Diaw.Lasso.csv
name=Bradley_Beal,path=../../MYMODELS/COEFFS/Bradley Beal.Lasso.csv
TOO FEW PTS for Brandan_Wright!!!
name=Brandon_Bass,path=../../MYMODELS/COEFFS/Brandon Bass.Lasso.csv
name=Brandon_Ingram,path=../../MYMODELS/COEFFS/Brandon Ingram.Lasso.csv
name=Brandon_Jennings,path=../../MYMODELS/COEFFS/Brandon Jennings.Lasso.csv
name=Brandon_Knight,path=../../MYMODELS/COEFFS/Brandon Knight.Lasso.csv
name=Brandon_Rush,path=../../MYMODELS/COEFFS/Brandon Rush.Lasso.csv
name=Brook_Lopez,path=../../MYMODELS/COEFFS/Brook Lopez.Lasso.csv
TOO FEW PTS for Bryce_Jones!!!
TOO FEW PTS for Buddy_Hield!!!
name=C.J._McCollum,path=../../MYMODELS/COEFFS/C.J. McCollum.Lasso.csv
name=C.J._Miles,path=../../MYMODELS/COEFFS/C.J. Miles.Lasso.csv
TOO FEW PTS for C.J._Watson!!!
TOO FEW PTS for Cameron_Payne!!!
TOO FEW PTS for Carl_Landry!!!
name=Carmelo_Anthony,path=../../MYMODELS/COEFFS/Carmelo Anthony.Lasso.csv
name=Chandler_Parsons,path=../../MYMODELS/COEFFS/Chandler Parsons.Lasso.csv
name=Channing_Frye,path=../../MYMODELS/COEFFS/Channing Frye.Lasso.csv
TOO FEW PTS for Charlie_Villanueva!!!
TOO FEW PTS for Chase_Budinger!!!
TOO FEW PTS for Chris_Andersen!!!
name=Chris_Bosh,path=../../MYMODELS/COEFFS/Chris Bosh.Lasso.csv
TOO FEW PTS for Chris_McCullough!!!
name=Chris_Paul,path=../../MYMODELS/COEFFS/Chris Paul.Lasso.csv
name=Clint_Capela,path=../../MYMODELS/COEFFS/Clint Capela.Lasso.csv
name=Cody_Zeller,path=../../MYMODELS/COEFFS/Cody Zeller.Lasso.csv
name=Cole_Aldrich,path=../../MYMODELS/COEFFS/Cole Aldrich.Lasso.csv
name=Corey_Brewer,path=../../MYMODELS/COEFFS/Corey Brewer.Lasso.csv
name=Cory_Joseph,path=../../MYMODELS/COEFFS/Cory Joseph.Lasso.csv
name=Courtney_Lee,path=../../MYMODELS/COEFFS/Courtney Lee.Lasso.csv
TOO FEW PTS for Cristiano_Felicio!!!
name=D'Angelo_Russell,path=../../MYMODELS/COEFFS/D'Angelo Russell.Lasso.csv
name=D.J._Augustin,path=../../MYMODELS/COEFFS/D.J. Augustin.Lasso.csv
name=Damian_Lillard,path=../../MYMODELS/COEFFS/Damian Lillard.Lasso.csv
name=Danilo_Gallinari,path=../../MYMODELS/COEFFS/Danilo Gallinari.Lasso.csv
TOO FEW PTS for Danny_Green!!!
name=Dante_Cunningham,path=../../MYMODELS/COEFFS/Dante Cunningham.Lasso.csv
TOO FEW PTS for Danté_Exum!!!
TOO FEW PTS for Dario_Saric!!!
name=Darrell_Arthur,path=../../MYMODELS/COEFFS/Darrell Arthur.Lasso.csv
name=Darren_Collison,path=../../MYMODELS/COEFFS/Darren Collison.Lasso.csv
name=David_Lee,path=../../MYMODELS/COEFFS/David Lee.Lasso.csv
name=David_West,path=../../MYMODELS/COEFFS/David West.Lasso.csv
name=DeAndre_Jordan,path=../../MYMODELS/COEFFS/DeAndre Jordan.Lasso.csv
TOO FEW PTS for DeAndre_Liggins!!!
name=DeMar_DeRozan,path=../../MYMODELS/COEFFS/DeMar DeRozan.Lasso.csv
name=DeMarcus_Cousins,path=../../MYMODELS/COEFFS/DeMarcus Cousins.Lasso.csv
name=DeMarre_Carroll,path=../../MYMODELS/COEFFS/DeMarre Carroll.Lasso.csv
name=Dennis_Schroder,path=../../MYMODELS/COEFFS/Dennis Schroder.Lasso.csv
name=Deron_Williams,path=../../MYMODELS/COEFFS/Deron Williams.Lasso.csv
name=Derrick_Favors,path=../../MYMODELS/COEFFS/Derrick Favors.Lasso.csv
name=Derrick_Rose,path=../../MYMODELS/COEFFS/Derrick Rose.Lasso.csv
name=Derrick_Williams,path=../../MYMODELS/COEFFS/Derrick Williams.Lasso.csv
name=Devin_Booker,path=../../MYMODELS/COEFFS/Devin Booker.Lasso.csv
name=Devin_Harris,path=../../MYMODELS/COEFFS/Devin Harris.Lasso.csv
TOO FEW PTS for Dewayne_Dedmon!!!
name=Dion_Waiters,path=../../MYMODELS/COEFFS/Dion Waiters.Lasso.csv
name=Dirk_Nowitzki,path=../../MYMODELS/COEFFS/Dirk Nowitzki.Lasso.csv
TOO FEW PTS for Domantas_Sabonis!!!
name=Donald_Sloan,path=../../MYMODELS/COEFFS/Donald Sloan.Lasso.csv
TOO FEW PTS for Donatas_Motiejunas!!!
name=Doug_McDermott,path=../../MYMODELS/COEFFS/Doug McDermott.Lasso.csv
TOO FEW PTS for Dragan_Bender!!!
name=Draymond_Green,path=../../MYMODELS/COEFFS/Draymond Green.Lasso.csv
TOO FEW PTS for Drew_Gooden!!!
name=Dwight_Howard,path=../../MYMODELS/COEFFS/Dwight Howard.Lasso.csv
name=Dwight_Powell,path=../../MYMODELS/COEFFS/Dwight Powell.Lasso.csv
name=Dwyane_Wade,path=../../MYMODELS/COEFFS/Dwyane Wade.Lasso.csv
name=E'Twaun_Moore,path=../../MYMODELS/COEFFS/E'Twaun Moore.Lasso.csv
name=Ed_Davis,path=../../MYMODELS/COEFFS/Ed Davis.Lasso.csv
name=Elfrid_Payton,path=../../MYMODELS/COEFFS/Elfrid Payton.Lasso.csv
name=Emmanuel_Mudiay,path=../../MYMODELS/COEFFS/Emmanuel Mudiay.Lasso.csv
name=Enes_Kanter,path=../../MYMODELS/COEFFS/Enes Kanter.Lasso.csv
name=Eric_Bledsoe,path=../../MYMODELS/COEFFS/Eric Bledsoe.Lasso.csv
name=Eric_Gordon,path=../../MYMODELS/COEFFS/Eric Gordon.Lasso.csv
name=Ersan_Ilyasova,path=../../MYMODELS/COEFFS/Ersan Ilyasova.Lasso.csv
name=Evan_Fournier,path=../../MYMODELS/COEFFS/Evan Fournier.Lasso.csv
name=Evan_Turner,path=../../MYMODELS/COEFFS/Evan Turner.Lasso.csv
name=Festus_Ezeli,path=../../MYMODELS/COEFFS/Festus Ezeli.Lasso.csv
name=Frank_Kaminsky,path=../../MYMODELS/COEFFS/Frank Kaminsky.Lasso.csv
name=Garrett_Temple,path=../../MYMODELS/COEFFS/Garrett Temple.Lasso.csv
name=Gary_Harris,path=../../MYMODELS/COEFFS/Gary Harris.Lasso.csv
name=George_Hill,path=../../MYMODELS/COEFFS/George Hill.Lasso.csv
name=Gerald_Green,path=../../MYMODELS/COEFFS/Gerald Green.Lasso.csv
name=Gerald_Henderson,path=../../MYMODELS/COEFFS/Gerald Henderson.Lasso.csv
name=Giannis_Antetokounmpo,path=../../MYMODELS/COEFFS/Giannis Antetokounmpo.Lasso.csv
TOO FEW PTS for Glenn_Robinson_III!!!
name=Goran_Dragic,path=../../MYMODELS/COEFFS/Goran Dragic.Lasso.csv
name=Gordon_Hayward,path=../../MYMODELS/COEFFS/Gordon Hayward.Lasso.csv
name=Gorgui_Dieng,path=../../MYMODELS/COEFFS/Gorgui Dieng.Lasso.csv
name=Greg_Monroe,path=../../MYMODELS/COEFFS/Greg Monroe.Lasso.csv
TOO FEW PTS for Greivis_Vasquez!!!
name=Harrison_Barnes,path=../../MYMODELS/COEFFS/Harrison Barnes.Lasso.csv
name=Hassan_Whiteside,path=../../MYMODELS/COEFFS/Hassan Whiteside.Lasso.csv
name=Hollis_Thompson,path=../../MYMODELS/COEFFS/Hollis Thompson.Lasso.csv
name=Ian_Clark,path=../../MYMODELS/COEFFS/Ian Clark.Lasso.csv
name=Ian_Mahinmi,path=../../MYMODELS/COEFFS/Ian Mahinmi.Lasso.csv
name=Iman_Shumpert,path=../../MYMODELS/COEFFS/Iman Shumpert.Lasso.csv
name=Isaiah_Canaan,path=../../MYMODELS/COEFFS/Isaiah Canaan.Lasso.csv
name=Isaiah_Thomas,path=../../MYMODELS/COEFFS/Isaiah Thomas.Lasso.csv
TOO FEW PTS for Isaiah_Whitehead!!!
TOO FEW PTS for J.J._Hickson!!!
name=J.J._Redick,path=../../MYMODELS/COEFFS/J.J. Redick.Lasso.csv
name=J.R._Smith,path=../../MYMODELS/COEFFS/J.R. Smith.Lasso.csv
name=Jabari_Parker,path=../../MYMODELS/COEFFS/Jabari Parker.Lasso.csv
name=Jae_Crowder,path=../../MYMODELS/COEFFS/Jae Crowder.Lasso.csv
name=Jahlil_Okafor,path=../../MYMODELS/COEFFS/Jahlil Okafor.Lasso.csv
name=Jamal_Crawford,path=../../MYMODELS/COEFFS/Jamal Crawford.Lasso.csv
TOO FEW PTS for Jamal_Murray!!!
name=Jameer_Nelson,path=../../MYMODELS/COEFFS/Jameer Nelson.Lasso.csv
TOO FEW PTS for James_Anderson!!!
TOO FEW PTS for James_Ennis!!!
name=James_Harden,path=../../MYMODELS/COEFFS/James Harden.Lasso.csv
name=James_Johnson,path=../../MYMODELS/COEFFS/James Johnson.Lasso.csv
TOO FEW PTS for James_Jones!!!
name=JaMychal_Green,path=../../MYMODELS/COEFFS/JaMychal Green.Lasso.csv
name=Jared_Dudley,path=../../MYMODELS/COEFFS/Jared Dudley.Lasso.csv
name=Jared_Sullinger,path=../../MYMODELS/COEFFS/Jared Sullinger.Lasso.csv
TOO FEW PTS for Jarell_Martin!!!
TOO FEW PTS for Jarrett_Jack!!!
TOO FEW PTS for Jason_Smith!!!
TOO FEW PTS for Jason_Terry!!!
TOO FEW PTS for Jason_Thompson!!!
TOO FEW PTS for JaVale_McGee!!!
TOO FEW PTS for Jaylen_Brown!!!
name=Jeff_Green,path=../../MYMODELS/COEFFS/Jeff Green.Lasso.csv
name=Jeff_Teague,path=../../MYMODELS/COEFFS/Jeff Teague.Lasso.csv
TOO FEW PTS for Jeff_Withey!!!
name=Jerami_Grant,path=../../MYMODELS/COEFFS/Jerami Grant.Lasso.csv
TOO FEW PTS for Jeremy_Evans!!!
name=Jeremy_Lamb,path=../../MYMODELS/COEFFS/Jeremy Lamb.Lasso.csv
name=Jeremy_Lin,path=../../MYMODELS/COEFFS/Jeremy Lin.Lasso.csv
name=Jerian_Grant,path=../../MYMODELS/COEFFS/Jerian Grant.Lasso.csv
name=Jerryd_Bayless,path=../../MYMODELS/COEFFS/Jerryd Bayless.Lasso.csv
name=Jimmy_Butler,path=../../MYMODELS/COEFFS/Jimmy Butler.Lasso.csv
name=Joakim_Noah,path=../../MYMODELS/COEFFS/Joakim Noah.Lasso.csv
TOO FEW PTS for Jodie_Meeks!!!
TOO FEW PTS for Joe_Harris!!!
name=Joe_Ingles,path=../../MYMODELS/COEFFS/Joe Ingles.Lasso.csv
name=Joe_Johnson,path=../../MYMODELS/COEFFS/Joe Johnson.Lasso.csv
TOO FEW PTS for Joel_Embiid!!!
name=Joffrey_Lauvergne,path=../../MYMODELS/COEFFS/Joffrey Lauvergne.Lasso.csv
name=John_Henson,path=../../MYMODELS/COEFFS/John Henson.Lasso.csv
TOO FEW PTS for John_Jenkins!!!
name=John_Wall,path=../../MYMODELS/COEFFS/John Wall.Lasso.csv
TOO FEW PTS for Johnny_O'Bryant!!!
name=Jon_Leuer,path=../../MYMODELS/COEFFS/Jon Leuer.Lasso.csv
TOO FEW PTS for Jonas_Jerebko!!!
name=Jonas_Valanciunas,path=../../MYMODELS/COEFFS/Jonas Valanciunas.Lasso.csv
TOO FEW PTS for Jonathan_Gibson!!!
name=Jonathon_Simmons,path=../../MYMODELS/COEFFS/Jonathon Simmons.Lasso.csv
name=Jordan_Clarkson,path=../../MYMODELS/COEFFS/Jordan Clarkson.Lasso.csv
TOO FEW PTS for Jordan_Farmar!!!
TOO FEW PTS for Jordan_Hamilton!!!
name=Jordan_Hill,path=../../MYMODELS/COEFFS/Jordan Hill.Lasso.csv
TOO FEW PTS for Jordan_McRae!!!
name=Jose_Calderon,path=../../MYMODELS/COEFFS/Jose Calderon.Lasso.csv
TOO FEW PTS for Josh_McRoberts!!!
name=Josh_Richardson,path=../../MYMODELS/COEFFS/Josh Richardson.Lasso.csv
name=Josh_Smith,path=../../MYMODELS/COEFFS/Josh Smith.Lasso.csv
name=Jrue_Holiday,path=../../MYMODELS/COEFFS/Jrue Holiday.Lasso.csv
TOO FEW PTS for Juancho_Hernangomez!!!
name=Julius_Randle,path=../../MYMODELS/COEFFS/Julius Randle.Lasso.csv
name=Justin_Anderson,path=../../MYMODELS/COEFFS/Justin Anderson.Lasso.csv
TOO FEW PTS for Justin_Hamilton!!!
TOO FEW PTS for Justin_Holiday!!!
name=Justise_Winslow,path=../../MYMODELS/COEFFS/Justise Winslow.Lasso.csv
name=Jusuf_Nurkic,path=../../MYMODELS/COEFFS/Jusuf Nurkic.Lasso.csv
TOO FEW PTS for K.J._McDaniels!!!
name=Karl-Anthony_Towns,path=../../MYMODELS/COEFFS/Karl-Anthony Towns.Lasso.csv
name=Kawhi_Leonard,path=../../MYMODELS/COEFFS/Kawhi Leonard.Lasso.csv
name=Kelly_Olynyk,path=../../MYMODELS/COEFFS/Kelly Olynyk.Lasso.csv
TOO FEW PTS for Kelly_Oubre!!!
name=Kemba_Walker,path=../../MYMODELS/COEFFS/Kemba Walker.Lasso.csv
TOO FEW PTS for Kendall_Marshall!!!
name=Kenneth_Faried,path=../../MYMODELS/COEFFS/Kenneth Faried.Lasso.csv
name=Kent_Bazemore,path=../../MYMODELS/COEFFS/Kent Bazemore.Lasso.csv
name=Kentavious_Caldwell-Pope,path=../../MYMODELS/COEFFS/Kentavious Caldwell-Pope.Lasso.csv
name=Kevin_Durant,path=../../MYMODELS/COEFFS/Kevin Durant.Lasso.csv
TOO FEW PTS for Kevin_Garnett!!!
name=Kevin_Love,path=../../MYMODELS/COEFFS/Kevin Love.Lasso.csv
TOO FEW PTS for Kevin_Martin!!!
TOO FEW PTS for Kevin_Seraphin!!!
TOO FEW PTS for Kevon_Looney!!!
name=Khris_Middleton,path=../../MYMODELS/COEFFS/Khris Middleton.Lasso.csv
TOO FEW PTS for Kirk_Hinrich!!!
name=Klay_Thompson,path=../../MYMODELS/COEFFS/Klay Thompson.Lasso.csv
name=Kobe_Bryant,path=../../MYMODELS/COEFFS/Kobe Bryant.Lasso.csv
name=Kosta_Koufos,path=../../MYMODELS/COEFFS/Kosta Koufos.Lasso.csv
TOO FEW PTS for Kris_Dunn!!!
TOO FEW PTS for Kris_Humphries!!!
name=Kristaps_Porzingis,path=../../MYMODELS/COEFFS/Kristaps Porzingis.Lasso.csv
name=Kyle_Anderson,path=../../MYMODELS/COEFFS/Kyle Anderson.Lasso.csv
name=Kyle_Korver,path=../../MYMODELS/COEFFS/Kyle Korver.Lasso.csv
name=Kyle_Lowry,path=../../MYMODELS/COEFFS/Kyle Lowry.Lasso.csv
name=Kyle_O'Quinn,path=../../MYMODELS/COEFFS/Kyle O'Quinn.Lasso.csv
TOO FEW PTS for Kyle_Singler!!!
name=Kyrie_Irving,path=../../MYMODELS/COEFFS/Kyrie Irving.Lasso.csv
TOO FEW PTS for Lamar_Patterson!!!
name=LaMarcus_Aldridge,path=../../MYMODELS/COEFFS/LaMarcus Aldridge.Lasso.csv
name=Lance_Stephenson,path=../../MYMODELS/COEFFS/Lance Stephenson.Lasso.csv
TOO FEW PTS for Lance_Thomas!!!
name=Langston_Galloway,path=../../MYMODELS/COEFFS/Langston Galloway.Lasso.csv
name=Larry_Nance_Jr.,path=../../MYMODELS/COEFFS/Larry Nance Jr..Lasso.csv
name=Lavoy_Allen,path=../../MYMODELS/COEFFS/Lavoy Allen.Lasso.csv
name=Leandro_Barbosa,path=../../MYMODELS/COEFFS/Leandro Barbosa.Lasso.csv
name=LeBron_James,path=../../MYMODELS/COEFFS/LeBron James.Lasso.csv
name=Lou_Williams,path=../../MYMODELS/COEFFS/Lou Williams.Lasso.csv
name=Luc_Richard_Mbah_a_Moute,path=../../MYMODELS/COEFFS/Luc Richard Mbah a Moute.Lasso.csv
TOO FEW PTS for Lucas_Nogueira!!!
name=Luis_Scola,path=../../MYMODELS/COEFFS/Luis Scola.Lasso.csv
name=Luke_Babbitt,path=../../MYMODELS/COEFFS/Luke Babbitt.Lasso.csv
name=Luol_Deng,path=../../MYMODELS/COEFFS/Luol Deng.Lasso.csv
TOO FEW PTS for Malcolm_Brogdon!!!
TOO FEW PTS for Malcolm_Delaney!!!
name=Manu_Ginobili,path=../../MYMODELS/COEFFS/Manu Ginobili.Lasso.csv
name=Marc_Gasol,path=../../MYMODELS/COEFFS/Marc Gasol.Lasso.csv
TOO FEW PTS for Marcelo_Huertas!!!
name=Marcin_Gortat,path=../../MYMODELS/COEFFS/Marcin Gortat.Lasso.csv
name=Marco_Belinelli,path=../../MYMODELS/COEFFS/Marco Belinelli.Lasso.csv
name=Marcus_Morris,path=../../MYMODELS/COEFFS/Marcus Morris.Lasso.csv
name=Marcus_Smart,path=../../MYMODELS/COEFFS/Marcus Smart.Lasso.csv
name=Marcus_Thornton,path=../../MYMODELS/COEFFS/Marcus Thornton.Lasso.csv
TOO FEW PTS for Mario_Hezonja!!!
TOO FEW PTS for Markel_Brown!!!
name=Markieff_Morris,path=../../MYMODELS/COEFFS/Markieff Morris.Lasso.csv
TOO FEW PTS for Marquese_Chriss!!!
name=Marreese_Speights,path=../../MYMODELS/COEFFS/Marreese Speights.Lasso.csv
name=Marvin_Williams,path=../../MYMODELS/COEFFS/Marvin Williams.Lasso.csv
name=Mason_Plumlee,path=../../MYMODELS/COEFFS/Mason Plumlee.Lasso.csv
name=Matt_Barnes,path=../../MYMODELS/COEFFS/Matt Barnes.Lasso.csv
name=Matthew_Dellavedova,path=../../MYMODELS/COEFFS/Matthew Dellavedova.Lasso.csv
name=Maurice_Harkless,path=../../MYMODELS/COEFFS/Maurice Harkless.Lasso.csv
TOO FEW PTS for Metta_World_Peace!!!
name=Meyers_Leonard,path=../../MYMODELS/COEFFS/Meyers Leonard.Lasso.csv
name=Michael_Beasley,path=../../MYMODELS/COEFFS/Michael Beasley.Lasso.csv
name=Michael_Carter-Williams,path=../../MYMODELS/COEFFS/Michael Carter-Williams.Lasso.csv
name=Michael_Kidd-Gilchrist,path=../../MYMODELS/COEFFS/Michael Kidd-Gilchrist.Lasso.csv
name=Mike_Conley,path=../../MYMODELS/COEFFS/Mike Conley.Lasso.csv
TOO FEW PTS for Mike_Dunleavy!!!
TOO FEW PTS for Mike_Miller!!!
name=Mike_Muscala,path=../../MYMODELS/COEFFS/Mike Muscala.Lasso.csv
TOO FEW PTS for Mike_Scott!!!
TOO FEW PTS for Miles_Plumlee!!!
TOO FEW PTS for Mindaugas_Kuzminskas!!!
name=Mirza_Teletovic,path=../../MYMODELS/COEFFS/Mirza Teletovic.Lasso.csv
TOO FEW PTS for Mo_Williams!!!
name=Monta_Ellis,path=../../MYMODELS/COEFFS/Monta Ellis.Lasso.csv
TOO FEW PTS for Montrezl_Harrell!!!
name=Myles_Turner,path=../../MYMODELS/COEFFS/Myles Turner.Lasso.csv
name=Nemanja_Bjelica,path=../../MYMODELS/COEFFS/Nemanja Bjelica.Lasso.csv
name=Nene_Hilario,path=../../MYMODELS/COEFFS/Nene Hilario.Lasso.csv
name=Nerlens_Noel,path=../../MYMODELS/COEFFS/Nerlens Noel.Lasso.csv
TOO FEW PTS for Nick_Collison!!!
name=Nick_Young,path=../../MYMODELS/COEFFS/Nick Young.Lasso.csv
name=Nicolas_Batum,path=../../MYMODELS/COEFFS/Nicolas Batum.Lasso.csv
name=Nik_Stauskas,path=../../MYMODELS/COEFFS/Nik Stauskas.Lasso.csv
name=Nikola_Jokic,path=../../MYMODELS/COEFFS/Nikola Jokic.Lasso.csv
name=Nikola_Mirotic,path=../../MYMODELS/COEFFS/Nikola Mirotic.Lasso.csv
name=Nikola_Vucevic,path=../../MYMODELS/COEFFS/Nikola Vucevic.Lasso.csv
name=Noah_Vonleh,path=../../MYMODELS/COEFFS/Noah Vonleh.Lasso.csv
TOO FEW PTS for Norman_Powell!!!
name=Norris_Cole,path=../../MYMODELS/COEFFS/Norris Cole.Lasso.csv
name=O.J._Mayo,path=../../MYMODELS/COEFFS/O.J. Mayo.Lasso.csv
name=Omer_Asik,path=../../MYMODELS/COEFFS/Omer Asik.Lasso.csv
name=Omri_Casspi,path=../../MYMODELS/COEFFS/Omri Casspi.Lasso.csv
name=Otto_Porter,path=../../MYMODELS/COEFFS/Otto Porter.Lasso.csv
TOO FEW PTS for P.J._Hairston!!!
name=P.J._Tucker,path=../../MYMODELS/COEFFS/P.J. Tucker.Lasso.csv
TOO FEW PTS for Pablo_Prigioni!!!
TOO FEW PTS for Pascal_Siakam!!!
name=Patrick_Beverley,path=../../MYMODELS/COEFFS/Patrick Beverley.Lasso.csv
TOO FEW PTS for Patrick_McCaw!!!
name=Patrick_Patterson,path=../../MYMODELS/COEFFS/Patrick Patterson.Lasso.csv
name=Pau_Gasol,path=../../MYMODELS/COEFFS/Pau Gasol.Lasso.csv
name=Paul_George,path=../../MYMODELS/COEFFS/Paul George.Lasso.csv
name=Paul_Millsap,path=../../MYMODELS/COEFFS/Paul Millsap.Lasso.csv
name=Paul_Pierce,path=../../MYMODELS/COEFFS/Paul Pierce.Lasso.csv
TOO FEW PTS for Quincy_Acy!!!
name=Rajon_Rondo,path=../../MYMODELS/COEFFS/Rajon Rondo.Lasso.csv
name=Ramon_Sessions,path=../../MYMODELS/COEFFS/Ramon Sessions.Lasso.csv
name=Randy_Foye,path=../../MYMODELS/COEFFS/Randy Foye.Lasso.csv
TOO FEW PTS for Rashad_Vaughn!!!
name=Raul_Neto,path=../../MYMODELS/COEFFS/Raul Neto.Lasso.csv
name=Raymond_Felton,path=../../MYMODELS/COEFFS/Raymond Felton.Lasso.csv
name=Reggie_Jackson,path=../../MYMODELS/COEFFS/Reggie Jackson.Lasso.csv
TOO FEW PTS for Richard_Jefferson!!!
TOO FEW PTS for Richaun_Holmes!!!
name=Ricky_Rubio,path=../../MYMODELS/COEFFS/Ricky Rubio.Lasso.csv
name=Robert_Covington,path=../../MYMODELS/COEFFS/Robert Covington.Lasso.csv
name=Robin_Lopez,path=../../MYMODELS/COEFFS/Robin Lopez.Lasso.csv
name=Rodney_Hood,path=../../MYMODELS/COEFFS/Rodney Hood.Lasso.csv
TOO FEW PTS for Rodney_McGruder!!!
name=Rodney_Stuckey,path=../../MYMODELS/COEFFS/Rodney Stuckey.Lasso.csv
name=Rondae_Hollis-Jefferson,path=../../MYMODELS/COEFFS/Rondae Hollis-Jefferson.Lasso.csv
TOO FEW PTS for Ronnie_Price!!!
name=Roy_Hibbert,path=../../MYMODELS/COEFFS/Roy Hibbert.Lasso.csv
name=Rudy_Gay,path=../../MYMODELS/COEFFS/Rudy Gay.Lasso.csv
name=Rudy_Gobert,path=../../MYMODELS/COEFFS/Rudy Gobert.Lasso.csv
name=Russell_Westbrook,path=../../MYMODELS/COEFFS/Russell Westbrook.Lasso.csv
name=Ryan_Anderson,path=../../MYMODELS/COEFFS/Ryan Anderson.Lasso.csv
TOO FEW PTS for Ryan_Kelly!!!
TOO FEW PTS for Salah_Mejri!!!
TOO FEW PTS for Sam_Dekker!!!
TOO FEW PTS for Sasha_Vujacic!!!
name=Sean_Kilpatrick,path=../../MYMODELS/COEFFS/Sean Kilpatrick.Lasso.csv
TOO FEW PTS for Semaj_Christon!!!
name=Serge_Ibaka,path=../../MYMODELS/COEFFS/Serge Ibaka.Lasso.csv
TOO FEW PTS for Sergio_Rodriguez!!!
name=Seth_Curry,path=../../MYMODELS/COEFFS/Seth Curry.Lasso.csv
name=Shabazz_Muhammad,path=../../MYMODELS/COEFFS/Shabazz Muhammad.Lasso.csv
TOO FEW PTS for Shabazz_Napier!!!
name=Shane_Larkin,path=../../MYMODELS/COEFFS/Shane Larkin.Lasso.csv
name=Shaun_Livingston,path=../../MYMODELS/COEFFS/Shaun Livingston.Lasso.csv
name=Shelvin_Mack,path=../../MYMODELS/COEFFS/Shelvin Mack.Lasso.csv
name=Solomon_Hill,path=../../MYMODELS/COEFFS/Solomon Hill.Lasso.csv
TOO FEW PTS for Spencer_Dinwiddie!!!
TOO FEW PTS for Spencer_Hawes!!!
name=Stanley_Johnson,path=../../MYMODELS/COEFFS/Stanley Johnson.Lasso.csv
name=Stephen_Curry,path=../../MYMODELS/COEFFS/Stephen Curry.Lasso.csv
name=Steven_Adams,path=../../MYMODELS/COEFFS/Steven Adams.Lasso.csv
name=T.J._McConnell,path=../../MYMODELS/COEFFS/T.J. McConnell.Lasso.csv
name=T.J._Warren,path=../../MYMODELS/COEFFS/T.J. Warren.Lasso.csv
name=Taj_Gibson,path=../../MYMODELS/COEFFS/Taj Gibson.Lasso.csv
TOO FEW PTS for Tarik_Black!!!
TOO FEW PTS for Tayshaun_Prince!!!
name=Terrence_Jones,path=../../MYMODELS/COEFFS/Terrence Jones.Lasso.csv
name=Terrence_Ross,path=../../MYMODELS/COEFFS/Terrence Ross.Lasso.csv
TOO FEW PTS for Terry_Rozier!!!
name=Thabo_Sefolosha,path=../../MYMODELS/COEFFS/Thabo Sefolosha.Lasso.csv
name=Thaddeus_Young,path=../../MYMODELS/COEFFS/Thaddeus Young.Lasso.csv
TOO FEW PTS for Thomas_Robinson!!!
TOO FEW PTS for Tiago_Splitter!!!
name=Tim_Duncan,path=../../MYMODELS/COEFFS/Tim Duncan.Lasso.csv
name=Tim_Frazier,path=../../MYMODELS/COEFFS/Tim Frazier.Lasso.csv
name=Tim_Hardaway_Jr.,path=../../MYMODELS/COEFFS/Tim Hardaway Jr..Lasso.csv
name=Timofey_Mozgov,path=../../MYMODELS/COEFFS/Timofey Mozgov.Lasso.csv
name=Tobias_Harris,path=../../MYMODELS/COEFFS/Tobias Harris.Lasso.csv
TOO FEW PTS for Tomas_Satoransky!!!
TOO FEW PTS for Toney_Douglas!!!
name=Tony_Allen,path=../../MYMODELS/COEFFS/Tony Allen.Lasso.csv
name=Tony_Parker,path=../../MYMODELS/COEFFS/Tony Parker.Lasso.csv
name=Tony_Snell,path=../../MYMODELS/COEFFS/Tony Snell.Lasso.csv
name=Trevor_Ariza,path=../../MYMODELS/COEFFS/Trevor Ariza.Lasso.csv
name=Trevor_Booker,path=../../MYMODELS/COEFFS/Trevor Booker.Lasso.csv
name=Trey_Burke,path=../../MYMODELS/COEFFS/Trey Burke.Lasso.csv
name=Trey_Lyles,path=../../MYMODELS/COEFFS/Trey Lyles.Lasso.csv
name=Tristan_Thompson,path=../../MYMODELS/COEFFS/Tristan Thompson.Lasso.csv
TOO FEW PTS for Troy_Daniels!!!
TOO FEW PTS for Troy_Williams!!!
name=Ty_Lawson,path=../../MYMODELS/COEFFS/Ty Lawson.Lasso.csv
TOO FEW PTS for Tyler_Ennis!!!
TOO FEW PTS for Tyler_Hansbrough!!!
name=Tyler_Johnson,path=../../MYMODELS/COEFFS/Tyler Johnson.Lasso.csv
TOO FEW PTS for Tyler_Zeller!!!
name=Tyreke_Evans,path=../../MYMODELS/COEFFS/Tyreke Evans.Lasso.csv
name=Tyson_Chandler,path=../../MYMODELS/COEFFS/Tyson Chandler.Lasso.csv
TOO FEW PTS for Tyus_Jones!!!
name=Victor_Oladipo,path=../../MYMODELS/COEFFS/Victor Oladipo.Lasso.csv
name=Vince_Carter,path=../../MYMODELS/COEFFS/Vince Carter.Lasso.csv
TOO FEW PTS for Wade_Baldwin_IV!!!
name=Wayne_Ellington,path=../../MYMODELS/COEFFS/Wayne Ellington.Lasso.csv
name=Wesley_Johnson,path=../../MYMODELS/COEFFS/Wesley Johnson.Lasso.csv
name=Wesley_Matthews,path=../../MYMODELS/COEFFS/Wesley Matthews.Lasso.csv
name=Will_Barton,path=../../MYMODELS/COEFFS/Will Barton.Lasso.csv
name=Willie_Cauley-Stein,path=../../MYMODELS/COEFFS/Willie Cauley-Stein.Lasso.csv
TOO FEW PTS for Willie_Reed!!!
name=Wilson_Chandler,path=../../MYMODELS/COEFFS/Wilson Chandler.Lasso.csv
TOO FEW PTS for Xavier_Munford!!!
TOO FEW PTS for Yogi_Ferrell!!!
name=Zach_LaVine,path=../../MYMODELS/COEFFS/Zach LaVine.Lasso.csv
name=Zach_Randolph,path=../../MYMODELS/COEFFS/Zach Randolph.Lasso.csv
name=Zaza_Pachulia,path=../../MYMODELS/COEFFS/Zaza Pachulia.Lasso.csv
                             0
rm.05.val_exceeds.06  0.162078
log.slate_size        0.137199
z.sbin.proj_mo        0.121083
v_fc                  0.069494
z.salary              0.065674
rm.05.salary          0.051010
rm.05.val_exceeds.05  0.042878
rm.05.value           0.031702
rm.01.val_exceeds.04  0.031166
rm.01.val_exceeds.05  0.028063
                             1
log.slate_size        0.228751
z.proj_mo             0.124662
rm.05.val_exceeds.05  0.124139
z.salary              0.083398
rm.05.val_exceeds.04  0.044989
rm.01.val_exceeds.06  0.039016
z.proj_fc             0.037760
rm.05.salary          0.036228
rm.05.val_exceeds.06  0.030620
rm.01.val_exceeds.05  0.030580
                             2
rm.05.val_exceeds.06  0.172332
log.slate_size        0.166919
z.salary              0.128341
rm.05.val_exceeds.04  0.053838
status                0.049928
rm.05.val_exceeds.05  0.046621
rm.05.salary          0.043154
max_user_frac         0.039242
rm.01.salary          0.035982
rm.05.value           0.029477
                             3
log.slate_size        0.112625
z.salary              0.101116
status                0.099172
rm.05.val_exceeds.05  0.085107
rm.05.val_exceeds.06  0.068843
rm.05.value           0.065285
v_mo                  0.058456
rm.01.val_exceeds.06  0.048494
rm.05.score           0.038903
rm.01.salary          0.034087
saving to svd.i.fP.Lasso
saving to svd.ax.svd.i.fP.Lasso
