['RandomForestRegressor', 'pF']
name=Aaron_Brooks.RandomForestRegressor,path=../../MYMODELS/COEFFS/Aaron Brooks.RandomForestRegressor.csv
name=Aaron_Gordon.RandomForestRegressor,path=../../MYMODELS/COEFFS/Aaron Gordon.RandomForestRegressor.csv
TOO FEW PTS for Adreian_Payne.RandomForestRegressor!!!
name=Al_Horford.RandomForestRegressor,path=../../MYMODELS/COEFFS/Al Horford.RandomForestRegressor.csv
name=Al_Jefferson.RandomForestRegressor,path=../../MYMODELS/COEFFS/Al Jefferson.RandomForestRegressor.csv
name=Al-Farouq_Aminu.RandomForestRegressor,path=../../MYMODELS/COEFFS/Al-Farouq Aminu.RandomForestRegressor.csv
name=Alec_Burks.RandomForestRegressor,path=../../MYMODELS/COEFFS/Alec Burks.RandomForestRegressor.csv
name=Alex_Len.RandomForestRegressor,path=../../MYMODELS/COEFFS/Alex Len.RandomForestRegressor.csv
TOO FEW PTS for Alexis_Ajinca.RandomForestRegressor!!!
name=Allen_Crabbe.RandomForestRegressor,path=../../MYMODELS/COEFFS/Allen Crabbe.RandomForestRegressor.csv
name=Alonzo_Gee.RandomForestRegressor,path=../../MYMODELS/COEFFS/Alonzo Gee.RandomForestRegressor.csv
TOO FEW PTS for Amar'e_Stoudemire.RandomForestRegressor!!!
name=Amir_Johnson.RandomForestRegressor,path=../../MYMODELS/COEFFS/Amir Johnson.RandomForestRegressor.csv
TOO FEW PTS for Anderson_Varejao.RandomForestRegressor!!!
name=Andre_Drummond.RandomForestRegressor,path=../../MYMODELS/COEFFS/Andre Drummond.RandomForestRegressor.csv
name=Andre_Iguodala.RandomForestRegressor,path=../../MYMODELS/COEFFS/Andre Iguodala.RandomForestRegressor.csv
TOO FEW PTS for Andre_Miller.RandomForestRegressor!!!
name=Andre_Roberson.RandomForestRegressor,path=../../MYMODELS/COEFFS/Andre Roberson.RandomForestRegressor.csv
name=Andrew_Bogut.RandomForestRegressor,path=../../MYMODELS/COEFFS/Andrew Bogut.RandomForestRegressor.csv
TOO FEW PTS for Andrew_Harrison.RandomForestRegressor!!!
TOO FEW PTS for Andrew_Nicholson.RandomForestRegressor!!!
name=Andrew_Wiggins.RandomForestRegressor,path=../../MYMODELS/COEFFS/Andrew Wiggins.RandomForestRegressor.csv
TOO FEW PTS for Anthony_Brown.RandomForestRegressor!!!
name=Anthony_Davis.RandomForestRegressor,path=../../MYMODELS/COEFFS/Anthony Davis.RandomForestRegressor.csv
name=Anthony_Morrow.RandomForestRegressor,path=../../MYMODELS/COEFFS/Anthony Morrow.RandomForestRegressor.csv
TOO FEW PTS for Anthony_Tolliver.RandomForestRegressor!!!
TOO FEW PTS for Archie_Goodwin.RandomForestRegressor!!!
TOO FEW PTS for Aron_Baynes.RandomForestRegressor!!!
name=Arron_Afflalo.RandomForestRegressor,path=../../MYMODELS/COEFFS/Arron Afflalo.RandomForestRegressor.csv
name=Austin_Rivers.RandomForestRegressor,path=../../MYMODELS/COEFFS/Austin Rivers.RandomForestRegressor.csv
name=Avery_Bradley.RandomForestRegressor,path=../../MYMODELS/COEFFS/Avery Bradley.RandomForestRegressor.csv
name=Ben_McLemore.RandomForestRegressor,path=../../MYMODELS/COEFFS/Ben McLemore.RandomForestRegressor.csv
TOO FEW PTS for Beno_Udrih.RandomForestRegressor!!!
name=Bismack_Biyombo.RandomForestRegressor,path=../../MYMODELS/COEFFS/Bismack Biyombo.RandomForestRegressor.csv
name=Blake_Griffin.RandomForestRegressor,path=../../MYMODELS/COEFFS/Blake Griffin.RandomForestRegressor.csv
TOO FEW PTS for Boban_Marjanovic.RandomForestRegressor!!!
name=Bobby_Portis.RandomForestRegressor,path=../../MYMODELS/COEFFS/Bobby Portis.RandomForestRegressor.csv
name=Bojan_Bogdanovic.RandomForestRegressor,path=../../MYMODELS/COEFFS/Bojan Bogdanovic.RandomForestRegressor.csv
name=Boris_Diaw.RandomForestRegressor,path=../../MYMODELS/COEFFS/Boris Diaw.RandomForestRegressor.csv
name=Bradley_Beal.RandomForestRegressor,path=../../MYMODELS/COEFFS/Bradley Beal.RandomForestRegressor.csv
TOO FEW PTS for Brandan_Wright.RandomForestRegressor!!!
name=Brandon_Bass.RandomForestRegressor,path=../../MYMODELS/COEFFS/Brandon Bass.RandomForestRegressor.csv
name=Brandon_Ingram.RandomForestRegressor,path=../../MYMODELS/COEFFS/Brandon Ingram.RandomForestRegressor.csv
name=Brandon_Jennings.RandomForestRegressor,path=../../MYMODELS/COEFFS/Brandon Jennings.RandomForestRegressor.csv
name=Brandon_Knight.RandomForestRegressor,path=../../MYMODELS/COEFFS/Brandon Knight.RandomForestRegressor.csv
name=Brandon_Rush.RandomForestRegressor,path=../../MYMODELS/COEFFS/Brandon Rush.RandomForestRegressor.csv
name=Brook_Lopez.RandomForestRegressor,path=../../MYMODELS/COEFFS/Brook Lopez.RandomForestRegressor.csv
TOO FEW PTS for Bryce_Jones.RandomForestRegressor!!!
TOO FEW PTS for Buddy_Hield.RandomForestRegressor!!!
name=C.J._McCollum.RandomForestRegressor,path=../../MYMODELS/COEFFS/C.J. McCollum.RandomForestRegressor.csv
name=C.J._Miles.RandomForestRegressor,path=../../MYMODELS/COEFFS/C.J. Miles.RandomForestRegressor.csv
TOO FEW PTS for C.J._Watson.RandomForestRegressor!!!
TOO FEW PTS for Cameron_Payne.RandomForestRegressor!!!
TOO FEW PTS for Carl_Landry.RandomForestRegressor!!!
name=Carmelo_Anthony.RandomForestRegressor,path=../../MYMODELS/COEFFS/Carmelo Anthony.RandomForestRegressor.csv
name=Chandler_Parsons.RandomForestRegressor,path=../../MYMODELS/COEFFS/Chandler Parsons.RandomForestRegressor.csv
name=Channing_Frye.RandomForestRegressor,path=../../MYMODELS/COEFFS/Channing Frye.RandomForestRegressor.csv
TOO FEW PTS for Charlie_Villanueva.RandomForestRegressor!!!
TOO FEW PTS for Chase_Budinger.RandomForestRegressor!!!
TOO FEW PTS for Chris_Andersen.RandomForestRegressor!!!
name=Chris_Bosh.RandomForestRegressor,path=../../MYMODELS/COEFFS/Chris Bosh.RandomForestRegressor.csv
TOO FEW PTS for Chris_McCullough.RandomForestRegressor!!!
name=Chris_Paul.RandomForestRegressor,path=../../MYMODELS/COEFFS/Chris Paul.RandomForestRegressor.csv
name=Clint_Capela.RandomForestRegressor,path=../../MYMODELS/COEFFS/Clint Capela.RandomForestRegressor.csv
name=Cody_Zeller.RandomForestRegressor,path=../../MYMODELS/COEFFS/Cody Zeller.RandomForestRegressor.csv
name=Cole_Aldrich.RandomForestRegressor,path=../../MYMODELS/COEFFS/Cole Aldrich.RandomForestRegressor.csv
name=Corey_Brewer.RandomForestRegressor,path=../../MYMODELS/COEFFS/Corey Brewer.RandomForestRegressor.csv
name=Cory_Joseph.RandomForestRegressor,path=../../MYMODELS/COEFFS/Cory Joseph.RandomForestRegressor.csv
name=Courtney_Lee.RandomForestRegressor,path=../../MYMODELS/COEFFS/Courtney Lee.RandomForestRegressor.csv
TOO FEW PTS for Cristiano_Felicio.RandomForestRegressor!!!
name=D'Angelo_Russell.RandomForestRegressor,path=../../MYMODELS/COEFFS/D'Angelo Russell.RandomForestRegressor.csv
name=D.J._Augustin.RandomForestRegressor,path=../../MYMODELS/COEFFS/D.J. Augustin.RandomForestRegressor.csv
name=Damian_Lillard.RandomForestRegressor,path=../../MYMODELS/COEFFS/Damian Lillard.RandomForestRegressor.csv
name=Danilo_Gallinari.RandomForestRegressor,path=../../MYMODELS/COEFFS/Danilo Gallinari.RandomForestRegressor.csv
TOO FEW PTS for Danny_Green.RandomForestRegressor!!!
name=Dante_Cunningham.RandomForestRegressor,path=../../MYMODELS/COEFFS/Dante Cunningham.RandomForestRegressor.csv
TOO FEW PTS for Danté_Exum.RandomForestRegressor!!!
TOO FEW PTS for Dario_Saric.RandomForestRegressor!!!
name=Darrell_Arthur.RandomForestRegressor,path=../../MYMODELS/COEFFS/Darrell Arthur.RandomForestRegressor.csv
name=Darren_Collison.RandomForestRegressor,path=../../MYMODELS/COEFFS/Darren Collison.RandomForestRegressor.csv
name=David_Lee.RandomForestRegressor,path=../../MYMODELS/COEFFS/David Lee.RandomForestRegressor.csv
name=David_West.RandomForestRegressor,path=../../MYMODELS/COEFFS/David West.RandomForestRegressor.csv
name=DeAndre_Jordan.RandomForestRegressor,path=../../MYMODELS/COEFFS/DeAndre Jordan.RandomForestRegressor.csv
TOO FEW PTS for DeAndre_Liggins.RandomForestRegressor!!!
name=DeMar_DeRozan.RandomForestRegressor,path=../../MYMODELS/COEFFS/DeMar DeRozan.RandomForestRegressor.csv
name=DeMarcus_Cousins.RandomForestRegressor,path=../../MYMODELS/COEFFS/DeMarcus Cousins.RandomForestRegressor.csv
name=DeMarre_Carroll.RandomForestRegressor,path=../../MYMODELS/COEFFS/DeMarre Carroll.RandomForestRegressor.csv
name=Dennis_Schroder.RandomForestRegressor,path=../../MYMODELS/COEFFS/Dennis Schroder.RandomForestRegressor.csv
name=Deron_Williams.RandomForestRegressor,path=../../MYMODELS/COEFFS/Deron Williams.RandomForestRegressor.csv
name=Derrick_Favors.RandomForestRegressor,path=../../MYMODELS/COEFFS/Derrick Favors.RandomForestRegressor.csv
name=Derrick_Rose.RandomForestRegressor,path=../../MYMODELS/COEFFS/Derrick Rose.RandomForestRegressor.csv
name=Derrick_Williams.RandomForestRegressor,path=../../MYMODELS/COEFFS/Derrick Williams.RandomForestRegressor.csv
name=Devin_Booker.RandomForestRegressor,path=../../MYMODELS/COEFFS/Devin Booker.RandomForestRegressor.csv
name=Devin_Harris.RandomForestRegressor,path=../../MYMODELS/COEFFS/Devin Harris.RandomForestRegressor.csv
TOO FEW PTS for Dewayne_Dedmon.RandomForestRegressor!!!
name=Dion_Waiters.RandomForestRegressor,path=../../MYMODELS/COEFFS/Dion Waiters.RandomForestRegressor.csv
name=Dirk_Nowitzki.RandomForestRegressor,path=../../MYMODELS/COEFFS/Dirk Nowitzki.RandomForestRegressor.csv
TOO FEW PTS for Domantas_Sabonis.RandomForestRegressor!!!
name=Donald_Sloan.RandomForestRegressor,path=../../MYMODELS/COEFFS/Donald Sloan.RandomForestRegressor.csv
TOO FEW PTS for Donatas_Motiejunas.RandomForestRegressor!!!
name=Doug_McDermott.RandomForestRegressor,path=../../MYMODELS/COEFFS/Doug McDermott.RandomForestRegressor.csv
TOO FEW PTS for Dragan_Bender.RandomForestRegressor!!!
name=Draymond_Green.RandomForestRegressor,path=../../MYMODELS/COEFFS/Draymond Green.RandomForestRegressor.csv
TOO FEW PTS for Drew_Gooden.RandomForestRegressor!!!
name=Dwight_Howard.RandomForestRegressor,path=../../MYMODELS/COEFFS/Dwight Howard.RandomForestRegressor.csv
name=Dwight_Powell.RandomForestRegressor,path=../../MYMODELS/COEFFS/Dwight Powell.RandomForestRegressor.csv
name=Dwyane_Wade.RandomForestRegressor,path=../../MYMODELS/COEFFS/Dwyane Wade.RandomForestRegressor.csv
name=E'Twaun_Moore.RandomForestRegressor,path=../../MYMODELS/COEFFS/E'Twaun Moore.RandomForestRegressor.csv
name=Ed_Davis.RandomForestRegressor,path=../../MYMODELS/COEFFS/Ed Davis.RandomForestRegressor.csv
name=Elfrid_Payton.RandomForestRegressor,path=../../MYMODELS/COEFFS/Elfrid Payton.RandomForestRegressor.csv
name=Emmanuel_Mudiay.RandomForestRegressor,path=../../MYMODELS/COEFFS/Emmanuel Mudiay.RandomForestRegressor.csv
name=Enes_Kanter.RandomForestRegressor,path=../../MYMODELS/COEFFS/Enes Kanter.RandomForestRegressor.csv
name=Eric_Bledsoe.RandomForestRegressor,path=../../MYMODELS/COEFFS/Eric Bledsoe.RandomForestRegressor.csv
name=Eric_Gordon.RandomForestRegressor,path=../../MYMODELS/COEFFS/Eric Gordon.RandomForestRegressor.csv
name=Ersan_Ilyasova.RandomForestRegressor,path=../../MYMODELS/COEFFS/Ersan Ilyasova.RandomForestRegressor.csv
name=Evan_Fournier.RandomForestRegressor,path=../../MYMODELS/COEFFS/Evan Fournier.RandomForestRegressor.csv
name=Evan_Turner.RandomForestRegressor,path=../../MYMODELS/COEFFS/Evan Turner.RandomForestRegressor.csv
name=Festus_Ezeli.RandomForestRegressor,path=../../MYMODELS/COEFFS/Festus Ezeli.RandomForestRegressor.csv
name=Frank_Kaminsky.RandomForestRegressor,path=../../MYMODELS/COEFFS/Frank Kaminsky.RandomForestRegressor.csv
name=Garrett_Temple.RandomForestRegressor,path=../../MYMODELS/COEFFS/Garrett Temple.RandomForestRegressor.csv
name=Gary_Harris.RandomForestRegressor,path=../../MYMODELS/COEFFS/Gary Harris.RandomForestRegressor.csv
name=George_Hill.RandomForestRegressor,path=../../MYMODELS/COEFFS/George Hill.RandomForestRegressor.csv
name=Gerald_Green.RandomForestRegressor,path=../../MYMODELS/COEFFS/Gerald Green.RandomForestRegressor.csv
name=Gerald_Henderson.RandomForestRegressor,path=../../MYMODELS/COEFFS/Gerald Henderson.RandomForestRegressor.csv
name=Giannis_Antetokounmpo.RandomForestRegressor,path=../../MYMODELS/COEFFS/Giannis Antetokounmpo.RandomForestRegressor.csv
TOO FEW PTS for Glenn_Robinson_III.RandomForestRegressor!!!
name=Goran_Dragic.RandomForestRegressor,path=../../MYMODELS/COEFFS/Goran Dragic.RandomForestRegressor.csv
name=Gordon_Hayward.RandomForestRegressor,path=../../MYMODELS/COEFFS/Gordon Hayward.RandomForestRegressor.csv
name=Gorgui_Dieng.RandomForestRegressor,path=../../MYMODELS/COEFFS/Gorgui Dieng.RandomForestRegressor.csv
name=Greg_Monroe.RandomForestRegressor,path=../../MYMODELS/COEFFS/Greg Monroe.RandomForestRegressor.csv
TOO FEW PTS for Greivis_Vasquez.RandomForestRegressor!!!
name=Harrison_Barnes.RandomForestRegressor,path=../../MYMODELS/COEFFS/Harrison Barnes.RandomForestRegressor.csv
name=Hassan_Whiteside.RandomForestRegressor,path=../../MYMODELS/COEFFS/Hassan Whiteside.RandomForestRegressor.csv
name=Hollis_Thompson.RandomForestRegressor,path=../../MYMODELS/COEFFS/Hollis Thompson.RandomForestRegressor.csv
name=Ian_Clark.RandomForestRegressor,path=../../MYMODELS/COEFFS/Ian Clark.RandomForestRegressor.csv
name=Ian_Mahinmi.RandomForestRegressor,path=../../MYMODELS/COEFFS/Ian Mahinmi.RandomForestRegressor.csv
name=Iman_Shumpert.RandomForestRegressor,path=../../MYMODELS/COEFFS/Iman Shumpert.RandomForestRegressor.csv
name=Isaiah_Canaan.RandomForestRegressor,path=../../MYMODELS/COEFFS/Isaiah Canaan.RandomForestRegressor.csv
name=Isaiah_Thomas.RandomForestRegressor,path=../../MYMODELS/COEFFS/Isaiah Thomas.RandomForestRegressor.csv
TOO FEW PTS for Isaiah_Whitehead.RandomForestRegressor!!!
TOO FEW PTS for J.J._Hickson.RandomForestRegressor!!!
name=J.J._Redick.RandomForestRegressor,path=../../MYMODELS/COEFFS/J.J. Redick.RandomForestRegressor.csv
name=J.R._Smith.RandomForestRegressor,path=../../MYMODELS/COEFFS/J.R. Smith.RandomForestRegressor.csv
name=Jabari_Parker.RandomForestRegressor,path=../../MYMODELS/COEFFS/Jabari Parker.RandomForestRegressor.csv
name=Jae_Crowder.RandomForestRegressor,path=../../MYMODELS/COEFFS/Jae Crowder.RandomForestRegressor.csv
name=Jahlil_Okafor.RandomForestRegressor,path=../../MYMODELS/COEFFS/Jahlil Okafor.RandomForestRegressor.csv
name=Jamal_Crawford.RandomForestRegressor,path=../../MYMODELS/COEFFS/Jamal Crawford.RandomForestRegressor.csv
TOO FEW PTS for Jamal_Murray.RandomForestRegressor!!!
name=Jameer_Nelson.RandomForestRegressor,path=../../MYMODELS/COEFFS/Jameer Nelson.RandomForestRegressor.csv
TOO FEW PTS for James_Anderson.RandomForestRegressor!!!
TOO FEW PTS for James_Ennis.RandomForestRegressor!!!
name=James_Harden.RandomForestRegressor,path=../../MYMODELS/COEFFS/James Harden.RandomForestRegressor.csv
name=James_Johnson.RandomForestRegressor,path=../../MYMODELS/COEFFS/James Johnson.RandomForestRegressor.csv
TOO FEW PTS for James_Jones.RandomForestRegressor!!!
name=JaMychal_Green.RandomForestRegressor,path=../../MYMODELS/COEFFS/JaMychal Green.RandomForestRegressor.csv
name=Jared_Dudley.RandomForestRegressor,path=../../MYMODELS/COEFFS/Jared Dudley.RandomForestRegressor.csv
name=Jared_Sullinger.RandomForestRegressor,path=../../MYMODELS/COEFFS/Jared Sullinger.RandomForestRegressor.csv
TOO FEW PTS for Jarell_Martin.RandomForestRegressor!!!
TOO FEW PTS for Jarrett_Jack.RandomForestRegressor!!!
TOO FEW PTS for Jason_Smith.RandomForestRegressor!!!
TOO FEW PTS for Jason_Terry.RandomForestRegressor!!!
TOO FEW PTS for Jason_Thompson.RandomForestRegressor!!!
TOO FEW PTS for JaVale_McGee.RandomForestRegressor!!!
TOO FEW PTS for Jaylen_Brown.RandomForestRegressor!!!
name=Jeff_Green.RandomForestRegressor,path=../../MYMODELS/COEFFS/Jeff Green.RandomForestRegressor.csv
name=Jeff_Teague.RandomForestRegressor,path=../../MYMODELS/COEFFS/Jeff Teague.RandomForestRegressor.csv
TOO FEW PTS for Jeff_Withey.RandomForestRegressor!!!
name=Jerami_Grant.RandomForestRegressor,path=../../MYMODELS/COEFFS/Jerami Grant.RandomForestRegressor.csv
TOO FEW PTS for Jeremy_Evans.RandomForestRegressor!!!
name=Jeremy_Lamb.RandomForestRegressor,path=../../MYMODELS/COEFFS/Jeremy Lamb.RandomForestRegressor.csv
name=Jeremy_Lin.RandomForestRegressor,path=../../MYMODELS/COEFFS/Jeremy Lin.RandomForestRegressor.csv
name=Jerian_Grant.RandomForestRegressor,path=../../MYMODELS/COEFFS/Jerian Grant.RandomForestRegressor.csv
name=Jerryd_Bayless.RandomForestRegressor,path=../../MYMODELS/COEFFS/Jerryd Bayless.RandomForestRegressor.csv
name=Jimmy_Butler.RandomForestRegressor,path=../../MYMODELS/COEFFS/Jimmy Butler.RandomForestRegressor.csv
name=Joakim_Noah.RandomForestRegressor,path=../../MYMODELS/COEFFS/Joakim Noah.RandomForestRegressor.csv
TOO FEW PTS for Jodie_Meeks.RandomForestRegressor!!!
TOO FEW PTS for Joe_Harris.RandomForestRegressor!!!
name=Joe_Ingles.RandomForestRegressor,path=../../MYMODELS/COEFFS/Joe Ingles.RandomForestRegressor.csv
name=Joe_Johnson.RandomForestRegressor,path=../../MYMODELS/COEFFS/Joe Johnson.RandomForestRegressor.csv
TOO FEW PTS for Joel_Embiid.RandomForestRegressor!!!
name=Joffrey_Lauvergne.RandomForestRegressor,path=../../MYMODELS/COEFFS/Joffrey Lauvergne.RandomForestRegressor.csv
name=John_Henson.RandomForestRegressor,path=../../MYMODELS/COEFFS/John Henson.RandomForestRegressor.csv
TOO FEW PTS for John_Jenkins.RandomForestRegressor!!!
name=John_Wall.RandomForestRegressor,path=../../MYMODELS/COEFFS/John Wall.RandomForestRegressor.csv
TOO FEW PTS for Johnny_O'Bryant.RandomForestRegressor!!!
name=Jon_Leuer.RandomForestRegressor,path=../../MYMODELS/COEFFS/Jon Leuer.RandomForestRegressor.csv
TOO FEW PTS for Jonas_Jerebko.RandomForestRegressor!!!
name=Jonas_Valanciunas.RandomForestRegressor,path=../../MYMODELS/COEFFS/Jonas Valanciunas.RandomForestRegressor.csv
TOO FEW PTS for Jonathan_Gibson.RandomForestRegressor!!!
name=Jonathon_Simmons.RandomForestRegressor,path=../../MYMODELS/COEFFS/Jonathon Simmons.RandomForestRegressor.csv
name=Jordan_Clarkson.RandomForestRegressor,path=../../MYMODELS/COEFFS/Jordan Clarkson.RandomForestRegressor.csv
TOO FEW PTS for Jordan_Farmar.RandomForestRegressor!!!
TOO FEW PTS for Jordan_Hamilton.RandomForestRegressor!!!
name=Jordan_Hill.RandomForestRegressor,path=../../MYMODELS/COEFFS/Jordan Hill.RandomForestRegressor.csv
TOO FEW PTS for Jordan_McRae.RandomForestRegressor!!!
name=Jose_Calderon.RandomForestRegressor,path=../../MYMODELS/COEFFS/Jose Calderon.RandomForestRegressor.csv
TOO FEW PTS for Josh_McRoberts.RandomForestRegressor!!!
name=Josh_Richardson.RandomForestRegressor,path=../../MYMODELS/COEFFS/Josh Richardson.RandomForestRegressor.csv
name=Josh_Smith.RandomForestRegressor,path=../../MYMODELS/COEFFS/Josh Smith.RandomForestRegressor.csv
name=Jrue_Holiday.RandomForestRegressor,path=../../MYMODELS/COEFFS/Jrue Holiday.RandomForestRegressor.csv
TOO FEW PTS for Juancho_Hernangomez.RandomForestRegressor!!!
name=Julius_Randle.RandomForestRegressor,path=../../MYMODELS/COEFFS/Julius Randle.RandomForestRegressor.csv
name=Justin_Anderson.RandomForestRegressor,path=../../MYMODELS/COEFFS/Justin Anderson.RandomForestRegressor.csv
TOO FEW PTS for Justin_Hamilton.RandomForestRegressor!!!
TOO FEW PTS for Justin_Holiday.RandomForestRegressor!!!
name=Justise_Winslow.RandomForestRegressor,path=../../MYMODELS/COEFFS/Justise Winslow.RandomForestRegressor.csv
name=Jusuf_Nurkic.RandomForestRegressor,path=../../MYMODELS/COEFFS/Jusuf Nurkic.RandomForestRegressor.csv
TOO FEW PTS for K.J._McDaniels.RandomForestRegressor!!!
name=Karl-Anthony_Towns.RandomForestRegressor,path=../../MYMODELS/COEFFS/Karl-Anthony Towns.RandomForestRegressor.csv
name=Kawhi_Leonard.RandomForestRegressor,path=../../MYMODELS/COEFFS/Kawhi Leonard.RandomForestRegressor.csv
name=Kelly_Olynyk.RandomForestRegressor,path=../../MYMODELS/COEFFS/Kelly Olynyk.RandomForestRegressor.csv
TOO FEW PTS for Kelly_Oubre.RandomForestRegressor!!!
name=Kemba_Walker.RandomForestRegressor,path=../../MYMODELS/COEFFS/Kemba Walker.RandomForestRegressor.csv
TOO FEW PTS for Kendall_Marshall.RandomForestRegressor!!!
name=Kenneth_Faried.RandomForestRegressor,path=../../MYMODELS/COEFFS/Kenneth Faried.RandomForestRegressor.csv
name=Kent_Bazemore.RandomForestRegressor,path=../../MYMODELS/COEFFS/Kent Bazemore.RandomForestRegressor.csv
name=Kentavious_Caldwell-Pope.RandomForestRegressor,path=../../MYMODELS/COEFFS/Kentavious Caldwell-Pope.RandomForestRegressor.csv
name=Kevin_Durant.RandomForestRegressor,path=../../MYMODELS/COEFFS/Kevin Durant.RandomForestRegressor.csv
TOO FEW PTS for Kevin_Garnett.RandomForestRegressor!!!
name=Kevin_Love.RandomForestRegressor,path=../../MYMODELS/COEFFS/Kevin Love.RandomForestRegressor.csv
TOO FEW PTS for Kevin_Martin.RandomForestRegressor!!!
TOO FEW PTS for Kevin_Seraphin.RandomForestRegressor!!!
TOO FEW PTS for Kevon_Looney.RandomForestRegressor!!!
name=Khris_Middleton.RandomForestRegressor,path=../../MYMODELS/COEFFS/Khris Middleton.RandomForestRegressor.csv
TOO FEW PTS for Kirk_Hinrich.RandomForestRegressor!!!
name=Klay_Thompson.RandomForestRegressor,path=../../MYMODELS/COEFFS/Klay Thompson.RandomForestRegressor.csv
name=Kobe_Bryant.RandomForestRegressor,path=../../MYMODELS/COEFFS/Kobe Bryant.RandomForestRegressor.csv
name=Kosta_Koufos.RandomForestRegressor,path=../../MYMODELS/COEFFS/Kosta Koufos.RandomForestRegressor.csv
TOO FEW PTS for Kris_Dunn.RandomForestRegressor!!!
TOO FEW PTS for Kris_Humphries.RandomForestRegressor!!!
name=Kristaps_Porzingis.RandomForestRegressor,path=../../MYMODELS/COEFFS/Kristaps Porzingis.RandomForestRegressor.csv
name=Kyle_Anderson.RandomForestRegressor,path=../../MYMODELS/COEFFS/Kyle Anderson.RandomForestRegressor.csv
name=Kyle_Korver.RandomForestRegressor,path=../../MYMODELS/COEFFS/Kyle Korver.RandomForestRegressor.csv
name=Kyle_Lowry.RandomForestRegressor,path=../../MYMODELS/COEFFS/Kyle Lowry.RandomForestRegressor.csv
name=Kyle_O'Quinn.RandomForestRegressor,path=../../MYMODELS/COEFFS/Kyle O'Quinn.RandomForestRegressor.csv
TOO FEW PTS for Kyle_Singler.RandomForestRegressor!!!
name=Kyrie_Irving.RandomForestRegressor,path=../../MYMODELS/COEFFS/Kyrie Irving.RandomForestRegressor.csv
TOO FEW PTS for Lamar_Patterson.RandomForestRegressor!!!
name=LaMarcus_Aldridge.RandomForestRegressor,path=../../MYMODELS/COEFFS/LaMarcus Aldridge.RandomForestRegressor.csv
name=Lance_Stephenson.RandomForestRegressor,path=../../MYMODELS/COEFFS/Lance Stephenson.RandomForestRegressor.csv
TOO FEW PTS for Lance_Thomas.RandomForestRegressor!!!
name=Langston_Galloway.RandomForestRegressor,path=../../MYMODELS/COEFFS/Langston Galloway.RandomForestRegressor.csv
name=Larry_Nance_Jr..RandomForestRegressor,path=../../MYMODELS/COEFFS/Larry Nance Jr..RandomForestRegressor.csv
name=Lavoy_Allen.RandomForestRegressor,path=../../MYMODELS/COEFFS/Lavoy Allen.RandomForestRegressor.csv
name=Leandro_Barbosa.RandomForestRegressor,path=../../MYMODELS/COEFFS/Leandro Barbosa.RandomForestRegressor.csv
name=LeBron_James.RandomForestRegressor,path=../../MYMODELS/COEFFS/LeBron James.RandomForestRegressor.csv
name=Lou_Williams.RandomForestRegressor,path=../../MYMODELS/COEFFS/Lou Williams.RandomForestRegressor.csv
name=Luc_Richard_Mbah_a_Moute.RandomForestRegressor,path=../../MYMODELS/COEFFS/Luc Richard Mbah a Moute.RandomForestRegressor.csv
TOO FEW PTS for Lucas_Nogueira.RandomForestRegressor!!!
name=Luis_Scola.RandomForestRegressor,path=../../MYMODELS/COEFFS/Luis Scola.RandomForestRegressor.csv
name=Luke_Babbitt.RandomForestRegressor,path=../../MYMODELS/COEFFS/Luke Babbitt.RandomForestRegressor.csv
name=Luol_Deng.RandomForestRegressor,path=../../MYMODELS/COEFFS/Luol Deng.RandomForestRegressor.csv
TOO FEW PTS for Malcolm_Brogdon.RandomForestRegressor!!!
TOO FEW PTS for Malcolm_Delaney.RandomForestRegressor!!!
name=Manu_Ginobili.RandomForestRegressor,path=../../MYMODELS/COEFFS/Manu Ginobili.RandomForestRegressor.csv
name=Marc_Gasol.RandomForestRegressor,path=../../MYMODELS/COEFFS/Marc Gasol.RandomForestRegressor.csv
TOO FEW PTS for Marcelo_Huertas.RandomForestRegressor!!!
name=Marcin_Gortat.RandomForestRegressor,path=../../MYMODELS/COEFFS/Marcin Gortat.RandomForestRegressor.csv
name=Marco_Belinelli.RandomForestRegressor,path=../../MYMODELS/COEFFS/Marco Belinelli.RandomForestRegressor.csv
name=Marcus_Morris.RandomForestRegressor,path=../../MYMODELS/COEFFS/Marcus Morris.RandomForestRegressor.csv
name=Marcus_Smart.RandomForestRegressor,path=../../MYMODELS/COEFFS/Marcus Smart.RandomForestRegressor.csv
name=Marcus_Thornton.RandomForestRegressor,path=../../MYMODELS/COEFFS/Marcus Thornton.RandomForestRegressor.csv
TOO FEW PTS for Mario_Hezonja.RandomForestRegressor!!!
TOO FEW PTS for Markel_Brown.RandomForestRegressor!!!
name=Markieff_Morris.RandomForestRegressor,path=../../MYMODELS/COEFFS/Markieff Morris.RandomForestRegressor.csv
TOO FEW PTS for Marquese_Chriss.RandomForestRegressor!!!
name=Marreese_Speights.RandomForestRegressor,path=../../MYMODELS/COEFFS/Marreese Speights.RandomForestRegressor.csv
name=Marvin_Williams.RandomForestRegressor,path=../../MYMODELS/COEFFS/Marvin Williams.RandomForestRegressor.csv
name=Mason_Plumlee.RandomForestRegressor,path=../../MYMODELS/COEFFS/Mason Plumlee.RandomForestRegressor.csv
name=Matt_Barnes.RandomForestRegressor,path=../../MYMODELS/COEFFS/Matt Barnes.RandomForestRegressor.csv
name=Matthew_Dellavedova.RandomForestRegressor,path=../../MYMODELS/COEFFS/Matthew Dellavedova.RandomForestRegressor.csv
name=Maurice_Harkless.RandomForestRegressor,path=../../MYMODELS/COEFFS/Maurice Harkless.RandomForestRegressor.csv
TOO FEW PTS for Metta_World_Peace.RandomForestRegressor!!!
name=Meyers_Leonard.RandomForestRegressor,path=../../MYMODELS/COEFFS/Meyers Leonard.RandomForestRegressor.csv
name=Michael_Beasley.RandomForestRegressor,path=../../MYMODELS/COEFFS/Michael Beasley.RandomForestRegressor.csv
name=Michael_Carter-Williams.RandomForestRegressor,path=../../MYMODELS/COEFFS/Michael Carter-Williams.RandomForestRegressor.csv
name=Michael_Kidd-Gilchrist.RandomForestRegressor,path=../../MYMODELS/COEFFS/Michael Kidd-Gilchrist.RandomForestRegressor.csv
name=Mike_Conley.RandomForestRegressor,path=../../MYMODELS/COEFFS/Mike Conley.RandomForestRegressor.csv
TOO FEW PTS for Mike_Dunleavy.RandomForestRegressor!!!
TOO FEW PTS for Mike_Miller.RandomForestRegressor!!!
name=Mike_Muscala.RandomForestRegressor,path=../../MYMODELS/COEFFS/Mike Muscala.RandomForestRegressor.csv
TOO FEW PTS for Mike_Scott.RandomForestRegressor!!!
TOO FEW PTS for Miles_Plumlee.RandomForestRegressor!!!
TOO FEW PTS for Mindaugas_Kuzminskas.RandomForestRegressor!!!
name=Mirza_Teletovic.RandomForestRegressor,path=../../MYMODELS/COEFFS/Mirza Teletovic.RandomForestRegressor.csv
TOO FEW PTS for Mo_Williams.RandomForestRegressor!!!
name=Monta_Ellis.RandomForestRegressor,path=../../MYMODELS/COEFFS/Monta Ellis.RandomForestRegressor.csv
TOO FEW PTS for Montrezl_Harrell.RandomForestRegressor!!!
name=Myles_Turner.RandomForestRegressor,path=../../MYMODELS/COEFFS/Myles Turner.RandomForestRegressor.csv
name=Nemanja_Bjelica.RandomForestRegressor,path=../../MYMODELS/COEFFS/Nemanja Bjelica.RandomForestRegressor.csv
name=Nene_Hilario.RandomForestRegressor,path=../../MYMODELS/COEFFS/Nene Hilario.RandomForestRegressor.csv
name=Nerlens_Noel.RandomForestRegressor,path=../../MYMODELS/COEFFS/Nerlens Noel.RandomForestRegressor.csv
TOO FEW PTS for Nick_Collison.RandomForestRegressor!!!
name=Nick_Young.RandomForestRegressor,path=../../MYMODELS/COEFFS/Nick Young.RandomForestRegressor.csv
name=Nicolas_Batum.RandomForestRegressor,path=../../MYMODELS/COEFFS/Nicolas Batum.RandomForestRegressor.csv
name=Nik_Stauskas.RandomForestRegressor,path=../../MYMODELS/COEFFS/Nik Stauskas.RandomForestRegressor.csv
name=Nikola_Jokic.RandomForestRegressor,path=../../MYMODELS/COEFFS/Nikola Jokic.RandomForestRegressor.csv
name=Nikola_Mirotic.RandomForestRegressor,path=../../MYMODELS/COEFFS/Nikola Mirotic.RandomForestRegressor.csv
name=Nikola_Vucevic.RandomForestRegressor,path=../../MYMODELS/COEFFS/Nikola Vucevic.RandomForestRegressor.csv
name=Noah_Vonleh.RandomForestRegressor,path=../../MYMODELS/COEFFS/Noah Vonleh.RandomForestRegressor.csv
TOO FEW PTS for Norman_Powell.RandomForestRegressor!!!
name=Norris_Cole.RandomForestRegressor,path=../../MYMODELS/COEFFS/Norris Cole.RandomForestRegressor.csv
name=O.J._Mayo.RandomForestRegressor,path=../../MYMODELS/COEFFS/O.J. Mayo.RandomForestRegressor.csv
name=Omer_Asik.RandomForestRegressor,path=../../MYMODELS/COEFFS/Omer Asik.RandomForestRegressor.csv
name=Omri_Casspi.RandomForestRegressor,path=../../MYMODELS/COEFFS/Omri Casspi.RandomForestRegressor.csv
name=Otto_Porter.RandomForestRegressor,path=../../MYMODELS/COEFFS/Otto Porter.RandomForestRegressor.csv
TOO FEW PTS for P.J._Hairston.RandomForestRegressor!!!
name=P.J._Tucker.RandomForestRegressor,path=../../MYMODELS/COEFFS/P.J. Tucker.RandomForestRegressor.csv
TOO FEW PTS for Pablo_Prigioni.RandomForestRegressor!!!
TOO FEW PTS for Pascal_Siakam.RandomForestRegressor!!!
name=Patrick_Beverley.RandomForestRegressor,path=../../MYMODELS/COEFFS/Patrick Beverley.RandomForestRegressor.csv
TOO FEW PTS for Patrick_McCaw.RandomForestRegressor!!!
name=Patrick_Patterson.RandomForestRegressor,path=../../MYMODELS/COEFFS/Patrick Patterson.RandomForestRegressor.csv
name=Pau_Gasol.RandomForestRegressor,path=../../MYMODELS/COEFFS/Pau Gasol.RandomForestRegressor.csv
name=Paul_George.RandomForestRegressor,path=../../MYMODELS/COEFFS/Paul George.RandomForestRegressor.csv
name=Paul_Millsap.RandomForestRegressor,path=../../MYMODELS/COEFFS/Paul Millsap.RandomForestRegressor.csv
name=Paul_Pierce.RandomForestRegressor,path=../../MYMODELS/COEFFS/Paul Pierce.RandomForestRegressor.csv
TOO FEW PTS for Quincy_Acy.RandomForestRegressor!!!
name=Rajon_Rondo.RandomForestRegressor,path=../../MYMODELS/COEFFS/Rajon Rondo.RandomForestRegressor.csv
name=Ramon_Sessions.RandomForestRegressor,path=../../MYMODELS/COEFFS/Ramon Sessions.RandomForestRegressor.csv
name=Randy_Foye.RandomForestRegressor,path=../../MYMODELS/COEFFS/Randy Foye.RandomForestRegressor.csv
TOO FEW PTS for Rashad_Vaughn.RandomForestRegressor!!!
name=Raul_Neto.RandomForestRegressor,path=../../MYMODELS/COEFFS/Raul Neto.RandomForestRegressor.csv
name=Raymond_Felton.RandomForestRegressor,path=../../MYMODELS/COEFFS/Raymond Felton.RandomForestRegressor.csv
name=Reggie_Jackson.RandomForestRegressor,path=../../MYMODELS/COEFFS/Reggie Jackson.RandomForestRegressor.csv
TOO FEW PTS for Richard_Jefferson.RandomForestRegressor!!!
TOO FEW PTS for Richaun_Holmes.RandomForestRegressor!!!
name=Ricky_Rubio.RandomForestRegressor,path=../../MYMODELS/COEFFS/Ricky Rubio.RandomForestRegressor.csv
name=Robert_Covington.RandomForestRegressor,path=../../MYMODELS/COEFFS/Robert Covington.RandomForestRegressor.csv
name=Robin_Lopez.RandomForestRegressor,path=../../MYMODELS/COEFFS/Robin Lopez.RandomForestRegressor.csv
name=Rodney_Hood.RandomForestRegressor,path=../../MYMODELS/COEFFS/Rodney Hood.RandomForestRegressor.csv
TOO FEW PTS for Rodney_McGruder.RandomForestRegressor!!!
name=Rodney_Stuckey.RandomForestRegressor,path=../../MYMODELS/COEFFS/Rodney Stuckey.RandomForestRegressor.csv
name=Rondae_Hollis-Jefferson.RandomForestRegressor,path=../../MYMODELS/COEFFS/Rondae Hollis-Jefferson.RandomForestRegressor.csv
TOO FEW PTS for Ronnie_Price.RandomForestRegressor!!!
name=Roy_Hibbert.RandomForestRegressor,path=../../MYMODELS/COEFFS/Roy Hibbert.RandomForestRegressor.csv
name=Rudy_Gay.RandomForestRegressor,path=../../MYMODELS/COEFFS/Rudy Gay.RandomForestRegressor.csv
name=Rudy_Gobert.RandomForestRegressor,path=../../MYMODELS/COEFFS/Rudy Gobert.RandomForestRegressor.csv
name=Russell_Westbrook.RandomForestRegressor,path=../../MYMODELS/COEFFS/Russell Westbrook.RandomForestRegressor.csv
name=Ryan_Anderson.RandomForestRegressor,path=../../MYMODELS/COEFFS/Ryan Anderson.RandomForestRegressor.csv
TOO FEW PTS for Ryan_Kelly.RandomForestRegressor!!!
TOO FEW PTS for Salah_Mejri.RandomForestRegressor!!!
TOO FEW PTS for Sam_Dekker.RandomForestRegressor!!!
TOO FEW PTS for Sasha_Vujacic.RandomForestRegressor!!!
name=Sean_Kilpatrick.RandomForestRegressor,path=../../MYMODELS/COEFFS/Sean Kilpatrick.RandomForestRegressor.csv
TOO FEW PTS for Semaj_Christon.RandomForestRegressor!!!
name=Serge_Ibaka.RandomForestRegressor,path=../../MYMODELS/COEFFS/Serge Ibaka.RandomForestRegressor.csv
TOO FEW PTS for Sergio_Rodriguez.RandomForestRegressor!!!
name=Seth_Curry.RandomForestRegressor,path=../../MYMODELS/COEFFS/Seth Curry.RandomForestRegressor.csv
name=Shabazz_Muhammad.RandomForestRegressor,path=../../MYMODELS/COEFFS/Shabazz Muhammad.RandomForestRegressor.csv
TOO FEW PTS for Shabazz_Napier.RandomForestRegressor!!!
name=Shane_Larkin.RandomForestRegressor,path=../../MYMODELS/COEFFS/Shane Larkin.RandomForestRegressor.csv
name=Shaun_Livingston.RandomForestRegressor,path=../../MYMODELS/COEFFS/Shaun Livingston.RandomForestRegressor.csv
name=Shelvin_Mack.RandomForestRegressor,path=../../MYMODELS/COEFFS/Shelvin Mack.RandomForestRegressor.csv
name=Solomon_Hill.RandomForestRegressor,path=../../MYMODELS/COEFFS/Solomon Hill.RandomForestRegressor.csv
TOO FEW PTS for Spencer_Dinwiddie.RandomForestRegressor!!!
TOO FEW PTS for Spencer_Hawes.RandomForestRegressor!!!
name=Stanley_Johnson.RandomForestRegressor,path=../../MYMODELS/COEFFS/Stanley Johnson.RandomForestRegressor.csv
name=Stephen_Curry.RandomForestRegressor,path=../../MYMODELS/COEFFS/Stephen Curry.RandomForestRegressor.csv
name=Steven_Adams.RandomForestRegressor,path=../../MYMODELS/COEFFS/Steven Adams.RandomForestRegressor.csv
name=T.J._McConnell.RandomForestRegressor,path=../../MYMODELS/COEFFS/T.J. McConnell.RandomForestRegressor.csv
name=T.J._Warren.RandomForestRegressor,path=../../MYMODELS/COEFFS/T.J. Warren.RandomForestRegressor.csv
name=Taj_Gibson.RandomForestRegressor,path=../../MYMODELS/COEFFS/Taj Gibson.RandomForestRegressor.csv
TOO FEW PTS for Tarik_Black.RandomForestRegressor!!!
TOO FEW PTS for Tayshaun_Prince.RandomForestRegressor!!!
name=Terrence_Jones.RandomForestRegressor,path=../../MYMODELS/COEFFS/Terrence Jones.RandomForestRegressor.csv
name=Terrence_Ross.RandomForestRegressor,path=../../MYMODELS/COEFFS/Terrence Ross.RandomForestRegressor.csv
TOO FEW PTS for Terry_Rozier.RandomForestRegressor!!!
name=Thabo_Sefolosha.RandomForestRegressor,path=../../MYMODELS/COEFFS/Thabo Sefolosha.RandomForestRegressor.csv
name=Thaddeus_Young.RandomForestRegressor,path=../../MYMODELS/COEFFS/Thaddeus Young.RandomForestRegressor.csv
TOO FEW PTS for Thomas_Robinson.RandomForestRegressor!!!
TOO FEW PTS for Tiago_Splitter.RandomForestRegressor!!!
name=Tim_Duncan.RandomForestRegressor,path=../../MYMODELS/COEFFS/Tim Duncan.RandomForestRegressor.csv
name=Tim_Frazier.RandomForestRegressor,path=../../MYMODELS/COEFFS/Tim Frazier.RandomForestRegressor.csv
name=Tim_Hardaway_Jr..RandomForestRegressor,path=../../MYMODELS/COEFFS/Tim Hardaway Jr..RandomForestRegressor.csv
name=Timofey_Mozgov.RandomForestRegressor,path=../../MYMODELS/COEFFS/Timofey Mozgov.RandomForestRegressor.csv
name=Tobias_Harris.RandomForestRegressor,path=../../MYMODELS/COEFFS/Tobias Harris.RandomForestRegressor.csv
TOO FEW PTS for Tomas_Satoransky.RandomForestRegressor!!!
TOO FEW PTS for Toney_Douglas.RandomForestRegressor!!!
name=Tony_Allen.RandomForestRegressor,path=../../MYMODELS/COEFFS/Tony Allen.RandomForestRegressor.csv
name=Tony_Parker.RandomForestRegressor,path=../../MYMODELS/COEFFS/Tony Parker.RandomForestRegressor.csv
name=Tony_Snell.RandomForestRegressor,path=../../MYMODELS/COEFFS/Tony Snell.RandomForestRegressor.csv
name=Trevor_Ariza.RandomForestRegressor,path=../../MYMODELS/COEFFS/Trevor Ariza.RandomForestRegressor.csv
name=Trevor_Booker.RandomForestRegressor,path=../../MYMODELS/COEFFS/Trevor Booker.RandomForestRegressor.csv
name=Trey_Burke.RandomForestRegressor,path=../../MYMODELS/COEFFS/Trey Burke.RandomForestRegressor.csv
name=Trey_Lyles.RandomForestRegressor,path=../../MYMODELS/COEFFS/Trey Lyles.RandomForestRegressor.csv
name=Tristan_Thompson.RandomForestRegressor,path=../../MYMODELS/COEFFS/Tristan Thompson.RandomForestRegressor.csv
TOO FEW PTS for Troy_Daniels.RandomForestRegressor!!!
TOO FEW PTS for Troy_Williams.RandomForestRegressor!!!
name=Ty_Lawson.RandomForestRegressor,path=../../MYMODELS/COEFFS/Ty Lawson.RandomForestRegressor.csv
TOO FEW PTS for Tyler_Ennis.RandomForestRegressor!!!
TOO FEW PTS for Tyler_Hansbrough.RandomForestRegressor!!!
name=Tyler_Johnson.RandomForestRegressor,path=../../MYMODELS/COEFFS/Tyler Johnson.RandomForestRegressor.csv
TOO FEW PTS for Tyler_Zeller.RandomForestRegressor!!!
name=Tyreke_Evans.RandomForestRegressor,path=../../MYMODELS/COEFFS/Tyreke Evans.RandomForestRegressor.csv
name=Tyson_Chandler.RandomForestRegressor,path=../../MYMODELS/COEFFS/Tyson Chandler.RandomForestRegressor.csv
TOO FEW PTS for Tyus_Jones.RandomForestRegressor!!!
name=Victor_Oladipo.RandomForestRegressor,path=../../MYMODELS/COEFFS/Victor Oladipo.RandomForestRegressor.csv
name=Vince_Carter.RandomForestRegressor,path=../../MYMODELS/COEFFS/Vince Carter.RandomForestRegressor.csv
TOO FEW PTS for Wade_Baldwin_IV.RandomForestRegressor!!!
name=Wayne_Ellington.RandomForestRegressor,path=../../MYMODELS/COEFFS/Wayne Ellington.RandomForestRegressor.csv
name=Wesley_Johnson.RandomForestRegressor,path=../../MYMODELS/COEFFS/Wesley Johnson.RandomForestRegressor.csv
name=Wesley_Matthews.RandomForestRegressor,path=../../MYMODELS/COEFFS/Wesley Matthews.RandomForestRegressor.csv
name=Will_Barton.RandomForestRegressor,path=../../MYMODELS/COEFFS/Will Barton.RandomForestRegressor.csv
name=Willie_Cauley-Stein.RandomForestRegressor,path=../../MYMODELS/COEFFS/Willie Cauley-Stein.RandomForestRegressor.csv
TOO FEW PTS for Willie_Reed.RandomForestRegressor!!!
name=Wilson_Chandler.RandomForestRegressor,path=../../MYMODELS/COEFFS/Wilson Chandler.RandomForestRegressor.csv
TOO FEW PTS for Xavier_Munford.RandomForestRegressor!!!
TOO FEW PTS for Yogi_Ferrell.RandomForestRegressor!!!
name=Zach_LaVine.RandomForestRegressor,path=../../MYMODELS/COEFFS/Zach LaVine.RandomForestRegressor.csv
name=Zach_Randolph.RandomForestRegressor,path=../../MYMODELS/COEFFS/Zach Randolph.RandomForestRegressor.csv
name=Zaza_Pachulia.RandomForestRegressor,path=../../MYMODELS/COEFFS/Zaza Pachulia.RandomForestRegressor.csv
                            0
Eric_Bledsoe         0.006590
Kyle_Lowry           0.006503
Dwight_Howard        0.006313
Matthew_Dellavedova  0.006171
Blake_Griffin        0.006130
Kemba_Walker         0.006021
Draymond_Green       0.005914
Jimmy_Butler         0.005889
Damian_Lillard       0.005887
Chris_Paul           0.005830
                            1
Eric_Bledsoe         0.012523
Carmelo_Anthony      0.011628
Kyle_Lowry           0.011209
Jimmy_Butler         0.010233
Dwight_Howard        0.010154
Stephen_Curry        0.009954
Matthew_Dellavedova  0.009764
Kevin_Durant         0.009450
Chris_Paul           0.009349
Blake_Griffin        0.008992
                              2
Reggie_Jackson         0.020742
Kenneth_Faried         0.014200
Festus_Ezeli           0.013455
Victor_Oladipo         0.013410
James_Harden           0.013262
Damian_Lillard         0.012926
Giannis_Antetokounmpo  0.012338
Nicolas_Batum          0.012250
Joffrey_Lauvergne      0.012119
Serge_Ibaka            0.011502
                            3
LeBron_James         0.020585
Alec_Burks           0.017962
Paul_Millsap         0.015951
Russell_Westbrook    0.015319
Klay_Thompson        0.014852
Tobias_Harris        0.013802
Matthew_Dellavedova  0.013754
J.J._Redick          0.013686
Khris_Middleton      0.013402
Gerald_Henderson     0.013065
saving to svd.i.pF.RandomForestRegressor
saving to svd.ax.svd.i.pF.RandomForestRegressor
