['Ridge', 'pF']
name=Aaron_Brooks.Ridge,path=../../MYMODELS/COEFFS/Aaron Brooks.Ridge.csv
name=Aaron_Gordon.Ridge,path=../../MYMODELS/COEFFS/Aaron Gordon.Ridge.csv
TOO FEW PTS for Adreian_Payne.Ridge!!!
name=Al_Horford.Ridge,path=../../MYMODELS/COEFFS/Al Horford.Ridge.csv
name=Al_Jefferson.Ridge,path=../../MYMODELS/COEFFS/Al Jefferson.Ridge.csv
name=Al-Farouq_Aminu.Ridge,path=../../MYMODELS/COEFFS/Al-Farouq Aminu.Ridge.csv
name=Alec_Burks.Ridge,path=../../MYMODELS/COEFFS/Alec Burks.Ridge.csv
name=Alex_Len.Ridge,path=../../MYMODELS/COEFFS/Alex Len.Ridge.csv
TOO FEW PTS for Alexis_Ajinca.Ridge!!!
name=Allen_Crabbe.Ridge,path=../../MYMODELS/COEFFS/Allen Crabbe.Ridge.csv
name=Alonzo_Gee.Ridge,path=../../MYMODELS/COEFFS/Alonzo Gee.Ridge.csv
TOO FEW PTS for Amar'e_Stoudemire.Ridge!!!
name=Amir_Johnson.Ridge,path=../../MYMODELS/COEFFS/Amir Johnson.Ridge.csv
TOO FEW PTS for Anderson_Varejao.Ridge!!!
name=Andre_Drummond.Ridge,path=../../MYMODELS/COEFFS/Andre Drummond.Ridge.csv
name=Andre_Iguodala.Ridge,path=../../MYMODELS/COEFFS/Andre Iguodala.Ridge.csv
TOO FEW PTS for Andre_Miller.Ridge!!!
name=Andre_Roberson.Ridge,path=../../MYMODELS/COEFFS/Andre Roberson.Ridge.csv
name=Andrew_Bogut.Ridge,path=../../MYMODELS/COEFFS/Andrew Bogut.Ridge.csv
TOO FEW PTS for Andrew_Harrison.Ridge!!!
TOO FEW PTS for Andrew_Nicholson.Ridge!!!
name=Andrew_Wiggins.Ridge,path=../../MYMODELS/COEFFS/Andrew Wiggins.Ridge.csv
TOO FEW PTS for Anthony_Brown.Ridge!!!
name=Anthony_Davis.Ridge,path=../../MYMODELS/COEFFS/Anthony Davis.Ridge.csv
name=Anthony_Morrow.Ridge,path=../../MYMODELS/COEFFS/Anthony Morrow.Ridge.csv
TOO FEW PTS for Anthony_Tolliver.Ridge!!!
TOO FEW PTS for Archie_Goodwin.Ridge!!!
TOO FEW PTS for Aron_Baynes.Ridge!!!
name=Arron_Afflalo.Ridge,path=../../MYMODELS/COEFFS/Arron Afflalo.Ridge.csv
name=Austin_Rivers.Ridge,path=../../MYMODELS/COEFFS/Austin Rivers.Ridge.csv
name=Avery_Bradley.Ridge,path=../../MYMODELS/COEFFS/Avery Bradley.Ridge.csv
name=Ben_McLemore.Ridge,path=../../MYMODELS/COEFFS/Ben McLemore.Ridge.csv
TOO FEW PTS for Beno_Udrih.Ridge!!!
name=Bismack_Biyombo.Ridge,path=../../MYMODELS/COEFFS/Bismack Biyombo.Ridge.csv
name=Blake_Griffin.Ridge,path=../../MYMODELS/COEFFS/Blake Griffin.Ridge.csv
TOO FEW PTS for Boban_Marjanovic.Ridge!!!
name=Bobby_Portis.Ridge,path=../../MYMODELS/COEFFS/Bobby Portis.Ridge.csv
name=Bojan_Bogdanovic.Ridge,path=../../MYMODELS/COEFFS/Bojan Bogdanovic.Ridge.csv
name=Boris_Diaw.Ridge,path=../../MYMODELS/COEFFS/Boris Diaw.Ridge.csv
name=Bradley_Beal.Ridge,path=../../MYMODELS/COEFFS/Bradley Beal.Ridge.csv
TOO FEW PTS for Brandan_Wright.Ridge!!!
name=Brandon_Bass.Ridge,path=../../MYMODELS/COEFFS/Brandon Bass.Ridge.csv
name=Brandon_Ingram.Ridge,path=../../MYMODELS/COEFFS/Brandon Ingram.Ridge.csv
name=Brandon_Jennings.Ridge,path=../../MYMODELS/COEFFS/Brandon Jennings.Ridge.csv
name=Brandon_Knight.Ridge,path=../../MYMODELS/COEFFS/Brandon Knight.Ridge.csv
name=Brandon_Rush.Ridge,path=../../MYMODELS/COEFFS/Brandon Rush.Ridge.csv
name=Brook_Lopez.Ridge,path=../../MYMODELS/COEFFS/Brook Lopez.Ridge.csv
TOO FEW PTS for Bryce_Jones.Ridge!!!
TOO FEW PTS for Buddy_Hield.Ridge!!!
name=C.J._McCollum.Ridge,path=../../MYMODELS/COEFFS/C.J. McCollum.Ridge.csv
name=C.J._Miles.Ridge,path=../../MYMODELS/COEFFS/C.J. Miles.Ridge.csv
TOO FEW PTS for C.J._Watson.Ridge!!!
TOO FEW PTS for Cameron_Payne.Ridge!!!
TOO FEW PTS for Carl_Landry.Ridge!!!
name=Carmelo_Anthony.Ridge,path=../../MYMODELS/COEFFS/Carmelo Anthony.Ridge.csv
name=Chandler_Parsons.Ridge,path=../../MYMODELS/COEFFS/Chandler Parsons.Ridge.csv
name=Channing_Frye.Ridge,path=../../MYMODELS/COEFFS/Channing Frye.Ridge.csv
TOO FEW PTS for Charlie_Villanueva.Ridge!!!
TOO FEW PTS for Chase_Budinger.Ridge!!!
TOO FEW PTS for Chris_Andersen.Ridge!!!
name=Chris_Bosh.Ridge,path=../../MYMODELS/COEFFS/Chris Bosh.Ridge.csv
TOO FEW PTS for Chris_McCullough.Ridge!!!
name=Chris_Paul.Ridge,path=../../MYMODELS/COEFFS/Chris Paul.Ridge.csv
name=Clint_Capela.Ridge,path=../../MYMODELS/COEFFS/Clint Capela.Ridge.csv
name=Cody_Zeller.Ridge,path=../../MYMODELS/COEFFS/Cody Zeller.Ridge.csv
name=Cole_Aldrich.Ridge,path=../../MYMODELS/COEFFS/Cole Aldrich.Ridge.csv
name=Corey_Brewer.Ridge,path=../../MYMODELS/COEFFS/Corey Brewer.Ridge.csv
name=Cory_Joseph.Ridge,path=../../MYMODELS/COEFFS/Cory Joseph.Ridge.csv
name=Courtney_Lee.Ridge,path=../../MYMODELS/COEFFS/Courtney Lee.Ridge.csv
TOO FEW PTS for Cristiano_Felicio.Ridge!!!
name=D'Angelo_Russell.Ridge,path=../../MYMODELS/COEFFS/D'Angelo Russell.Ridge.csv
name=D.J._Augustin.Ridge,path=../../MYMODELS/COEFFS/D.J. Augustin.Ridge.csv
name=Damian_Lillard.Ridge,path=../../MYMODELS/COEFFS/Damian Lillard.Ridge.csv
name=Danilo_Gallinari.Ridge,path=../../MYMODELS/COEFFS/Danilo Gallinari.Ridge.csv
TOO FEW PTS for Danny_Green.Ridge!!!
name=Dante_Cunningham.Ridge,path=../../MYMODELS/COEFFS/Dante Cunningham.Ridge.csv
TOO FEW PTS for Danté_Exum.Ridge!!!
TOO FEW PTS for Dario_Saric.Ridge!!!
name=Darrell_Arthur.Ridge,path=../../MYMODELS/COEFFS/Darrell Arthur.Ridge.csv
name=Darren_Collison.Ridge,path=../../MYMODELS/COEFFS/Darren Collison.Ridge.csv
name=David_Lee.Ridge,path=../../MYMODELS/COEFFS/David Lee.Ridge.csv
name=David_West.Ridge,path=../../MYMODELS/COEFFS/David West.Ridge.csv
name=DeAndre_Jordan.Ridge,path=../../MYMODELS/COEFFS/DeAndre Jordan.Ridge.csv
TOO FEW PTS for DeAndre_Liggins.Ridge!!!
name=DeMar_DeRozan.Ridge,path=../../MYMODELS/COEFFS/DeMar DeRozan.Ridge.csv
name=DeMarcus_Cousins.Ridge,path=../../MYMODELS/COEFFS/DeMarcus Cousins.Ridge.csv
name=DeMarre_Carroll.Ridge,path=../../MYMODELS/COEFFS/DeMarre Carroll.Ridge.csv
name=Dennis_Schroder.Ridge,path=../../MYMODELS/COEFFS/Dennis Schroder.Ridge.csv
name=Deron_Williams.Ridge,path=../../MYMODELS/COEFFS/Deron Williams.Ridge.csv
name=Derrick_Favors.Ridge,path=../../MYMODELS/COEFFS/Derrick Favors.Ridge.csv
name=Derrick_Rose.Ridge,path=../../MYMODELS/COEFFS/Derrick Rose.Ridge.csv
name=Derrick_Williams.Ridge,path=../../MYMODELS/COEFFS/Derrick Williams.Ridge.csv
name=Devin_Booker.Ridge,path=../../MYMODELS/COEFFS/Devin Booker.Ridge.csv
name=Devin_Harris.Ridge,path=../../MYMODELS/COEFFS/Devin Harris.Ridge.csv
TOO FEW PTS for Dewayne_Dedmon.Ridge!!!
name=Dion_Waiters.Ridge,path=../../MYMODELS/COEFFS/Dion Waiters.Ridge.csv
name=Dirk_Nowitzki.Ridge,path=../../MYMODELS/COEFFS/Dirk Nowitzki.Ridge.csv
TOO FEW PTS for Domantas_Sabonis.Ridge!!!
name=Donald_Sloan.Ridge,path=../../MYMODELS/COEFFS/Donald Sloan.Ridge.csv
TOO FEW PTS for Donatas_Motiejunas.Ridge!!!
name=Doug_McDermott.Ridge,path=../../MYMODELS/COEFFS/Doug McDermott.Ridge.csv
TOO FEW PTS for Dragan_Bender.Ridge!!!
name=Draymond_Green.Ridge,path=../../MYMODELS/COEFFS/Draymond Green.Ridge.csv
TOO FEW PTS for Drew_Gooden.Ridge!!!
name=Dwight_Howard.Ridge,path=../../MYMODELS/COEFFS/Dwight Howard.Ridge.csv
name=Dwight_Powell.Ridge,path=../../MYMODELS/COEFFS/Dwight Powell.Ridge.csv
name=Dwyane_Wade.Ridge,path=../../MYMODELS/COEFFS/Dwyane Wade.Ridge.csv
name=E'Twaun_Moore.Ridge,path=../../MYMODELS/COEFFS/E'Twaun Moore.Ridge.csv
name=Ed_Davis.Ridge,path=../../MYMODELS/COEFFS/Ed Davis.Ridge.csv
name=Elfrid_Payton.Ridge,path=../../MYMODELS/COEFFS/Elfrid Payton.Ridge.csv
name=Emmanuel_Mudiay.Ridge,path=../../MYMODELS/COEFFS/Emmanuel Mudiay.Ridge.csv
name=Enes_Kanter.Ridge,path=../../MYMODELS/COEFFS/Enes Kanter.Ridge.csv
name=Eric_Bledsoe.Ridge,path=../../MYMODELS/COEFFS/Eric Bledsoe.Ridge.csv
name=Eric_Gordon.Ridge,path=../../MYMODELS/COEFFS/Eric Gordon.Ridge.csv
name=Ersan_Ilyasova.Ridge,path=../../MYMODELS/COEFFS/Ersan Ilyasova.Ridge.csv
name=Evan_Fournier.Ridge,path=../../MYMODELS/COEFFS/Evan Fournier.Ridge.csv
name=Evan_Turner.Ridge,path=../../MYMODELS/COEFFS/Evan Turner.Ridge.csv
name=Festus_Ezeli.Ridge,path=../../MYMODELS/COEFFS/Festus Ezeli.Ridge.csv
name=Frank_Kaminsky.Ridge,path=../../MYMODELS/COEFFS/Frank Kaminsky.Ridge.csv
name=Garrett_Temple.Ridge,path=../../MYMODELS/COEFFS/Garrett Temple.Ridge.csv
name=Gary_Harris.Ridge,path=../../MYMODELS/COEFFS/Gary Harris.Ridge.csv
name=George_Hill.Ridge,path=../../MYMODELS/COEFFS/George Hill.Ridge.csv
name=Gerald_Green.Ridge,path=../../MYMODELS/COEFFS/Gerald Green.Ridge.csv
name=Gerald_Henderson.Ridge,path=../../MYMODELS/COEFFS/Gerald Henderson.Ridge.csv
name=Giannis_Antetokounmpo.Ridge,path=../../MYMODELS/COEFFS/Giannis Antetokounmpo.Ridge.csv
TOO FEW PTS for Glenn_Robinson_III.Ridge!!!
name=Goran_Dragic.Ridge,path=../../MYMODELS/COEFFS/Goran Dragic.Ridge.csv
name=Gordon_Hayward.Ridge,path=../../MYMODELS/COEFFS/Gordon Hayward.Ridge.csv
name=Gorgui_Dieng.Ridge,path=../../MYMODELS/COEFFS/Gorgui Dieng.Ridge.csv
name=Greg_Monroe.Ridge,path=../../MYMODELS/COEFFS/Greg Monroe.Ridge.csv
TOO FEW PTS for Greivis_Vasquez.Ridge!!!
name=Harrison_Barnes.Ridge,path=../../MYMODELS/COEFFS/Harrison Barnes.Ridge.csv
name=Hassan_Whiteside.Ridge,path=../../MYMODELS/COEFFS/Hassan Whiteside.Ridge.csv
name=Hollis_Thompson.Ridge,path=../../MYMODELS/COEFFS/Hollis Thompson.Ridge.csv
name=Ian_Clark.Ridge,path=../../MYMODELS/COEFFS/Ian Clark.Ridge.csv
name=Ian_Mahinmi.Ridge,path=../../MYMODELS/COEFFS/Ian Mahinmi.Ridge.csv
name=Iman_Shumpert.Ridge,path=../../MYMODELS/COEFFS/Iman Shumpert.Ridge.csv
name=Isaiah_Canaan.Ridge,path=../../MYMODELS/COEFFS/Isaiah Canaan.Ridge.csv
name=Isaiah_Thomas.Ridge,path=../../MYMODELS/COEFFS/Isaiah Thomas.Ridge.csv
TOO FEW PTS for Isaiah_Whitehead.Ridge!!!
TOO FEW PTS for J.J._Hickson.Ridge!!!
name=J.J._Redick.Ridge,path=../../MYMODELS/COEFFS/J.J. Redick.Ridge.csv
name=J.R._Smith.Ridge,path=../../MYMODELS/COEFFS/J.R. Smith.Ridge.csv
name=Jabari_Parker.Ridge,path=../../MYMODELS/COEFFS/Jabari Parker.Ridge.csv
name=Jae_Crowder.Ridge,path=../../MYMODELS/COEFFS/Jae Crowder.Ridge.csv
name=Jahlil_Okafor.Ridge,path=../../MYMODELS/COEFFS/Jahlil Okafor.Ridge.csv
name=Jamal_Crawford.Ridge,path=../../MYMODELS/COEFFS/Jamal Crawford.Ridge.csv
TOO FEW PTS for Jamal_Murray.Ridge!!!
name=Jameer_Nelson.Ridge,path=../../MYMODELS/COEFFS/Jameer Nelson.Ridge.csv
TOO FEW PTS for James_Anderson.Ridge!!!
TOO FEW PTS for James_Ennis.Ridge!!!
name=James_Harden.Ridge,path=../../MYMODELS/COEFFS/James Harden.Ridge.csv
name=James_Johnson.Ridge,path=../../MYMODELS/COEFFS/James Johnson.Ridge.csv
TOO FEW PTS for James_Jones.Ridge!!!
name=JaMychal_Green.Ridge,path=../../MYMODELS/COEFFS/JaMychal Green.Ridge.csv
name=Jared_Dudley.Ridge,path=../../MYMODELS/COEFFS/Jared Dudley.Ridge.csv
name=Jared_Sullinger.Ridge,path=../../MYMODELS/COEFFS/Jared Sullinger.Ridge.csv
TOO FEW PTS for Jarell_Martin.Ridge!!!
TOO FEW PTS for Jarrett_Jack.Ridge!!!
TOO FEW PTS for Jason_Smith.Ridge!!!
TOO FEW PTS for Jason_Terry.Ridge!!!
TOO FEW PTS for Jason_Thompson.Ridge!!!
TOO FEW PTS for JaVale_McGee.Ridge!!!
TOO FEW PTS for Jaylen_Brown.Ridge!!!
name=Jeff_Green.Ridge,path=../../MYMODELS/COEFFS/Jeff Green.Ridge.csv
name=Jeff_Teague.Ridge,path=../../MYMODELS/COEFFS/Jeff Teague.Ridge.csv
TOO FEW PTS for Jeff_Withey.Ridge!!!
name=Jerami_Grant.Ridge,path=../../MYMODELS/COEFFS/Jerami Grant.Ridge.csv
TOO FEW PTS for Jeremy_Evans.Ridge!!!
name=Jeremy_Lamb.Ridge,path=../../MYMODELS/COEFFS/Jeremy Lamb.Ridge.csv
name=Jeremy_Lin.Ridge,path=../../MYMODELS/COEFFS/Jeremy Lin.Ridge.csv
name=Jerian_Grant.Ridge,path=../../MYMODELS/COEFFS/Jerian Grant.Ridge.csv
name=Jerryd_Bayless.Ridge,path=../../MYMODELS/COEFFS/Jerryd Bayless.Ridge.csv
name=Jimmy_Butler.Ridge,path=../../MYMODELS/COEFFS/Jimmy Butler.Ridge.csv
name=Joakim_Noah.Ridge,path=../../MYMODELS/COEFFS/Joakim Noah.Ridge.csv
TOO FEW PTS for Jodie_Meeks.Ridge!!!
TOO FEW PTS for Joe_Harris.Ridge!!!
name=Joe_Ingles.Ridge,path=../../MYMODELS/COEFFS/Joe Ingles.Ridge.csv
name=Joe_Johnson.Ridge,path=../../MYMODELS/COEFFS/Joe Johnson.Ridge.csv
TOO FEW PTS for Joel_Embiid.Ridge!!!
name=Joffrey_Lauvergne.Ridge,path=../../MYMODELS/COEFFS/Joffrey Lauvergne.Ridge.csv
name=John_Henson.Ridge,path=../../MYMODELS/COEFFS/John Henson.Ridge.csv
TOO FEW PTS for John_Jenkins.Ridge!!!
name=John_Wall.Ridge,path=../../MYMODELS/COEFFS/John Wall.Ridge.csv
TOO FEW PTS for Johnny_O'Bryant.Ridge!!!
name=Jon_Leuer.Ridge,path=../../MYMODELS/COEFFS/Jon Leuer.Ridge.csv
TOO FEW PTS for Jonas_Jerebko.Ridge!!!
name=Jonas_Valanciunas.Ridge,path=../../MYMODELS/COEFFS/Jonas Valanciunas.Ridge.csv
TOO FEW PTS for Jonathan_Gibson.Ridge!!!
name=Jonathon_Simmons.Ridge,path=../../MYMODELS/COEFFS/Jonathon Simmons.Ridge.csv
name=Jordan_Clarkson.Ridge,path=../../MYMODELS/COEFFS/Jordan Clarkson.Ridge.csv
TOO FEW PTS for Jordan_Farmar.Ridge!!!
TOO FEW PTS for Jordan_Hamilton.Ridge!!!
name=Jordan_Hill.Ridge,path=../../MYMODELS/COEFFS/Jordan Hill.Ridge.csv
TOO FEW PTS for Jordan_McRae.Ridge!!!
name=Jose_Calderon.Ridge,path=../../MYMODELS/COEFFS/Jose Calderon.Ridge.csv
TOO FEW PTS for Josh_McRoberts.Ridge!!!
name=Josh_Richardson.Ridge,path=../../MYMODELS/COEFFS/Josh Richardson.Ridge.csv
name=Josh_Smith.Ridge,path=../../MYMODELS/COEFFS/Josh Smith.Ridge.csv
name=Jrue_Holiday.Ridge,path=../../MYMODELS/COEFFS/Jrue Holiday.Ridge.csv
TOO FEW PTS for Juancho_Hernangomez.Ridge!!!
name=Julius_Randle.Ridge,path=../../MYMODELS/COEFFS/Julius Randle.Ridge.csv
name=Justin_Anderson.Ridge,path=../../MYMODELS/COEFFS/Justin Anderson.Ridge.csv
TOO FEW PTS for Justin_Hamilton.Ridge!!!
TOO FEW PTS for Justin_Holiday.Ridge!!!
name=Justise_Winslow.Ridge,path=../../MYMODELS/COEFFS/Justise Winslow.Ridge.csv
name=Jusuf_Nurkic.Ridge,path=../../MYMODELS/COEFFS/Jusuf Nurkic.Ridge.csv
TOO FEW PTS for K.J._McDaniels.Ridge!!!
name=Karl-Anthony_Towns.Ridge,path=../../MYMODELS/COEFFS/Karl-Anthony Towns.Ridge.csv
name=Kawhi_Leonard.Ridge,path=../../MYMODELS/COEFFS/Kawhi Leonard.Ridge.csv
name=Kelly_Olynyk.Ridge,path=../../MYMODELS/COEFFS/Kelly Olynyk.Ridge.csv
TOO FEW PTS for Kelly_Oubre.Ridge!!!
name=Kemba_Walker.Ridge,path=../../MYMODELS/COEFFS/Kemba Walker.Ridge.csv
TOO FEW PTS for Kendall_Marshall.Ridge!!!
name=Kenneth_Faried.Ridge,path=../../MYMODELS/COEFFS/Kenneth Faried.Ridge.csv
name=Kent_Bazemore.Ridge,path=../../MYMODELS/COEFFS/Kent Bazemore.Ridge.csv
name=Kentavious_Caldwell-Pope.Ridge,path=../../MYMODELS/COEFFS/Kentavious Caldwell-Pope.Ridge.csv
name=Kevin_Durant.Ridge,path=../../MYMODELS/COEFFS/Kevin Durant.Ridge.csv
TOO FEW PTS for Kevin_Garnett.Ridge!!!
name=Kevin_Love.Ridge,path=../../MYMODELS/COEFFS/Kevin Love.Ridge.csv
TOO FEW PTS for Kevin_Martin.Ridge!!!
TOO FEW PTS for Kevin_Seraphin.Ridge!!!
TOO FEW PTS for Kevon_Looney.Ridge!!!
name=Khris_Middleton.Ridge,path=../../MYMODELS/COEFFS/Khris Middleton.Ridge.csv
TOO FEW PTS for Kirk_Hinrich.Ridge!!!
name=Klay_Thompson.Ridge,path=../../MYMODELS/COEFFS/Klay Thompson.Ridge.csv
name=Kobe_Bryant.Ridge,path=../../MYMODELS/COEFFS/Kobe Bryant.Ridge.csv
name=Kosta_Koufos.Ridge,path=../../MYMODELS/COEFFS/Kosta Koufos.Ridge.csv
TOO FEW PTS for Kris_Dunn.Ridge!!!
TOO FEW PTS for Kris_Humphries.Ridge!!!
name=Kristaps_Porzingis.Ridge,path=../../MYMODELS/COEFFS/Kristaps Porzingis.Ridge.csv
name=Kyle_Anderson.Ridge,path=../../MYMODELS/COEFFS/Kyle Anderson.Ridge.csv
name=Kyle_Korver.Ridge,path=../../MYMODELS/COEFFS/Kyle Korver.Ridge.csv
name=Kyle_Lowry.Ridge,path=../../MYMODELS/COEFFS/Kyle Lowry.Ridge.csv
name=Kyle_O'Quinn.Ridge,path=../../MYMODELS/COEFFS/Kyle O'Quinn.Ridge.csv
TOO FEW PTS for Kyle_Singler.Ridge!!!
name=Kyrie_Irving.Ridge,path=../../MYMODELS/COEFFS/Kyrie Irving.Ridge.csv
TOO FEW PTS for Lamar_Patterson.Ridge!!!
name=LaMarcus_Aldridge.Ridge,path=../../MYMODELS/COEFFS/LaMarcus Aldridge.Ridge.csv
name=Lance_Stephenson.Ridge,path=../../MYMODELS/COEFFS/Lance Stephenson.Ridge.csv
TOO FEW PTS for Lance_Thomas.Ridge!!!
name=Langston_Galloway.Ridge,path=../../MYMODELS/COEFFS/Langston Galloway.Ridge.csv
name=Larry_Nance_Jr..Ridge,path=../../MYMODELS/COEFFS/Larry Nance Jr..Ridge.csv
name=Lavoy_Allen.Ridge,path=../../MYMODELS/COEFFS/Lavoy Allen.Ridge.csv
name=Leandro_Barbosa.Ridge,path=../../MYMODELS/COEFFS/Leandro Barbosa.Ridge.csv
name=LeBron_James.Ridge,path=../../MYMODELS/COEFFS/LeBron James.Ridge.csv
name=Lou_Williams.Ridge,path=../../MYMODELS/COEFFS/Lou Williams.Ridge.csv
name=Luc_Richard_Mbah_a_Moute.Ridge,path=../../MYMODELS/COEFFS/Luc Richard Mbah a Moute.Ridge.csv
TOO FEW PTS for Lucas_Nogueira.Ridge!!!
name=Luis_Scola.Ridge,path=../../MYMODELS/COEFFS/Luis Scola.Ridge.csv
name=Luke_Babbitt.Ridge,path=../../MYMODELS/COEFFS/Luke Babbitt.Ridge.csv
name=Luol_Deng.Ridge,path=../../MYMODELS/COEFFS/Luol Deng.Ridge.csv
TOO FEW PTS for Malcolm_Brogdon.Ridge!!!
TOO FEW PTS for Malcolm_Delaney.Ridge!!!
name=Manu_Ginobili.Ridge,path=../../MYMODELS/COEFFS/Manu Ginobili.Ridge.csv
name=Marc_Gasol.Ridge,path=../../MYMODELS/COEFFS/Marc Gasol.Ridge.csv
TOO FEW PTS for Marcelo_Huertas.Ridge!!!
name=Marcin_Gortat.Ridge,path=../../MYMODELS/COEFFS/Marcin Gortat.Ridge.csv
name=Marco_Belinelli.Ridge,path=../../MYMODELS/COEFFS/Marco Belinelli.Ridge.csv
name=Marcus_Morris.Ridge,path=../../MYMODELS/COEFFS/Marcus Morris.Ridge.csv
name=Marcus_Smart.Ridge,path=../../MYMODELS/COEFFS/Marcus Smart.Ridge.csv
name=Marcus_Thornton.Ridge,path=../../MYMODELS/COEFFS/Marcus Thornton.Ridge.csv
TOO FEW PTS for Mario_Hezonja.Ridge!!!
TOO FEW PTS for Markel_Brown.Ridge!!!
name=Markieff_Morris.Ridge,path=../../MYMODELS/COEFFS/Markieff Morris.Ridge.csv
TOO FEW PTS for Marquese_Chriss.Ridge!!!
name=Marreese_Speights.Ridge,path=../../MYMODELS/COEFFS/Marreese Speights.Ridge.csv
name=Marvin_Williams.Ridge,path=../../MYMODELS/COEFFS/Marvin Williams.Ridge.csv
name=Mason_Plumlee.Ridge,path=../../MYMODELS/COEFFS/Mason Plumlee.Ridge.csv
name=Matt_Barnes.Ridge,path=../../MYMODELS/COEFFS/Matt Barnes.Ridge.csv
name=Matthew_Dellavedova.Ridge,path=../../MYMODELS/COEFFS/Matthew Dellavedova.Ridge.csv
name=Maurice_Harkless.Ridge,path=../../MYMODELS/COEFFS/Maurice Harkless.Ridge.csv
TOO FEW PTS for Metta_World_Peace.Ridge!!!
name=Meyers_Leonard.Ridge,path=../../MYMODELS/COEFFS/Meyers Leonard.Ridge.csv
name=Michael_Beasley.Ridge,path=../../MYMODELS/COEFFS/Michael Beasley.Ridge.csv
name=Michael_Carter-Williams.Ridge,path=../../MYMODELS/COEFFS/Michael Carter-Williams.Ridge.csv
name=Michael_Kidd-Gilchrist.Ridge,path=../../MYMODELS/COEFFS/Michael Kidd-Gilchrist.Ridge.csv
name=Mike_Conley.Ridge,path=../../MYMODELS/COEFFS/Mike Conley.Ridge.csv
TOO FEW PTS for Mike_Dunleavy.Ridge!!!
TOO FEW PTS for Mike_Miller.Ridge!!!
name=Mike_Muscala.Ridge,path=../../MYMODELS/COEFFS/Mike Muscala.Ridge.csv
TOO FEW PTS for Mike_Scott.Ridge!!!
TOO FEW PTS for Miles_Plumlee.Ridge!!!
TOO FEW PTS for Mindaugas_Kuzminskas.Ridge!!!
name=Mirza_Teletovic.Ridge,path=../../MYMODELS/COEFFS/Mirza Teletovic.Ridge.csv
TOO FEW PTS for Mo_Williams.Ridge!!!
name=Monta_Ellis.Ridge,path=../../MYMODELS/COEFFS/Monta Ellis.Ridge.csv
TOO FEW PTS for Montrezl_Harrell.Ridge!!!
name=Myles_Turner.Ridge,path=../../MYMODELS/COEFFS/Myles Turner.Ridge.csv
name=Nemanja_Bjelica.Ridge,path=../../MYMODELS/COEFFS/Nemanja Bjelica.Ridge.csv
name=Nene_Hilario.Ridge,path=../../MYMODELS/COEFFS/Nene Hilario.Ridge.csv
name=Nerlens_Noel.Ridge,path=../../MYMODELS/COEFFS/Nerlens Noel.Ridge.csv
TOO FEW PTS for Nick_Collison.Ridge!!!
name=Nick_Young.Ridge,path=../../MYMODELS/COEFFS/Nick Young.Ridge.csv
name=Nicolas_Batum.Ridge,path=../../MYMODELS/COEFFS/Nicolas Batum.Ridge.csv
name=Nik_Stauskas.Ridge,path=../../MYMODELS/COEFFS/Nik Stauskas.Ridge.csv
name=Nikola_Jokic.Ridge,path=../../MYMODELS/COEFFS/Nikola Jokic.Ridge.csv
name=Nikola_Mirotic.Ridge,path=../../MYMODELS/COEFFS/Nikola Mirotic.Ridge.csv
name=Nikola_Vucevic.Ridge,path=../../MYMODELS/COEFFS/Nikola Vucevic.Ridge.csv
name=Noah_Vonleh.Ridge,path=../../MYMODELS/COEFFS/Noah Vonleh.Ridge.csv
TOO FEW PTS for Norman_Powell.Ridge!!!
name=Norris_Cole.Ridge,path=../../MYMODELS/COEFFS/Norris Cole.Ridge.csv
name=O.J._Mayo.Ridge,path=../../MYMODELS/COEFFS/O.J. Mayo.Ridge.csv
name=Omer_Asik.Ridge,path=../../MYMODELS/COEFFS/Omer Asik.Ridge.csv
name=Omri_Casspi.Ridge,path=../../MYMODELS/COEFFS/Omri Casspi.Ridge.csv
name=Otto_Porter.Ridge,path=../../MYMODELS/COEFFS/Otto Porter.Ridge.csv
TOO FEW PTS for P.J._Hairston.Ridge!!!
name=P.J._Tucker.Ridge,path=../../MYMODELS/COEFFS/P.J. Tucker.Ridge.csv
TOO FEW PTS for Pablo_Prigioni.Ridge!!!
TOO FEW PTS for Pascal_Siakam.Ridge!!!
name=Patrick_Beverley.Ridge,path=../../MYMODELS/COEFFS/Patrick Beverley.Ridge.csv
TOO FEW PTS for Patrick_McCaw.Ridge!!!
name=Patrick_Patterson.Ridge,path=../../MYMODELS/COEFFS/Patrick Patterson.Ridge.csv
name=Pau_Gasol.Ridge,path=../../MYMODELS/COEFFS/Pau Gasol.Ridge.csv
name=Paul_George.Ridge,path=../../MYMODELS/COEFFS/Paul George.Ridge.csv
name=Paul_Millsap.Ridge,path=../../MYMODELS/COEFFS/Paul Millsap.Ridge.csv
name=Paul_Pierce.Ridge,path=../../MYMODELS/COEFFS/Paul Pierce.Ridge.csv
TOO FEW PTS for Quincy_Acy.Ridge!!!
name=Rajon_Rondo.Ridge,path=../../MYMODELS/COEFFS/Rajon Rondo.Ridge.csv
name=Ramon_Sessions.Ridge,path=../../MYMODELS/COEFFS/Ramon Sessions.Ridge.csv
name=Randy_Foye.Ridge,path=../../MYMODELS/COEFFS/Randy Foye.Ridge.csv
TOO FEW PTS for Rashad_Vaughn.Ridge!!!
name=Raul_Neto.Ridge,path=../../MYMODELS/COEFFS/Raul Neto.Ridge.csv
name=Raymond_Felton.Ridge,path=../../MYMODELS/COEFFS/Raymond Felton.Ridge.csv
name=Reggie_Jackson.Ridge,path=../../MYMODELS/COEFFS/Reggie Jackson.Ridge.csv
TOO FEW PTS for Richard_Jefferson.Ridge!!!
TOO FEW PTS for Richaun_Holmes.Ridge!!!
name=Ricky_Rubio.Ridge,path=../../MYMODELS/COEFFS/Ricky Rubio.Ridge.csv
name=Robert_Covington.Ridge,path=../../MYMODELS/COEFFS/Robert Covington.Ridge.csv
name=Robin_Lopez.Ridge,path=../../MYMODELS/COEFFS/Robin Lopez.Ridge.csv
name=Rodney_Hood.Ridge,path=../../MYMODELS/COEFFS/Rodney Hood.Ridge.csv
TOO FEW PTS for Rodney_McGruder.Ridge!!!
name=Rodney_Stuckey.Ridge,path=../../MYMODELS/COEFFS/Rodney Stuckey.Ridge.csv
name=Rondae_Hollis-Jefferson.Ridge,path=../../MYMODELS/COEFFS/Rondae Hollis-Jefferson.Ridge.csv
TOO FEW PTS for Ronnie_Price.Ridge!!!
name=Roy_Hibbert.Ridge,path=../../MYMODELS/COEFFS/Roy Hibbert.Ridge.csv
name=Rudy_Gay.Ridge,path=../../MYMODELS/COEFFS/Rudy Gay.Ridge.csv
name=Rudy_Gobert.Ridge,path=../../MYMODELS/COEFFS/Rudy Gobert.Ridge.csv
name=Russell_Westbrook.Ridge,path=../../MYMODELS/COEFFS/Russell Westbrook.Ridge.csv
name=Ryan_Anderson.Ridge,path=../../MYMODELS/COEFFS/Ryan Anderson.Ridge.csv
TOO FEW PTS for Ryan_Kelly.Ridge!!!
TOO FEW PTS for Salah_Mejri.Ridge!!!
TOO FEW PTS for Sam_Dekker.Ridge!!!
TOO FEW PTS for Sasha_Vujacic.Ridge!!!
name=Sean_Kilpatrick.Ridge,path=../../MYMODELS/COEFFS/Sean Kilpatrick.Ridge.csv
TOO FEW PTS for Semaj_Christon.Ridge!!!
name=Serge_Ibaka.Ridge,path=../../MYMODELS/COEFFS/Serge Ibaka.Ridge.csv
TOO FEW PTS for Sergio_Rodriguez.Ridge!!!
name=Seth_Curry.Ridge,path=../../MYMODELS/COEFFS/Seth Curry.Ridge.csv
name=Shabazz_Muhammad.Ridge,path=../../MYMODELS/COEFFS/Shabazz Muhammad.Ridge.csv
TOO FEW PTS for Shabazz_Napier.Ridge!!!
name=Shane_Larkin.Ridge,path=../../MYMODELS/COEFFS/Shane Larkin.Ridge.csv
name=Shaun_Livingston.Ridge,path=../../MYMODELS/COEFFS/Shaun Livingston.Ridge.csv
name=Shelvin_Mack.Ridge,path=../../MYMODELS/COEFFS/Shelvin Mack.Ridge.csv
name=Solomon_Hill.Ridge,path=../../MYMODELS/COEFFS/Solomon Hill.Ridge.csv
TOO FEW PTS for Spencer_Dinwiddie.Ridge!!!
TOO FEW PTS for Spencer_Hawes.Ridge!!!
name=Stanley_Johnson.Ridge,path=../../MYMODELS/COEFFS/Stanley Johnson.Ridge.csv
name=Stephen_Curry.Ridge,path=../../MYMODELS/COEFFS/Stephen Curry.Ridge.csv
name=Steven_Adams.Ridge,path=../../MYMODELS/COEFFS/Steven Adams.Ridge.csv
name=T.J._McConnell.Ridge,path=../../MYMODELS/COEFFS/T.J. McConnell.Ridge.csv
name=T.J._Warren.Ridge,path=../../MYMODELS/COEFFS/T.J. Warren.Ridge.csv
name=Taj_Gibson.Ridge,path=../../MYMODELS/COEFFS/Taj Gibson.Ridge.csv
TOO FEW PTS for Tarik_Black.Ridge!!!
TOO FEW PTS for Tayshaun_Prince.Ridge!!!
name=Terrence_Jones.Ridge,path=../../MYMODELS/COEFFS/Terrence Jones.Ridge.csv
name=Terrence_Ross.Ridge,path=../../MYMODELS/COEFFS/Terrence Ross.Ridge.csv
TOO FEW PTS for Terry_Rozier.Ridge!!!
name=Thabo_Sefolosha.Ridge,path=../../MYMODELS/COEFFS/Thabo Sefolosha.Ridge.csv
name=Thaddeus_Young.Ridge,path=../../MYMODELS/COEFFS/Thaddeus Young.Ridge.csv
TOO FEW PTS for Thomas_Robinson.Ridge!!!
TOO FEW PTS for Tiago_Splitter.Ridge!!!
name=Tim_Duncan.Ridge,path=../../MYMODELS/COEFFS/Tim Duncan.Ridge.csv
name=Tim_Frazier.Ridge,path=../../MYMODELS/COEFFS/Tim Frazier.Ridge.csv
name=Tim_Hardaway_Jr..Ridge,path=../../MYMODELS/COEFFS/Tim Hardaway Jr..Ridge.csv
name=Timofey_Mozgov.Ridge,path=../../MYMODELS/COEFFS/Timofey Mozgov.Ridge.csv
name=Tobias_Harris.Ridge,path=../../MYMODELS/COEFFS/Tobias Harris.Ridge.csv
TOO FEW PTS for Tomas_Satoransky.Ridge!!!
TOO FEW PTS for Toney_Douglas.Ridge!!!
name=Tony_Allen.Ridge,path=../../MYMODELS/COEFFS/Tony Allen.Ridge.csv
name=Tony_Parker.Ridge,path=../../MYMODELS/COEFFS/Tony Parker.Ridge.csv
name=Tony_Snell.Ridge,path=../../MYMODELS/COEFFS/Tony Snell.Ridge.csv
name=Trevor_Ariza.Ridge,path=../../MYMODELS/COEFFS/Trevor Ariza.Ridge.csv
name=Trevor_Booker.Ridge,path=../../MYMODELS/COEFFS/Trevor Booker.Ridge.csv
name=Trey_Burke.Ridge,path=../../MYMODELS/COEFFS/Trey Burke.Ridge.csv
name=Trey_Lyles.Ridge,path=../../MYMODELS/COEFFS/Trey Lyles.Ridge.csv
name=Tristan_Thompson.Ridge,path=../../MYMODELS/COEFFS/Tristan Thompson.Ridge.csv
TOO FEW PTS for Troy_Daniels.Ridge!!!
TOO FEW PTS for Troy_Williams.Ridge!!!
name=Ty_Lawson.Ridge,path=../../MYMODELS/COEFFS/Ty Lawson.Ridge.csv
TOO FEW PTS for Tyler_Ennis.Ridge!!!
TOO FEW PTS for Tyler_Hansbrough.Ridge!!!
name=Tyler_Johnson.Ridge,path=../../MYMODELS/COEFFS/Tyler Johnson.Ridge.csv
TOO FEW PTS for Tyler_Zeller.Ridge!!!
name=Tyreke_Evans.Ridge,path=../../MYMODELS/COEFFS/Tyreke Evans.Ridge.csv
name=Tyson_Chandler.Ridge,path=../../MYMODELS/COEFFS/Tyson Chandler.Ridge.csv
TOO FEW PTS for Tyus_Jones.Ridge!!!
name=Victor_Oladipo.Ridge,path=../../MYMODELS/COEFFS/Victor Oladipo.Ridge.csv
name=Vince_Carter.Ridge,path=../../MYMODELS/COEFFS/Vince Carter.Ridge.csv
TOO FEW PTS for Wade_Baldwin_IV.Ridge!!!
name=Wayne_Ellington.Ridge,path=../../MYMODELS/COEFFS/Wayne Ellington.Ridge.csv
name=Wesley_Johnson.Ridge,path=../../MYMODELS/COEFFS/Wesley Johnson.Ridge.csv
name=Wesley_Matthews.Ridge,path=../../MYMODELS/COEFFS/Wesley Matthews.Ridge.csv
name=Will_Barton.Ridge,path=../../MYMODELS/COEFFS/Will Barton.Ridge.csv
name=Willie_Cauley-Stein.Ridge,path=../../MYMODELS/COEFFS/Willie Cauley-Stein.Ridge.csv
TOO FEW PTS for Willie_Reed.Ridge!!!
name=Wilson_Chandler.Ridge,path=../../MYMODELS/COEFFS/Wilson Chandler.Ridge.csv
TOO FEW PTS for Xavier_Munford.Ridge!!!
TOO FEW PTS for Yogi_Ferrell.Ridge!!!
name=Zach_LaVine.Ridge,path=../../MYMODELS/COEFFS/Zach LaVine.Ridge.csv
name=Zach_Randolph.Ridge,path=../../MYMODELS/COEFFS/Zach Randolph.Ridge.csv
name=Zaza_Pachulia.Ridge,path=../../MYMODELS/COEFFS/Zaza Pachulia.Ridge.csv
                        0
Arron_Afflalo    0.199283
Norris_Cole      0.072290
Garrett_Temple   0.047851
Josh_Smith       0.046263
Jameer_Nelson    0.046087
Omer_Asik        0.039752
Brandon_Ingram   0.034911
Wilson_Chandler  0.033963
Justin_Anderson  0.029075
Vince_Carter     0.027935
                           1
Carmelo_Anthony     0.027348
Chris_Paul          0.027238
Kristaps_Porzingis  0.026807
Danilo_Gallinari    0.016373
Klay_Thompson       0.015907
Eric_Bledsoe        0.015727
Stephen_Curry       0.014986
Ryan_Anderson       0.014904
Paul_Millsap        0.011851
Taj_Gibson          0.011747
                        2
Rudy_Gay         0.040570
Gordon_Hayward   0.033271
Carmelo_Anthony  0.027813
John_Wall        0.027500
Kawhi_Leonard    0.026474
Taj_Gibson       0.026414
Ryan_Anderson    0.021861
Wesley_Matthews  0.020752
Wilson_Chandler  0.018835
Avery_Bradley    0.018705
                        3
Rudy_Gay         0.037249
Stephen_Curry    0.025165
Kevin_Love       0.024744
Lou_Williams     0.022110
Draymond_Green   0.020596
Klay_Thompson    0.020101
Kevin_Durant     0.019282
Wesley_Matthews  0.019074
Isaiah_Thomas    0.016532
LeBron_James     0.015809
saving to svd.i.pF.Ridge
saving to svd.ax.svd.i.pF.Ridge
