/Library/Python/2.7/site-packages/sklearn/cross_validation.py:44: DeprecationWarning: This module was deprecated in version 0.18 in favor of the model_selection module into which all the refactored classes and functions are moved. Also note that the interface of the new CV iterators are different from that of this module. This module will be removed in 0.20.
  "This module will be removed in 0.20.", DeprecationWarning)
/Library/Python/2.7/site-packages/sklearn/grid_search.py:43: DeprecationWarning: This module was deprecated in version 0.18 in favor of the model_selection module into which all the refactored classes and functions are moved. This module will be removed in 0.20.
  DeprecationWarning)
here
localizing on Anthony Davis,len=204
============doing Anthony Davis; 0.0% done ==============
<class 'pandas.core.frame.DataFrame'>
Int64Index: 182 entries, 0 to 50008
Data columns (total 66 columns):
proj_fc                    182 non-null float64
proj_mo                    182 non-null float64
v_fc                       182 non-null float64
v_mo                       182 non-null float64
status                     182 non-null float64
line                       182 non-null float64
total                      182 non-null float64
slate_size                 182 non-null int64
max_user_frac              182 non-null float64
total_entries              182 non-null int64
log.slate_size             182 non-null float64
rm.01.score                182 non-null float64
rm.05.score                182 non-null float64
rm.01.salary               182 non-null float64
rm.05.salary               182 non-null float64
rm.01.value                182 non-null float64
rm.05.value                182 non-null float64
rm.01.val_exceeds.04       182 non-null float64
rm.05.val_exceeds.04       182 non-null float64
rm.01.val_exceeds.05       182 non-null float64
rm.05.val_exceeds.05       182 non-null float64
rm.01.val_exceeds.06       182 non-null float64
rm.05.val_exceeds.06       182 non-null float64
z.salary                   182 non-null float64
z.proj_fc                  182 non-null float64
z.proj_mo                  182 non-null float64
z.v_fc                     182 non-null float64
z.v_mo                     182 non-null float64
z.sbin.proj_fc             182 non-null float64
z.sbin.proj_mo             182 non-null float64
z.sbin.v_fc                182 non-null float64
z.sbin.v_mo                182 non-null float64
rm.01.opp_total_score      182 non-null float64
rm.05.opp_total_score      182 non-null float64
rm.01.opp_def_score        182 non-null float64
rm.05.opp_def_score        182 non-null float64
rm.01.opp_off_score        182 non-null float64
rm.05.opp_off_score        182 non-null float64
rm.01.team_total_score     182 non-null float64
rm.05.team_total_score     182 non-null float64
rm.01.team_def_score       182 non-null float64
rm.05.team_def_score       182 non-null float64
rm.01.team_off_score       182 non-null float64
rm.05.team_off_score       182 non-null float64
fict.proj_fc.03.025.006    182 non-null float64
fict.proj_fc.04.025.006    182 non-null float64
fict.proj_fc.05.025.006    182 non-null float64
fict.proj_fc.06.025.006    182 non-null float64
fict.proj_fc.07.025.006    182 non-null float64
fict.proj_fc.08.001.006    182 non-null float64
fict.proj_fc.08.025.006    182 non-null float64
fict.proj_mo.03.025.006    182 non-null float64
fict.proj_mo.04.025.006    182 non-null float64
fict.proj_mo.05.025.006    182 non-null float64
fict.proj_mo.06.025.006    182 non-null float64
fict.proj_mo.07.025.006    182 non-null float64
fict.proj_mo.07.050.006    182 non-null float64
fict.proj_mo.08.001.006    182 non-null float64
fict.proj_mo.08.025.006    182 non-null float64
fict.proj_mu.03.025.006    182 non-null float64
fict.proj_mu.04.025.006    182 non-null float64
fict.proj_mu.05.025.006    182 non-null float64
fict.proj_mu.06.025.006    182 non-null float64
fict.proj_mu.07.025.006    182 non-null float64
fict.proj_mu.08.001.006    182 non-null float64
fict.proj_mu.08.025.006    182 non-null float64
dtypes: float64(64), int64(2)
memory usage: 95.3 KB
None
==================================
**** doing estimator =  Ridge
************best params- {'normalize': True, 'alpha': 0.62355073412739159}
['proj_fc', 'proj_mo', 'v_fc', 'v_mo', 'status', 'line', 'total', 'slate_size', 'max_user_frac', 'total_entries', 'log.slate_size', 'rm.01.score', 'rm.05.score', 'rm.01.salary', 'rm.05.salary', 'rm.01.value', 'rm.05.value', 'rm.01.val_exceeds.04', 'rm.05.val_exceeds.04', 'rm.01.val_exceeds.05', 'rm.05.val_exceeds.05', 'rm.01.val_exceeds.06', 'rm.05.val_exceeds.06', 'z.salary', 'z.proj_fc', 'z.proj_mo', 'z.v_fc', 'z.v_mo', 'z.sbin.proj_fc', 'z.sbin.proj_mo', 'z.sbin.v_fc', 'z.sbin.v_mo', 'rm.01.opp_total_score', 'rm.05.opp_tmodel.py:97: FutureWarning: sort(columns=....) is deprecated, use sort_values(by=.....)
  lmfdf.sort('coeffs',ascending=False,inplace=True)
otal_score', 'rm.01.opp_def_score', 'rm.05.opp_def_score', 'rm.01.opp_off_score', 'rm.05.opp_off_score', 'rm.01.team_total_score', 'rm.05.team_total_score', 'rm.01.team_def_score', 'rm.05.team_def_score', 'rm.01.team_off_score', 'rm.05.team_off_score', 'fict.proj_fc.03.025.006', 'fict.proj_fc.04.025.006', 'fict.proj_fc.05.025.006', 'fict.proj_fc.06.025.006', 'fict.proj_fc.07.025.006', 'fict.proj_fc.08.001.006', 'fict.proj_fc.08.025.006', 'fict.proj_mo.03.025.006', 'fict.proj_mo.04.025.006', 'fict.proj_mo.05.025.006', 'fict.proj_mo.06.025.006', 'fict.proj_mo.07.025.006', 'fict.proj_mo.07.050.006', 'fict.proj_mo.08.001.006', 'fict.proj_mo.08.025.006', 'fict.proj_mu.03.025.006', 'fict.proj_mu.04.025.006', 'fict.proj_mu.05.025.006', 'fict.proj_mu.06.025.006', 'fict.proj_mu.07.025.006', 'fict.proj_mu.08.001.006', 'fict.proj_mu.08.025.006']
%%%%%%%%%%%%%%% error dist %%%%%%%%%%%%%%%%%%%
               n=182
              MU=37.6802197802
              SD=22.2974310834
         CV_RMSE=11.7491762834
       test_RMSE=11.1452235283
      train_RMSE=9.34967764168
best grid params={'normalize': True, 'alpha': 0.62355073412739159}
%%%%%%%%%%%%%%%%%%%%%%%%%%%%%%%%%%%%%%%%%%%%%%
                   features    coeffs
22     rm.05.val_exceeds.06  5.748807
21     rm.01.val_exceeds.06  3.439803
18     rm.05.val_exceeds.04  2.798534
17     rm.01.val_exceeds.04  2.657578
19     rm.01.val_exceeds.05  2.181862
16              rm.05.value  1.618123
15              rm.01.value  1.155487
14             rm.05.salary  0.992609
3                      v_mo  0.447791
13             rm.01.salary  0.364204
28           z.sbin.proj_fc  0.336141
12              rm.05.score  0.239553
1                   proj_mo  0.195581
41     rm.05.team_def_score  0.162316
35      rm.05.opp_def_score  0.138260
6                     total  0.099930
11              rm.01.score  0.086567
51  fict.proj_mo.03.025.006  0.078072
44  fict.proj_fc.03.025.006  0.076599
33    rm.05.opp_total_score  0.061487
59  fict.proj_mu.03.025.006  0.056770
45  fict.proj_fc.04.025.006  0.051963
36      rm.01.opp_off_score  0.048433
37      rm.05.opp_off_score  0.048279
46  fict.proj_fc.05.025.006  0.036343
8             max_user_frac  0.030589
52  fict.proj_mo.04.025.006  0.028990
60  fict.proj_mu.04.025.006  0.022974
47  fict.proj_fc.06.025.006  0.022400
61  fict.proj_mu.05.025.006  0.018662
..                      ...       ...
65  fict.proj_mu.08.025.006  0.007833
56  fict.proj_mo.07.050.006  0.007758
55  fict.proj_mo.07.025.006  0.007599
62  fict.proj_mu.06.025.006  0.007469
63  fict.proj_mu.07.025.006  0.006720
58  fict.proj_mo.08.025.006  0.001742
32    rm.01.opp_total_score  0.001200
40     rm.01.team_def_score  0.000726
42     rm.01.team_off_score  0.000065
9             total_entries -0.000021
57  fict.proj_mo.08.001.006 -0.007988
39   rm.05.team_total_score -0.023577
38   rm.01.team_total_score -0.025756
0                   proj_fc -0.036015
34      rm.01.opp_def_score -0.074062
43     rm.05.team_off_score -0.101559
5                      line -0.353921
7                slate_size -0.407327
23                 z.salary -0.427110
20     rm.05.val_exceeds.05 -0.674779
30              z.sbin.v_fc -0.869979
31              z.sbin.v_mo -1.020695
29           z.sbin.proj_mo -1.101985
24                z.proj_fc -1.264797
2                      v_fc -1.820862
4                    status -2.034356
27                   z.v_mo -2.037950
25                z.proj_mo -2.778746
26                   z.v_fc -4.424079
10           log.slate_size -4.627615

[66 rows x 2 columns]
writing specs to  ./../MYMODELS/COEFFS/Anthony Davis.Ridge.csv
writing specs to  ./../MYMODELS/PREDS/Anthony Davis.Ridge.csv
writing specs to  ./../MYMODELS/test_PREDS/Anthony Davis.Ridge.csv
localizing on Stephen Curry,len=312
============doing Stephen Curry; 0.17667844523% done ==============
<class 'pandas.core.frame.DataFrame'>
Int64Index: 268 entries, 1 to 50424
Data columns (total 66 columns):
proj_fc                    268 non-null float64
proj_mo                    268 non-null float64
v_fc                       268 non-null float64
v_mo                       268 non-null float64
status                     268 non-null float64
line                       268 non-null float64
total                      268 non-null float64
slate_size                 268 non-null int64
max_user_frac              268 non-null float64
total_entries              268 non-null int64
log.slate_size             268 non-null float64
rm.01.score                268 non-null float64
rm.05.score                268 non-null float64
rm.01.salary               268 non-null float64
rm.05.salary               268 non-null float64
rm.01.value                268 non-null float64
rm.05.value                268 non-null float64
rm.01.val_exceeds.04       268 non-null float64
rm.05.val_exceeds.04       268 non-null float64
rm.01.val_exceeds.05       268 non-null float64
rm.05.val_exceeds.05       268 non-null float64
rm.01.val_exceeds.06       268 non-null float64
rm.05.val_exceeds.06       268 non-null float64
z.salary                   268 non-null float64
z.proj_fc                  268 non-null float64
z.proj_mo                  268 non-null float64
z.v_fc                     268 non-null float64
z.v_mo                     268 non-null float64
z.sbin.proj_fc             268 non-null float64
z.sbin.proj_mo             268 non-null float64
z.sbin.v_fc                268 non-null float64
z.sbin.v_mo                268 non-null float64
rm.01.opp_total_score      268 non-null float64
rm.05.opp_total_score      268 non-null float64
rm.01.opp_def_score        268 non-null float64
rm.05.opp_def_score        268 non-null float64
rm.01.opp_off_score        268 non-null float64
rm.05.opp_off_score        268 non-null float64
rm.01.team_total_score     268 non-null float64
rm.05.team_total_score     268 non-null float64
rm.01.team_def_score       268 non-null float64
rm.05.team_def_score       268 non-null float64
rm.01.team_off_score       268 non-null float64
rm.05.team_off_score       268 non-null float64
fict.proj_fc.03.025.006    268 non-null float64
fict.proj_fc.04.025.006    268 non-null float64
fict.proj_fc.05.025.006    268 non-null float64
fict.proj_fc.06.025.006    268 non-null float64
fict.proj_fc.07.025.006    268 non-null float64
fict.proj_fc.08.001.006    268 non-null float64
fict.proj_fc.08.025.006    268 non-null float64
fict.proj_mo.03.025.006    268 non-null float64
fict.proj_mo.04.025.006    268 non-null float64
fict.proj_mo.05.025.006    268 non-null float64
fict.proj_mo.06.025.006    268 non-null float64
fict.proj_mo.07.025.006    268 non-null float64
fict.proj_mo.07.050.006    268 non-null float64
fict.proj_mo.08.001.006    268 non-null float64
fict.proj_mo.08.025.006    268 non-null float64
fict.proj_mu.03.025.006    268 non-null float64
fict.proj_mu.04.025.006    268 non-null float64
fict.proj_mu.05.025.006    268 non-null float64
fict.proj_mu.06.025.006    268 non-null float64
fict.proj_mu.07.025.006    268 non-null float64
fict.proj_mu.08.001.006    268 non-null float64
fict.proj_mu.08.025.006    268 non-null float64
dtypes: float64(64), int64(2)
memory usage: 140.3 KB
None
==================================
**** doing estimator =  Ridge
************best params- {'normalize': True, 'alpha': 0.022854638641349907}
['proj_fc', 'proj_mo', 'v_fc', 'v_mo', 'status', 'line', 'total', 'slate_size', 'max_user_frac', 'total_entries', 'log.slate_size', 'rm.01.score', 'rm.05.score', 'rm.01.salary', 'rm.05.salary', 'rm.01.value', 'rm.05.value', 'rm.01.val_exceeds.04', 'rm.05.val_exceeds.04', 'rm.01.val_exceeds.05', 'rm.05.val_exceeds.05', 'rm.01.val_exceeds.06', 'rm.05.val_exceeds.06', 'z.salary', 'z.proj_fc', 'z.proj_mo', 'z.v_fc', 'z.v_mo', 'z.sbin.proj_fc', 'z.sbin.proj_mo', 'z.sbin.v_fc', 'z.sbin.v_mo', 'rm.01.opp_total_score', 'rm.05.opp_total_score', 'rm.01.opp_def_score', 'rm.05.opp_def_score', 'rm.01.opp_off_score', 'rm.05.opp_off_score', 'rm.01.team_total_score', 'rm.05.team_total_score', 'rm.01.team_def_score', 'rm.05.team_def_score', 'rm.01.team_off_score', 'rm.05.team_off_score', 'fict.proj_fc.03.025.006', 'fict.proj_fc.04.025.006', 'fict.proj_fc.05.025.006', 'fict.proj_fc.06.025.006', 'fict.proj_fc.07.025.006', 'fict.proj_fc.08.001.006', 'fict.proj_fc.08.025.006', 'fict.proj_mo.03.025.006', 'fict.proj_mo.04.025.006', 'fict.proj_mo.05.025.006', 'fict.proj_mo.06.025.006', 'fict.proj_mo.07.025.006', 'fict.proj_mo.07.050.006', 'fict.proj_mo.08.001.006', 'fict.proj_mo.08.025.006', 'fict.proj_mu.03.025.006', 'fict.proj_mu.04.025.006', 'fict.proj_mu.05.025.006', 'fict.proj_mu.06.025.006', 'fict.proj_mu.07.025.006', 'fict.proj_mu.08.001.006', 'fict.proj_mu.08.025.006']
%%%%%%%%%%%%%%% error dist %%%%%%%%%%%%%%%%%%%
               n=268
              MU=40.2421641791
              SD=22.5911944232
         CV_RMSE=10.2201697589
       test_RMSE=9.14309257551
      train_RMSE=7.70001358785
best grid params={'normalize': True, 'alpha': 0.022854638641349907}
%%%%%%%%%%%%%%%%%%%%%%%%%%%%%%%%%%%%%%%%%%%%%%
                   features     coeffs
20     rm.05.val_exceeds.05  10.386793
23                 z.salary   9.746744
16              rm.05.value   6.135488
14             rm.05.salary   6.109657
18     rm.05.val_exceeds.04   5.902894
15              rm.01.value   5.758652
13             rm.01.salary   2.702629
28           z.sbin.proj_fc   1.935624
7                slate_size   1.086903
30              z.sbin.v_fc   0.591941
27                   z.v_mo   0.404082
35      rm.05.opp_def_score   0.319800
6                     total   0.261535
43     rm.05.team_off_score   0.251494
59  fict.proj_mu.03.025.006   0.201795
51  fict.proj_mo.03.025.006   0.158671
5                      line   0.131315
47  fict.proj_fc.06.025.006   0.119057
62  fict.proj_mu.06.025.006   0.111086
42     rm.01.team_off_score   0.094674
58  fict.proj_mo.08.025.006   0.091574
34      rm.01.opp_def_score   0.088766
63  fict.proj_mu.07.025.006   0.053448
55  fict.proj_mo.07.025.006   0.050850
50  fict.proj_fc.08.025.006   0.048089
40     rm.01.team_def_score   0.042297
46  fict.proj_fc.05.025.006   0.040825
61  fict.proj_mu.05.025.006   0.009804
65  fict.proj_mu.08.025.006   0.004347
9             total_entries  -0.000032
..                      ...        ...
36      rm.01.opp_off_score  -0.029845
49  fict.proj_fc.08.001.006  -0.031394
56  fict.proj_mo.07.050.006  -0.037301
64  fict.proj_mu.08.001.006  -0.041792
54  fict.proj_mo.06.025.006  -0.041901
39   rm.05.team_total_score  -0.053593
32    rm.01.opp_total_score  -0.066197
60  fict.proj_mu.04.025.006  -0.070288
31              z.sbin.v_mo  -0.070342
33    rm.05.opp_total_score  -0.122450
11              rm.01.score  -0.123464
38   rm.01.team_total_score  -0.144378
37      rm.05.opp_off_score  -0.149338
41     rm.05.team_def_score  -0.150149
1                   proj_mo  -0.164083
0                   proj_fc  -0.411903
8             max_user_frac  -0.418759
12              rm.05.score  -0.619502
25                z.proj_mo  -0.861342
19     rm.01.val_exceeds.05  -1.126337
26                   z.v_fc  -1.369090
3                      v_mo  -1.483977
17     rm.01.val_exceeds.04  -2.201348
29           z.sbin.proj_mo  -3.933674
22     rm.05.val_exceeds.06  -4.261135
2                      v_fc  -8.860684
24                z.proj_fc  -9.689424
4                    status -10.417520
21     rm.01.val_exceeds.06 -10.946112
10           log.slate_size -18.335911

[66 rows x 2 columns]
writing specs to  ./../MYMODELS/COEFFS/Stephen Curry.Ridge.csv
writing specs to  ./../MYMODELS/PREDS/Stephen Curry.Ridge.csv
writing specs to  ./../MYMODELS/test_PREDS/Stephen Curry.Ridge.csv
localizing on LeBron James,len=205
============doing LeBron James; 0.353356890459% done ==============
<class 'pandas.core.frame.DataFrame'>
Int64Index: 167 entries, 2 to 50389
Data columns (total 66 columns):
proj_fc                    167 non-null float64
proj_mo                    167 non-null float64
v_fc                       167 non-null float64
v_mo                       167 non-null float64
status                     167 non-null float64
line                       167 non-null float64
total                      167 non-null float64
slate_size                 167 non-null int64
max_user_frac       