doing CID= 206127633
localizing on 206127633,len=101
doing CID= 206269256
localizing on 206269256,len=85
doing CID= 206515270
localizing on 206515270,len=71
doing CID= 206658859
localizing on 206658859,len=110
doing CID= 206683053
localizing on 206683053,len=33
doing CID= 206815146
localizing on 206815146,len=119
doing CID= 206826707
localizing on 206826707,len=26
doing CID= 206831868
localizing on 206831868,len=108
doing CID= 206842948
localizing on 206842948,len=129
doing CID= 206846058
localizing on 206846058,len=67
doing CID= 206846073
localizing on 206846073,len=42
doing CID= 206889509
localizing on 206889509,len=108
doing CID= 206893786
localizing on 206893786,len=59
doing CID= 207059474
localizing on 207059474,len=54
doing CID= 207078689
localizing on 207078689,len=116
doing CID= 207079889
localizing on 207079889,len=119
doing CID= 207113573
localizing on 207113573,len=83
doing CID= 207113846
localizing on 207113846,len=99
doing CID= 207171469
localizing on 207171469,len=141
doing CID= 206140838
localizing on 206140838,len=40
doing CID= 206247769
localizing on 206247769,len=109
doing CID= 206298131
localizing on 206298131,len=43
doing CID= 206316419
localizing on 206316419,len=113
doing CID= 206355318
localizing on 206355318,len=111
doing CID= 206365150
localizing on 206365150,len=32
doing CID= 206377486
localizing on 206377486,len=78
doing CID= 206384230
localizing on 206384230,len=46
doing CID= 206642361
localizing on 206642361,len=68
doing CID= 206682326
localizing on 206682326,len=47
doing CID= 206826691
localizing on 206826691,len=64
doing CID= 206922087
localizing on 206922087,len=32
doing CID= 206925903
localizing on 206925903,len=124
doing CID= 207090215
localizing on 207090215,len=67
doing CID= 207152911
localizing on 207152911,len=81
doing CID= 207163905
localizing on 207163905,len=34
doing CID= 207163909
localizing on 207163909,len=73
doing CID= 207212028
localizing on 207212028,len=27
doing CID= 207215752
localizing on 207215752,len=50
doing CID= 207225050
localizing on 207225050,len=26
doing CID= 206140974
localizing on 206140974,len=31
doing CID= 206252477
localizing on 206252477,len=48
doing CID= 206252699
localizing on 206252699,len=62
doing CID= 206316596
localizing on 206316596,len=71
doing CID= 206338167
localizing on 206338167,len=57
doing CID= 206338190
localizing on 206338190,len=42
doing CID= 206365159
localizing on 206365159,len=55
doing CID= 206365168
localizing on 206365168,len=45
doing CID= 206514191
localizing on 206514191,len=63
doing CID= 206531372
localizing on 206531372,len=25
doing CID= 206652289
localizing on 206652289,len=30
doing CID= 206861025
localizing on 206861025,len=53
doing CID= 206861112
localizing on 206861112,len=26
doing CID= 206922294
localizing on 206922294,len=26
doing CID= 206140789
localizing on 206140789,len=30
doing CID= 206531387
localizing on 206531387,len=30
doing CID= 206832015
localizing on 206832015,len=21
doing CID= 206893774
localizing on 206893774,len=54
doing CID= 207096553
localizing on 207096553,len=96
doing CID= 207109267
localizing on 207109267,len=32
doing CID= 207109277
localizing on 207109277,len=78
doing CID= 207137216
localizing on 207137216,len=61
doing CID= 207137639
localizing on 207137639,len=72
doing CID= 207146990
localizing on 207146990,len=28
doing CID= 207201069
localizing on 207201069,len=51
doing CID= 206269476
localizing on 206269476,len=58
doing CID= 206269492
localizing on 206269492,len=45
doing CID= 206337623
localizing on 206337623,len=48
doing CID= 206351889
localizing on 206351889,len=32
doing CID= 206922107
localizing on 206922107,len=70
doing CID= 207113912
localizing on 207113912,len=25
doing CID= 207164083
localizing on 207164083,len=45
doing CID= 207201081
localizing on 207201081,len=82
doing CID= 207201115
localizing on 207201115,len=33
doing CID= 206269560
localizing on 206269560,len=29
doing CID= 206652279
localizing on 206652279,len=30
doing CID= 206792684
localizing on 206792684,len=61
doing CID= 206793017
localizing on 206793017,len=23
doing CID= 206793032
localizing on 206793032,len=25
doing CID= 207113945
localizing on 207113945,len=42
doing CID= 207225060
localizing on 207225060,len=24
doing CID= 206792973
localizing on 206792973,len=23
doing CID= 207146998
localizing on 207146998,len=28
doing CID= 206252651
localizing on 206252651,len=46
doing CID= 207109290
localizing on 207109290,len=46
doing CID= 206901793
localizing on 206901793,len=76
doing CID= 206911190
localizing on 206911190,len=32
doing CID= 207072848
localizing on 207072848,len=31
doing CID= 206365127
localizing on 206365127,len=28
doing CID= 207094810
localizing on 207094810,len=54
doing CID= 206384045
localizing on 206384045,len=28
doing CID= 207136992
localizing on 207136992,len=22
doing CID= 207164102
localizing on 207164102,len=29
doing CID= 206860329
localizing on 206860329,len=31
doing CID= 207201099
localizing on 207201099,len=44
doing CID= 206846045
localizing on 206846045,len=27
     se_RandomForestRegressor  se_GradientBoostingRegressor   se_Ridge   se_Lasso    se_mean position        cid
0                    3.291147                      3.296224   4.043601   4.282903   7.947429        C  206127633
265                  9.539602                      8.882758   7.739540  11.601244  22.649567        C  206140789
270                 10.406217                     11.504934   9.335994  11.157532  19.532014        C  206531387
100                  6.665823                      6.148944  10.251373  10.650153  10.652202        C  206247769
275                  5.612110                      6.710470   7.144514   5.850925  10.087641        C  206832015
279                  4.724822                      3.905083   6.024580   5.310694   5.748655        C  206893774
95                   5.380326                      6.788349   2.901385   4.312862  15.850811        C  206140838
284                  3.240746                      3.434497   6.045167   5.302978   9.819420        C  207096553
289                  9.578450                     11.125440  10.022715   9.317394  12.789865        C  207109267
90                   3.598052                      3.876329   5.771645   5.279716   9.291194        C  207171469
294                  3.353870                      5.457826   5.108703   4.728936  10.674856        C  207109277
299                  3.947119                      6.479225  16.533777   8.739624   6.414463        C  207137216
85                   6.348393                      6.903993   5.694866   4.386141   5.723409        C  207113846
105                  8.023283                      9.996421   8.635104   7.552875   7.743285        C  206298131
304                  6.516057                      7.207525   7.177200   7.144558   8.534726        C  207137639
80                   4.854968                      4.656224   3.818087   3.361005   4.284944        C  207113573
314                  4.756610                      5.457264   6.022213   7.559649   8.149671        C  207201069
155                  4.527657                      4.861484   6.565837   5.721078   8.020190        C  206925903
319                 10.173377                     11.443062   8.514798   8.057462  13.425056        C  206269476
75                  10.159321                     10.220729  10.690858   6.618063  16.023059        C  207079889
324                  8.952313                      8.784837   7.541149   7.916288  10.584933        C  206269492
329                  6.840003                      6.359285   6.472154   6.579447  12.751961        C  206337623
70                   6.866987                      8.450283   9.318727   7.028823  12.069423        C  207078689
334                  8.327672                      5.063783   6.630718   5.737382  22.456884        C  206351889
339                  3.456962                      5.431107   6.217513   5.546925   4.242161        C  206922107
65                   8.444744                     11.669678   8.816747   8.108882   7.305206        C  207059474
344                  3.654412                      2.949272   3.497477   3.205335  10.573894        C  207113912
309                  9.039756                     13.614491   9.544142  12.488294  15.305767        C  207146990
349                  7.189827                      6.475744   7.538579   7.608768   6.094510        C  207164083
260                 15.709618                     12.674186  15.717717  16.327870  33.572303        C  206922294
110                  4.477688                      4.292417   7.377099   7.187780  11.314276        C  206316419
165                  4.799422                      3.901729   6.320958   5.937416   5.514826        C  207152911
170                  6.671273                      6.968700   6.461233   6.618493  10.814464        C  207163905
150                  7.326275                     10.080346  17.414120  12.705832   9.879705        C  206922087
175                  9.574961                      9.174463   8.457408   8.321849  14.311643        C  207163909
180                 82.189400                     83.079669  41.566972  39.933863  93.558197        C  207212028
145                  6.960337                      6.514792   7.258791   7.205535   9.392026        C  206826691
185                  7.322143                      7.682714   7.359012   6.679358   9.828926        C  207215752
190                 12.186404                     10.289537  12.322529  13.127141  17.178935        C  207225050
140                  5.032355                      4.928518   5.209941   5.537022   9.156411        C  206682326
195                  6.071761                      6.751402   7.986919   8.607436  21.394512        C  206140974
200                  6.276078                      9.445664   7.973785   5.970530   6.604488        C  206252477
135                  5.240998                      5.392075   7.384547   7.578275   9.445452        C  206642361
255                 14.708854                      7.266403  19.072419  17.800402  26.602389        C  206861112
205                  6.049019                      7.837575   6.906801   3.232621  12.262834        C  206252699
130                  4.702347                      6.277948   5.520768   6.083854   5.848104        C  206384230
215                  5.631385                      5.139634   7.192431   5.797920   6.463328        C  206338167
220                  5.634068                      4.508345   5.502133   4.670844   5.557921        C  206338190
125                  4.598335                      5.379096   7.702484   9.167966   7.430314        C  206377486
225                  2.248377                      2.557771   5.452692   5.049882   8.541556        C  206365159
230                  3.442766                      4.045620   4.764783   4.580574  10.138929        C  206365168
120                  5.860114                      6.252862   8.330477  10.129649  11.976710        C  206365150
235                  5.277492                      5.222131   5.671099   4.517941   6.760919        C  206514191
240                  9.280062                      7.411798  14.037500  13.556328  20.580726        C  206531372
115                  5.195784                      4.281971   6.397098   6.574098   9.634762        C  206355318
245                 13.169905                     12.335331  12.896858  12.613160  31.350725        C  206652289
250                  6.355543                      6.544479   5.444813   6.339559  10.712381        C  206861025
210                  5.101329                      5.431995   6.217353   5.702052   6.406739        C  206316596
60                   6.290425                      5.964365   4.024457   4.483314   7.305803        C  206893786
160                 11.946129                     14.718830  15.856316   7.606390  15.075605        C  207090215
40                   3.605919                      4.153307   3.951820   3.474008  10.570792        C  206842948
389                  6.616715                      6.653007   7.034336   8.291963  20.144168        C  207113945
10                   5.751779                      5.688730   7.305697   7.581115   7.542905        C  206515270
394                 16.752524                     18.364266  15.808857  16.782562  18.233993        C  207225060
449                 15.602464                     15.143032  12.491938   9.405072  11.398018        C  207136992
399                 11.550410                     15.035278   6.369851   9.544582  25.520005        C  206792973
35                   3.677776                      4.657444   4.158589   3.971167   9.296862        C  206831868
444                  4.692428                      6.817116   3.617591   3.914696   8.321521        C  206384045
404                  5.522199                     14.867354   6.294570   7.858051  21.954380        C  207146998
15                   6.241942                      6.110480   7.126565   5.645940  12.834097        C  206658859
409                  6.808019                      6.720073  12.686703  14.368479   7.818659        C  206252651
30                  10.373343                     12.002318   9.363612   7.485166  28.825435        C  206826707
439                  4.950793                      4.422096   4.180419   6.364742   5.457744        C  207094810
414                  4.041617                      3.807071   6.826156   6.266768  12.803231        C  207109290
354                  5.309906                      6.925382   5.728363   5.663989   7.068139        C  207201081
419                  4.173958                      6.201644   4.357491   3.992842   6.042120        C  206901793
434                 13.026624                      9.974800   9.964797  12.588465  19.320337        C  206365127
25                   3.901887                      3.627838   5.159343   6.845406   9.740651        C  206815146
424                  3.240436                     10.369404   7.983134   6.368980  20.824842        C  206911190
20                   4.886115                      5.686603   3.576836   4.841947   7.687236        C  206683053
454                  5.943668                      5.326478   5.240982   4.122840  25.331409        C  207164102
384                  7.526169                      9.724368   4.995115   5.234880  19.433717        C  206793032
429                 14.758072                     14.987681   7.579388  12.372364  28.974214        C  207072848
464                  4.058897                      4.201980   5.950309   5.233907  10.138713        C  207201099
364                 13.674855                     14.895413  12.492189  11.851780  17.570458        C  206269560
5                    4.792707                      3.751293   4.751165   4.243214  10.241850        C  206269256
50                   4.586979                      5.941613   6.648133   6.782560   9.476386        C  206846073
469                 10.458459                     10.422770   7.902607  10.706047  14.428042        C  206846045
374                  3.326758                      3.337242   5.952099   5.563280   5.214329        C  206792684
369                  3.374029                      2.068501   5.738190   5.545953  22.916243        C  206652279
55                   3.034663                      3.842707   4.900937   4.577306   8.840872        C  206889509
359                  9.423511                      8.641535   8.756086  13.542297  18.465712        C  207201115
379                  9.963958                      9.322148   8.783167   9.745289  16.250704        C  206793017
459                  4.925999                      6.170703   3.193825   3.542778  21.291016        C  206860329
45                   6.298047                      5.023134   5.623875   4.717466   6.301519        C  206846058
166                  4.316312                      4.114619   5.739278   5.623009   6.948900       PF  207152911
221                  7.037791                     10.992388   7.554095   7.912547   8.865936       PF  206338190
470                 14.157084                     13.351982  16.723173  15.277738  29.783966       PF  206846045
435                 19.088307                     16.706758  17.643965  17.403708  39.902687       PF  206365127
161                  4.876090                      5.839005   6.534347   4.291713   8.737249       PF  207090215
465                  7.113393                      8.679271   9.944290   9.603414  13.577042       PF  207201099
171                 11.743255                     11.604809  11.556297  12.367323  21.465817       PF  207163905
226                 10.520047                      9.869910   8.267804   7.595470   8.604900       PF  206365159
216                  6.053500                      8.980366   6.340858   5.754238   6.565981       PF  206338167
455                 10.451846                     15.018965   9.558127  11.390625  25.492676       PF  207164102
211                  6.355804                      7.994193   7.066896   8.076373   7.380293       PF  206316596
186                  7.440568                      8.637406   8.867437   8.135700  17.496534       PF  207215752
176                  9.069337                      9.363876  10.436211  11.041614   7.712715       PF  207163909
206                  9.737184                      7.057801   6.547556   6.358023  15.519269       PF  206252699
445                 17.880149                     17.908238  15.445981  15.067168  36.069708       PF  206384045
201                 10.730134                      9.384492   6.489205   6.587220  19.180297       PF  206252477
460                 11.578370                     12.908168  13.073996  12.241896  27.028108       PF  206860329
450                  9.083331                      6.661959   7.810762   8.077512  17.092185       PF  207136992
181                 10.784236                     10.532664  15.292406  13.149795  15.956324       PF  207212028
430                 13.013230                     10.562522   8.255918  11.262088  29.012574       PF  207072848
196                  6.766666                      9.897873   5.865177   6.352195  24.679066       PF  206140974
191                  8.256902                      8.175924  10.370557  10.739413  22.329152       PF  207225050
440                  8.694239                      9.763774   6.301353   6.110036   9.841927       PF  207094810
355                  7.305667                     11.621800  11.439701   9.916323  11.944063       PF  207201081
256                  9.273330                     10.970440  11.456008  13.190524  20.587122       PF  206861112
425                  6.123523                      7.785899   9.363645   9.423849  21.279478       PF  206911190
385                 12.704733                     16.740403  10.430193   9.483816  19.459951       PF  206793032
305                  8.250932                      8.195610   5.521546   6.400865  10.502073       PF  207137639
310                 10.278300                     10.257791  12.762172  11.843150  24.681096       PF  207146990
380                 17.933665                     21.767498  12.945071  12.126009  21.978797       PF  206793017
375                 10.144092                      9.869789   9.773978  11.530569  11.480573       PF  206792684
320                  8.435393                     11.848701   8.629508   9.373172   9.471945       PF  206269476
325                  9.003657                     10.387654   7.984780   6.100970  14.944415       PF  206269492
370                 10.854237                      8.620372  12.514106  12.006359  21.274371       PF  206652279
330                  5.207086                      6.008246   8.703491   6.094949   8.820617       PF  206337623
365                 23.644982                     27.763408  15.625393  16.573493  30.978750       PF  206269560
335                  7.132128                      8.460748   8.706263   7.788522  19.593741       PF  206351889
340                 10.194150                      9.992581   7.489997   8.677196  16.067628       PF  206922107
360                 14.694022                     14.819510  15.488413  14.303476  21.575781       PF  207201115
345                 10.566927                     13.875041  12.483480  13.965079  19.844411       PF  207113912
350                  4.605180                      7.974177   5.802653   4.339762  11.537027       PF  207164083
300                 10.885132                      9.337823   6.952382   8.562573  14.367358       PF  207137216
231                  6.055251                      6.785116   9.071845   9.288518  14.401975       PF  206365168
390                 10.260051                     11.641865   8.756021   9.385959  15.995823       PF  207113945
290                 12.692959                     13.062865  11.985648  11.936771  24.335341       PF  207109267
241                 11.518034                     11.233055  17.051744  16.972660  33.821846       PF  206531372
246                 13.106848                     13.347449  17.201924  14.548324  28.671160       PF  206652289
420                  9.336844                      9.276203   9.245545   8.849039  12.668551       PF  206901793
251                  4.730852                      6.005755   7.131265   9.756246   9.002838       PF  206861025
415                 14.862433                     15.242469  12.351220  13.608349  17.656776       PF  207109290
261                  4.160558                      3.961845   6.871113   7.072901  18.380103       PF  206922294
410                  7.333136                      7.055043   6.382492   5.322232  15.202108       PF  206252651
266                 12.137768                     10.505475  17.737457   9.814043  22.175516       PF  206140789
271                  9.690601                     11.091671  11.171746  10.973792  20.327019       PF  206531387
405                 16.379697                     16.343221  16.979212  16.703721  32.445284       PF  207146998
276                 15.455046                     17.823119  16.971836  16.096841  27.578066       PF  206832015
280                  5.395663                      5.251124   5.095181   5.315122  11.622079       PF  206893774
400                 24.431736                     23.402730  21.055602  19.140847  36.098731       PF  206792973
285                  6.904938                      5.673375   6.129865   6.856061   9.094298       PF  207096553
395                 13.157558                     14.297440  17.058644  16.736051  24.069745       PF  207225060
295                  7.284187                      5.896976   7.311073   7.721331  10.122621       PF  207109277
315                  7.344098                      6.206286  10.278420  10.414199  10.278925       PF  207201069
236                  9.017302                      8.823548   9.221734   8.757103   9.647502       PF  206514191
21                  14.553517                     14.026439  15.553177  13.743036  21.251260       PF  206683053
16                   7.335834                      6.548479   9.706501   8.950459  10.752820       PF  206658859
141                  6.994380                      6.000359   8.455883   6.849895   7.233617       PF  206682326
106                 16.687481                     18.208622  15.144401  14.717843  26.537911       PF  206298131
26                   5.605384                      6.218635   7.640439   7.658519  12.006458       PF  206815146
126                  6.596364                      7.347632   8.790232   8.012263   6.831649       PF  206377486
46                   8.498323                     11.506735   9.044517  12.642320   8.288858       PF  206846058
11                   6.655756                      7.436501   7.177183   7.379491   7.848437       PF  206515270
86                   5.782515                      5.450997   8.814070   7.646414  14.991188       PF  207113846
101                  6.822395                      7.472686   5.979180   6.004807  12.789585       PF  206247769
61                   6.692355                      7.128304   8.628927   7.246257  11.288751       PF  206893786
146                  5.477420                      7.262575   8.346730   7.053467   7.860150       PF  206826691
116                  5.264891                      5.068574   7.740277   7.868479   9.625092       PF  206355318
41                   7.297178                      7.267372   7.450852   9.001774  11.580049       PF  206842948
136                  4.142047                     11.187519   8.462753   7.686086  14.122663       PF  206642361
91                   6.096066                      7.017870   8.861682   7.723919  14.005834       PF  207171469
81                   7.568728                      7.856608   8.148693   7.842782  14.945477       PF  207113573
6                    6.728199                      7.796806   7.037728   6.979721  10.257026       PF  206269256
71                   5.866697                      5.197771   6.452030   5.043479  11.809562       PF  207078689
156                  8.601673                      7.657975   8.288801   7.613003  15.828204       PF  206925903
1                    6.918532                      6.593901   7.614157   7.385628  11.017563       PF  206127633
51                   6.266429                      8.375151   6.883005   5.505423  17.719262       PF  206846073
36                   6.120388                      6.013960   6.909485   8.611828  11.281827       PF  206831868
76                   6.282868                      4.960208   7.657127   5.642840  11.837136       PF  207079889
111                  7.928078                      9.410853   8.490958   8.696636  11.323880       PF  206316419
131                  7.917960                      7.342744   7.840758   8.094153  13.532009       PF  206384230
31                  11.217833                     10.946043  13.836639  14.761637  28.479673       PF  206826707
121                 14.598565                     12.595844  16.321368  17.144578  32.140789       PF  206365150
151                 17.963784                     18.188274  21.910846  18.657353  32.149714       PF  206922087
66                   5.913319                      6.563235   3.195743   4.980347  14.147112       PF  207059474
96                   6.341623                      9.054904   6.034268   4.972422   9.950693       PF  206140838
56                   4.678353                      4.973688   7.332737   6.723952  14.126574       PF  206889509
376                  7.849213                      8.904940   7.851054   8.581543   8.068141       PG  206792684
47                  12.168244                     12.817735  11.769845  11.591700  16.585099       PG  206846058
267                  5.845127                      3.733706   6.108004   5.099673  32.409722       PG  206140789
102                  5.332365                      6.248113   7.614519   8.567730  14.170378       PG  206247769
242                 12.675197                     16.081629  13.816068  11.086637  28.299964       PG  206531372
262                  6.658397                      6.302560   8.216258   6.758663  27.668366       PG  206922294
107                  7.602928                      7.408922   9.930033   5.844109  10.927290       PG  206298131
386                 11.658044                      7.888824  11.361311  11.503199  25.672352       PG  206793032
42                   8.392107                      9.292936   8.158601   8.616989  13.403079       PG  206842948
391                  6.119010                      5.058821   7.006441   6.144982  22.499340       PG  207113945
252                  5.746789                      5.483226   8.042944   7.848681   8.762814       PG  206861025
112                 11.068932                     12.133560  13.151975  12.369797  14.605052       PG  206316419
247                 11.969114                     12.764240  10.481950  10.608809  27.308910       PG  206652289
396                 12.935794                     14.535240  13.313504  11.206209  24.299351       PG  207225060
37                   9.494835                     10.542369   8.909695  10.323553  12.820000       PG  206831868
326                  4.938361                      3.158577   6.596608   6.883597  14.140978       PG  206269492
381                  9.826201                      8.677157  11.031079   9.702743  29.982945       PG  206793017
257                  9.297222                      5.566152   7.803473   7.692490  25.432793       PG  206861112
366                 10.381146                      8.023210   4.855688   6.123507  24.327828       PG  206269560
371                  9.004162                      8.375300   9.357414   6.339548  25.688669       PG  206652279
331                 12.100851                     15.905232   6.748555  10.793461  10.295514       PG  206337623
321                  7.590136                      5.685204   5.568926   5.050474  16.016553       PG  206269476
77                   7.834730                     11.393641   9.064836   9.618556  12.159711       PG  207079889
336                  8.269653                     15.061381   8.416891   8.836340  17.862162       PG  206351889
316                  8.390551                     10.651440  11.963869  11.426110  13.372311       PG  207201069
157                  6.939018                     10.546835   6.690085   9.043693  13.613921       PG  206925903
67                   6.987786                      7.837240   7.971974   6.679367   8.298085       PG  207059474
341                  9.793038                     14.058139   7.995702  11.328144  11.204156       PG  206922107
311                  5.430604                      8.908770   4.091769   5.491289  27.106362       PG  207146990
82                   7.943874                      7.436731  11.494957  10.485116   9.205481       PG  207113573
306                  9.038607                     13.001422  11.655392  10.890383   8.383553       PG  207137639
346                 11.264862                     10.666992  15.159022  14.102852  22.876703       PG  207113912
62                  11.704899                     14.151911  10.555074  14.571770  10.877938       PG  206893786
301                  9.462337                      8.219925  12.040253  11.307905   9.099569       PG  207137216
87                   8.490812                      8.620627  10.907767   9.786651  13.437092       PG  207113846
351                  7.311667                      9.669709   9.251038  10.197740  11.200781       PG  207164083
296                  6.630115                     12.238488   6.840826   8.857624  13.325211       PG  207109277
356                  7.331059                     14.914659  12.922994  12.835410  12.838780       PG  207201081
57                   8.729032                     10.834198   6.946827  10.191784  13.756698       PG  206889509
291                  8.403129                     16.929805   7.751164  13.569105  22.775478       PG  207109267
92                   7.931308                     10.559914   9.731437   9.226028  15.828099       PG  207171469
361                 10.000655                     13.248567  16.853995  13.071166  12.396591       PG  207201115
286                  6.618527                     10.967249   6.656851   8.932687  12.378503       PG  207096553
281                  5.772659                      9.511677   6.997730   8.076828  11.142897       PG  206893774
97                  11.329714                     11.342407  10.127237   9.724138  15.271771       PG  206140838
52                  11.305939                     12.211674  11.129886  11.395450  20.431936       PG  206846073
277                  9.640271                      6.057695   6.143903   9.885638  23.588339       PG  206832015
272                  4.187800                      5.563156   9.861235   4.611234  19.775815       PG  206531387
117                  8.894724                     11.264970   9.438073  11.546900  13.712951       PG  206355318
72                   6.592343                     11.063263   7.539509   8.641161  11.006520       PG  207078689
17                   8.889723                     12.779656   8.181755   9.778939  15.241871       PG  206658859
142                  7.447411                     10.637464   8.811423  11.518686  18.286970       PG  206682326
212                  9.536265                      9.512906  11.163050  11.226691  11.139617       PG  206316596
7                    4.671995                      5.181661   5.244837   5.605373   9.981309       PG  206269256
22                   8.857112                     11.441760  10.373611   9.367371  18.150201       PG  206683053
207                  7.198387                      7.263080   7.509018   9.083806  14.995116       PG  206252699
147                  9.669943                     18.154904  11.395493  12.405682  14.159597       PG  206826691
132                  9.447022                      7.367318  12.125954  10.848893  14.613366       PG  206384230
431                  9.824634                     11.793306  11.757668  12.122866  32.753300       PG  207072848
202                  9.009738                      9.458001   9.436868   9.978188  11.606545       PG  206252477
436                 12.199097                     10.821471  15.896604  16.563401  37.795580       PG  206365127
177                  7.439011                      6.845895   7.428196   7.803157  10.817240       PG  207163909
456                 12.175839                     10.478275  10.790244  11.750010  33.572646       PG  207164102
401                  5.670524                      6.220510   8.815194   5.835186  22.244651       PG  206792973
197                 17.415532                     16.319601  12.826842  13.215836  28.290965       PG  206140974
137                  7.933770                      7.223367   8.158950   7.964567  12.769457       PG  206642361
441                  8.002887                     13.497953  11.600665  11.652645   6.682049       PG  207094810
192                 18.828002                     15.881318  15.602243  14.823085  31.956732       PG  207225050
182                 12.914678                     12.310533  15.229243  12.103894  20.039306       PG  207212028
446                  8.760242                      9.940683  11.340936   9.580367  15.479726       PG  206384045
451                 14.425141                      9.813073  14.728096  12.737752  36.614677       PG  207136992
12                   9.715196                     11.298327  14.559207  14.610056  13.863672       PG  206515270
426                  6.195363                      6.138700   7.292744   7.395443  26.758097       PG  206911190
461                  8.138668                     10.305595   7.348894   8.319478  21.687292       PG  206860329
172                  7.119516                      9.904461   5.915555   6.600515  16.434894       PG  207163905
227                  6.659066                      8.425055  10.417510  10.176986   7.866335       PG  206365159
237                 10.132180                     10.345687  13.999135  14.804144  12.165882       PG  206514191
471                  5.992511                      5.839444   6.981449   7.803086  22.395562       PG  206846045
406                 15.551836                     13.285172  12.211570  13.518615  28.580886       PG  207146998
162                  6.805957                      5.166392   7.476041   6.974784  14.495380       PG  207090215
32                  20.254082                     21.841609  16.580230  18.496689  37.653151       PG  206826707
232                  4.364667                      4.635853   8.315160   9.624744   7.566781       PG  206365168
2                    9.205177                      7.781596   8.015298   9.036413  12.605722       PG  206127633
411                  4.260767                      3.914034   3.709140   3.643904  18.337085       PG  206252651
127                  8.807024                      7.922716  13.861956  12.713379  16.085061       PG  206377486
122                 11.274298                      7.807705   8.636548   8.098972  32.257498       PG  206365150
187                  7.462215                      8.675466  11.026712  10.996226   8.631847       PG  207215752
416                  6.259529                      7.227538   6.479446   7.854442  21.152991       PG  207109290
152                 11.987374                     10.591202  10.848774  10.450863  30.502855       PG  206922087
217                  9.563997                      9.190105  11.930858  11.258988  12.041034       PG  206338167
421                  5.217952                      6.216848   7.662007   7.186333  11.331745       PG  206901793
27                   7.711469                     15.298318  10.328466  10.593078  13.353579       PG  206815146
466                  8.290709                     15.069801   7.885872   9.326872  18.998450       PG  207201099
222                 10.062512                      9.058672  10.633465   9.964312  10.418994       PG  206338190
167                 10.806320                     11.143874  11.099870  11.539192  14.614259       PG  207152911
342                  6.454088                      6.400280   6.741551   7.805720  10.980657       SF  206922107
3                    4.826910                      5.114223   6.366010   7.236238  10.212037       SF  206127633
332                 14.506912                     18.036302  14.482786  14.420458  14.863062       SF  206337623
452                  9.574064                      9.856976  12.732941  11.420523  27.903967       SF  207136992
68                  13.097433                     12.780266   9.390109   9.858174   8.432842       SF  207059474
347                 12.504590                     13.991469  12.379439  13.519130  19.118073       SF  207113912
337                 16.616161                     19.255597  15.860035  16.565848  19.986655       SF  206351889
457                 15.625603                     17.931104  12.013314  11.044201  28.903282       SF  207164102
467                  5.747398                      6.903412  10.588023   9.449549  13.889670       SF  207201099
63                  10.415698                     12.226235  13.197869  13.293870  12.090563       SF  206893786
8                    5.367090                      5.256121   7.867595   8.141555  11.781489       SF  206269256
462                 11.425832                     12.666503  14.286652  13.028521  15.310623       SF  206860329
402                  6.194361                      9.992876   7.182866   8.375129  30.028994       SF  206792973
58                   6.625675                      8.718825  10.879756  12.446540  13.024452       SF  206889509
33                  13.183370                     13.820563  13.298983  12.403893  29.268992       SF  206826707
407                  8.715329                      8.266515   5.628884   8.019534  23.124065       SF  207146998
397                  7.479725                      7.129703  12.791086  11.939843  30.876886       SF  207225060
38                   4.508507                      5.475563   5.201964   5.158600  13.843093       SF  206831868
392                 10.698054                     12.731386  13.573239  12.641915  10.714332       SF  207113945
412                  6.119460                      5.890906   6.231967   6.491608  11.764857       SF  206252651
28                   5.296239                      5.867227   6.328794   5.770343  10.440300       SF  206815146
387                 16.081207                     18.060764  15.313282  15.006599  40.039379       SF  206793032
417                  8.109963                     10.432683   9.786843   8.514115  15.837810       SF  207109290
43                   5.589881                      5.493279   7.920097   5.639007  14.487596       SF  206842948
382                  7.044001                      2.615256   9.929480  10.315566  21.663806       SF  206793017
422                  5.579935                      6.311162   5.317959   4.400319   8.918127       SF  206901793
23                   3.932011                      6.755937   6.451155   5.132712   9.589664       SF  206683053
377                  6.782007                      4.399370   8.807668   7.600621   8.640283       SF  206792684
427                  5.240677                      4.084197   6.321340   7.734125  13.634739       SF  206911190
48                   4.571099                      4.959247   8.215279   6.846845  12.205493       SF  206846058
372                 13.297375                     17.160414  14.715344  14.172007  25.565228       SF  206652279
432                 10.028338                     11.544595   7.269105   7.988482  14.469379       SF  207072848
18                   7.029246                      8.909169   9.097248   8.513765  11.291307       SF  206658859
437                 13.088247                     12.310486  10.677368   8.621097  23.770337       SF  206365127
367                  8.792194                      7.770731   7.603332   8.030606  23.843018       SF  206269560
53                   7.193312                      8.019018  10.365247   8.664654  15.066591       SF  206846073
362                  5.968309                     11.367719   6.805043   7.873061  13.183452       SF  207201115
442                  7.722068                      9.412534  11.692122  12.742515   5.493071       SF  207094810
13                   8.705880                     12.552249   9.211282   9.644865  11.059489       SF  206515270
357                  9.222482                      8.541816  12.301049  10.959591  10.652453       SF  207201081
447                 11.359949                     10.122404  11.229787  10.494123  28.460629       SF  206384045
352                  9.993491                     12.034721   9.440106   8.994026  13.148599       SF  207164083
158                  6.457897                      5.325962   7.582410   8.025343  12.615879       SF  206925903
78                   6.593901                      6.009596   8.027582   7.810200  12.610542       SF  207079889
327                  6.080998                      5.130922   6.028235   4.995145   8.059566       SF  206269492
188                  4.077315                      3.873044   7.952382   7.690589   6.400005       SF  207215752
282                 13.797500                     11.789701  10.944034  11.331701  16.796381       SF  206893774
278                  7.982850                      6.336774  11.637115   9.135500  21.127424       SF  206832015
98                   5.041796                      7.875905   6.347943   5.628809  12.613204       SF  206140838
223                  7.544160                      7.619514   8.530160   7.715893  15.279006       SF  206338190
193                  6.293583                      5.157079   7.937032   6.989524  24.377263       SF  207225050
273                  5.263436                      4.615421   7.263835   7.000193  17.147828       SF  206531387
268                 11.710626                     13.953014  12.648605  14.124939  24.263169       SF  206140789
138                 10.149735                      8.808113  11.229240   8.953128  10.175205       SF  206642361
103                  5.484019                      7.643591   8.245929   9.193399  11.113388       SF  206247769
198                  8.085937                      6.586912   6.887301   8.311599  23.739774       SF  206140974
263                  8.364186                     11.749215   8.450378   9.253469  30.456950       SF  206922294
203                  9.623124                      9.283272  10.383330  11.035526  18.191555       SF  206252477
258                  5.379091                      7.065438   6.448507   6.867856  23.004527       SF  206861112
108                 11.897513                     12.770388  10.283508  11.762399  16.318713       SF  206298131
253                  7.402130                      5.912813   9.845464   8.379056   9.993508       SF  206861025
133                  4.725013                      6.669600   6.512318   6.315317  13.745194       SF  206384230
208                 10.886025                     11.743780   9.218199  10.098820  14.383898       SF  206252699
248                  9.712274                     10.802643  10.134937   9.445354  23.733287       SF  206652289
113                  5.452918                      4.983585   5.616179   6.048940  13.906665       SF  206316419
213                  5.805212                      5.639138   5.980123   5.166613  13.723738       SF  206316596
243                  8.521421                     11.022271  11.809413  12.558948  43.803858       SF  206531372
238                  6.419922                      8.505315   5.925785   6.204503   8.456404       SF  206514191
472                  7.656247                     10.504883   9.009576   9.856459  22.625138       SF  206846045
118                  5.757977                      5.913339   6.759617   7.120566  13.527010       SF  206355318
128                  6.230420                     10.679633  10.778599  10.089017  10.403215       SF  206377486
218                  5.559590                      5.836614   5.756221   5.915966  12.677674       SF  206338167
233                  5.776904                      5.896866   6.779849   5.090461  12.073115       SF  206365168
228                 11.453822                     11.860197   8.244675   7.620061   9.147853       SF  206365159
143                  8.770033                      8.756252   8.442109   7.968638  10.816167       SF  206682326
93                   6.519964                      4.693410   8.511822   7.489818  13.244310       SF  207171469
123                  9.850177                      5.776603   7.256776   8.962724  23.616517       SF  206365150
183                  8.019024                      7.952252   9.346163   8.742012  10.144686       SF  207212028
168                  6.442140                      7.299141   8.459680   8.774581  10.026145       SF  207152911
287                  8.111725                      8.009835   7.449256   7.420132   9.698804       SF  207096553
307                 15.761607                     16.951494  13.734371  13.249385  11.128753       SF  207137639
83                   5.913499                      7.460531   6.581367   6.289007  11.666992       SF  207113573
153                  8.317488                     12.788874   8.745678  12.261460  21.993203       SF  206922087
317                  9.048113                     11.138823   4.850529   4.525596  11.904075       SF  207201069
173                  7.792219                      7.396213   9.521744  11.814789  17.948395       SF  207163905
302                 14.620101                     15.512330  23.381259  17.987785  10.025346       SF  207137216
297                  8.046345                      6.925783   8.545780   8.079908   9.276601       SF  207109277
178                  7.072751                      5.938853  10.013247   7.567788   7.111589       SF  207163909
148                  5.579728                      7.465122   5.955644   6.256562   6.671406       SF  206826691
312                 13.610073                     15.409636   9.301258  10.220012  25.563418       SF  207146990
163                  7.209135                      5.257408   5.754405   6.904643  11.407271       SF  207090215
88                   5.291380                      6.678840   4.748797   4.374354  14.489259       SF  207113846
292                 17.433611                     18.615115  11.261666  11.015933  35.227824       SF  207109267
73                   6.826061                      7.062818   6.503739   7.151887  12.826006       SF  207078689
322                  4.743556                      4.320618   5.729783   5.379176   6.570610       SF  206269476
4                    3.694131                      3.984050   4.486102   5.065752  10.758731       SG  206127633
418                  7.349935                      7.221508   8.719994   9.084252  23.116842       SG  207109290
428                  3.806117                      8.903589   7.330004   8.462583  23.128506       SG  206911190
129                  4.624506                      6.652651   7.777373   9.454384   3.721267       SG  206377486
124                 27.703734                     25.248829  27.566857  27.327065  34.272401       SG  206365150
468                  6.823070                      6.083059   6.433839   9.884739  15.802299       SG  207201099
154                 11.460904                     16.005528  15.570676  10.105155  31.154231       SG  206922087
214                  5.121347                      3.744380   6.544389   6.165959   7.870760       SG  206316596
164                 10.735961                     11.332438  11.546727   9.593597  11.716966       SG  207090215
24                  14.597170                     18.365074  13.310499  11.367579  23.832215       SG  206683053
209                 12.843790                     12.734002  12.105931  11.941296  15.523638       SG  206252699
423                  6.097296                      4.989681   7.945160   8.672211  10.773361       SG  206901793
219                  5.598424                      8.725113  11.485559   9.697070   7.627716       SG  206338167
159                  8.914887                     10.363717  10.526324   7.745732  12.624176       SG  206925903
19                   7.429043                      8.680543  11.697413  11.657834  13.113077       SG  206658859
169                  6.673785                      6.901934   8.750722   7.566266  11.680737       SG  207152911
184                 13.624874                     13.605448  14.737062  32.388850  16.638067       SG  207212028
448                  4.335308                      8.420216   3.756757   5.026270  10.088855       SG  206384045
144                 15.890577                     15.014881  18.292873  20.302833  16.827929       SG  206682326
453                 11.625506                     12.310047   7.682920   7.053327  17.831695       SG  207136992
189                  3.914143                      4.532613   4.895173   5.538572   5.298501       SG  207215752
9                   11.764661                     11.011955  13.286876  13.745672  15.640217       SG  206269256
139                  4.841505                      5.325187   4.352450   4.773160   7.980481       SG  206642361
179                 11.707871                     14.102799  15.476684  14.812223  12.302991       SG  207163909
463                  7.287530                      7.575876   9.356629   9.471223  17.404764       SG  206860329
443                 17.041999                     16.877885  16.499227  16.840703  19.328204       SG  207094810
458                 13.138984                     17.760315   9.443672  11.018220  21.701662       SG  207164102
174                  8.226482                      8.912626  11.903550  10.584170  14.469782       SG  207163905
438                  8.590961                      7.304474  19.880044  13.585237  31.152891       SG  206365127
199                  6.151316                      7.150109   5.911214   5.617002   9.680986       SG  206140974
134                 11.163607                     10.184877  11.433052  12.780867  15.347536       SG  206384230
149                  6.418492                      6.777759   6.298414   7.024491   6.348652       SG  206826691
433                  9.889222                      8.295332   9.973428  11.339591  20.187261       SG  207072848
204                  9.352758                     11.956324  11.152338  10.396592  12.597066       SG  206252477
194                  4.627398                      4.910046  10.368468   8.685978  23.501319       SG  207225050
14                   9.888539                     10.613075  11.954752  13.296080  12.539904       SG  206515270
239                 14.420563                     13.937855  15.869263  17.233638  17.024050       SG  206514191
29                   3.164568                      4.015021   7.127655   6.059788  10.514796       SG  206815146
283                 11.149374                     11.827606  11.369937  11.756562  11.699848       SG  206893774
94                  10.419026                     10.035394   8.917595  10.320373  16.078257       SG  207171469
54                   9.717353                      6.879892  11.561990  11.342713  23.357813       SG  206846073
363                  4.170134                      6.230798   7.225087   6.255723  14.892170       SG  207201115
288                  8.035381                      5.927056   9.573147   9.915201   9.449427       SG  207096553
358                  5.352449                      4.502117   6.759005   7.921486  11.554663       SG  207201081
293                  9.460497                      7.341649   9.341478   7.888120  25.674379       SG  207109267
89                   4.785316                      5.430187   6.459358   7.078721  11.059582       SG  207113846
59                   4.758253                      5.207530   6.132555   5.465525  11.416553       SG  206889509
353                  7.264159                      6.309090   4.041586   5.799569  13.259328       SG  207164083
298                  5.595970                      4.730604   7.772798   7.182388  11.119864       SG  207109277
303                 11.277034                     13.408975  17.564897  11.678291  16.593996       SG  207137216
348                  5.036901                      6.746617   5.997680   6.808636  13.156478       SG  207113912
84                   6.300500                      8.140285   8.002849   8.326007  11.442636       SG  207113573
64                   6.476570                      5.593660   9.459642   8.403784   7.952957       SG  206893786
343                  9.547437                     10.414588  13.095515   9.769714  11.203527       SG  206922107
308                 10.690451                     11.067234  11.005932  10.991371  14.219498       SG  207137639
313                 20.215430                     17.315442  17.243123  16.203223  36.687123       SG  207146990
79                   7.645179                      8.867353  10.793086   9.834449   8.173460       SG  207079889
338                 10.848221                     11.065929  12.967040  13.630065  26.151774       SG  206351889
318                 19.210081                     19.321102  17.751925  17.316114  23.340590       SG  207201069
69                  11.071220                     12.267495  11.408208  10.468909  19.200461       SG  207059474
333                  9.970149                     11.126666  11.859209  11.371736  14.068676       SG  206337623
323                 10.269833                     10.036312   9.312562  10.718150  15.246204       SG  206269476
74                  10.019302                      9.301054  10.415084   8.991686  12.737998       SG  207078689
368                 22.330036                     20.020575  22.730396  22.091687  25.167340       SG  206269560
224                  5.423036                      8.685669  11.928313  12.497816  10.905160       SG  206338190
99                   5.224534                      5.830753   7.884410   9.909849  11.818883       SG  206140838
373                  8.708019                      9.342127  13.104240  16.946636  26.134567       SG  206652279
413                  8.342178                      9.760803  12.163346  10.034760  17.901162       SG  206252651
229                  4.658784                      5.181765   4.928150   4.445710  10.023637       SG  206365159
119                 11.611042                     10.103970  10.448175  10.833447  15.372056       SG  206355318
408                 13.902188                     13.269038   8.685548  11.642341  25.664432       SG  207146998
234                  7.030326                      6.927488  10.987294   9.130094  13.229224       SG  206365168
34                  15.542539                     12.902748  11.187693   7.871470  27.801927       SG  206826707
403                 17.904419                     17.144511  22.017207  16.704455  34.487186       SG  206792973
328                  9.900136                      9.830989   8.854348   7.748718  16.585810       SG  206269492
244                 18.845233                     23.192185  24.605917  22.683290  37.504459       SG  206531372
398                  7.427527                      6.546759   7.645753   8.347707  20.042570       SG  207225060
114                  6.187360                      7.364585   6.613742   7.043557   9.838640       SG  206316419
39                   5.362829                      7.989758   6.876527   7.307830  12.519870       SG  206831868
393                  9.085263                     10.583497  11.245513  11.148500  13.436076       SG  207113945
249                  8.287315                      7.784696  11.229166  16.182753  26.227853       SG  206652289
254                  6.557963                      6.352598  12.254977   9.410600   7.661931       SG  206861025
109                  6.873973                     10.004603   4.396379   4.416285  10.717185       SG  206298131
388                  9.166479                      8.072222   8.691159   7.172300  23.350057       SG  206793032
259                  3.422202                      4.029765   8.901538   8.658723  16.492521       SG  206861112
44                   6.565812                      7.752133   7.897355   8.157984  13.021915       SG  206842948
383                 20.840324                     19.488160  21.818188  17.904411  37.673515       SG  206793017
264                  2.371650                      5.066206  13.128834   8.337550  13.271494       SG  206922294
104                  8.055122                      7.736922   7.333859   7.918988   9.994807       SG  206247769
378                  4.715735                      5.781260   3.696232   4.347286   7.106912       SG  206792684
269                 11.491858                      6.076838  13.426236  14.955027  33.235224       SG  206140789
49                   2.439141                      5.945150   6.371891   6.751304   9.099164       SG  206846058
274                  5.583557                      9.897158   7.214478   8.528674  17.860665       SG  206531387
473                 11.861167                     12.884939  12.303006  10.037211  31.929760       SG  206846045
writing to ./DATA/pos_rmsd.normed_0.csv
