                         0
Julius Randle     0.588506
Pau Gasol         0.086204
D'Angelo Russell  0.040184
Nikola Vucevic    0.038100
Brook Lopez       0.029799
Dennis Schroder   0.014783
Kevin Love        0.014292
Will Barton       0.009172
Victor Oladipo    0.008478
Kent Bazemore     0.008311
                         1
DeMar DeRozan     0.049178
Robert Covington  0.044710
James Harden      0.041537
Otto Porter       0.034165
Patrick Beverley  0.032493
Will Barton       0.029408
Avery Bradley     0.026567
Klay Thompson     0.026527
Rodney Hood       0.025939
Zach Randolph     0.025757
                         2
Kevin Love        0.114797
Nikola Jokic      0.047181
Will Barton       0.046351
Rodney Hood       0.035263
Isaiah Thomas     0.034301
James Harden      0.030745
Patrick Beverley  0.030290
Avery Bradley     0.028520
Emmanuel Mudiay   0.025595
Klay Thompson     0.023964
                        3
Kevin Love       0.071875
Derrick Rose     0.052802
Will Barton      0.045584
Jabari Parker    0.042190
Harrison Barnes  0.039010
Anthony Davis    0.037237
Luol Deng        0.037000
Matt Barnes      0.035866
Brook Lopez      0.035811
Avery Bradley    0.033765
saving to svd.i.players.dou.Lasso
