                           0
Chris Paul          0.028389
Carmelo Anthony     0.027362
Kawhi Leonard       0.024226
Paul Millsap        0.022013
Stephen Curry       0.018290
LaMarcus Aldridge   0.016344
Reggie Jackson      0.015486
Kristaps Porzingis  0.014446
Nicolas Batum       0.013626
Andrew Wiggins      0.013347
                        1
Wilson Chandler  0.037925
Ramon Sessions   0.036303
Klay Thompson    0.027910
Dennis Schroder  0.024472
Seth Curry       0.024192
Nerlens Noel     0.023966
David Lee        0.022819
Gordon Hayward   0.020471
Dirk Nowitzki    0.016759
Norris Cole      0.015448
                         2
Sean Kilpatrick   0.022158
Dennis Schroder   0.018792
Bojan Bogdanovic  0.018168
Frank Kaminsky    0.017135
Gordon Hayward    0.015930
Jae Crowder       0.015785
D'Angelo Russell  0.015689
Chris Paul        0.015502
Paul Millsap      0.014592
Andre Iguodala    0.013598
                         3
Wesley Matthews   0.035248
Rudy Gay          0.031031
Kevin Love        0.021963
LeBron James      0.020816
Rudy Gobert       0.019616
Sean Kilpatrick   0.019402
Lou Williams      0.019250
D'Angelo Russell  0.018159
Jordan Clarkson   0.016630
Frank Kaminsky    0.016008
saving to svd.i.players.gpp.Lasso
